2017/03/17:18:49:46: runLVM.sh - Created logfile: ./RESULTS/runLVM.sh_20170317-184945.log
2017/03/17:18:49:46: Key variable values:
2017/03/17:18:49:46: > slowDEV=/dev/sdb - fastDEV=/dev/nvme0n1
2017/03/17:18:49:46: > fastSZ=12G - fastLV=lv_fast - fastVG=vg_fast
2017/03/17:18:49:46: > slowSZ=100G - slowLV=lv_slow - slowVG=vg_slow
2017/03/17:18:49:46: > slowLVPATH=/dev/vg_slow/lv_slow - fastLVPATH=/dev/vg_fast/lv_fast
2017/03/17:18:49:46: > slowSCRATCH=/mnt/slowdev/fio_scratch - fastSCRATCH=/mnt/fastdev/fio_scratch
2017/03/17:18:49:46: ---------------------------------
2017/03/17:18:49:46: Checking if /dev/sdb is in use, if yes abort
2017/03/17:18:49:46: Preparing /dev/sdb device partitions
Welcome to fdisk (util-linux 2.23.2).

Changes will remain in memory only, until you decide to write them.
Be careful before using the write command.


Command (m for help): 
Command (m for help): Partition type:
   p   primary (0 primary, 0 extended, 4 free)
   e   extended
Select (default p): Partition number (1-4, default 1): First sector (2048-625142447, default 2048): Using default value 2048
Last sector, +sectors or +size{K,M,G} (2048-625142447, default 625142447): Using default value 625142447
Partition 1 of type Linux and of size 298.1 GiB is set

Command (m for help): The partition table has been altered!

Calling ioctl() to re-read partition table.
Syncing disks.
2017/03/17:18:49:46: Removing parition: dev=/dev/sdb - partition=1
2017/03/17:18:49:46: Checking if /dev/nvme0n1 is in use, if yes abort
2017/03/17:18:49:46: Preparing /dev/nvme0n1 device partitions
Welcome to fdisk (util-linux 2.23.2).

Changes will remain in memory only, until you decide to write them.
Be careful before using the write command.


Command (m for help): 
Command (m for help): Partition type:
   p   primary (0 primary, 0 extended, 4 free)
   e   extended
Select (default p): Partition number (1-4, default 1): First sector (2048-250069679, default 2048): Using default value 2048
Last sector, +sectors or +size{K,M,G} (2048-250069679, default 250069679): Using default value 250069679
Partition 1 of type Linux and of size 119.2 GiB is set

Command (m for help): The partition table has been altered!

Calling ioctl() to re-read partition table.
Syncing disks.
2017/03/17:18:49:46: Removing parition: dev=/dev/nvme0n1 - partition=1
2017/03/17:18:49:46: Device checks complete - continuing...
2017/03/17:18:49:46: Starting: LVM SETUP
  LV      VG         Attr       LSize   Pool Origin Data%  Meta%  Move Log Cpy%Sync Convert Devices         
  home    rhel_ml110 -wi-ao----  90.17g                                                     /dev/sda2(2016) 
  root    rhel_ml110 -wi-ao----  50.00g                                                     /dev/sda2(25099)
  swap    rhel_ml110 -wi-ao----   7.88g                                                     /dev/sda2(0)    
  lv_fast vg_fast    -wi-ao----  12.00g                                                     /dev/nvme0n1(0) 
  lv_slow vg_slow    -wi-a----- 100.00g                                                     /dev/sdb(0)     
Filesystem                  1K-blocks    Used Available Use% Mounted on
/dev/mapper/rhel_ml110-root  52403200 4641636  47761564   9% /
devtmpfs                      3985584       0   3985584   0% /dev
tmpfs                         4001112      84   4001028   1% /dev/shm
tmpfs                         4001112    9028   3992084   1% /run
tmpfs                         4001112       0   4001112   0% /sys/fs/cgroup
/dev/sda1                     1038336  231872    806464  23% /boot
/dev/mapper/rhel_ml110-home  94501804   50076  94451728   1% /home
tmpfs                          800224      16    800208   1% /run/user/42
tmpfs                          800224       0    800224   0% /run/user/0
/dev/mapper/vg_slow-lv_slow 104806400   33040 104773360   1% /mnt/slowdev
/dev/mapper/vg_fast-lv_fast  12572672   33040  12539632   1% /mnt/fastdev
2017/03/17:18:49:48: Completed: LVM SETUP
2017/03/17:18:49:48: BEGIN: Write the scratch files
2017/03/17:18:52:47: /mnt/slowdev/fio_scratch is 11534336 KB
2017/03/17:18:54:03: /mnt/fastdev/fio_scratch is 11534336 KB
2017/03/17:18:54:03: COMPLETED: Write the scratch files
2017/03/17:18:54:03: Starting: LVM Device TESTING
2017/03/17:18:54:03: RUNNING size 1G with blocksize 4M: /mnt/slowdev/fio_scratch
slow_1G_4M: (g=0): rw=randrw, bs=4M-4M/4M-4M/4M-4M, ioengine=libaio, iodepth=8
fio-2.2.8
Starting 1 process

slow_1G_4M: (groupid=0, jobs=1): err= 0: pid=12341: Fri Mar 17 18:54:30 2017
  read : io=860160KB, bw=33403KB/s, iops=8, runt= 25751msec
    slat (usec): min=343, max=544, avg=417.40, stdev=29.27
    clat (msec): min=135, max=1357, avg=810.44, stdev=243.45
     lat (msec): min=135, max=1357, avg=810.86, stdev=243.45
    clat percentiles (msec):
     |  1.00th=[  169],  5.00th=[  383], 10.00th=[  469], 20.00th=[  603],
     | 30.00th=[  717], 40.00th=[  775], 50.00th=[  832], 60.00th=[  881],
     | 70.00th=[  947], 80.00th=[ 1029], 90.00th=[ 1090], 95.00th=[ 1172],
     | 99.00th=[ 1336], 99.50th=[ 1352], 99.90th=[ 1352], 99.95th=[ 1352],
     | 99.99th=[ 1352]
    bw (KB  /s): min= 7892, max=61943, per=99.84%, avg=33349.65, stdev=11070.09
  write: io=188416KB, bw=7316.9KB/s, iops=1, runt= 25751msec
    slat (usec): min=424, max=775, avg=572.89, stdev=73.73
    clat (msec): min=229, max=1163, avg=766.10, stdev=240.54
     lat (msec): min=229, max=1164, avg=766.67, stdev=240.56
    clat percentiles (msec):
     |  1.00th=[  229],  5.00th=[  306], 10.00th=[  318], 20.00th=[  619],
     | 30.00th=[  676], 40.00th=[  742], 50.00th=[  807], 60.00th=[  848],
     | 70.00th=[  938], 80.00th=[  955], 90.00th=[ 1020], 95.00th=[ 1074],
     | 99.00th=[ 1172], 99.50th=[ 1172], 99.90th=[ 1172], 99.95th=[ 1172],
     | 99.99th=[ 1172]
    bw (KB  /s): min= 5305, max=29574, per=100.00%, avg=12121.04, stdev=5973.24
    lat (msec) : 250=3.12%, 500=9.38%, 750=26.17%, 1000=39.06%, 2000=22.27%
  cpu          : usr=0.05%, sys=0.49%, ctx=258, majf=0, minf=30
  IO depths    : 1=0.4%, 2=0.8%, 4=1.6%, 8=97.3%, 16=0.0%, 32=0.0%, >=64=0.0%
     submit    : 0=0.0%, 4=100.0%, 8=0.0%, 16=0.0%, 32=0.0%, 64=0.0%, >=64=0.0%
     complete  : 0=0.0%, 4=99.6%, 8=0.4%, 16=0.0%, 32=0.0%, 64=0.0%, >=64=0.0%
     issued    : total=r=210/w=46/d=0, short=r=0/w=0/d=0, drop=r=0/w=0/d=0
     latency   : target=0, window=0, percentile=100.00%, depth=8

Run status group 0 (all jobs):
   READ: io=860160KB, aggrb=33402KB/s, minb=33402KB/s, maxb=33402KB/s, mint=25751msec, maxt=25751msec
  WRITE: io=188416KB, aggrb=7316KB/s, minb=7316KB/s, maxb=7316KB/s, mint=25751msec, maxt=25751msec

Disk stats (read/write):
    dm-3: ios=1680/369, merge=0/0, ticks=979696/208278, in_queue=1197139, util=99.60%, aggrios=1680/372, aggrmerge=0/0, aggrticks=989855/208301, aggrin_queue=1198155, aggrutil=99.51%
  sdb: ios=1680/372, merge=0/0, ticks=989855/208301, in_queue=1198155, util=99.51%
2017/03/17:18:54:31: /mnt/slowdev/fio_scratch complete.
2017/03/17:18:54:31: -----------------------
2017/03/17:18:54:31: RUNNING size 1G with blocksize 4M: /mnt/fastdev/fio_scratch
fast_1G_4M: (g=0): rw=randrw, bs=4M-4M/4M-4M/4M-4M, ioengine=libaio, iodepth=8
fio-2.2.8
Starting 1 process

fast_1G_4M: (groupid=0, jobs=1): err= 0: pid=12358: Fri Mar 17 18:54:37 2017
  read : io=860160KB, bw=163094KB/s, iops=39, runt=  5274msec
    slat (usec): min=403, max=568, avg=507.08, stdev=30.59
    clat (msec): min=19, max=285, avg=163.59, stdev=20.31
     lat (msec): min=20, max=285, avg=164.09, stdev=20.31
    clat percentiles (msec):
     |  1.00th=[   60],  5.00th=[  159], 10.00th=[  159], 20.00th=[  161],
     | 30.00th=[  161], 40.00th=[  161], 50.00th=[  163], 60.00th=[  165],
     | 70.00th=[  165], 80.00th=[  169], 90.00th=[  174], 95.00th=[  182],
     | 99.00th=[  221], 99.50th=[  245], 99.90th=[  285], 99.95th=[  285],
     | 99.99th=[  285]
    bw (KB  /s): min=138709, max=179505, per=99.83%, avg=162818.30, stdev=14584.31
  write: io=188416KB, bw=35725KB/s, iops=8, runt=  5274msec
    slat (usec): min=461, max=833, avg=642.85, stdev=68.31
    clat (msec): min=78, max=264, avg=163.98, stdev=20.26
     lat (msec): min=78, max=264, avg=164.63, stdev=20.25
    clat percentiles (msec):
     |  1.00th=[   79],  5.00th=[  159], 10.00th=[  159], 20.00th=[  159],
     | 30.00th=[  159], 40.00th=[  161], 50.00th=[  163], 60.00th=[  165],
     | 70.00th=[  165], 80.00th=[  167], 90.00th=[  172], 95.00th=[  178],
     | 99.00th=[  265], 99.50th=[  265], 99.90th=[  265], 99.95th=[  265],
     | 99.99th=[  265]
    bw (KB  /s): min=23953, max=57115, per=100.00%, avg=36062.40, stdev=12096.65
    lat (msec) : 20=0.39%, 50=0.39%, 100=0.78%, 250=97.66%, 500=0.78%
  cpu          : usr=0.15%, sys=2.52%, ctx=257, majf=0, minf=31
  IO depths    : 1=0.4%, 2=0.8%, 4=1.6%, 8=97.3%, 16=0.0%, 32=0.0%, >=64=0.0%
     submit    : 0=0.0%, 4=100.0%, 8=0.0%, 16=0.0%, 32=0.0%, 64=0.0%, >=64=0.0%
     complete  : 0=0.0%, 4=99.6%, 8=0.4%, 16=0.0%, 32=0.0%, 64=0.0%, >=64=0.0%
     issued    : total=r=210/w=46/d=0, short=r=0/w=0/d=0, drop=r=0/w=0/d=0
     latency   : target=0, window=0, percentile=100.00%, depth=8

Run status group 0 (all jobs):
   READ: io=860160KB, aggrb=163094KB/s, minb=163094KB/s, maxb=163094KB/s, mint=5274msec, maxt=5274msec
  WRITE: io=188416KB, aggrb=35725KB/s, minb=35725KB/s, maxb=35725KB/s, mint=5274msec, maxt=5274msec

Disk stats (read/write):
    dm-4: ios=6688/1472, merge=0/0, ticks=990149/216122, in_queue=1224849, util=97.91%, aggrios=6720/1474, aggrmerge=0/0, aggrticks=1024308/221197, aggrin_queue=1245505, aggrutil=97.58%
  nvme0n1: ios=6720/1474, merge=0/0, ticks=1024308/221197, in_queue=1245505, util=97.58%
2017/03/17:18:54:37: /mnt/fastdev/fio_scratch complete.
2017/03/17:18:54:37: -----------------------
2017/03/17:18:54:37: RUNNING size 10G with blocksize 4M: /mnt/slowdev/fio_scratch
slow_10G_4M: (g=0): rw=randrw, bs=4M-4M/4M-4M/4M-4M, ioengine=libaio, iodepth=8
fio-2.2.8
Starting 1 process

slow_10G_4M: (groupid=0, jobs=1): err= 0: pid=12375: Fri Mar 17 18:58:41 2017
  read : io=8380.0MB, bw=35412KB/s, iops=8, runt=242323msec
    slat (usec): min=327, max=597, avg=418.19, stdev=32.08
    clat (msec): min=98, max=1339, avg=756.79, stdev=229.26
     lat (msec): min=98, max=1340, avg=757.21, stdev=229.26
    clat percentiles (msec):
     |  1.00th=[  145],  5.00th=[  285], 10.00th=[  420], 20.00th=[  594],
     | 30.00th=[  685], 40.00th=[  734], 50.00th=[  783], 60.00th=[  832],
     | 70.00th=[  881], 80.00th=[  938], 90.00th=[ 1020], 95.00th=[ 1090],
     | 99.00th=[ 1221], 99.50th=[ 1270], 99.90th=[ 1287], 99.95th=[ 1319],
     | 99.99th=[ 1336]
    bw (KB  /s): min= 7831, max=70620, per=100.00%, avg=35659.82, stdev=10387.43
  write: io=1860.0MB, bw=7859.1KB/s, iops=1, runt=242323msec
    slat (usec): min=359, max=776, avg=560.67, stdev=65.64
    clat (msec): min=69, max=1401, avg=755.71, stdev=241.34
     lat (msec): min=69, max=1401, avg=756.27, stdev=241.34
    clat percentiles (msec):
     |  1.00th=[  113],  5.00th=[  255], 10.00th=[  408], 20.00th=[  570],
     | 30.00th=[  668], 40.00th=[  750], 50.00th=[  799], 60.00th=[  848],
     | 70.00th=[  889], 80.00th=[  938], 90.00th=[ 1012], 95.00th=[ 1106],
     | 99.00th=[ 1237], 99.50th=[ 1287], 99.90th=[ 1401], 99.95th=[ 1401],
     | 99.99th=[ 1401]
    bw (KB  /s): min= 5038, max=31267, per=100.00%, avg=11204.53, stdev=5520.75
    lat (msec) : 100=0.08%, 250=3.95%, 500=9.92%, 750=28.44%, 1000=45.35%
    lat (msec) : 2000=12.27%
  cpu          : usr=0.04%, sys=0.53%, ctx=2562, majf=0, minf=31
  IO depths    : 1=0.1%, 2=0.1%, 4=0.2%, 8=99.7%, 16=0.0%, 32=0.0%, >=64=0.0%
     submit    : 0=0.0%, 4=100.0%, 8=0.0%, 16=0.0%, 32=0.0%, 64=0.0%, >=64=0.0%
     complete  : 0=0.0%, 4=100.0%, 8=0.1%, 16=0.0%, 32=0.0%, 64=0.0%, >=64=0.0%
     issued    : total=r=2095/w=465/d=0, short=r=0/w=0/d=0, drop=r=0/w=0/d=0
     latency   : target=0, window=0, percentile=100.00%, depth=8

Run status group 0 (all jobs):
   READ: io=8380.0MB, aggrb=35411KB/s, minb=35411KB/s, maxb=35411KB/s, mint=242323msec, maxt=242323msec
  WRITE: io=1860.0MB, aggrb=7859KB/s, minb=7859KB/s, maxb=7859KB/s, mint=242323msec, maxt=242323msec

Disk stats (read/write):
    dm-3: ios=16760/3728, merge=0/0, ticks=9998403/2228243, in_queue=12237699, util=100.00%, aggrios=16760/3738, aggrmerge=0/0, aggrticks=10010865/2228253, aggrin_queue=12239084, aggrutil=100.00%
  sdb: ios=16760/3738, merge=0/0, ticks=10010865/2228253, in_queue=12239084, util=100.00%
2017/03/17:18:58:41: /mnt/slowdev/fio_scratch complete.
2017/03/17:18:58:41: -----------------------
2017/03/17:18:58:41: RUNNING size 10G with blocksize 4M: /mnt/fastdev/fio_scratch
fast_10G_4M: (g=0): rw=randrw, bs=4M-4M/4M-4M/4M-4M, ioengine=libaio, iodepth=8
fio-2.2.8
Starting 1 process

fast_10G_4M: (groupid=0, jobs=1): err= 0: pid=12427: Fri Mar 17 18:59:35 2017
  read : io=8380.0MB, bw=162586KB/s, iops=39, runt= 52779msec
    slat (usec): min=383, max=617, avg=503.73, stdev=29.53
    clat (msec): min=19, max=267, avg=164.39, stdev= 8.23
     lat (msec): min=20, max=267, avg=164.90, stdev= 8.24
    clat percentiles (msec):
     |  1.00th=[  159],  5.00th=[  159], 10.00th=[  159], 20.00th=[  159],
     | 30.00th=[  161], 40.00th=[  163], 50.00th=[  163], 60.00th=[  165],
     | 70.00th=[  167], 80.00th=[  169], 90.00th=[  172], 95.00th=[  176],
     | 99.00th=[  184], 99.50th=[  186], 99.90th=[  227], 99.95th=[  247],
     | 99.99th=[  269]
    bw (KB  /s): min=128250, max=196923, per=100.00%, avg=162691.88, stdev=15345.95
  write: io=1860.0MB, bw=36087KB/s, iops=8, runt= 52779msec
    slat (usec): min=468, max=777, avg=642.07, stdev=49.11
    clat (msec): min=77, max=287, avg=164.05, stdev= 8.68
     lat (msec): min=78, max=287, avg=164.70, stdev= 8.69
    clat percentiles (msec):
     |  1.00th=[  159],  5.00th=[  159], 10.00th=[  159], 20.00th=[  159],
     | 30.00th=[  159], 40.00th=[  161], 50.00th=[  163], 60.00th=[  165],
     | 70.00th=[  165], 80.00th=[  169], 90.00th=[  172], 95.00th=[  176],
     | 99.00th=[  182], 99.50th=[  184], 99.90th=[  289], 99.95th=[  289],
     | 99.99th=[  289]
    bw (KB  /s): min= 7831, max=64631, per=100.00%, avg=36181.24, stdev=12577.90
    lat (msec) : 20=0.04%, 50=0.04%, 100=0.12%, 250=99.73%, 500=0.08%
  cpu          : usr=0.17%, sys=2.51%, ctx=2562, majf=0, minf=31
  IO depths    : 1=0.1%, 2=0.1%, 4=0.2%, 8=99.7%, 16=0.0%, 32=0.0%, >=64=0.0%
     submit    : 0=0.0%, 4=100.0%, 8=0.0%, 16=0.0%, 32=0.0%, 64=0.0%, >=64=0.0%
     complete  : 0=0.0%, 4=100.0%, 8=0.1%, 16=0.0%, 32=0.0%, 64=0.0%, >=64=0.0%
     issued    : total=r=2095/w=465/d=0, short=r=0/w=0/d=0, drop=r=0/w=0/d=0
     latency   : target=0, window=0, percentile=100.00%, depth=8

Run status group 0 (all jobs):
   READ: io=8380.0MB, aggrb=162585KB/s, minb=162585KB/s, maxb=162585KB/s, mint=52779msec, maxt=52779msec
  WRITE: io=1860.0MB, aggrb=36087KB/s, minb=36087KB/s, maxb=36087KB/s, mint=52779msec, maxt=52779msec

Disk stats (read/write):
    dm-4: ios=67040/14883, merge=0/0, ticks=10339226/2266263, in_queue=12623388, util=99.89%, aggrios=67040/14888, aggrmerge=0/0, aggrticks=10366714/2266259, aggrin_queue=12632967, aggrutil=99.86%
  nvme0n1: ios=67040/14888, merge=0/0, ticks=10366714/2266259, in_queue=12632967, util=99.86%
2017/03/17:18:59:35: /mnt/fastdev/fio_scratch complete.
2017/03/17:18:59:35: -----------------------
2017/03/17:18:59:35: Completed: LVM Device TESTING
2017/03/17:18:59:35: Starting: LVM TEARDOWN
2017/03/17:18:59:36: Completed: LVM TEARDOWN
2017/03/17:18:59:36: END runLVM.sh**********************
2017/03/17:18:59:36: runLVM.sh - Closed logfile: ./RESULTS/runLVM.sh_20170317-184945.log
