2017/03/16:16:20:15: runLVM.sh - Created logfile: ./RESULTS/runLVM.sh_20170316-162015.log
2017/03/16:16:20:15: Key variable values:
2017/03/16:16:20:15: > slowDEV=/dev/sdb - fastDEV=/dev/sdd
2017/03/16:16:20:15: > fastSZ=20G - fastLV=lv_fast - fastVG=vg_fast
2017/03/16:16:20:15: > slowSZ=200G - slowLV=lv_slow - slowVG=vg_slow
2017/03/16:16:20:15: > slowLVPATH=/dev/vg_slow/lv_slow - fastLVPATH=/dev/vg_fast/lv_fast
2017/03/16:16:20:15: ---------------------------------
2017/03/16:16:20:15: Checking if /dev/sdb is in use, if yes abort
2017/03/16:16:20:15: Preparing /dev/sdb device partitions
Welcome to fdisk (util-linux 2.23.2).

Changes will remain in memory only, until you decide to write them.
Be careful before using the write command.


Command (m for help): 
Command (m for help): Partition type:
   p   primary (0 primary, 0 extended, 4 free)
   e   extended
Select (default p): Partition number (1-4, default 1): First sector (2048-625142447, default 2048): Using default value 2048
Last sector, +sectors or +size{K,M,G} (2048-625142447, default 625142447): Using default value 625142447
Partition 1 of type Linux and of size 298.1 GiB is set

Command (m for help): The partition table has been altered!

Calling ioctl() to re-read partition table.
Syncing disks.
2017/03/16:16:20:15: Removing parition: dev=/dev/sdb - partition=1
2017/03/16:16:20:15: Checking if /dev/sdd is in use, if yes abort
2017/03/16:16:20:15: Preparing /dev/sdd device partitions
Welcome to fdisk (util-linux 2.23.2).

Changes will remain in memory only, until you decide to write them.
Be careful before using the write command.


Command (m for help): 
Command (m for help): Partition type:
   p   primary (0 primary, 0 extended, 4 free)
   e   extended
Select (default p): Partition number (1-4, default 1): First sector (2048-117231407, default 2048): Using default value 2048
Last sector, +sectors or +size{K,M,G} (2048-117231407, default 117231407): Using default value 117231407
Partition 1 of type Linux and of size 55.9 GiB is set

Command (m for help): The partition table has been altered!

Calling ioctl() to re-read partition table.
Syncing disks.
2017/03/16:16:20:15: Removing parition: dev=/dev/sdd - partition=1
2017/03/16:16:20:15: Device checks complete - continuing...
2017/03/16:16:20:15: Starting: LVM SETUP
  LV      VG         Attr       LSize   Pool Origin Data%  Meta%  Move Log Cpy%Sync Convert Devices         
  home    rhel_ml110 -wi-ao----  90.17g                                                     /dev/sda2(2016) 
  root    rhel_ml110 -wi-ao----  50.00g                                                     /dev/sda2(25099)
  swap    rhel_ml110 -wi-ao----   7.88g                                                     /dev/sda2(0)    
  lv_fast vg_fast    -wi-ao----  20.00g                                                     /dev/sdd(0)     
  lv_slow vg_slow    -wi-a----- 200.00g                                                     /dev/sdb(0)     
Filesystem                  1K-blocks    Used Available Use% Mounted on
/dev/mapper/rhel_ml110-root  52403200 4640568  47762632   9% /
devtmpfs                      3985584       0   3985584   0% /dev
tmpfs                         4001112      84   4001028   1% /dev/shm
tmpfs                         4001112    9080   3992032   1% /run
tmpfs                         4001112       0   4001112   0% /sys/fs/cgroup
/dev/sda1                     1038336  231872    806464  23% /boot
/dev/mapper/rhel_ml110-home  94501804   49868  94451936   1% /home
tmpfs                          800224      16    800208   1% /run/user/42
tmpfs                          800224       0    800224   0% /run/user/0
/dev/mapper/vg_slow-lv_slow 209612800   32944 209579856   1% /mnt/slowdev
/dev/mapper/vg_fast-lv_fast  20961280   32944  20928336   1% /mnt/fastdev
2017/03/16:16:20:20: Completed: LVM SETUP
2017/03/16:16:20:20: Starting: LVM Device TESTING
2017/03/16:16:20:20: RUNNING size 1G with blocksize 4096k: /dev/vg_slow/lv_slow
slow_1G_4096k: (g=0): rw=randrw, bs=4M-4M/4M-4M/4M-4M, ioengine=sync, iodepth=1
fio-2.2.8
Starting 1 process

slow_1G_4096k: (groupid=0, jobs=1): err= 0: pid=7726: Thu Mar 16 16:20:41 2017
  read : io=860160KB, bw=46365KB/s, iops=11, runt= 18552msec
    clat (msec): min=49, max=234, avg=72.13, stdev=15.02
     lat (msec): min=49, max=234, avg=72.13, stdev=15.02
    clat percentiles (msec):
     |  1.00th=[   57],  5.00th=[   59], 10.00th=[   64], 20.00th=[   68],
     | 30.00th=[   68], 40.00th=[   70], 50.00th=[   71], 60.00th=[   73],
     | 70.00th=[   74], 80.00th=[   75], 90.00th=[   79], 95.00th=[   87],
     | 99.00th=[  105], 99.50th=[  172], 99.90th=[  235], 99.95th=[  235],
     | 99.99th=[  235]
    bw (KB  /s): min=22180, max=59686, per=99.71%, avg=46229.50, stdev=10104.10
  write: io=188416KB, bw=10156KB/s, iops=2, runt= 18552msec
    clat (msec): min=59, max=117, avg=73.90, stdev=14.20
     lat (msec): min=59, max=117, avg=73.98, stdev=14.20
    clat percentiles (msec):
     |  1.00th=[   60],  5.00th=[   62], 10.00th=[   63], 20.00th=[   66],
     | 30.00th=[   67], 40.00th=[   68], 50.00th=[   70], 60.00th=[   71],
     | 70.00th=[   72], 80.00th=[   86], 90.00th=[   97], 95.00th=[  106],
     | 99.00th=[  118], 99.50th=[  118], 99.90th=[  118], 99.95th=[  118],
     | 99.99th=[  118]
    bw (KB  /s): min= 7148, max=36967, per=100.00%, avg=12858.63, stdev=8352.14
    lat (msec) : 50=0.39%, 100=96.88%, 250=2.73%
  cpu          : usr=0.04%, sys=0.61%, ctx=261, majf=0, minf=30
  IO depths    : 1=100.0%, 2=0.0%, 4=0.0%, 8=0.0%, 16=0.0%, 32=0.0%, >=64=0.0%
     submit    : 0=0.0%, 4=100.0%, 8=0.0%, 16=0.0%, 32=0.0%, 64=0.0%, >=64=0.0%
     complete  : 0=0.0%, 4=100.0%, 8=0.0%, 16=0.0%, 32=0.0%, 64=0.0%, >=64=0.0%
     issued    : total=r=210/w=46/d=0, short=r=0/w=0/d=0, drop=r=0/w=0/d=0
     latency   : target=0, window=0, percentile=100.00%, depth=1

Run status group 0 (all jobs):
   READ: io=860160KB, aggrb=46364KB/s, minb=46364KB/s, maxb=46364KB/s, mint=18552msec, maxt=18552msec
  WRITE: io=188416KB, aggrb=10156KB/s, minb=10156KB/s, maxb=10156KB/s, mint=18552msec, maxt=18552msec
2017/03/16:16:20:41: /dev/vg_slow/lv_slow complete.
0	/dev/vg_slow/lv_slow
2017/03/16:16:20:41: -----------------------
2017/03/16:16:20:41: RUNNING size 1G with blocksize 4096k: /dev/vg_fast/lv_fast
fast_1G_4096k: (g=0): rw=randrw, bs=4M-4M/4M-4M/4M-4M, ioengine=sync, iodepth=1
fio-2.2.8
Starting 1 process

fast_1G_4096k: (groupid=0, jobs=1): err= 0: pid=7747: Thu Mar 16 16:20:48 2017
  read : io=860160KB, bw=149775KB/s, iops=36, runt=  5743msec
    clat (msec): min=16, max=32, avg=20.16, stdev= 4.25
     lat (msec): min=16, max=32, avg=20.16, stdev= 4.25
    clat percentiles (usec):
     |  1.00th=[16768],  5.00th=[16768], 10.00th=[17024], 20.00th=[17024],
     | 30.00th=[17024], 40.00th=[19072], 50.00th=[19072], 60.00th=[19072],
     | 70.00th=[19072], 80.00th=[19584], 90.00th=[27520], 95.00th=[29568],
     | 99.00th=[32384], 99.50th=[32640], 99.90th=[32640], 99.95th=[32640],
     | 99.99th=[32640]
    bw (KB  /s): min=118839, max=187961, per=100.00%, avg=149891.82, stdev=22240.27
  write: io=188416KB, bw=32808KB/s, iops=8, runt=  5743msec
    clat (msec): min=30, max=45, avg=32.62, stdev= 4.03
     lat (msec): min=30, max=45, avg=32.79, stdev= 4.03
    clat percentiles (usec):
     |  1.00th=[30336],  5.00th=[30336], 10.00th=[30336], 20.00th=[30592],
     | 30.00th=[30592], 40.00th=[30592], 50.00th=[30592], 60.00th=[30592],
     | 70.00th=[30592], 80.00th=[33024], 90.00th=[40192], 95.00th=[40192],
     | 99.00th=[45824], 99.50th=[45824], 99.90th=[45824], 99.95th=[45824],
     | 99.99th=[45824]
    bw (KB  /s): min=15663, max=48473, per=100.00%, avg=32902.00, stdev=10369.78
    lat (msec) : 20=66.80%, 50=33.20%
  cpu          : usr=0.21%, sys=2.00%, ctx=277, majf=0, minf=31
  IO depths    : 1=100.0%, 2=0.0%, 4=0.0%, 8=0.0%, 16=0.0%, 32=0.0%, >=64=0.0%
     submit    : 0=0.0%, 4=100.0%, 8=0.0%, 16=0.0%, 32=0.0%, 64=0.0%, >=64=0.0%
     complete  : 0=0.0%, 4=100.0%, 8=0.0%, 16=0.0%, 32=0.0%, 64=0.0%, >=64=0.0%
     issued    : total=r=210/w=46/d=0, short=r=0/w=0/d=0, drop=r=0/w=0/d=0
     latency   : target=0, window=0, percentile=100.00%, depth=1

Run status group 0 (all jobs):
   READ: io=860160KB, aggrb=149775KB/s, minb=149775KB/s, maxb=149775KB/s, mint=5743msec, maxt=5743msec
  WRITE: io=188416KB, aggrb=32807KB/s, minb=32807KB/s, maxb=32807KB/s, mint=5743msec, maxt=5743msec
2017/03/16:16:20:48: /dev/vg_fast/lv_fast complete.
0	/dev/vg_fast/lv_fast
2017/03/16:16:20:48: -----------------------
2017/03/16:16:20:48: RUNNING size 10G with blocksize 4096k: /dev/vg_slow/lv_slow
slow_10G_4096k: (g=0): rw=randrw, bs=4M-4M/4M-4M/4M-4M, ioengine=sync, iodepth=1
fio-2.2.8
Starting 1 process

slow_10G_4096k: (groupid=0, jobs=1): err= 0: pid=7776: Thu Mar 16 16:24:01 2017
  read : io=8380.0MB, bw=44721KB/s, iops=10, runt=191880msec
    clat (msec): min=39, max=194, avg=74.62, stdev=11.27
     lat (msec): min=39, max=194, avg=74.62, stdev=11.27
    clat percentiles (msec):
     |  1.00th=[   53],  5.00th=[   63], 10.00th=[   67], 20.00th=[   70],
     | 30.00th=[   71], 40.00th=[   73], 50.00th=[   74], 60.00th=[   75],
     | 70.00th=[   77], 80.00th=[   79], 90.00th=[   82], 95.00th=[   94],
     | 99.00th=[  121], 99.50th=[  125], 99.90th=[  157], 99.95th=[  180],
     | 99.99th=[  196]
    bw (KB  /s): min=16253, max=64377, per=100.00%, avg=44769.97, stdev=8295.43
  write: io=1860.0MB, bw=9926.3KB/s, iops=2, runt=191880msec
    clat (msec): min=58, max=129, avg=76.26, stdev=13.30
     lat (msec): min=59, max=129, avg=76.42, stdev=13.30
    clat percentiles (msec):
     |  1.00th=[   62],  5.00th=[   65], 10.00th=[   67], 20.00th=[   69],
     | 30.00th=[   70], 40.00th=[   71], 50.00th=[   72], 60.00th=[   74],
     | 70.00th=[   76], 80.00th=[   80], 90.00th=[   98], 95.00th=[  108],
     | 99.00th=[  126], 99.50th=[  129], 99.90th=[  130], 99.95th=[  130],
     | 99.99th=[  130]
    bw (KB  /s): min= 6884, max=40634, per=100.00%, avg=12654.03, stdev=6147.15
    lat (msec) : 50=0.66%, 100=94.14%, 250=5.20%
  cpu          : usr=0.05%, sys=0.61%, ctx=2569, majf=0, minf=32
  IO depths    : 1=100.0%, 2=0.0%, 4=0.0%, 8=0.0%, 16=0.0%, 32=0.0%, >=64=0.0%
     submit    : 0=0.0%, 4=100.0%, 8=0.0%, 16=0.0%, 32=0.0%, 64=0.0%, >=64=0.0%
     complete  : 0=0.0%, 4=100.0%, 8=0.0%, 16=0.0%, 32=0.0%, 64=0.0%, >=64=0.0%
     issued    : total=r=2095/w=465/d=0, short=r=0/w=0/d=0, drop=r=0/w=0/d=0
     latency   : target=0, window=0, percentile=100.00%, depth=1

Run status group 0 (all jobs):
   READ: io=8380.0MB, aggrb=44721KB/s, minb=44721KB/s, maxb=44721KB/s, mint=191880msec, maxt=191880msec
  WRITE: io=1860.0MB, aggrb=9926KB/s, minb=9926KB/s, maxb=9926KB/s, mint=191880msec, maxt=191880msec
2017/03/16:16:24:01: /dev/vg_slow/lv_slow complete.
0	/dev/vg_slow/lv_slow
2017/03/16:16:24:01: -----------------------
2017/03/16:16:24:01: RUNNING size 10G with blocksize 4096k: /dev/vg_fast/lv_fast
fast_10G_4096k: (g=0): rw=randrw, bs=4M-4M/4M-4M/4M-4M, ioengine=sync, iodepth=1
fio-2.2.8
Starting 1 process

fast_10G_4096k: (groupid=0, jobs=1): err= 0: pid=7824: Thu Mar 16 16:25:03 2017
  read : io=8380.0MB, bw=142201KB/s, iops=34, runt= 60345msec
    clat (msec): min=17, max=37, avg=21.49, stdev= 4.42
     lat (msec): min=17, max=37, avg=21.49, stdev= 4.42
    clat percentiles (usec):
     |  1.00th=[17792],  5.00th=[17792], 10.00th=[18048], 20.00th=[18048],
     | 30.00th=[20096], 40.00th=[20096], 50.00th=[20096], 60.00th=[20096],
     | 70.00th=[20352], 80.00th=[20352], 90.00th=[30080], 95.00th=[30080],
     | 99.00th=[37632], 99.50th=[37632], 99.90th=[38144], 99.95th=[38144],
     | 99.99th=[38144]
    bw (KB  /s): min=90112, max=196215, per=100.00%, avg=142283.21, stdev=22636.54
  write: io=1860.0MB, bw=31563KB/s, iops=7, runt= 60345msec
    clat (msec): min=30, max=56, avg=32.83, stdev= 4.17
     lat (msec): min=30, max=56, avg=32.91, stdev= 4.17
    clat percentiles (usec):
     |  1.00th=[30592],  5.00th=[30592], 10.00th=[30592], 20.00th=[30592],
     | 30.00th=[30592], 40.00th=[30592], 50.00th=[30592], 60.00th=[30592],
     | 70.00th=[30848], 80.00th=[33536], 90.00th=[40192], 95.00th=[40704],
     | 99.00th=[45824], 99.50th=[45824], 99.90th=[56576], 99.95th=[56576],
     | 99.99th=[56576]
    bw (KB  /s): min= 7968, max=57344, per=100.00%, avg=31620.63, stdev=11068.36
    lat (msec) : 20=19.65%, 50=80.31%, 100=0.04%
  cpu          : usr=0.10%, sys=1.95%, ctx=2564, majf=0, minf=32
  IO depths    : 1=100.0%, 2=0.0%, 4=0.0%, 8=0.0%, 16=0.0%, 32=0.0%, >=64=0.0%
     submit    : 0=0.0%, 4=100.0%, 8=0.0%, 16=0.0%, 32=0.0%, 64=0.0%, >=64=0.0%
     complete  : 0=0.0%, 4=100.0%, 8=0.0%, 16=0.0%, 32=0.0%, 64=0.0%, >=64=0.0%
     issued    : total=r=2095/w=465/d=0, short=r=0/w=0/d=0, drop=r=0/w=0/d=0
     latency   : target=0, window=0, percentile=100.00%, depth=1

Run status group 0 (all jobs):
   READ: io=8380.0MB, aggrb=142201KB/s, minb=142201KB/s, maxb=142201KB/s, mint=60345msec, maxt=60345msec
  WRITE: io=1860.0MB, aggrb=31562KB/s, minb=31562KB/s, maxb=31562KB/s, mint=60345msec, maxt=60345msec
2017/03/16:16:25:03: /dev/vg_fast/lv_fast complete.
0	/dev/vg_fast/lv_fast
2017/03/16:16:25:03: -----------------------
2017/03/16:16:25:03: Completed: LVM Device TESTING
2017/03/16:16:25:03: Starting: LVM TEARDOWN
2017/03/16:16:25:04: Completed: LVM TEARDOWN
2017/03/16:16:25:04: END runLVM.sh**********************
2017/03/16:16:25:04: runLVM.sh - Closed logfile: ./RESULTS/runLVM.sh_20170316-162015.log
