2017/03/14:14:24:42: runLVM.sh - Created logfile: ./RESULTS/runLVM.sh_20170314-142442.log
2017/03/14:14:24:42: Key variable values:
2017/03/14:14:24:42: > slowDEV=/dev/sdb - fastDEV=/dev/nvme0n1
2017/03/14:14:24:42: > fastSZ=20G - fastLV=lv_fast - fastVG=vg_fast
2017/03/14:14:24:42: > slowSZ=200G - slowLV=lv_slow - slowVG=vg_slow
2017/03/14:14:24:42: ---------------------------------
2017/03/14:14:24:42: Checking if /dev/sdb is in use, if yes abort
2017/03/14:14:24:42: Preparing /dev/sdb device partitions
Welcome to fdisk (util-linux 2.23.2).

Changes will remain in memory only, until you decide to write them.
Be careful before using the write command.


Command (m for help): 
Command (m for help): Partition type:
   p   primary (0 primary, 0 extended, 4 free)
   e   extended
Select (default p): Partition number (1-4, default 1): First sector (2048-625142447, default 2048): Using default value 2048
Last sector, +sectors or +size{K,M,G} (2048-625142447, default 625142447): Using default value 625142447
Partition 1 of type Linux and of size 298.1 GiB is set

Command (m for help): The partition table has been altered!

Calling ioctl() to re-read partition table.
Syncing disks.
2017/03/14:14:24:42: Removing parition: dev=/dev/sdb - partition=1
2017/03/14:14:24:42: Checking if /dev/nvme0n1 is in use, if yes abort
2017/03/14:14:24:42: Preparing /dev/nvme0n1 device partitions
Welcome to fdisk (util-linux 2.23.2).

Changes will remain in memory only, until you decide to write them.
Be careful before using the write command.


Command (m for help): 
Command (m for help): Partition type:
   p   primary (0 primary, 0 extended, 4 free)
   e   extended
Select (default p): Partition number (1-4, default 1): First sector (2048-250069679, default 2048): Using default value 2048
Last sector, +sectors or +size{K,M,G} (2048-250069679, default 250069679): Using default value 250069679
Partition 1 of type Linux and of size 119.2 GiB is set

Command (m for help): The partition table has been altered!

Calling ioctl() to re-read partition table.
Syncing disks.
2017/03/14:14:24:43: Removing parition: dev=/dev/nvme0n1 - partition=1
2017/03/14:14:24:43: Device checks complete - continuing...
2017/03/14:14:24:43: Starting: LVM SETUP
  LV      VG         Attr       LSize   Pool Origin Data%  Meta%  Move Log Cpy%Sync Convert Devices         
  home    rhel_ml110 -wi-ao----  90.17g                                                     /dev/sda2(2016) 
  root    rhel_ml110 -wi-ao----  50.00g                                                     /dev/sda2(25099)
  swap    rhel_ml110 -wi-ao----   7.88g                                                     /dev/sda2(0)    
  lv_fast vg_fast    -wi-ao----  20.00g                                                     /dev/nvme0n1(0) 
  lv_slow vg_slow    -wi-a----- 200.00g                                                     /dev/sdb(0)     
Filesystem                  1K-blocks    Used Available Use% Mounted on
/dev/mapper/rhel_ml110-root  52403200 4639316  47763884   9% /
devtmpfs                      3985584       0   3985584   0% /dev
tmpfs                         4001112      84   4001028   1% /dev/shm
tmpfs                         4001112    9084   3992028   1% /run
tmpfs                         4001112       0   4001112   0% /sys/fs/cgroup
/dev/sda1                     1038336  231872    806464  23% /boot
/dev/mapper/rhel_ml110-home  94501804   49684  94452120   1% /home
tmpfs                          800224      16    800208   1% /run/user/42
tmpfs                          800224       0    800224   0% /run/user/0
/dev/mapper/vg_slow-lv_slow 209612800   32944 209579856   1% /mnt/slowdev
/dev/mapper/vg_fast-lv_fast  20961280   32944  20928336   1% /mnt/fastdev
2017/03/14:14:24:45: Completed: LVM SETUP
2017/03/14:14:24:45: Starting: LVM Device TESTING
2017/03/14:14:24:45: RUNNING size 5G with blocksize 64K: /mnt/slowdev/fiodir
slow_5G_64K: (g=0): rw=randrw, bs=64K-64K/64K-64K/64K-64K, ioengine=sync, iodepth=1
fio-2.2.8
Starting 1 process
slow_5G_64K: Laying out IO file(s) (1 file(s) / 5120MB)

slow_5G_64K: (groupid=0, jobs=1): err= 0: pid=6825: Tue Mar 14 14:32:30 2017
  read : io=4083.7MB, bw=11158KB/s, iops=174, runt=374778msec
    clat (usec): min=651, max=774566, avg=5392.00, stdev=9470.67
     lat (usec): min=651, max=774566, avg=5392.51, stdev=9470.68
    clat percentiles (usec):
     |  1.00th=[  708],  5.00th=[  724], 10.00th=[  748], 20.00th=[  804],
     | 30.00th=[  836], 40.00th=[  844], 50.00th=[ 1020], 60.00th=[ 6368],
     | 70.00th=[ 8640], 80.00th=[10560], 90.00th=[12608], 95.00th=[14656],
     | 99.00th=[23424], 99.50th=[26496], 99.90th=[33024], 99.95th=[36608],
     | 99.99th=[684032]
    bw (KB  /s): min=   86, max=17142, per=100.00%, avg=11310.87, stdev=2247.80
  write: io=1036.4MB, bw=2831.7KB/s, iops=44, runt=374778msec
    clat (usec): min=872, max=773337, avg=1268.67, stdev=12559.73
     lat (usec): min=874, max=773339, avg=1271.06, stdev=12559.72
    clat percentiles (usec):
     |  1.00th=[  908],  5.00th=[  916], 10.00th=[  932], 20.00th=[  956],
     | 30.00th=[  972], 40.00th=[  988], 50.00th=[ 1004], 60.00th=[ 1012],
     | 70.00th=[ 1032], 80.00th=[ 1048], 90.00th=[ 1144], 95.00th=[ 1288],
     | 99.00th=[ 1432], 99.50th=[ 1464], 99.90th=[13504], 99.95th=[22912],
     | 99.99th=[733184]
    bw (KB  /s): min=   86, max= 5248, per=100.00%, avg=2883.21, stdev=799.27
    lat (usec) : 750=8.27%, 1000=40.66%
    lat (msec) : 2=13.65%, 4=0.49%, 10=18.56%, 20=16.88%, 50=1.47%
    lat (msec) : 100=0.01%, 750=0.01%, 1000=0.01%
  cpu          : usr=0.35%, sys=1.85%, ctx=81927, majf=0, minf=28
  IO depths    : 1=100.0%, 2=0.0%, 4=0.0%, 8=0.0%, 16=0.0%, 32=0.0%, >=64=0.0%
     submit    : 0=0.0%, 4=100.0%, 8=0.0%, 16=0.0%, 32=0.0%, 64=0.0%, >=64=0.0%
     complete  : 0=0.0%, 4=100.0%, 8=0.0%, 16=0.0%, 32=0.0%, 64=0.0%, >=64=0.0%
     issued    : total=r=65338/w=16582/d=0, short=r=0/w=0/d=0, drop=r=0/w=0/d=0
     latency   : target=0, window=0, percentile=100.00%, depth=1

Run status group 0 (all jobs):
   READ: io=4083.7MB, aggrb=11157KB/s, minb=11157KB/s, maxb=11157KB/s, mint=374778msec, maxt=374778msec
  WRITE: io=1036.4MB, aggrb=2831KB/s, minb=2831KB/s, maxb=2831KB/s, mint=374778msec, maxt=374778msec

Disk stats (read/write):
    dm-3: ios=65338/16601, merge=0/0, ticks=347390/33380, in_queue=380771, util=98.28%, aggrios=65338/16620, aggrmerge=0/0, aggrticks=347257/33332, aggrin_queue=380462, aggrutil=98.20%
  sdb: ios=65338/16620, merge=0/0, ticks=347257/33332, in_queue=380462, util=98.20%
2017/03/14:14:32:30: /mnt/slowdev/fiodir complete.
5242880	/mnt/slowdev/fiodir
2017/03/14:14:32:30: -----------------------
2017/03/14:14:32:30: RUNNING size 5G with blocksize 64K: /mnt/fastdev/fiodir
fast_5G_64K: (g=0): rw=randrw, bs=64K-64K/64K-64K/64K-64K, ioengine=sync, iodepth=1
fio-2.2.8
Starting 1 process
fast_5G_64K: Laying out IO file(s) (1 file(s) / 5120MB)

fast_5G_64K: (groupid=0, jobs=1): err= 0: pid=6919: Tue Mar 14 14:33:56 2017
  read : io=4083.7MB, bw=84738KB/s, iops=1324, runt= 49348msec
    clat (usec): min=351, max=6553, avg=641.70, stdev=510.86
     lat (usec): min=352, max=6553, avg=642.16, stdev=510.87
    clat percentiles (usec):
     |  1.00th=[  402],  5.00th=[  406], 10.00th=[  410], 20.00th=[  506],
     | 30.00th=[  510], 40.00th=[  510], 50.00th=[  510], 60.00th=[  516],
     | 70.00th=[  548], 80.00th=[  556], 90.00th=[  556], 95.00th=[ 2160],
     | 99.00th=[ 2896], 99.50th=[ 3184], 99.90th=[ 3632], 99.95th=[ 3664],
     | 99.99th=[ 4768]
    bw (KB  /s): min=77924, max=89600, per=100.00%, avg=84751.44, stdev=2849.85
  write: io=1036.4MB, bw=21505KB/s, iops=336, runt= 49348msec
    clat (usec): min=349, max=1025, avg=406.14, stdev=11.62
     lat (usec): min=351, max=1028, avg=409.23, stdev=11.65
    clat percentiles (usec):
     |  1.00th=[  370],  5.00th=[  402], 10.00th=[  402], 20.00th=[  406],
     | 30.00th=[  406], 40.00th=[  406], 50.00th=[  406], 60.00th=[  406],
     | 70.00th=[  406], 80.00th=[  410], 90.00th=[  410], 95.00th=[  414],
     | 99.00th=[  454], 99.50th=[  458], 99.90th=[  494], 99.95th=[  524],
     | 99.99th=[  700]
    bw (KB  /s): min=16896, max=25472, per=100.00%, avg=21541.45, stdev=1515.85
    lat (usec) : 500=31.48%, 750=62.90%, 1000=0.26%
    lat (msec) : 2=1.08%, 4=4.26%, 10=0.01%
  cpu          : usr=3.45%, sys=4.15%, ctx=81926, majf=0, minf=27
  IO depths    : 1=100.0%, 2=0.0%, 4=0.0%, 8=0.0%, 16=0.0%, 32=0.0%, >=64=0.0%
     submit    : 0=0.0%, 4=100.0%, 8=0.0%, 16=0.0%, 32=0.0%, 64=0.0%, >=64=0.0%
     complete  : 0=0.0%, 4=100.0%, 8=0.0%, 16=0.0%, 32=0.0%, 64=0.0%, >=64=0.0%
     issued    : total=r=65338/w=16582/d=0, short=r=0/w=0/d=0, drop=r=0/w=0/d=0
     latency   : target=0, window=0, percentile=100.00%, depth=1

Run status group 0 (all jobs):
   READ: io=4083.7MB, aggrb=84737KB/s, minb=84737KB/s, maxb=84737KB/s, mint=49348msec, maxt=49348msec
  WRITE: io=1036.4MB, aggrb=21505KB/s, minb=21505KB/s, maxb=21505KB/s, mint=49348msec, maxt=49348msec

Disk stats (read/write):
    dm-4: ios=65338/16596, merge=0/0, ticks=39921/6240, in_queue=46160, util=93.34%, aggrios=65338/16598, aggrmerge=0/3, aggrticks=39771/6196, aggrin_queue=45919, aggrutil=92.85%
  nvme0n1: ios=65338/16598, merge=0/3, ticks=39771/6196, in_queue=45919, util=92.85%
2017/03/14:14:33:56: /mnt/fastdev/fiodir complete.
5242880	/mnt/fastdev/fiodir
2017/03/14:14:33:56: -----------------------
2017/03/14:14:33:56: Completed: LVM Device TESTING
2017/03/14:14:33:56: Starting: LVM TEARDOWN
2017/03/14:14:33:58: Completed: LVM TEARDOWN
2017/03/14:14:33:58: END runLVM.sh**********************
