2017/03/15:11:25:16: runLVM.sh - Created logfile: ./RESULTS/runLVM.sh_20170315-112516.log
2017/03/15:11:25:16: Key variable values:
2017/03/15:11:25:16: > slowDEV=/dev/sdb - fastDEV=/dev/nvme0n1
2017/03/15:11:25:16: > fastSZ=20G - fastLV=lv_fast - fastVG=vg_fast
2017/03/15:11:25:16: > slowSZ=200G - slowLV=lv_slow - slowVG=vg_slow
2017/03/15:11:25:16: ---------------------------------
2017/03/15:11:25:16: Checking if /dev/sdb is in use, if yes abort
2017/03/15:11:25:16: Preparing /dev/sdb device partitions
Welcome to fdisk (util-linux 2.23.2).

Changes will remain in memory only, until you decide to write them.
Be careful before using the write command.


Command (m for help): 
Command (m for help): Partition type:
   p   primary (0 primary, 0 extended, 4 free)
   e   extended
Select (default p): Partition number (1-4, default 1): First sector (2048-625142447, default 2048): Using default value 2048
Last sector, +sectors or +size{K,M,G} (2048-625142447, default 625142447): Using default value 625142447
Partition 1 of type Linux and of size 298.1 GiB is set

Command (m for help): The partition table has been altered!

Calling ioctl() to re-read partition table.
Syncing disks.
2017/03/15:11:25:16: Removing parition: dev=/dev/sdb - partition=1
2017/03/15:11:25:16: Checking if /dev/nvme0n1 is in use, if yes abort
2017/03/15:11:25:16: Preparing /dev/nvme0n1 device partitions
Welcome to fdisk (util-linux 2.23.2).

Changes will remain in memory only, until you decide to write them.
Be careful before using the write command.


Command (m for help): 
Command (m for help): Partition type:
   p   primary (0 primary, 0 extended, 4 free)
   e   extended
Select (default p): Partition number (1-4, default 1): First sector (2048-250069679, default 2048): Using default value 2048
Last sector, +sectors or +size{K,M,G} (2048-250069679, default 250069679): Using default value 250069679
Partition 1 of type Linux and of size 119.2 GiB is set

Command (m for help): The partition table has been altered!

Calling ioctl() to re-read partition table.
Syncing disks.
2017/03/15:11:25:17: Removing parition: dev=/dev/nvme0n1 - partition=1
2017/03/15:11:25:17: Device checks complete - continuing...
2017/03/15:11:25:17: Starting: LVM SETUP
  LV      VG         Attr       LSize   Pool Origin Data%  Meta%  Move Log Cpy%Sync Convert Devices         
  home    rhel_ml110 -wi-ao----  90.17g                                                     /dev/sda2(2016) 
  root    rhel_ml110 -wi-ao----  50.00g                                                     /dev/sda2(25099)
  swap    rhel_ml110 -wi-ao----   7.88g                                                     /dev/sda2(0)    
  lv_fast vg_fast    -wi-ao----  20.00g                                                     /dev/nvme0n1(0) 
  lv_slow vg_slow    -wi-a----- 200.00g                                                     /dev/sdb(0)     
Filesystem                  1K-blocks    Used Available Use% Mounted on
/dev/mapper/rhel_ml110-root  52403200 4640304  47762896   9% /
devtmpfs                      3985584       0   3985584   0% /dev
tmpfs                         4001112      84   4001028   1% /dev/shm
tmpfs                         4001112    9084   3992028   1% /run
tmpfs                         4001112       0   4001112   0% /sys/fs/cgroup
/dev/sda1                     1038336  231872    806464  23% /boot
/dev/mapper/rhel_ml110-home  94501804   49812  94451992   1% /home
tmpfs                          800224      16    800208   1% /run/user/42
tmpfs                          800224       0    800224   0% /run/user/0
/dev/mapper/vg_slow-lv_slow 209612800   32944 209579856   1% /mnt/slowdev
/dev/mapper/vg_fast-lv_fast  20961280   32944  20928336   1% /mnt/fastdev
2017/03/15:11:25:20: Completed: LVM SETUP
2017/03/15:11:25:20: Starting: LVM Device TESTING
2017/03/15:11:25:20: RUNNING size 1G with blocksize 4096k: /mnt/slowdev/fiodir
slow_1G_4096k: (g=0): rw=randrw, bs=4M-4M/4M-4M/4M-4M, ioengine=sync, iodepth=1
fio-2.2.8
Starting 1 process
slow_1G_4096k: Laying out IO file(s) (1 file(s) / 1024MB)

slow_1G_4096k: (groupid=0, jobs=1): err= 0: pid=3627: Wed Mar 15 11:25:59 2017
  read : io=860160KB, bw=45518KB/s, iops=11, runt= 18897msec
    clat (msec): min=53, max=263, avg=73.29, stdev=15.44
     lat (msec): min=53, max=263, avg=73.29, stdev=15.44
    clat percentiles (msec):
     |  1.00th=[   57],  5.00th=[   60], 10.00th=[   66], 20.00th=[   69],
     | 30.00th=[   70], 40.00th=[   72], 50.00th=[   73], 60.00th=[   74],
     | 70.00th=[   76], 80.00th=[   77], 90.00th=[   79], 95.00th=[   84],
     | 99.00th=[  112], 99.50th=[  135], 99.90th=[  265], 99.95th=[  265],
     | 99.99th=[  265]
    bw (KB  /s): min=23906, max=58829, per=100.00%, avg=45644.74, stdev=8332.86
  write: io=188416KB, bw=9970.7KB/s, iops=2, runt= 18897msec
    clat (msec): min=61, max=115, avg=75.67, stdev=10.82
     lat (msec): min=61, max=115, avg=75.76, stdev=10.82
    clat percentiles (msec):
     |  1.00th=[   62],  5.00th=[   65], 10.00th=[   67], 20.00th=[   70],
     | 30.00th=[   71], 40.00th=[   72], 50.00th=[   73], 60.00th=[   76],
     | 70.00th=[   77], 80.00th=[   81], 90.00th=[   91], 95.00th=[   99],
     | 99.00th=[  116], 99.50th=[  116], 99.90th=[  116], 99.95th=[  116],
     | 99.99th=[  116]
    bw (KB  /s): min= 5843, max=31875, per=100.00%, avg=12097.90, stdev=6239.62
    lat (msec) : 100=98.05%, 250=1.56%, 500=0.39%
  cpu          : usr=0.04%, sys=0.62%, ctx=260, majf=0, minf=31
  IO depths    : 1=100.0%, 2=0.0%, 4=0.0%, 8=0.0%, 16=0.0%, 32=0.0%, >=64=0.0%
     submit    : 0=0.0%, 4=100.0%, 8=0.0%, 16=0.0%, 32=0.0%, 64=0.0%, >=64=0.0%
     complete  : 0=0.0%, 4=100.0%, 8=0.0%, 16=0.0%, 32=0.0%, 64=0.0%, >=64=0.0%
     issued    : total=r=210/w=46/d=0, short=r=0/w=0/d=0, drop=r=0/w=0/d=0
     latency   : target=0, window=0, percentile=100.00%, depth=1

Run status group 0 (all jobs):
   READ: io=860160KB, aggrb=45518KB/s, minb=45518KB/s, maxb=45518KB/s, mint=18897msec, maxt=18897msec
  WRITE: io=188416KB, aggrb=9970KB/s, minb=9970KB/s, maxb=9970KB/s, mint=18897msec, maxt=18897msec

Disk stats (read/write):
    dm-3: ios=1680/380, merge=0/0, ticks=74495/18345, in_queue=92840, util=99.19%, aggrios=1680/378, aggrmerge=0/4, aggrticks=74494/17448, aggrin_queue=91940, aggrutil=99.19%
  sdb: ios=1680/378, merge=0/4, ticks=74494/17448, in_queue=91940, util=99.19%
2017/03/15:11:25:59: /mnt/slowdev/fiodir complete.
1048576	/mnt/slowdev/fiodir
2017/03/15:11:25:59: -----------------------
2017/03/15:11:25:59: RUNNING size 1G with blocksize 4096k: /mnt/fastdev/fiodir
fast_1G_4096k: (g=0): rw=randrw, bs=4M-4M/4M-4M/4M-4M, ioengine=sync, iodepth=1
fio-2.2.8
Starting 1 process
fast_1G_4096k: Laying out IO file(s) (1 file(s) / 1024MB)


Run status group 0 (all jobs):
2017/03/15:11:26:00: /mnt/fastdev/fiodir complete.
0	/mnt/fastdev/fiodir
2017/03/15:11:26:00: -----------------------
2017/03/15:11:26:00: RUNNING size 10G with blocksize 4096k: /mnt/slowdev/fiodir
slow_10G_4096k: (g=0): rw=randrw, bs=4M-4M/4M-4M/4M-4M, ioengine=sync, iodepth=1
fio-2.2.8
Starting 1 process
slow_10G_4096k: Laying out IO file(s) (1 file(s) / 10240MB)

slow_10G_4096k: (groupid=0, jobs=1): err= 0: pid=3694: Wed Mar 15 11:32:19 2017
  read : io=8380.0MB, bw=42847KB/s, iops=10, runt=200274msec
    clat (msec): min=39, max=194, avg=77.64, stdev=10.43
     lat (msec): min=39, max=194, avg=77.64, stdev=10.43
    clat percentiles (msec):
     |  1.00th=[   51],  5.00th=[   65], 10.00th=[   70], 20.00th=[   74],
     | 30.00th=[   75], 40.00th=[   77], 50.00th=[   78], 60.00th=[   79],
     | 70.00th=[   81], 80.00th=[   82], 90.00th=[   85], 95.00th=[   89],
     | 99.00th=[  111], 99.50th=[  147], 99.90th=[  178], 99.95th=[  194],
     | 99.99th=[  194]
    bw (KB  /s): min= 7262, max=59041, per=100.00%, avg=42942.47, stdev=8378.22
  write: io=1860.0MB, bw=9510.2KB/s, iops=2, runt=200274msec
    clat (msec): min=63, max=137, avg=80.76, stdev=13.58
     lat (msec): min=63, max=137, avg=80.85, stdev=13.58
    clat percentiles (msec):
     |  1.00th=[   67],  5.00th=[   69], 10.00th=[   71], 20.00th=[   74],
     | 30.00th=[   75], 40.00th=[   76], 50.00th=[   77], 60.00th=[   79],
     | 70.00th=[   80], 80.00th=[   85], 90.00th=[   99], 95.00th=[  115],
     | 99.00th=[  133], 99.50th=[  137], 99.90th=[  139], 99.95th=[  139],
     | 99.99th=[  139]
    bw (KB  /s): min= 6450, max=31813, per=100.00%, avg=11891.13, stdev=5558.45
    lat (msec) : 50=0.74%, 100=95.90%, 250=3.36%
  cpu          : usr=0.03%, sys=0.63%, ctx=2567, majf=0, minf=31
  IO depths    : 1=100.0%, 2=0.0%, 4=0.0%, 8=0.0%, 16=0.0%, 32=0.0%, >=64=0.0%
     submit    : 0=0.0%, 4=100.0%, 8=0.0%, 16=0.0%, 32=0.0%, 64=0.0%, >=64=0.0%
     complete  : 0=0.0%, 4=100.0%, 8=0.0%, 16=0.0%, 32=0.0%, 64=0.0%, >=64=0.0%
     issued    : total=r=2095/w=465/d=0, short=r=0/w=0/d=0, drop=r=0/w=0/d=0
     latency   : target=0, window=0, percentile=100.00%, depth=1

Run status group 0 (all jobs):
   READ: io=8380.0MB, aggrb=42846KB/s, minb=42846KB/s, maxb=42846KB/s, mint=200274msec, maxt=200274msec
  WRITE: io=1860.0MB, aggrb=9510KB/s, minb=9510KB/s, maxb=9510KB/s, mint=200274msec, maxt=200274msec

Disk stats (read/write):
    dm-3: ios=16760/3728, merge=0/0, ticks=805369/175774, in_queue=981143, util=99.76%, aggrios=16760/3736, aggrmerge=0/0, aggrticks=805370/175767, aggrin_queue=981109, aggrutil=99.75%
  sdb: ios=16760/3736, merge=0/0, ticks=805370/175767, in_queue=981109, util=99.75%
2017/03/15:11:32:19: /mnt/slowdev/fiodir complete.
10485760	/mnt/slowdev/fiodir
2017/03/15:11:32:19: -----------------------
2017/03/15:11:32:19: RUNNING size 10G with blocksize 4096k: /mnt/fastdev/fiodir
fast_10G_4096k: (g=0): rw=randrw, bs=4M-4M/4M-4M/4M-4M, ioengine=sync, iodepth=1
fio-2.2.8
Starting 1 process
fast_10G_4096k: Laying out IO file(s) (1 file(s) / 10240MB)


Run status group 0 (all jobs):
2017/03/15:11:32:21: /mnt/fastdev/fiodir complete.
0	/mnt/fastdev/fiodir
2017/03/15:11:32:21: -----------------------
2017/03/15:11:32:21: Completed: LVM Device TESTING
2017/03/15:11:32:21: Starting: LVM TEARDOWN
2017/03/15:11:32:22: Completed: LVM TEARDOWN
2017/03/15:11:32:22: END runLVM.sh**********************
2017/03/15:11:32:22: runLVM.sh - Closed logfile: ./RESULTS/runLVM.sh_20170315-112516.log
