2017/03/28:11:35:37: runLVM.sh - Created logfile: ./RESULTS/runLVM.sh_20170328-113537.log
2017/03/28:11:35:37: Key variable values:
2017/03/28:11:35:37: > slowDEV=/dev/sdb - fastDEV=/dev/nvme0n1
2017/03/28:11:35:37: > fastSZ=12G - fastLV=lv_fast - fastVG=vg_fast
2017/03/28:11:35:37: > slowSZ=100G - slowLV=lv_slow - slowVG=vg_slow
2017/03/28:11:35:37: > slowLVPATH=/dev/vg_slow/lv_slow - fastLVPATH=/dev/vg_fast/lv_fast
2017/03/28:11:35:37: > slowSCRATCH=/mnt/slowdev/fio_scratch - fastSCRATCH=/mnt/fastdev/fio_scratch
2017/03/28:11:35:37: ---------------------------------
2017/03/28:11:35:37: Checking if /dev/sdb is in use, if yes abort
2017/03/28:11:35:37: Preparing /dev/sdb device partitions
Welcome to fdisk (util-linux 2.23.2).

Changes will remain in memory only, until you decide to write them.
Be careful before using the write command.


Command (m for help): 
Command (m for help): Partition type:
   p   primary (0 primary, 0 extended, 4 free)
   e   extended
Select (default p): Partition number (1-4, default 1): First sector (2048-625142447, default 2048): Using default value 2048
Last sector, +sectors or +size{K,M,G} (2048-625142447, default 625142447): Using default value 625142447
Partition 1 of type Linux and of size 298.1 GiB is set

Command (m for help): The partition table has been altered!

Calling ioctl() to re-read partition table.
Syncing disks.
2017/03/28:11:35:37: Removing parition: dev=/dev/sdb - partition=1
2017/03/28:11:35:37: Checking if /dev/nvme0n1 is in use, if yes abort
2017/03/28:11:35:37: Preparing /dev/nvme0n1 device partitions
Welcome to fdisk (util-linux 2.23.2).

Changes will remain in memory only, until you decide to write them.
Be careful before using the write command.


Command (m for help): 
Command (m for help): Partition type:
   p   primary (0 primary, 0 extended, 4 free)
   e   extended
Select (default p): Partition number (1-4, default 1): First sector (2048-250069679, default 2048): Using default value 2048
Last sector, +sectors or +size{K,M,G} (2048-250069679, default 250069679): Using default value 250069679
Partition 1 of type Linux and of size 119.2 GiB is set

Command (m for help): The partition table has been altered!

Calling ioctl() to re-read partition table.
Syncing disks.
2017/03/28:11:35:38: Removing parition: dev=/dev/nvme0n1 - partition=1
2017/03/28:11:35:38: Device checks complete - continuing...
2017/03/28:11:35:38: Starting: LVM SETUP
  LV      VG         Attr       LSize   Pool Origin Data%  Meta%  Move Log Cpy%Sync Convert Devices         
  home    rhel_ml110 -wi-ao----  90.17g                                                     /dev/sda2(2016) 
  root    rhel_ml110 -wi-ao----  50.00g                                                     /dev/sda2(25099)
  swap    rhel_ml110 -wi-ao----   7.88g                                                     /dev/sda2(0)    
  lv_fast vg_fast    -wi-ao----  12.00g                                                     /dev/nvme0n1(0) 
  lv_slow vg_slow    -wi-a----- 100.00g                                                     /dev/sdb(0)     
Filesystem                  1K-blocks    Used Available Use% Mounted on
/dev/mapper/rhel_ml110-root  52403200 4642876  47760324   9% /
devtmpfs                      3985584       0   3985584   0% /dev
tmpfs                         4001112      84   4001028   1% /dev/shm
tmpfs                         4001112    9084   3992028   1% /run
tmpfs                         4001112       0   4001112   0% /sys/fs/cgroup
/dev/sda1                     1038336  231872    806464  23% /boot
/dev/mapper/rhel_ml110-home  94501804   50232  94451572   1% /home
tmpfs                          800224      16    800208   1% /run/user/42
tmpfs                          800224       0    800224   0% /run/user/0
/dev/mapper/vg_slow-lv_slow 104806400   33040 104773360   1% /mnt/slowdev
/dev/mapper/vg_fast-lv_fast  12572672   33040  12539632   1% /mnt/fastdev
2017/03/28:11:35:40: Completed: LVM SETUP
2017/03/28:11:35:40: BEGIN: Write the scratch files
2017/03/28:11:38:39: /mnt/slowdev/fio_scratch is 11534336 KB
2017/03/28:11:39:56: /mnt/fastdev/fio_scratch is 11534336 KB
2017/03/28:11:39:56: COMPLETED: Writing the scratch files
2017/03/28:11:39:56: Starting: LVM Device TESTING
2017/03/28:11:39:56: RUNNING size 1G with blocksize 4k: /mnt/slowdev/fio_scratch
2017/03/28:11:49:35: COMPLETED: Testing /mnt/slowdev/fio_scratch
2017/03/28:11:49:35: SUMMARY size 1G with blocksize 4k: /mnt/slowdev/fio_scratch
> READ: [bw] 1450 KB/s  -  [lat] 35.72 ms  -  [iops] 362
> WRITE: [bw] 374024 KB/s  -  [lat] 33.39 ms  -  [iops] 91
FIO output:
slow_1G_4k: (g=0): rw=randrw, bs=4K-4K/4K-4K/4K-4K, ioengine=libaio, iodepth=16
fio-2.2.8
Starting 1 process

slow_1G_4k: (groupid=0, jobs=1): err= 0: pid=5115: Tue Mar 28 11:49:35 2017
  read : io=837604KB, bw=1450.2KB/s, iops=362, runt=577596msec
    slat (usec): min=3, max=190, avg=17.71, stdev= 6.67
    clat (usec): min=196, max=939200, avg=35697.16, stdev=50096.55
     lat (usec): min=306, max=939205, avg=35715.32, stdev=50097.04
    clat percentiles (usec):
     |  1.00th=[  454],  5.00th=[  572], 10.00th=[  692], 20.00th=[ 1240],
     | 30.00th=[ 6688], 40.00th=[11072], 50.00th=[18048], 60.00th=[27520],
     | 70.00th=[41216], 80.00th=[59136], 90.00th=[88576], 95.00th=[125440],
     | 99.00th=[228352], 99.50th=[272384], 99.90th=[528384], 99.95th=[626688],
     | 99.99th=[716800]
    bw (KB  /s): min=  334, max= 2679, per=100.00%, avg=1461.19, stdev=381.38
  write: io=210972KB, bw=374024B/s, iops=91, runt=577596msec
    slat (usec): min=6, max=162, avg=24.40, stdev= 8.26
    clat (usec): min=329, max=825466, avg=33366.22, stdev=48934.57
     lat (usec): min=396, max=825495, avg=33391.03, stdev=48935.10
    clat percentiles (usec):
     |  1.00th=[  482],  5.00th=[  596], 10.00th=[  700], 20.00th=[ 1032],
     | 30.00th=[ 3824], 40.00th=[ 9152], 50.00th=[16064], 60.00th=[24960],
     | 70.00th=[38144], 80.00th=[56576], 90.00th=[84480], 95.00th=[121344],
     | 99.00th=[222208], 99.50th=[268288], 99.90th=[544768], 99.95th=[626688],
     | 99.99th=[708608]
    bw (KB  /s): min=   86, max=  809, per=100.00%, avg=367.92, stdev=113.15
    lat (usec) : 250=0.01%, 500=2.30%, 750=9.83%, 1000=5.80%
    lat (msec) : 2=5.89%, 4=2.92%, 10=12.25%, 20=13.79%, 50=22.86%
    lat (msec) : 100=16.61%, 250=7.05%, 500=0.59%, 750=0.10%, 1000=0.01%
  cpu          : usr=1.39%, sys=2.88%, ctx=237044, majf=0, minf=28
  IO depths    : 1=0.1%, 2=0.1%, 4=0.1%, 8=0.1%, 16=100.0%, 32=0.0%, >=64=0.0%
     submit    : 0=0.0%, 4=100.0%, 8=0.0%, 16=0.0%, 32=0.0%, 64=0.0%, >=64=0.0%
     complete  : 0=0.0%, 4=100.0%, 8=0.0%, 16=0.1%, 32=0.0%, 64=0.0%, >=64=0.0%
     issued    : total=r=209401/w=52743/d=0, short=r=0/w=0/d=0, drop=r=0/w=0/d=0
     latency   : target=0, window=0, percentile=100.00%, depth=16

Run status group 0 (all jobs):
   READ: io=837604KB, aggrb=1450KB/s, minb=1450KB/s, maxb=1450KB/s, mint=577596msec, maxt=577596msec
  WRITE: io=210972KB, aggrb=365KB/s, minb=365KB/s, maxb=365KB/s, mint=577596msec, maxt=577596msec

Disk stats (read/write):
    dm-3: ios=209369/52761, merge=0/0, ticks=7455287/1769045, in_queue=9224845, util=100.00%, aggrios=186693/50611, aggrmerge=21367/2159, aggrticks=6887203/1723173, aggrin_queue=8627127, aggrutil=100.00%
  sdb: ios=186693/50611, merge=21367/2159, ticks=6887203/1723173, in_queue=8627127, util=100.00%
2017/03/28:11:49:35: -----------------------
2017/03/28:11:49:35: RUNNING size 1G with blocksize 4k: /mnt/fastdev/fio_scratch
2017/03/28:11:49:42: COMPLETED: Testing /mnt/fastdev/fio_scratch
2017/03/28:11:49:42: SUMMARY size 1G with blocksize 4k: /mnt/fastdev/fio_scratch
> READ: [bw] 164333 KB/s  -  [lat] 0.37 ms  -  [iops] 41083
> WRITE: [bw] 41391 KB/s  -  [lat] 0.08 ms  -  [iops] 10347
FIO output:
fast_1G_4k: (g=0): rw=randrw, bs=4K-4K/4K-4K/4K-4K, ioengine=libaio, iodepth=16
fio-2.2.8
Starting 1 process

fast_1G_4k: (groupid=0, jobs=1): err= 0: pid=5277: Tue Mar 28 11:49:42 2017
  read : io=837604KB, bw=164333KB/s, iops=41083, runt=  5097msec
    slat (usec): min=3, max=98, avg= 5.61, stdev= 1.54
    clat (usec): min=39, max=4742, avg=360.73, stdev=485.92
     lat (usec): min=45, max=4747, avg=366.49, stdev=485.91
    clat percentiles (usec):
     |  1.00th=[   49],  5.00th=[   66], 10.00th=[   90], 20.00th=[  126],
     | 30.00th=[  163], 40.00th=[  201], 50.00th=[  239], 60.00th=[  270],
     | 70.00th=[  298], 80.00th=[  330], 90.00th=[  580], 95.00th=[ 1688],
     | 99.00th=[ 2416], 99.50th=[ 2544], 99.90th=[ 3184], 99.95th=[ 3344],
     | 99.99th=[ 3856]
    bw (KB  /s): min=163032, max=166384, per=100.00%, avg=164375.20, stdev=1069.29
  write: io=210972KB, bw=41391KB/s, iops=10347, runt=  5097msec
    slat (usec): min=5, max=96, avg= 8.80, stdev= 2.22
    clat (usec): min=27, max=2410, avg=73.86, stdev=19.04
     lat (usec): min=42, max=2417, avg=82.86, stdev=18.68
    clat percentiles (usec):
     |  1.00th=[   38],  5.00th=[   51], 10.00th=[   60], 20.00th=[   63],
     | 30.00th=[   65], 40.00th=[   68], 50.00th=[   71], 60.00th=[   74],
     | 70.00th=[   79], 80.00th=[   85], 90.00th=[   95], 95.00th=[  103],
     | 99.00th=[  124], 99.50th=[  133], 99.90th=[  155], 99.95th=[  169],
     | 99.99th=[  191]
    bw (KB  /s): min=40632, max=42208, per=100.00%, avg=41448.00, stdev=546.44
    lat (usec) : 50=1.73%, 100=27.08%, 250=34.08%, 500=28.75%, 750=1.01%
    lat (usec) : 1000=0.88%
    lat (msec) : 2=3.75%, 4=2.72%, 10=0.01%
  cpu          : usr=20.60%, sys=42.58%, ctx=149820, majf=0, minf=27
  IO depths    : 1=0.1%, 2=0.1%, 4=0.1%, 8=0.1%, 16=100.0%, 32=0.0%, >=64=0.0%
     submit    : 0=0.0%, 4=100.0%, 8=0.0%, 16=0.0%, 32=0.0%, 64=0.0%, >=64=0.0%
     complete  : 0=0.0%, 4=100.0%, 8=0.0%, 16=0.1%, 32=0.0%, 64=0.0%, >=64=0.0%
     issued    : total=r=209401/w=52743/d=0, short=r=0/w=0/d=0, drop=r=0/w=0/d=0
     latency   : target=0, window=0, percentile=100.00%, depth=16

Run status group 0 (all jobs):
   READ: io=837604KB, aggrb=164332KB/s, minb=164332KB/s, maxb=164332KB/s, mint=5097msec, maxt=5097msec
  WRITE: io=210972KB, aggrb=41391KB/s, minb=41391KB/s, maxb=41391KB/s, mint=5097msec, maxt=5097msec

Disk stats (read/write):
    dm-4: ios=199916/50487, merge=0/0, ticks=71847/3471, in_queue=75358, util=97.46%, aggrios=209401/52745, aggrmerge=0/0, aggrticks=75134/3607, aggrin_queue=78737, aggrutil=97.09%
  nvme0n1: ios=209401/52745, merge=0/0, ticks=75134/3607, in_queue=78737, util=97.09%
2017/03/28:11:49:42: -----------------------
2017/03/28:11:49:42: RUNNING size 1G with blocksize 64k: /mnt/slowdev/fio_scratch
2017/03/28:11:50:35: COMPLETED: Testing /mnt/slowdev/fio_scratch
2017/03/28:11:50:35: SUMMARY size 1G with blocksize 64k: /mnt/slowdev/fio_scratch
> READ: [bw] 16329 KB/s  -  [lat] 50.69 ms  -  [iops] 255
> WRITE: [bw] 4131 KB/s  -  [lat] 47.48 ms  -  [iops] 64
FIO output:
slow_1G_64k: (g=0): rw=randrw, bs=64K-64K/64K-64K/64K-64K, ioengine=libaio, iodepth=16
fio-2.2.8
Starting 1 process

slow_1G_64k: (groupid=0, jobs=1): err= 0: pid=5340: Tue Mar 28 11:50:35 2017
  read : io=836864KB, bw=16329KB/s, iops=255, runt= 51249msec
    slat (usec): min=6, max=126, avg=20.08, stdev= 7.01
    clat (msec): min=1, max=555, avg=50.66, stdev=51.39
     lat (msec): min=1, max=555, avg=50.69, stdev=51.39
    clat percentiles (msec):
     |  1.00th=[    3],  5.00th=[    3], 10.00th=[    4], 20.00th=[    9],
     | 30.00th=[   16], 40.00th=[   25], 50.00th=[   36], 60.00th=[   51],
     | 70.00th=[   67], 80.00th=[   85], 90.00th=[  115], 95.00th=[  145],
     | 99.00th=[  229], 99.50th=[  285], 99.90th=[  396], 99.95th=[  453],
     | 99.99th=[  553]
    bw (KB  /s): min= 5207, max=23100, per=100.00%, avg=16340.65, stdev=2793.34
  write: io=211712KB, bw=4131.5KB/s, iops=64, runt= 51249msec
    slat (usec): min=9, max=112, avg=24.51, stdev= 7.39
    clat (msec): min=2, max=602, avg=47.46, stdev=52.12
     lat (msec): min=2, max=602, avg=47.48, stdev=52.12
    clat percentiles (msec):
     |  1.00th=[    3],  5.00th=[    3], 10.00th=[    4], 20.00th=[    6],
     | 30.00th=[   13], 40.00th=[   21], 50.00th=[   32], 60.00th=[   47],
     | 70.00th=[   63], 80.00th=[   81], 90.00th=[  110], 95.00th=[  137],
     | 99.00th=[  233], 99.50th=[  265], 99.90th=[  486], 99.95th=[  553],
     | 99.99th=[  603]
    bw (KB  /s): min= 1396, max= 5760, per=100.00%, avg=4137.46, stdev=928.92
    lat (msec) : 2=0.27%, 4=13.53%, 10=9.06%, 20=13.03%, 50=24.47%
    lat (msec) : 100=26.03%, 250=12.91%, 500=0.67%, 750=0.04%
  cpu          : usr=1.00%, sys=2.14%, ctx=14287, majf=0, minf=51
  IO depths    : 1=0.1%, 2=0.1%, 4=0.1%, 8=0.1%, 16=99.9%, 32=0.0%, >=64=0.0%
     submit    : 0=0.0%, 4=100.0%, 8=0.0%, 16=0.0%, 32=0.0%, 64=0.0%, >=64=0.0%
     complete  : 0=0.0%, 4=100.0%, 8=0.0%, 16=0.1%, 32=0.0%, 64=0.0%, >=64=0.0%
     issued    : total=r=13076/w=3308/d=0, short=r=0/w=0/d=0, drop=r=0/w=0/d=0
     latency   : target=0, window=0, percentile=100.00%, depth=16

Run status group 0 (all jobs):
   READ: io=836864KB, aggrb=16329KB/s, minb=16329KB/s, maxb=16329KB/s, mint=51249msec, maxt=51249msec
  WRITE: io=211712KB, aggrb=4131KB/s, minb=4131KB/s, maxb=4131KB/s, mint=51249msec, maxt=51249msec

Disk stats (read/write):
    dm-3: ios=13074/3309, merge=0/0, ticks=660111/156940, in_queue=817367, util=99.91%, aggrios=11163/3117, aggrmerge=1770/193, aggrticks=585292/149279, aggrin_queue=737031, aggrutil=99.88%
  sdb: ios=11163/3117, merge=1770/193, ticks=585292/149279, in_queue=737031, util=99.88%
2017/03/28:11:50:35: -----------------------
2017/03/28:11:50:35: RUNNING size 1G with blocksize 64k: /mnt/fastdev/fio_scratch
2017/03/28:11:50:41: COMPLETED: Testing /mnt/fastdev/fio_scratch
2017/03/28:11:50:41: SUMMARY size 1G with blocksize 64k: /mnt/fastdev/fio_scratch
> READ: [bw] 193629 KB/s  -  [lat] 5.14 ms  -  [iops] 3025
> WRITE: [bw] 48985 KB/s  -  [lat] 0.56 ms  -  [iops] 765
FIO output:
fast_1G_64k: (g=0): rw=randrw, bs=64K-64K/64K-64K/64K-64K, ioengine=libaio, iodepth=16
fio-2.2.8
Starting 1 process

fast_1G_64k: (groupid=0, jobs=1): err= 0: pid=5429: Tue Mar 28 11:50:41 2017
  read : io=836864KB, bw=193629KB/s, iops=3025, runt=  4322msec
    slat (usec): min=7, max=103, avg=19.90, stdev= 5.92
    clat (usec): min=599, max=11406, avg=5119.90, stdev=725.92
     lat (usec): min=657, max=11425, avg=5140.19, stdev=725.75
    clat percentiles (usec):
     |  1.00th=[ 3280],  5.00th=[ 3920], 10.00th=[ 4256], 20.00th=[ 4704],
     | 30.00th=[ 4896], 40.00th=[ 5024], 50.00th=[ 5152], 60.00th=[ 5216],
     | 70.00th=[ 5280], 80.00th=[ 5472], 90.00th=[ 5984], 95.00th=[ 6432],
     | 99.00th=[ 7264], 99.50th=[ 7648], 99.90th=[ 9024], 99.95th=[ 9280],
     | 99.99th=[10688]
    bw (KB  /s): min=193024, max=194560, per=100.00%, avg=193744.00, stdev=551.35
  write: io=211712KB, bw=48985KB/s, iops=765, runt=  4322msec
    slat (usec): min=10, max=109, avg=26.66, stdev= 6.43
    clat (usec): min=386, max=1487, avg=529.37, stdev=108.14
     lat (usec): min=422, max=1518, avg=556.46, stdev=108.18
    clat percentiles (usec):
     |  1.00th=[  462],  5.00th=[  466], 10.00th=[  466], 20.00th=[  470],
     | 30.00th=[  474], 40.00th=[  486], 50.00th=[  498], 60.00th=[  502],
     | 70.00th=[  516], 80.00th=[  532], 90.00th=[  660], 95.00th=[  788],
     | 99.00th=[  988], 99.50th=[ 1096], 99.90th=[ 1192], 99.95th=[ 1480],
     | 99.99th=[ 1480]
    bw (KB  /s): min=45056, max=51328, per=99.59%, avg=48784.00, stdev=2422.30
    lat (usec) : 500=10.51%, 750=8.11%, 1000=1.38%
    lat (msec) : 2=0.22%, 4=4.85%, 10=74.90%, 20=0.03%
  cpu          : usr=0.86%, sys=14.63%, ctx=16005, majf=0, minf=32
  IO depths    : 1=0.1%, 2=0.1%, 4=0.1%, 8=0.1%, 16=99.9%, 32=0.0%, >=64=0.0%
     submit    : 0=0.0%, 4=100.0%, 8=0.0%, 16=0.0%, 32=0.0%, 64=0.0%, >=64=0.0%
     complete  : 0=0.0%, 4=100.0%, 8=0.0%, 16=0.1%, 32=0.0%, 64=0.0%, >=64=0.0%
     issued    : total=r=13076/w=3308/d=0, short=r=0/w=0/d=0, drop=r=0/w=0/d=0
     latency   : target=0, window=0, percentile=100.00%, depth=16

Run status group 0 (all jobs):
   READ: io=836864KB, aggrb=193628KB/s, minb=193628KB/s, maxb=193628KB/s, mint=4322msec, maxt=4322msec
  WRITE: io=211712KB, aggrb=48984KB/s, minb=48984KB/s, maxb=48984KB/s, mint=4322msec, maxt=4322msec

Disk stats (read/write):
    dm-4: ios=12567/3162, merge=0/0, ticks=64193/1685, in_queue=65915, util=97.67%, aggrios=13076/3310, aggrmerge=0/0, aggrticks=66832/1778, aggrin_queue=68576, aggrutil=97.26%
  nvme0n1: ios=13076/3310, merge=0/0, ticks=66832/1778, in_queue=68576, util=97.26%
2017/03/28:11:50:41: -----------------------
2017/03/28:11:50:41: RUNNING size 1G with blocksize 4M: /mnt/slowdev/fio_scratch
2017/03/28:11:51:10: COMPLETED: Testing /mnt/slowdev/fio_scratch
2017/03/28:11:51:10: SUMMARY size 1G with blocksize 4M: /mnt/slowdev/fio_scratch
> READ: [bw] 31119 KB/s  -  [lat] 1726.76 ms  -  [iops] 7
> WRITE: [bw] 6816 KB/s  -  [lat] 1698.27 ms  -  [iops] 1
FIO output:
slow_1G_4M: (g=0): rw=randrw, bs=4M-4M/4M-4M/4M-4M, ioengine=libaio, iodepth=16
fio-2.2.8
Starting 1 process

slow_1G_4M: (groupid=0, jobs=1): err= 0: pid=5492: Tue Mar 28 11:51:10 2017
  read : io=860160KB, bw=31119KB/s, iops=7, runt= 27641msec
    slat (usec): min=367, max=521, avg=423.88, stdev=20.89
    clat (msec): min=103, max=3353, avg=1726.33, stdev=537.72
     lat (msec): min=103, max=3354, avg=1726.76, stdev=537.72
    clat percentiles (msec):
     |  1.00th=[  343],  5.00th=[  603], 10.00th=[  857], 20.00th=[ 1467],
     | 30.00th=[ 1614], 40.00th=[ 1713], 50.00th=[ 1795], 60.00th=[ 1876],
     | 70.00th=[ 1975], 80.00th=[ 2114], 90.00th=[ 2311], 95.00th=[ 2507],
     | 99.00th=[ 2835], 99.50th=[ 2999], 99.90th=[ 3359], 99.95th=[ 3359],
     | 99.99th=[ 3359]
    bw (KB  /s): min= 5244, max=56888, per=99.68%, avg=31019.23, stdev=10879.71
  write: io=188416KB, bw=6816.6KB/s, iops=1, runt= 27641msec
    slat (usec): min=493, max=805, avg=606.91, stdev=61.30
    clat (msec): min=101, max=2756, avg=1697.67, stdev=583.08
     lat (msec): min=102, max=2757, avg=1698.27, stdev=583.07
    clat percentiles (msec):
     |  1.00th=[  102],  5.00th=[  510], 10.00th=[  807], 20.00th=[ 1369],
     | 30.00th=[ 1598], 40.00th=[ 1696], 50.00th=[ 1762], 60.00th=[ 1860],
     | 70.00th=[ 1975], 80.00th=[ 2114], 90.00th=[ 2343], 95.00th=[ 2409],
     | 99.00th=[ 2769], 99.50th=[ 2769], 99.90th=[ 2769], 99.95th=[ 2769],
     | 99.99th=[ 2769]
    bw (KB  /s): min= 2622, max=23272, per=100.00%, avg=10234.24, stdev=5790.42
    lat (msec) : 250=0.78%, 500=3.52%, 750=4.30%, 1000=3.52%, 2000=60.16%
    lat (msec) : >=2000=27.73%
  cpu          : usr=0.04%, sys=0.47%, ctx=257, majf=0, minf=30
  IO depths    : 1=0.4%, 2=0.8%, 4=1.6%, 8=3.1%, 16=94.1%, 32=0.0%, >=64=0.0%
     submit    : 0=0.0%, 4=100.0%, 8=0.0%, 16=0.0%, 32=0.0%, 64=0.0%, >=64=0.0%
     complete  : 0=0.0%, 4=99.6%, 8=0.0%, 16=0.4%, 32=0.0%, 64=0.0%, >=64=0.0%
     issued    : total=r=210/w=46/d=0, short=r=0/w=0/d=0, drop=r=0/w=0/d=0
     latency   : target=0, window=0, percentile=100.00%, depth=16

Run status group 0 (all jobs):
   READ: io=860160KB, aggrb=31118KB/s, minb=31118KB/s, maxb=31118KB/s, mint=27641msec, maxt=27641msec
  WRITE: io=188416KB, aggrb=6816KB/s, minb=6816KB/s, maxb=6816KB/s, mint=27641msec, maxt=27641msec

Disk stats (read/write):
    dm-3: ios=1680/368, merge=0/0, ticks=2095243/445804, in_queue=2570928, util=99.67%, aggrios=1680/370, aggrmerge=0/0, aggrticks=2113714/459934, aggrin_queue=2573645, aggrutil=99.59%
  sdb: ios=1680/370, merge=0/0, ticks=2113714/459934, in_queue=2573645, util=99.59%
2017/03/28:11:51:10: -----------------------
2017/03/28:11:51:10: RUNNING size 1G with blocksize 4M: /mnt/fastdev/fio_scratch
2017/03/28:11:51:17: COMPLETED: Testing /mnt/fastdev/fio_scratch
2017/03/28:11:51:17: SUMMARY size 1G with blocksize 4M: /mnt/fastdev/fio_scratch
> READ: [bw] 162203 KB/s  -  [lat] 328.65 ms  -  [iops] 39
> WRITE: [bw] 35530 KB/s  -  [lat] 335.49 ms  -  [iops] 8
FIO output:
fast_1G_4M: (g=0): rw=randrw, bs=4M-4M/4M-4M/4M-4M, ioengine=libaio, iodepth=16
fio-2.2.8
Starting 1 process

fast_1G_4M: (groupid=0, jobs=1): err= 0: pid=5563: Tue Mar 28 11:51:17 2017
  read : io=860160KB, bw=162203KB/s, iops=39, runt=  5303msec
    slat (usec): min=370, max=605, avg=509.76, stdev=28.28
    clat (msec): min=20, max=628, avg=328.14, stdev=66.51
     lat (msec): min=20, max=629, avg=328.65, stdev=66.51
    clat percentiles (msec):
     |  1.00th=[   60],  5.00th=[  237], 10.00th=[  318], 20.00th=[  322],
     | 30.00th=[  326], 40.00th=[  326], 50.00th=[  330], 60.00th=[  334],
     | 70.00th=[  334], 80.00th=[  347], 90.00th=[  351], 95.00th=[  359],
     | 99.00th=[  570], 99.50th=[  611], 99.90th=[  627], 99.95th=[  627],
     | 99.99th=[  627]
    bw (KB  /s): min=92434, max=179149, per=96.42%, avg=156394.90, stdev=26522.90
  write: io=188416KB, bw=35530KB/s, iops=8, runt=  5303msec
    slat (usec): min=448, max=819, avg=663.28, stdev=78.51
    clat (msec): min=77, max=589, avg=334.83, stdev=66.19
     lat (msec): min=78, max=590, avg=335.49, stdev=66.17
    clat percentiles (msec):
     |  1.00th=[   78],  5.00th=[  318], 10.00th=[  318], 20.00th=[  322],
     | 30.00th=[  326], 40.00th=[  326], 50.00th=[  330], 60.00th=[  334],
     | 70.00th=[  334], 80.00th=[  347], 90.00th=[  355], 95.00th=[  445],
     | 99.00th=[  586], 99.50th=[  586], 99.90th=[  586], 99.95th=[  586],
     | 99.99th=[  586]
    bw (KB  /s): min=23108, max=55782, per=94.53%, avg=33586.70, stdev=11698.65
    lat (msec) : 50=0.78%, 100=1.17%, 250=3.12%, 500=92.19%, 750=2.73%
  cpu          : usr=0.32%, sys=2.38%, ctx=257, majf=0, minf=31
  IO depths    : 1=0.4%, 2=0.8%, 4=1.6%, 8=3.1%, 16=94.1%, 32=0.0%, >=64=0.0%
     submit    : 0=0.0%, 4=100.0%, 8=0.0%, 16=0.0%, 32=0.0%, 64=0.0%, >=64=0.0%
     complete  : 0=0.0%, 4=99.6%, 8=0.0%, 16=0.4%, 32=0.0%, 64=0.0%, >=64=0.0%
     issued    : total=r=210/w=46/d=0, short=r=0/w=0/d=0, drop=r=0/w=0/d=0
     latency   : target=0, window=0, percentile=100.00%, depth=16

Run status group 0 (all jobs):
   READ: io=860160KB, aggrb=162202KB/s, minb=162202KB/s, maxb=162202KB/s, mint=5303msec, maxt=5303msec
  WRITE: io=188416KB, aggrb=35530KB/s, minb=35530KB/s, maxb=35530KB/s, mint=5303msec, maxt=5303msec

Disk stats (read/write):
    dm-4: ios=6720/1473, merge=0/0, ticks=2012500/444893, in_queue=2521946, util=97.73%, aggrios=6720/1476, aggrmerge=0/0, aggrticks=2087039/459227, aggrin_queue=2546265, aggrutil=97.41%
  nvme0n1: ios=6720/1476, merge=0/0, ticks=2087039/459227, in_queue=2546265, util=97.41%
2017/03/28:11:51:17: -----------------------
2017/03/28:11:51:17: RUNNING size 10G with blocksize 4k: /mnt/slowdev/fio_scratch
2017/03/28:14:02:25: COMPLETED: Testing /mnt/slowdev/fio_scratch
2017/03/28:14:02:25: SUMMARY size 10G with blocksize 4k: /mnt/slowdev/fio_scratch
> READ: [bw] 1066 KB/s  -  [lat] 48.62 ms  -  [iops] 266
> WRITE: [bw] 272717 KB/s  -  [lat] 45.49 ms  -  [iops] 66
FIO output:
slow_10G_4k: (g=0): rw=randrw, bs=4K-4K/4K-4K/4K-4K, ioengine=libaio, iodepth=16
fio-2.2.8
Starting 1 process

slow_10G_4k: (groupid=0, jobs=1): err= 0: pid=5627: Tue Mar 28 14:02:25 2017
  read : io=8194.5MB, bw=1066.9KB/s, iops=266, runt=7865159msec
    slat (usec): min=4, max=200, avg=20.65, stdev= 4.86
    clat (usec): min=285, max=966355, avg=48602.66, stdev=41930.93
     lat (usec): min=305, max=966378, avg=48623.80, stdev=41930.90
    clat percentiles (usec):
     |  1.00th=[  660],  5.00th=[ 1576], 10.00th=[ 9280], 20.00th=[18560],
     | 30.00th=[27264], 40.00th=[36096], 50.00th=[44800], 60.00th=[54016],
     | 70.00th=[63744], 80.00th=[74240], 90.00th=[89600], 95.00th=[100864],
     | 99.00th=[124416], 99.50th=[136192], 99.90th=[749568], 99.95th=[790528],
     | 99.99th=[839680]
    bw (KB  /s): min=   21, max= 1800, per=100.00%, avg=1076.84, stdev=186.85
  write: io=2045.7MB, bw=272717B/s, iops=66, runt=7865159msec
    slat (usec): min=6, max=206, avg=28.07, stdev= 5.89
    clat (usec): min=416, max=919033, avg=45466.24, stdev=41296.58
     lat (usec): min=446, max=919062, avg=45494.82, stdev=41296.56
    clat percentiles (usec):
     |  1.00th=[  684],  5.00th=[ 1256], 10.00th=[ 6816], 20.00th=[15296],
     | 30.00th=[24192], 40.00th=[33024], 50.00th=[41728], 60.00th=[50432],
     | 70.00th=[60160], 80.00th=[71168], 90.00th=[85504], 95.00th=[96768],
     | 99.00th=[120320], 99.50th=[132096], 99.90th=[749568], 99.95th=[782336],
     | 99.99th=[839680]
    bw (KB  /s): min=    5, max=  572, per=100.00%, avg=268.54, stdev=64.50
    lat (usec) : 500=0.08%, 750=1.68%, 1000=1.45%
    lat (msec) : 2=2.74%, 4=0.74%, 10=4.65%, 20=11.03%, 50=34.13%
    lat (msec) : 100=38.37%, 250=4.98%, 500=0.01%, 750=0.06%, 1000=0.10%
  cpu          : usr=0.17%, sys=3.35%, ctx=2619238, majf=0, minf=28
  IO depths    : 1=0.1%, 2=0.1%, 4=0.1%, 8=0.1%, 16=100.0%, 32=0.0%, >=64=0.0%
     submit    : 0=0.0%, 4=100.0%, 8=0.0%, 16=0.0%, 32=0.0%, 64=0.0%, >=64=0.0%
     complete  : 0=0.0%, 4=100.0%, 8=0.0%, 16=0.1%, 32=0.0%, 64=0.0%, >=64=0.0%
     issued    : total=r=2097767/w=523673/d=0, short=r=0/w=0/d=0, drop=r=0/w=0/d=0
     latency   : target=0, window=0, percentile=100.00%, depth=16

Run status group 0 (all jobs):
   READ: io=8194.5MB, aggrb=1066KB/s, minb=1066KB/s, maxb=1066KB/s, mint=7865159msec, maxt=7865159msec
  WRITE: io=2045.7MB, aggrb=266KB/s, minb=266KB/s, maxb=266KB/s, mint=7865159msec, maxt=7865159msec

Disk stats (read/write):
    dm-3: ios=2097722/524008, merge=0/0, ticks=101788779/24011652, in_queue=125801353, util=100.00%, aggrios=2097766/524373, aggrmerge=1/0, aggrticks=101784726/24010879, aggrin_queue=125792084, aggrutil=100.00%
  sdb: ios=2097766/524373, merge=1/0, ticks=101784726/24010879, in_queue=125792084, util=100.00%
2017/03/28:14:02:25: -----------------------
2017/03/28:14:02:25: RUNNING size 10G with blocksize 4k: /mnt/fastdev/fio_scratch
2017/03/28:14:03:19: COMPLETED: Testing /mnt/fastdev/fio_scratch
2017/03/28:14:03:19: SUMMARY size 10G with blocksize 4k: /mnt/fastdev/fio_scratch
> READ: [bw] 163470 KB/s  -  [lat] 0.37 ms  -  [iops] 40867
> WRITE: [bw] 40808 KB/s  -  [lat] 0.08 ms  -  [iops] 10201
FIO output:
fast_10G_4k: (g=0): rw=randrw, bs=4K-4K/4K-4K/4K-4K, ioengine=libaio, iodepth=16
fio-2.2.8
Starting 1 process

fast_10G_4k: (groupid=0, jobs=1): err= 0: pid=7135: Tue Mar 28 14:03:19 2017
  read : io=8194.5MB, bw=163470KB/s, iops=40867, runt= 51331msec
    slat (usec): min=3, max=204, avg= 5.58, stdev= 1.53
    clat (usec): min=11, max=8409, avg=363.26, stdev=489.99
     lat (usec): min=44, max=8414, avg=369.00, stdev=489.98
    clat percentiles (usec):
     |  1.00th=[   49],  5.00th=[   66], 10.00th=[   90], 20.00th=[  126],
     | 30.00th=[  161], 40.00th=[  199], 50.00th=[  237], 60.00th=[  270],
     | 70.00th=[  298], 80.00th=[  334], 90.00th=[  636], 95.00th=[ 1704],
     | 99.00th=[ 2448], 99.50th=[ 2544], 99.90th=[ 3152], 99.95th=[ 3344],
     | 99.99th=[ 3792]
    bw (KB  /s): min=158488, max=170168, per=100.00%, avg=163469.80, stdev=2155.17
  write: io=2045.7MB, bw=40808KB/s, iops=10201, runt= 51331msec
    slat (usec): min=5, max=141, avg= 8.71, stdev= 2.12
    clat (usec): min=2, max=5133, avg=73.08, stdev=26.33
     lat (usec): min=40, max=5142, avg=81.99, stdev=26.10
    clat percentiles (usec):
     |  1.00th=[   37],  5.00th=[   51], 10.00th=[   60], 20.00th=[   63],
     | 30.00th=[   65], 40.00th=[   67], 50.00th=[   70], 60.00th=[   74],
     | 70.00th=[   78], 80.00th=[   83], 90.00th=[   93], 95.00th=[  101],
     | 99.00th=[  122], 99.50th=[  131], 99.90th=[  153], 99.95th=[  165],
     | 99.99th=[  195]
    bw (KB  /s): min=39248, max=43096, per=100.00%, avg=40807.45, stdev=724.72
    lat (usec) : 4=0.01%, 20=0.01%, 50=1.79%, 100=27.17%, 250=33.93%
    lat (usec) : 500=28.53%, 750=1.03%, 1000=0.91%
    lat (msec) : 2=3.87%, 4=2.77%, 10=0.01%
  cpu          : usr=17.45%, sys=44.68%, ctx=1537512, majf=0, minf=27
  IO depths    : 1=0.1%, 2=0.1%, 4=0.1%, 8=0.1%, 16=100.0%, 32=0.0%, >=64=0.0%
     submit    : 0=0.0%, 4=100.0%, 8=0.0%, 16=0.0%, 32=0.0%, 64=0.0%, >=64=0.0%
     complete  : 0=0.0%, 4=100.0%, 8=0.0%, 16=0.1%, 32=0.0%, 64=0.0%, >=64=0.0%
     issued    : total=r=2097767/w=523673/d=0, short=r=0/w=0/d=0, drop=r=0/w=0/d=0
     latency   : target=0, window=0, percentile=100.00%, depth=16

Run status group 0 (all jobs):
   READ: io=8194.5MB, aggrb=163469KB/s, minb=163469KB/s, maxb=163469KB/s, mint=51331msec, maxt=51331msec
  WRITE: io=2045.7MB, aggrb=40807KB/s, minb=40807KB/s, maxb=40807KB/s, mint=51331msec, maxt=51331msec

Disk stats (read/write):
    dm-4: ios=2088784/521454, merge=0/0, ticks=759949/36062, in_queue=796215, util=99.26%, aggrios=2097767/523681, aggrmerge=0/0, aggrticks=762313/35822, aggrin_queue=797890, aggrutil=99.22%
  nvme0n1: ios=2097767/523681, merge=0/0, ticks=762313/35822, in_queue=797890, util=99.22%
2017/03/28:14:03:19: -----------------------
2017/03/28:14:03:19: RUNNING size 10G with blocksize 64k: /mnt/slowdev/fio_scratch
2017/03/28:14:14:00: COMPLETED: Testing /mnt/slowdev/fio_scratch
2017/03/28:14:14:00: SUMMARY size 10G with blocksize 64k: /mnt/slowdev/fio_scratch
> READ: [bw] 13096 KB/s  -  [lat] 63.26 ms  -  [iops] 204
> WRITE: [bw] 3305 KB/s  -  [lat] 59.12 ms  -  [iops] 51
FIO output:
slow_10G_64k: (g=0): rw=randrw, bs=64K-64K/64K-64K/64K-64K, ioengine=libaio, iodepth=16
fio-2.2.8
Starting 1 process

slow_10G_64k: (groupid=0, jobs=1): err= 0: pid=7207: Tue Mar 28 14:14:00 2017
  read : io=8176.4MB, bw=13096KB/s, iops=204, runt=639308msec
    slat (usec): min=6, max=150, avg=20.47, stdev= 6.04
    clat (msec): min=1, max=917, avg=63.24, stdev=51.32
     lat (msec): min=1, max=917, avg=63.26, stdev=51.32
    clat percentiles (msec):
     |  1.00th=[    3],  5.00th=[    4], 10.00th=[    9], 20.00th=[   22],
     | 30.00th=[   35], 40.00th=[   47], 50.00th=[   59], 60.00th=[   72],
     | 70.00th=[   84], 80.00th=[   98], 90.00th=[  118], 95.00th=[  135],
     | 99.00th=[  172], 99.50th=[  206], 99.90th=[  725], 99.95th=[  758],
     | 99.99th=[  840]
    bw (KB  /s): min= 1022, max=18771, per=100.00%, avg=13207.42, stdev=2164.11
  write: io=2063.7MB, bw=3305.4KB/s, iops=51, runt=639308msec
    slat (usec): min=9, max=146, avg=24.74, stdev= 6.30
    clat (msec): min=2, max=952, avg=59.10, stdev=48.99
     lat (msec): min=2, max=952, avg=59.12, stdev=48.99
    clat percentiles (msec):
     |  1.00th=[    3],  5.00th=[    4], 10.00th=[    7], 20.00th=[   19],
     | 30.00th=[   31], 40.00th=[   43], 50.00th=[   55], 60.00th=[   67],
     | 70.00th=[   79], 80.00th=[   93], 90.00th=[  113], 95.00th=[  128],
     | 99.00th=[  163], 99.50th=[  196], 99.90th=[  725], 99.95th=[  766],
     | 99.99th=[  799]
    bw (KB  /s): min=  268, max= 6119, per=100.00%, avg=3333.86, stdev=827.63
    lat (msec) : 2=0.05%, 4=6.42%, 10=4.58%, 20=7.93%, 50=24.83%
    lat (msec) : 100=37.92%, 250=17.97%, 500=0.10%, 750=0.13%, 1000=0.06%
  cpu          : usr=0.10%, sys=2.53%, ctx=149220, majf=0, minf=28
  IO depths    : 1=0.1%, 2=0.1%, 4=0.1%, 8=0.1%, 16=100.0%, 32=0.0%, >=64=0.0%
     submit    : 0=0.0%, 4=100.0%, 8=0.0%, 16=0.0%, 32=0.0%, 64=0.0%, >=64=0.0%
     complete  : 0=0.0%, 4=100.0%, 8=0.0%, 16=0.1%, 32=0.0%, 64=0.0%, >=64=0.0%
     issued    : total=r=130822/w=33018/d=0, short=r=0/w=0/d=0, drop=r=0/w=0/d=0
     latency   : target=0, window=0, percentile=100.00%, depth=16

Run status group 0 (all jobs):
   READ: io=8176.4MB, aggrb=13096KB/s, minb=13096KB/s, maxb=13096KB/s, mint=639308msec, maxt=639308msec
  WRITE: io=2063.7MB, aggrb=3305KB/s, minb=3305KB/s, maxb=3305KB/s, mint=639308msec, maxt=639308msec

Disk stats (read/write):
    dm-3: ios=130822/33046, merge=0/0, ticks=8258350/1964880, in_queue=10223440, util=100.00%, aggrios=117682/31590, aggrmerge=13140/1486, aggrticks=7594411/1901837, aggrin_queue=9496049, aggrutil=100.00%
  sdb: ios=117682/31590, merge=13140/1486, ticks=7594411/1901837, in_queue=9496049, util=100.00%
2017/03/28:14:14:00: -----------------------
2017/03/28:14:14:00: RUNNING size 10G with blocksize 64k: /mnt/fastdev/fio_scratch
2017/03/28:14:14:45: COMPLETED: Testing /mnt/fastdev/fio_scratch
2017/03/28:14:14:45: SUMMARY size 10G with blocksize 64k: /mnt/fastdev/fio_scratch
> READ: [bw] 193483 KB/s  -  [lat] 5.14 ms  -  [iops] 3023
> WRITE: [bw] 48833 KB/s  -  [lat] 0.57 ms  -  [iops] 763
FIO output:
fast_10G_64k: (g=0): rw=randrw, bs=64K-64K/64K-64K/64K-64K, ioengine=libaio, iodepth=16
fio-2.2.8
Starting 1 process

fast_10G_64k: (groupid=0, jobs=1): err= 0: pid=7376: Tue Mar 28 14:14:45 2017
  read : io=8176.4MB, bw=193483KB/s, iops=3023, runt= 43273msec
    slat (usec): min=7, max=164, avg=21.52, stdev= 5.78
    clat (usec): min=396, max=12016, avg=5119.61, stdev=792.60
     lat (usec): min=417, max=12042, avg=5141.57, stdev=792.53
    clat percentiles (usec):
     |  1.00th=[ 3120],  5.00th=[ 3760], 10.00th=[ 4128], 20.00th=[ 4576],
     | 30.00th=[ 4832], 40.00th=[ 5024], 50.00th=[ 5152], 60.00th=[ 5280],
     | 70.00th=[ 5408], 80.00th=[ 5664], 90.00th=[ 6048], 95.00th=[ 6368],
     | 99.00th=[ 7072], 99.50th=[ 7520], 99.90th=[ 9280], 99.95th=[ 9792],
     | 99.99th=[10816]
    bw (KB  /s): min=188416, max=195456, per=100.00%, avg=193544.93, stdev=925.90
  write: io=2063.7MB, bw=48833KB/s, iops=763, runt= 43273msec
    slat (usec): min=9, max=205, avg=28.22, stdev= 6.51
    clat (usec): min=340, max=7236, avg=542.99, stdev=154.35
     lat (usec): min=371, max=7271, avg=571.66, stdev=154.18
    clat percentiles (usec):
     |  1.00th=[  462],  5.00th=[  466], 10.00th=[  470], 20.00th=[  474],
     | 30.00th=[  490], 40.00th=[  498], 50.00th=[  502], 60.00th=[  506],
     | 70.00th=[  524], 80.00th=[  556], 90.00th=[  724], 95.00th=[  788],
     | 99.00th=[ 1128], 99.50th=[ 1192], 99.90th=[ 1624], 99.95th=[ 1976],
     | 99.99th=[ 5856]
    bw (KB  /s): min=41600, max=55296, per=99.98%, avg=48824.56, stdev=2704.52
    lat (usec) : 500=8.93%, 750=9.51%, 1000=1.37%
    lat (msec) : 2=0.36%, 4=6.69%, 10=73.11%, 20=0.03%
  cpu          : usr=1.57%, sys=14.83%, ctx=159087, majf=0, minf=27
  IO depths    : 1=0.1%, 2=0.1%, 4=0.1%, 8=0.1%, 16=100.0%, 32=0.0%, >=64=0.0%
     submit    : 0=0.0%, 4=100.0%, 8=0.0%, 16=0.0%, 32=0.0%, 64=0.0%, >=64=0.0%
     complete  : 0=0.0%, 4=100.0%, 8=0.0%, 16=0.1%, 32=0.0%, 64=0.0%, >=64=0.0%
     issued    : total=r=130822/w=33018/d=0, short=r=0/w=0/d=0, drop=r=0/w=0/d=0
     latency   : target=0, window=0, percentile=100.00%, depth=16

Run status group 0 (all jobs):
   READ: io=8176.4MB, aggrb=193483KB/s, minb=193483KB/s, maxb=193483KB/s, mint=43273msec, maxt=43273msec
  WRITE: io=2063.7MB, aggrb=48833KB/s, minb=48833KB/s, maxb=48833KB/s, mint=43273msec, maxt=43273msec

Disk stats (read/write):
    dm-4: ios=130515/32936, merge=0/0, ticks=667374/17861, in_queue=685275, util=99.82%, aggrios=130822/33026, aggrmerge=0/0, aggrticks=668697/17845, aggrin_queue=686364, aggrutil=99.79%
  nvme0n1: ios=130822/33026, merge=0/0, ticks=668697/17845, in_queue=686364, util=99.79%
2017/03/28:14:14:45: -----------------------
2017/03/28:14:14:45: RUNNING size 10G with blocksize 4M: /mnt/slowdev/fio_scratch
2017/03/28:14:19:04: COMPLETED: Testing /mnt/slowdev/fio_scratch
2017/03/28:14:19:05: SUMMARY size 10G with blocksize 4M: /mnt/slowdev/fio_scratch
> READ: [bw] 33258 KB/s  -  [lat] 1615.20 ms  -  [iops] 8
> WRITE: [bw] 7381 KB/s  -  [lat] 1598.20 ms  -  [iops] 1
FIO output:
slow_10G_4M: (g=0): rw=randrw, bs=4M-4M/4M-4M/4M-4M, ioengine=libaio, iodepth=16
fio-2.2.8
Starting 1 process

slow_10G_4M: (groupid=0, jobs=1): err= 0: pid=7447: Tue Mar 28 14:19:04 2017
  read : io=8380.0MB, bw=33258KB/s, iops=8, runt=258016msec
    slat (usec): min=366, max=540, avg=425.58, stdev=18.24
    clat (msec): min=95, max=2687, avg=1614.78, stdev=481.45
     lat (msec): min=95, max=2687, avg=1615.20, stdev=481.45
    clat percentiles (msec):
     |  1.00th=[  247],  5.00th=[  570], 10.00th=[  848], 20.00th=[ 1303],
     | 30.00th=[ 1532], 40.00th=[ 1631], 50.00th=[ 1729], 60.00th=[ 1811],
     | 70.00th=[ 1909], 80.00th=[ 1991], 90.00th=[ 2114], 95.00th=[ 2180],
     | 99.00th=[ 2409], 99.50th=[ 2442], 99.90th=[ 2540], 99.95th=[ 2671],
     | 99.99th=[ 2704]
    bw (KB  /s): min= 7198, max=69423, per=100.00%, avg=33684.01, stdev=11798.85
  write: io=1860.0MB, bw=7381.9KB/s, iops=1, runt=258016msec
    slat (usec): min=414, max=750, avg=580.34, stdev=53.02
    clat (msec): min=98, max=2586, avg=1597.62, stdev=484.74
     lat (msec): min=98, max=2586, avg=1598.20, stdev=484.74
    clat percentiles (msec):
     |  1.00th=[  123],  5.00th=[  578], 10.00th=[  775], 20.00th=[ 1287],
     | 30.00th=[ 1500], 40.00th=[ 1631], 50.00th=[ 1696], 60.00th=[ 1811],
     | 70.00th=[ 1876], 80.00th=[ 1975], 90.00th=[ 2089], 95.00th=[ 2180],
     | 99.00th=[ 2343], 99.50th=[ 2376], 99.90th=[ 2573], 99.95th=[ 2573],
     | 99.99th=[ 2573]
    bw (KB  /s): min= 2775, max=34076, per=100.00%, avg=10594.83, stdev=5412.95
    lat (msec) : 100=0.12%, 250=1.09%, 500=2.85%, 750=4.53%, 1000=4.49%
    lat (msec) : 2000=68.48%, >=2000=18.44%
  cpu          : usr=0.04%, sys=0.51%, ctx=2563, majf=0, minf=31
  IO depths    : 1=0.1%, 2=0.1%, 4=0.2%, 8=0.3%, 16=99.4%, 32=0.0%, >=64=0.0%
     submit    : 0=0.0%, 4=100.0%, 8=0.0%, 16=0.0%, 32=0.0%, 64=0.0%, >=64=0.0%
     complete  : 0=0.0%, 4=100.0%, 8=0.0%, 16=0.1%, 32=0.0%, 64=0.0%, >=64=0.0%
     issued    : total=r=2095/w=465/d=0, short=r=0/w=0/d=0, drop=r=0/w=0/d=0
     latency   : target=0, window=0, percentile=100.00%, depth=16

Run status group 0 (all jobs):
   READ: io=8380.0MB, aggrb=33258KB/s, minb=33258KB/s, maxb=33258KB/s, mint=258016msec, maxt=258016msec
  WRITE: io=1860.0MB, aggrb=7381KB/s, minb=7381KB/s, maxb=7381KB/s, mint=258016msec, maxt=258016msec

Disk stats (read/write):
    dm-3: ios=16760/3728, merge=0/0, ticks=21045053/4520433, in_queue=25583179, util=100.00%, aggrios=16760/3738, aggrmerge=0/0, aggrticks=21059915/4523925, aggrin_queue=25583812, aggrutil=100.00%
  sdb: ios=16760/3738, merge=0/0, ticks=21059915/4523925, in_queue=25583812, util=100.00%
2017/03/28:14:19:05: -----------------------
2017/03/28:14:19:05: RUNNING size 10G with blocksize 4M: /mnt/fastdev/fio_scratch
2017/03/28:14:19:58: COMPLETED: Testing /mnt/fastdev/fio_scratch
2017/03/28:14:19:58: SUMMARY size 10G with blocksize 4M: /mnt/fastdev/fio_scratch
> READ: [bw] 163413 KB/s  -  [lat] 328.09 ms  -  [iops] 39
> WRITE: [bw] 36271 KB/s  -  [lat] 327.85 ms  -  [iops] 8
FIO output:
fast_10G_4M: (g=0): rw=randrw, bs=4M-4M/4M-4M/4M-4M, ioengine=libaio, iodepth=16
fio-2.2.8
Starting 1 process

fast_10G_4M: (groupid=0, jobs=1): err= 0: pid=7554: Tue Mar 28 14:19:58 2017
  read : io=8380.0MB, bw=163413KB/s, iops=39, runt= 52512msec
    slat (usec): min=423, max=616, avg=514.08, stdev=19.76
    clat (msec): min=19, max=606, avg=327.58, stdev=21.10
     lat (msec): min=20, max=607, avg=328.09, stdev=21.10
    clat percentiles (msec):
     |  1.00th=[  318],  5.00th=[  318], 10.00th=[  318], 20.00th=[  322],
     | 30.00th=[  322], 40.00th=[  326], 50.00th=[  326], 60.00th=[  330],
     | 70.00th=[  330], 80.00th=[  334], 90.00th=[  338], 95.00th=[  347],
     | 99.00th=[  355], 99.50th=[  359], 99.90th=[  570], 99.95th=[  586],
     | 99.99th=[  611]
    bw (KB  /s): min=74881, max=205590, per=99.58%, avg=162731.53, stdev=18042.87
  write: io=1860.0MB, bw=36271KB/s, iops=8, runt= 52512msec
    slat (usec): min=516, max=842, avg=686.09, stdev=52.61
    clat (msec): min=77, max=520, avg=327.16, stdev=18.27
     lat (msec): min=78, max=521, avg=327.85, stdev=18.27
    clat percentiles (msec):
     |  1.00th=[  318],  5.00th=[  318], 10.00th=[  318], 20.00th=[  322],
     | 30.00th=[  322], 40.00th=[  326], 50.00th=[  326], 60.00th=[  330],
     | 70.00th=[  330], 80.00th=[  334], 90.00th=[  338], 95.00th=[  343],
     | 99.00th=[  351], 99.50th=[  351], 99.90th=[  523], 99.95th=[  523],
     | 99.99th=[  523]
    bw (KB  /s): min= 8126, max=71441, per=100.00%, avg=36515.41, stdev=12698.74
    lat (msec) : 20=0.04%, 50=0.04%, 100=0.08%, 250=0.31%, 500=99.30%
    lat (msec) : 750=0.23%
  cpu          : usr=0.20%, sys=2.58%, ctx=2563, majf=0, minf=31
  IO depths    : 1=0.1%, 2=0.1%, 4=0.2%, 8=0.3%, 16=99.4%, 32=0.0%, >=64=0.0%
     submit    : 0=0.0%, 4=100.0%, 8=0.0%, 16=0.0%, 32=0.0%, 64=0.0%, >=64=0.0%
     complete  : 0=0.0%, 4=100.0%, 8=0.0%, 16=0.1%, 32=0.0%, 64=0.0%, >=64=0.0%
     issued    : total=r=2095/w=465/d=0, short=r=0/w=0/d=0, drop=r=0/w=0/d=0
     latency   : target=0, window=0, percentile=100.00%, depth=16

Run status group 0 (all jobs):
   READ: io=8380.0MB, aggrb=163412KB/s, minb=163412KB/s, maxb=163412KB/s, mint=52512msec, maxt=52512msec
  WRITE: io=1860.0MB, aggrb=36270KB/s, minb=36270KB/s, maxb=36270KB/s, mint=52512msec, maxt=52512msec

Disk stats (read/write):
    dm-4: ios=67040/14881, merge=0/0, ticks=21216908/4686874, in_queue=25940882, util=99.87%, aggrios=67040/14884, aggrmerge=0/0, aggrticks=21260045/4686875, aggrin_queue=25946912, aggrutil=99.84%
  nvme0n1: ios=67040/14884, merge=0/0, ticks=21260045/4686875, in_queue=25946912, util=99.84%
2017/03/28:14:19:59: -----------------------
2017/03/28:14:19:59: Completed: LVM Device TESTING
2017/03/28:14:19:59: Starting: LVM TEARDOWN
2017/03/28:14:20:00: Completed: LVM TEARDOWN
2017/03/28:14:20:00: END runLVM.sh**********************
2017/03/28:14:20:00: runLVM.sh - Closed logfile: ./RESULTS/runLVM.sh_20170328-113537.log
