2017/03/27:16:58:54: runLVM.sh - Created logfile: ./RESULTS/runLVM.sh_20170327-165854.log
2017/03/27:16:58:54: Key variable values:
2017/03/27:16:58:54: > slowDEV=/dev/sdb - fastDEV=/dev/nvme0n1
2017/03/27:16:58:54: > fastSZ=12G - fastLV=lv_fast - fastVG=vg_fast
2017/03/27:16:58:54: > slowSZ=100G - slowLV=lv_slow - slowVG=vg_slow
2017/03/27:16:58:54: > slowLVPATH=/dev/vg_slow/lv_slow - fastLVPATH=/dev/vg_fast/lv_fast
2017/03/27:16:58:54: > slowSCRATCH=/mnt/slowdev/fio_scratch - fastSCRATCH=/mnt/fastdev/fio_scratch
2017/03/27:16:58:54: ---------------------------------
2017/03/27:16:58:55: Checking if /dev/sdb is in use, if yes abort
2017/03/27:16:58:55: Preparing /dev/sdb device partitions
Welcome to fdisk (util-linux 2.23.2).

Changes will remain in memory only, until you decide to write them.
Be careful before using the write command.


Command (m for help): 
Command (m for help): Partition type:
   p   primary (0 primary, 0 extended, 4 free)
   e   extended
Select (default p): Partition number (1-4, default 1): First sector (2048-625142447, default 2048): Using default value 2048
Last sector, +sectors or +size{K,M,G} (2048-625142447, default 625142447): Using default value 625142447
Partition 1 of type Linux and of size 298.1 GiB is set

Command (m for help): The partition table has been altered!

Calling ioctl() to re-read partition table.
Syncing disks.
2017/03/27:16:58:55: Removing parition: dev=/dev/sdb - partition=1
2017/03/27:16:58:55: Checking if /dev/nvme0n1 is in use, if yes abort
2017/03/27:16:58:55: Preparing /dev/nvme0n1 device partitions
Welcome to fdisk (util-linux 2.23.2).

Changes will remain in memory only, until you decide to write them.
Be careful before using the write command.


Command (m for help): 
Command (m for help): Partition type:
   p   primary (0 primary, 0 extended, 4 free)
   e   extended
Select (default p): Partition number (1-4, default 1): First sector (2048-250069679, default 2048): Using default value 2048
Last sector, +sectors or +size{K,M,G} (2048-250069679, default 250069679): Using default value 250069679
Partition 1 of type Linux and of size 119.2 GiB is set

Command (m for help): The partition table has been altered!

Calling ioctl() to re-read partition table.
Syncing disks.
2017/03/27:16:58:55: Removing parition: dev=/dev/nvme0n1 - partition=1
2017/03/27:16:58:55: Device checks complete - continuing...
2017/03/27:16:58:55: Starting: LVM SETUP
  LV      VG         Attr       LSize   Pool Origin Data%  Meta%  Move Log Cpy%Sync Convert Devices         
  home    rhel_ml110 -wi-ao----  90.17g                                                     /dev/sda2(2016) 
  root    rhel_ml110 -wi-ao----  50.00g                                                     /dev/sda2(25099)
  swap    rhel_ml110 -wi-ao----   7.88g                                                     /dev/sda2(0)    
  lv_fast vg_fast    -wi-ao----  12.00g                                                     /dev/nvme0n1(0) 
  lv_slow vg_slow    -wi-a----- 100.00g                                                     /dev/sdb(0)     
Filesystem                  1K-blocks    Used Available Use% Mounted on
/dev/mapper/rhel_ml110-root  52403200 4642492  47760708   9% /
devtmpfs                      3985584       0   3985584   0% /dev
tmpfs                         4001112      84   4001028   1% /dev/shm
tmpfs                         4001112    9056   3992056   1% /run
tmpfs                         4001112       0   4001112   0% /sys/fs/cgroup
/dev/sda1                     1038336  231872    806464  23% /boot
/dev/mapper/rhel_ml110-home  94501804   50132  94451672   1% /home
tmpfs                          800224      16    800208   1% /run/user/42
tmpfs                          800224       0    800224   0% /run/user/0
/dev/mapper/vg_slow-lv_slow 104806400   33040 104773360   1% /mnt/slowdev
/dev/mapper/vg_fast-lv_fast  12572672   33040  12539632   1% /mnt/fastdev
2017/03/27:16:58:57: Completed: LVM SETUP
2017/03/27:16:58:57: BEGIN: Write the scratch files
2017/03/27:17:01:56: /mnt/slowdev/fio_scratch is 11534336 KB
2017/03/27:17:03:13: /mnt/fastdev/fio_scratch is 11534336 KB
2017/03/27:17:03:13: COMPLETED: Write the scratch files
2017/03/27:17:03:13: Starting: LVM Device TESTING
2017/03/27:17:03:13: RUNNING size 1G with blocksize 64k: /mnt/slowdev/fio_scratch
slow_1G_64k: (g=0): rw=randrw, bs=64K-64K/64K-64K/64K-64K, ioengine=libaio, iodepth=16
fio-2.2.8
Starting 1 process

slow_1G_64k: (groupid=0, jobs=1): err= 0: pid=5129: Mon Mar 27 17:04:06 2017
  read : io=836864KB, bw=16116KB/s, iops=251, runt= 51927msec
    slat (usec): min=6, max=111, avg=20.02, stdev= 6.49
    clat (msec): min=1, max=729, avg=51.28, stdev=53.65
     lat (msec): min=1, max=729, avg=51.30, stdev=53.65
    clat percentiles (msec):
     |  1.00th=[    3],  5.00th=[    3], 10.00th=[    4], 20.00th=[    9],
     | 30.00th=[   16], 40.00th=[   25], 50.00th=[   37], 60.00th=[   50],
     | 70.00th=[   67], 80.00th=[   86], 90.00th=[  116], 95.00th=[  147],
     | 99.00th=[  233], 99.50th=[  273], 99.90th=[  490], 99.95th=[  578],
     | 99.99th=[  676]
    bw (KB  /s): min= 5598, max=22784, per=100.00%, avg=16210.55, stdev=2807.79
  write: io=211712KB, bw=4077.2KB/s, iops=63, runt= 51927msec
    slat (usec): min=9, max=103, avg=24.45, stdev= 6.79
    clat (msec): min=2, max=653, avg=48.29, stdev=53.97
     lat (msec): min=2, max=653, avg=48.32, stdev=53.97
    clat percentiles (msec):
     |  1.00th=[    3],  5.00th=[    3], 10.00th=[    4], 20.00th=[    7],
     | 30.00th=[   14], 40.00th=[   22], 50.00th=[   32], 60.00th=[   46],
     | 70.00th=[   63], 80.00th=[   82], 90.00th=[  111], 95.00th=[  141],
     | 99.00th=[  227], 99.50th=[  293], 99.90th=[  619], 99.95th=[  635],
     | 99.99th=[  652]
    bw (KB  /s): min= 1688, max= 6898, per=100.00%, avg=4099.80, stdev=986.72
    lat (msec) : 2=0.21%, 4=13.35%, 10=9.03%, 20=13.04%, 50=25.05%
    lat (msec) : 100=25.27%, 250=13.26%, 500=0.66%, 750=0.11%
  cpu          : usr=0.12%, sys=3.00%, ctx=14280, majf=0, minf=51
  IO depths    : 1=0.1%, 2=0.1%, 4=0.1%, 8=0.1%, 16=99.9%, 32=0.0%, >=64=0.0%
     submit    : 0=0.0%, 4=100.0%, 8=0.0%, 16=0.0%, 32=0.0%, 64=0.0%, >=64=0.0%
     complete  : 0=0.0%, 4=100.0%, 8=0.0%, 16=0.1%, 32=0.0%, 64=0.0%, >=64=0.0%
     issued    : total=r=13076/w=3308/d=0, short=r=0/w=0/d=0, drop=r=0/w=0/d=0
     latency   : target=0, window=0, percentile=100.00%, depth=16

Run status group 0 (all jobs):
   READ: io=836864KB, aggrb=16116KB/s, minb=16116KB/s, maxb=16116KB/s, mint=51927msec, maxt=51927msec
  WRITE: io=211712KB, aggrb=4077KB/s, minb=4077KB/s, maxb=4077KB/s, mint=51927msec, maxt=51927msec

Disk stats (read/write):
    dm-3: ios=13006/3297, merge=0/0, ticks=665702/159336, in_queue=825661, util=99.91%, aggrios=11151/3134, aggrmerge=1810/177, aggrticks=595750/153994, aggrin_queue=751604, aggrutil=99.88%
  sdb: ios=11151/3134, merge=1810/177, ticks=595750/153994, in_queue=751604, util=99.88%
2017/03/27:17:04:06: /mnt/slowdev/fio_scratch complete.
2017/03/27:17:04:06: -----------------------
2017/03/27:17:04:06: RUNNING size 1G with blocksize 64k: /mnt/fastdev/fio_scratch
fast_1G_64k: (g=0): rw=randrw, bs=64K-64K/64K-64K/64K-64K, ioengine=libaio, iodepth=16
fio-2.2.8
Starting 1 process

fast_1G_64k: (groupid=0, jobs=1): err= 0: pid=5154: Mon Mar 27 17:04:12 2017
  read : io=836864KB, bw=196585KB/s, iops=3071, runt=  4257msec
    slat (usec): min=7, max=148, avg=21.88, stdev= 6.09
    clat (usec): min=723, max=10851, avg=5033.25, stdev=749.72
     lat (usec): min=776, max=10866, avg=5055.58, stdev=749.61
    clat percentiles (usec):
     |  1.00th=[ 3184],  5.00th=[ 3792], 10.00th=[ 4192], 20.00th=[ 4576],
     | 30.00th=[ 4768], 40.00th=[ 4960], 50.00th=[ 5024], 60.00th=[ 5088],
     | 70.00th=[ 5216], 80.00th=[ 5408], 90.00th=[ 5920], 95.00th=[ 6368],
     | 99.00th=[ 7200], 99.50th=[ 7776], 99.90th=[ 9792], 99.95th=[10432],
     | 99.99th=[10816]
    bw (KB  /s): min=193792, max=198016, per=100.00%, avg=196672.00, stdev=1324.93
  write: io=211712KB, bw=49733KB/s, iops=777, runt=  4257msec
    slat (usec): min=10, max=115, avg=28.75, stdev= 6.49
    clat (usec): min=432, max=1515, avg=544.68, stdev=114.64
     lat (usec): min=458, max=1540, avg=573.91, stdev=114.44
    clat percentiles (usec):
     |  1.00th=[  462],  5.00th=[  466], 10.00th=[  466], 20.00th=[  474],
     | 30.00th=[  494], 40.00th=[  502], 50.00th=[  510], 60.00th=[  516],
     | 70.00th=[  532], 80.00th=[  564], 90.00th=[  724], 95.00th=[  788],
     | 99.00th=[ 1032], 99.50th=[ 1128], 99.90th=[ 1240], 99.95th=[ 1448],
     | 99.99th=[ 1512]
    bw (KB  /s): min=45568, max=52224, per=99.64%, avg=49552.00, stdev=2542.97
    lat (usec) : 500=7.42%, 750=11.02%, 1000=1.50%
    lat (msec) : 2=0.29%, 4=5.67%, 10=74.03%, 20=0.07%
  cpu          : usr=0.70%, sys=16.47%, ctx=15845, majf=0, minf=32
  IO depths    : 1=0.1%, 2=0.1%, 4=0.1%, 8=0.1%, 16=99.9%, 32=0.0%, >=64=0.0%
     submit    : 0=0.0%, 4=100.0%, 8=0.0%, 16=0.0%, 32=0.0%, 64=0.0%, >=64=0.0%
     complete  : 0=0.0%, 4=100.0%, 8=0.0%, 16=0.1%, 32=0.0%, 64=0.0%, >=64=0.0%
     issued    : total=r=13076/w=3308/d=0, short=r=0/w=0/d=0, drop=r=0/w=0/d=0
     latency   : target=0, window=0, percentile=100.00%, depth=16

Run status group 0 (all jobs):
   READ: io=836864KB, aggrb=196585KB/s, minb=196585KB/s, maxb=196585KB/s, mint=4257msec, maxt=4257msec
  WRITE: io=211712KB, aggrb=49732KB/s, minb=49732KB/s, maxb=49732KB/s, mint=4257msec, maxt=4257msec

Disk stats (read/write):
    dm-4: ios=12704/3198, merge=0/0, ticks=63762/1713, in_queue=65506, util=97.66%, aggrios=13076/3310, aggrmerge=0/0, aggrticks=65651/1780, aggrin_queue=67427, aggrutil=97.31%
  nvme0n1: ios=13076/3310, merge=0/0, ticks=65651/1780, in_queue=67427, util=97.31%
2017/03/27:17:04:12: /mnt/fastdev/fio_scratch complete.
2017/03/27:17:04:12: -----------------------
2017/03/27:17:04:12: RUNNING size 1G with blocksize 4M: /mnt/slowdev/fio_scratch
slow_1G_4M: (g=0): rw=randrw, bs=4M-4M/4M-4M/4M-4M, ioengine=libaio, iodepth=16
fio-2.2.8
Starting 1 process

slow_1G_4M: (groupid=0, jobs=1): err= 0: pid=5172: Mon Mar 27 17:04:40 2017
  read : io=860160KB, bw=31669KB/s, iops=7, runt= 27161msec
    slat (usec): min=320, max=576, avg=422.37, stdev=29.04
    clat (msec): min=128, max=3274, avg=1681.24, stdev=498.07
     lat (msec): min=129, max=3274, avg=1681.66, stdev=498.06
    clat percentiles (msec):
     |  1.00th=[  273],  5.00th=[  457], 10.00th=[  922], 20.00th=[ 1434],
     | 30.00th=[ 1582], 40.00th=[ 1680], 50.00th=[ 1745], 60.00th=[ 1844],
     | 70.00th=[ 1942], 80.00th=[ 2040], 90.00th=[ 2212], 95.00th=[ 2311],
     | 99.00th=[ 2442], 99.50th=[ 2474], 99.90th=[ 3261], 99.95th=[ 3261],
     | 99.99th=[ 3261]
    bw (KB  /s): min= 6522, max=65274, per=100.00%, avg=31904.47, stdev=14151.69
  write: io=188416KB, bw=6937.5KB/s, iops=1, runt= 27161msec
    slat (usec): min=449, max=759, avg=584.59, stdev=60.82
    clat (msec): min=240, max=2850, avg=1738.94, stdev=577.04
     lat (msec): min=241, max=2850, avg=1739.53, stdev=577.02
    clat percentiles (msec):
     |  1.00th=[  241],  5.00th=[  553], 10.00th=[  742], 20.00th=[ 1385],
     | 30.00th=[ 1647], 40.00th=[ 1713], 50.00th=[ 1795], 60.00th=[ 1958],
     | 70.00th=[ 2040], 80.00th=[ 2180], 90.00th=[ 2311], 95.00th=[ 2507],
     | 99.00th=[ 2835], 99.50th=[ 2835], 99.90th=[ 2835], 99.95th=[ 2835],
     | 99.99th=[ 2835]
    bw (KB  /s): min= 4740, max=24576, per=100.00%, avg=10923.81, stdev=6212.22
    lat (msec) : 250=1.17%, 500=3.91%, 750=3.91%, 1000=1.95%, 2000=64.06%
    lat (msec) : >=2000=25.00%
  cpu          : usr=0.05%, sys=0.47%, ctx=257, majf=0, minf=30
  IO depths    : 1=0.4%, 2=0.8%, 4=1.6%, 8=3.1%, 16=94.1%, 32=0.0%, >=64=0.0%
     submit    : 0=0.0%, 4=100.0%, 8=0.0%, 16=0.0%, 32=0.0%, 64=0.0%, >=64=0.0%
     complete  : 0=0.0%, 4=99.6%, 8=0.0%, 16=0.4%, 32=0.0%, 64=0.0%, >=64=0.0%
     issued    : total=r=210/w=46/d=0, short=r=0/w=0/d=0, drop=r=0/w=0/d=0
     latency   : target=0, window=0, percentile=100.00%, depth=16

Run status group 0 (all jobs):
   READ: io=860160KB, aggrb=31668KB/s, minb=31668KB/s, maxb=31668KB/s, mint=27161msec, maxt=27161msec
  WRITE: io=188416KB, aggrb=6937KB/s, minb=6937KB/s, maxb=6937KB/s, mint=27161msec, maxt=27161msec

Disk stats (read/write):
    dm-3: ios=1680/369, merge=0/0, ticks=2095603/440952, in_queue=2539509, util=99.66%, aggrios=1680/372, aggrmerge=0/0, aggrticks=2096968/442587, aggrin_queue=2539552, aggrutil=99.60%
  sdb: ios=1680/372, merge=0/0, ticks=2096968/442587, in_queue=2539552, util=99.60%
2017/03/27:17:04:40: /mnt/slowdev/fio_scratch complete.
2017/03/27:17:04:40: -----------------------
2017/03/27:17:04:40: RUNNING size 1G with blocksize 4M: /mnt/fastdev/fio_scratch
fast_1G_4M: (g=0): rw=randrw, bs=4M-4M/4M-4M/4M-4M, ioengine=libaio, iodepth=16
fio-2.2.8
Starting 1 process

fast_1G_4M: (groupid=0, jobs=1): err= 0: pid=5189: Mon Mar 27 17:04:47 2017
  read : io=860160KB, bw=162509KB/s, iops=39, runt=  5293msec
    slat (usec): min=407, max=572, avg=512.57, stdev=21.98
    clat (msec): min=19, max=618, avg=327.97, stdev=62.47
     lat (msec): min=20, max=618, avg=328.48, stdev=62.47
    clat percentiles (msec):
     |  1.00th=[   60],  5.00th=[  260], 10.00th=[  318], 20.00th=[  322],
     | 30.00th=[  326], 40.00th=[  326], 50.00th=[  326], 60.00th=[  330],
     | 70.00th=[  334], 80.00th=[  343], 90.00th=[  347], 95.00th=[  355],
     | 99.00th=[  562], 99.50th=[  603], 99.90th=[  619], 99.95th=[  619],
     | 99.99th=[  619]
    bw (KB  /s): min=96845, max=179149, per=96.36%, avg=156593.90, stdev=25229.52
  write: io=188416KB, bw=35597KB/s, iops=8, runt=  5293msec
    slat (usec): min=594, max=782, avg=700.72, stdev=50.38
    clat (msec): min=78, max=578, avg=332.37, stdev=64.02
     lat (msec): min=78, max=579, avg=333.07, stdev=64.01
    clat percentiles (msec):
     |  1.00th=[   79],  5.00th=[  318], 10.00th=[  318], 20.00th=[  322],
     | 30.00th=[  322], 40.00th=[  326], 50.00th=[  326], 60.00th=[  330],
     | 70.00th=[  334], 80.00th=[  338], 90.00th=[  347], 95.00th=[  437],
     | 99.00th=[  578], 99.50th=[  578], 99.90th=[  578], 99.95th=[  578],
     | 99.99th=[  578]
    bw (KB  /s): min=22787, max=55782, per=94.84%, avg=33761.70, stdev=11401.95
    lat (msec) : 20=0.39%, 50=0.39%, 100=0.78%, 250=3.12%, 500=92.97%
    lat (msec) : 750=2.34%
  cpu          : usr=0.21%, sys=2.55%, ctx=257, majf=0, minf=31
  IO depths    : 1=0.4%, 2=0.8%, 4=1.6%, 8=3.1%, 16=94.1%, 32=0.0%, >=64=0.0%
     submit    : 0=0.0%, 4=100.0%, 8=0.0%, 16=0.0%, 32=0.0%, 64=0.0%, >=64=0.0%
     complete  : 0=0.0%, 4=99.6%, 8=0.0%, 16=0.4%, 32=0.0%, 64=0.0%, >=64=0.0%
     issued    : total=r=210/w=46/d=0, short=r=0/w=0/d=0, drop=r=0/w=0/d=0
     latency   : target=0, window=0, percentile=100.00%, depth=16

Run status group 0 (all jobs):
   READ: io=860160KB, aggrb=162508KB/s, minb=162508KB/s, maxb=162508KB/s, mint=5293msec, maxt=5293msec
  WRITE: io=188416KB, aggrb=35597KB/s, minb=35597KB/s, maxb=35597KB/s, mint=5293msec, maxt=5293msec

Disk stats (read/write):
    dm-4: ios=6720/1472, merge=0/0, ticks=2013113/437185, in_queue=2514066, util=97.74%, aggrios=6720/1474, aggrmerge=0/0, aggrticks=2086203/455454, aggrin_queue=2541657, aggrutil=97.37%
  nvme0n1: ios=6720/1474, merge=0/0, ticks=2086203/455454, in_queue=2541657, util=97.37%
2017/03/27:17:04:47: /mnt/fastdev/fio_scratch complete.
2017/03/27:17:04:47: -----------------------
2017/03/27:17:04:47: RUNNING size 10G with blocksize 64k: /mnt/slowdev/fio_scratch
slow_10G_64k: (g=0): rw=randrw, bs=64K-64K/64K-64K/64K-64K, ioengine=libaio, iodepth=16
fio-2.2.8
Starting 1 process

slow_10G_64k: (groupid=0, jobs=1): err= 0: pid=5214: Mon Mar 27 17:15:23 2017
  read : io=8176.4MB, bw=13198KB/s, iops=206, runt=634395msec
    slat (usec): min=6, max=134, avg=20.66, stdev= 6.10
    clat (msec): min=1, max=913, avg=62.65, stdev=50.61
     lat (msec): min=1, max=913, avg=62.67, stdev=50.61
    clat percentiles (msec):
     |  1.00th=[    3],  5.00th=[    4], 10.00th=[    9], 20.00th=[   22],
     | 30.00th=[   35], 40.00th=[   46], 50.00th=[   59], 60.00th=[   71],
     | 70.00th=[   83], 80.00th=[   97], 90.00th=[  118], 95.00th=[  133],
     | 99.00th=[  167], 99.50th=[  200], 99.90th=[  725], 99.95th=[  766],
     | 99.99th=[  832]
    bw (KB  /s): min= 1420, max=18625, per=100.00%, avg=13311.82, stdev=2162.78
  write: io=2063.7MB, bw=3330.1KB/s, iops=52, runt=634395msec
    slat (usec): min=10, max=118, avg=24.86, stdev= 6.20
    clat (msec): min=2, max=951, avg=59.05, stdev=50.75
     lat (msec): min=2, max=951, avg=59.08, stdev=50.75
    clat percentiles (msec):
     |  1.00th=[    3],  5.00th=[    4], 10.00th=[    7], 20.00th=[   19],
     | 30.00th=[   31], 40.00th=[   43], 50.00th=[   55], 60.00th=[   67],
     | 70.00th=[   79], 80.00th=[   93], 90.00th=[  112], 95.00th=[  128],
     | 99.00th=[  165], 99.50th=[  198], 99.90th=[  725], 99.95th=[  766],
     | 99.99th=[  848]
    bw (KB  /s): min=   87, max= 5876, per=100.00%, avg=3360.17, stdev=818.85
    lat (msec) : 2=0.06%, 4=6.47%, 10=4.65%, 20=7.90%, 50=24.96%
    lat (msec) : 100=38.15%, 250=17.52%, 500=0.08%, 750=0.14%, 1000=0.07%
  cpu          : usr=0.10%, sys=2.56%, ctx=149149, majf=0, minf=28
  IO depths    : 1=0.1%, 2=0.1%, 4=0.1%, 8=0.1%, 16=100.0%, 32=0.0%, >=64=0.0%
     submit    : 0=0.0%, 4=100.0%, 8=0.0%, 16=0.0%, 32=0.0%, 64=0.0%, >=64=0.0%
     complete  : 0=0.0%, 4=100.0%, 8=0.0%, 16=0.1%, 32=0.0%, 64=0.0%, >=64=0.0%
     issued    : total=r=130822/w=33018/d=0, short=r=0/w=0/d=0, drop=r=0/w=0/d=0
     latency   : target=0, window=0, percentile=100.00%, depth=16

Run status group 0 (all jobs):
   READ: io=8176.4MB, aggrb=13197KB/s, minb=13197KB/s, maxb=13197KB/s, mint=634395msec, maxt=634395msec
  WRITE: io=2063.7MB, aggrb=3330KB/s, minb=3330KB/s, maxb=3330KB/s, mint=634395msec, maxt=634395msec

Disk stats (read/write):
    dm-3: ios=130812/33043, merge=0/0, ticks=8179719/1964122, in_queue=10144409, util=100.00%, aggrios=117639/31558, aggrmerge=13183/1518, aggrticks=7525324/1899616, aggrin_queue=9424759, aggrutil=100.00%
  sdb: ios=117639/31558, merge=13183/1518, ticks=7525324/1899616, in_queue=9424759, util=100.00%
2017/03/27:17:15:24: /mnt/slowdev/fio_scratch complete.
2017/03/27:17:15:24: -----------------------
2017/03/27:17:15:24: RUNNING size 10G with blocksize 64k: /mnt/fastdev/fio_scratch
fast_10G_64k: (g=0): rw=randrw, bs=64K-64K/64K-64K/64K-64K, ioengine=libaio, iodepth=16
fio-2.2.8
Starting 1 process

fast_10G_64k: (groupid=0, jobs=1): err= 0: pid=5340: Mon Mar 27 17:16:07 2017
  read : io=8176.4MB, bw=199671KB/s, iops=3119, runt= 41932msec
    slat (usec): min=7, max=156, avg=22.24, stdev= 5.63
    clat (usec): min=617, max=14702, avg=4950.97, stdev=752.12
     lat (usec): min=638, max=14727, avg=4973.67, stdev=752.04
    clat percentiles (usec):
     |  1.00th=[ 3056],  5.00th=[ 3696], 10.00th=[ 4048], 20.00th=[ 4448],
     | 30.00th=[ 4704], 40.00th=[ 4896], 50.00th=[ 4960], 60.00th=[ 5024],
     | 70.00th=[ 5152], 80.00th=[ 5408], 90.00th=[ 5856], 95.00th=[ 6240],
     | 99.00th=[ 7008], 99.50th=[ 7392], 99.90th=[ 8896], 99.95th=[ 9536],
     | 99.99th=[11200]
    bw (KB  /s): min=196864, max=201216, per=100.00%, avg=199733.98, stdev=874.13
  write: io=2063.7MB, bw=50395KB/s, iops=787, runt= 41932msec
    slat (usec): min=10, max=165, avg=29.00, stdev= 6.16
    clat (usec): min=346, max=7968, avg=556.19, stdev=169.73
     lat (usec): min=370, max=8012, avg=585.67, stdev=169.56
    clat percentiles (usec):
     |  1.00th=[  462],  5.00th=[  466], 10.00th=[  470], 20.00th=[  482],
     | 30.00th=[  498], 40.00th=[  506], 50.00th=[  516], 60.00th=[  524],
     | 70.00th=[  532], 80.00th=[  564], 90.00th=[  748], 95.00th=[  812],
     | 99.00th=[ 1144], 99.50th=[ 1208], 99.90th=[ 1672], 99.95th=[ 2024],
     | 99.99th=[ 7520]
    bw (KB  /s): min=43008, max=56832, per=99.94%, avg=50362.60, stdev=2889.49
    lat (usec) : 500=6.25%, 750=11.92%, 1000=1.55%
    lat (msec) : 2=0.44%, 4=7.23%, 10=72.59%, 20=0.03%
  cpu          : usr=0.95%, sys=16.73%, ctx=156859, majf=0, minf=27
  IO depths    : 1=0.1%, 2=0.1%, 4=0.1%, 8=0.1%, 16=100.0%, 32=0.0%, >=64=0.0%
     submit    : 0=0.0%, 4=100.0%, 8=0.0%, 16=0.0%, 32=0.0%, 64=0.0%, >=64=0.0%
     complete  : 0=0.0%, 4=100.0%, 8=0.0%, 16=0.1%, 32=0.0%, 64=0.0%, >=64=0.0%
     issued    : total=r=130822/w=33018/d=0, short=r=0/w=0/d=0, drop=r=0/w=0/d=0
     latency   : target=0, window=0, percentile=100.00%, depth=16

Run status group 0 (all jobs):
   READ: io=8176.4MB, aggrb=199671KB/s, minb=199671KB/s, maxb=199671KB/s, mint=41932msec, maxt=41932msec
  WRITE: io=2063.7MB, aggrb=50394KB/s, minb=50394KB/s, maxb=50394KB/s, mint=41932msec, maxt=41932msec

Disk stats (read/write):
    dm-4: ios=130711/32992, merge=0/0, ticks=646258/18138, in_queue=664433, util=99.81%, aggrios=130822/33026, aggrmerge=0/0, aggrticks=646557/18087, aggrin_queue=664492, aggrutil=99.77%
  nvme0n1: ios=130822/33026, merge=0/0, ticks=646557/18087, in_queue=664492, util=99.77%
2017/03/27:17:16:07: /mnt/fastdev/fio_scratch complete.
2017/03/27:17:16:07: -----------------------
2017/03/27:17:16:07: RUNNING size 10G with blocksize 4M: /mnt/slowdev/fio_scratch
slow_10G_4M: (g=0): rw=randrw, bs=4M-4M/4M-4M/4M-4M, ioengine=libaio, iodepth=16
fio-2.2.8
Starting 1 process

slow_10G_4M: (groupid=0, jobs=1): err= 0: pid=5365: Mon Mar 27 17:20:27 2017
  read : io=8380.0MB, bw=33162KB/s, iops=8, runt=258763msec
    slat (usec): min=358, max=530, avg=424.64, stdev=19.75
    clat (msec): min=93, max=2927, avg=1617.32, stdev=485.32
     lat (msec): min=93, max=2927, avg=1617.74, stdev=485.32
    clat percentiles (msec):
     |  1.00th=[  208],  5.00th=[  529], 10.00th=[  857], 20.00th=[ 1336],
     | 30.00th=[ 1516], 40.00th=[ 1647], 50.00th=[ 1729], 60.00th=[ 1811],
     | 70.00th=[ 1893], 80.00th=[ 1975], 90.00th=[ 2114], 95.00th=[ 2212],
     | 99.00th=[ 2442], 99.50th=[ 2507], 99.90th=[ 2671], 99.95th=[ 2769],
     | 99.99th=[ 2933]
    bw (KB  /s): min= 5326, max=72853, per=100.00%, avg=33590.34, stdev=12229.96
  write: io=1860.0MB, bw=7360.6KB/s, iops=1, runt=258763msec
    slat (usec): min=424, max=790, avg=578.72, stdev=53.27
    clat (msec): min=112, max=2526, avg=1611.76, stdev=474.67
     lat (msec): min=112, max=2527, avg=1612.34, stdev=474.66
    clat percentiles (msec):
     |  1.00th=[  129],  5.00th=[  594], 10.00th=[  873], 20.00th=[ 1303],
     | 30.00th=[ 1532], 40.00th=[ 1631], 50.00th=[ 1729], 60.00th=[ 1795],
     | 70.00th=[ 1893], 80.00th=[ 1958], 90.00th=[ 2114], 95.00th=[ 2212],
     | 99.00th=[ 2343], 99.50th=[ 2409], 99.90th=[ 2540], 99.95th=[ 2540],
     | 99.99th=[ 2540]
    bw (KB  /s): min= 4476, max=37304, per=100.00%, avg=10906.55, stdev=5813.50
    lat (msec) : 100=0.08%, 250=1.45%, 500=2.97%, 750=3.83%, 1000=4.30%
    lat (msec) : 2000=69.84%, >=2000=17.54%
  cpu          : usr=0.05%, sys=0.50%, ctx=2568, majf=0, minf=31
  IO depths    : 1=0.1%, 2=0.1%, 4=0.2%, 8=0.3%, 16=99.4%, 32=0.0%, >=64=0.0%
     submit    : 0=0.0%, 4=100.0%, 8=0.0%, 16=0.0%, 32=0.0%, 64=0.0%, >=64=0.0%
     complete  : 0=0.0%, 4=100.0%, 8=0.0%, 16=0.1%, 32=0.0%, 64=0.0%, >=64=0.0%
     issued    : total=r=2095/w=465/d=0, short=r=0/w=0/d=0, drop=r=0/w=0/d=0
     latency   : target=0, window=0, percentile=100.00%, depth=16

Run status group 0 (all jobs):
   READ: io=8380.0MB, aggrb=33162KB/s, minb=33162KB/s, maxb=33162KB/s, mint=258763msec, maxt=258763msec
  WRITE: io=1860.0MB, aggrb=7360KB/s, minb=7360KB/s, maxb=7360KB/s, mint=258763msec, maxt=258763msec

Disk stats (read/write):
    dm-3: ios=16760/3729, merge=0/0, ticks=21038213/4566425, in_queue=25619327, util=100.00%, aggrios=16760/3740, aggrmerge=0/0, aggrticks=21053601/4566437, aggrin_queue=25620016, aggrutil=100.00%
  sdb: ios=16760/3740, merge=0/0, ticks=21053601/4566437, in_queue=25620016, util=100.00%
2017/03/27:17:20:27: /mnt/slowdev/fio_scratch complete.
2017/03/27:17:20:27: -----------------------
2017/03/27:17:20:27: RUNNING size 10G with blocksize 4M: /mnt/fastdev/fio_scratch
fast_10G_4M: (g=0): rw=randrw, bs=4M-4M/4M-4M/4M-4M, ioengine=libaio, iodepth=16
fio-2.2.8
Starting 1 process

fast_10G_4M: (groupid=0, jobs=1): err= 0: pid=5429: Mon Mar 27 17:21:21 2017
  read : io=8380.0MB, bw=161789KB/s, iops=39, runt= 53039msec
    slat (usec): min=371, max=665, avg=514.41, stdev=26.43
    clat (msec): min=19, max=616, avg=330.93, stdev=21.44
     lat (msec): min=20, max=617, avg=331.44, stdev=21.44
    clat percentiles (msec):
     |  1.00th=[  318],  5.00th=[  318], 10.00th=[  322], 20.00th=[  326],
     | 30.00th=[  326], 40.00th=[  330], 50.00th=[  330], 60.00th=[  330],
     | 70.00th=[  334], 80.00th=[  338], 90.00th=[  343], 95.00th=[  347],
     | 99.00th=[  355], 99.50th=[  367], 99.90th=[  578], 99.95th=[  594],
     | 99.99th=[  619]
    bw (KB  /s): min=121663, max=197302, per=100.00%, avg=161843.39, stdev=16079.90
  write: io=1860.0MB, bw=35910KB/s, iops=8, runt= 53039msec
    slat (usec): min=478, max=879, avg=682.54, stdev=59.49
    clat (msec): min=78, max=530, avg=330.19, stdev=18.60
     lat (msec): min=79, max=531, avg=330.88, stdev=18.61
    clat percentiles (msec):
     |  1.00th=[  318],  5.00th=[  318], 10.00th=[  322], 20.00th=[  326],
     | 30.00th=[  326], 40.00th=[  330], 50.00th=[  330], 60.00th=[  330],
     | 70.00th=[  334], 80.00th=[  338], 90.00th=[  343], 95.00th=[  343],
     | 99.00th=[  351], 99.50th=[  355], 99.90th=[  529], 99.95th=[  529],
     | 99.99th=[  529]
    bw (KB  /s): min= 7892, max=65274, per=100.00%, avg=36017.26, stdev=12876.79
    lat (msec) : 20=0.04%, 50=0.04%, 100=0.12%, 250=0.27%, 500=99.30%
    lat (msec) : 750=0.23%
  cpu          : usr=0.21%, sys=2.54%, ctx=2561, majf=0, minf=31
  IO depths    : 1=0.1%, 2=0.1%, 4=0.2%, 8=0.3%, 16=99.4%, 32=0.0%, >=64=0.0%
     submit    : 0=0.0%, 4=100.0%, 8=0.0%, 16=0.0%, 32=0.0%, 64=0.0%, >=64=0.0%
     complete  : 0=0.0%, 4=100.0%, 8=0.0%, 16=0.1%, 32=0.0%, 64=0.0%, >=64=0.0%
     issued    : total=r=2095/w=465/d=0, short=r=0/w=0/d=0, drop=r=0/w=0/d=0
     latency   : target=0, window=0, percentile=100.00%, depth=16

Run status group 0 (all jobs):
   READ: io=8380.0MB, aggrb=161788KB/s, minb=161788KB/s, maxb=161788KB/s, mint=53039msec, maxt=53039msec
  WRITE: io=1860.0MB, aggrb=35910KB/s, minb=35910KB/s, maxb=35910KB/s, mint=53039msec, maxt=53039msec

Disk stats (read/write):
    dm-4: ios=67040/14883, merge=0/0, ticks=21420621/4726643, in_queue=26199482, util=99.87%, aggrios=67040/14888, aggrmerge=0/0, aggrticks=21481437/4732010, aggrin_queue=26213439, aggrutil=99.83%
  nvme0n1: ios=67040/14888, merge=0/0, ticks=21481437/4732010, in_queue=26213439, util=99.83%
2017/03/27:17:21:22: /mnt/fastdev/fio_scratch complete.
2017/03/27:17:21:22: -----------------------
2017/03/27:17:21:22: Completed: LVM Device TESTING
2017/03/27:17:21:22: Starting: LVM TEARDOWN
2017/03/27:17:21:23: Completed: LVM TEARDOWN
2017/03/27:17:21:23: END runLVM.sh**********************
2017/03/27:17:21:23: runLVM.sh - Closed logfile: ./RESULTS/runLVM.sh_20170327-165854.log
