2017/03/16:17:06:32: runLVM.sh - Created logfile: ./RESULTS/runLVM.sh_20170316-170632.log
2017/03/16:17:06:32: Key variable values:
2017/03/16:17:06:32: > slowDEV=/dev/sdb - fastDEV=/dev/nvme0n1
2017/03/16:17:06:32: > fastSZ=20G - fastLV=lv_fast - fastVG=vg_fast
2017/03/16:17:06:32: > slowSZ=100G - slowLV=lv_slow - slowVG=vg_slow
2017/03/16:17:06:32: > slowLVPATH=/dev/vg_slow/lv_slow - fastLVPATH=/dev/vg_fast/lv_fast
2017/03/16:17:06:32: ---------------------------------
2017/03/16:17:06:32: Checking if /dev/sdb is in use, if yes abort
2017/03/16:17:06:32: Preparing /dev/sdb device partitions
Welcome to fdisk (util-linux 2.23.2).

Changes will remain in memory only, until you decide to write them.
Be careful before using the write command.


Command (m for help): 
Command (m for help): Partition type:
   p   primary (0 primary, 0 extended, 4 free)
   e   extended
Select (default p): Partition number (1-4, default 1): First sector (2048-625142447, default 2048): Using default value 2048
Last sector, +sectors or +size{K,M,G} (2048-625142447, default 625142447): Using default value 625142447
Partition 1 of type Linux and of size 298.1 GiB is set

Command (m for help): The partition table has been altered!

Calling ioctl() to re-read partition table.
Syncing disks.
2017/03/16:17:06:32: Removing parition: dev=/dev/sdb - partition=1
2017/03/16:17:06:32: Checking if /dev/nvme0n1 is in use, if yes abort
2017/03/16:17:06:32: Preparing /dev/nvme0n1 device partitions
Welcome to fdisk (util-linux 2.23.2).

Changes will remain in memory only, until you decide to write them.
Be careful before using the write command.


Command (m for help): 
Command (m for help): Partition type:
   p   primary (0 primary, 0 extended, 4 free)
   e   extended
Select (default p): Partition number (1-4, default 1): First sector (2048-250069679, default 2048): Using default value 2048
Last sector, +sectors or +size{K,M,G} (2048-250069679, default 250069679): Using default value 250069679
Partition 1 of type Linux and of size 119.2 GiB is set

Command (m for help): The partition table has been altered!

Calling ioctl() to re-read partition table.
Syncing disks.
2017/03/16:17:06:32: Removing parition: dev=/dev/nvme0n1 - partition=1
2017/03/16:17:06:32: Device checks complete - continuing...
2017/03/16:17:06:32: Starting: LVM SETUP
  LV      VG         Attr       LSize   Pool Origin Data%  Meta%  Move Log Cpy%Sync Convert Devices         
  home    rhel_ml110 -wi-ao----  90.17g                                                     /dev/sda2(2016) 
  root    rhel_ml110 -wi-ao----  50.00g                                                     /dev/sda2(25099)
  swap    rhel_ml110 -wi-ao----   7.88g                                                     /dev/sda2(0)    
  lv_fast vg_fast    -wi-ao----  20.00g                                                     /dev/nvme0n1(0) 
  lv_slow vg_slow    -wi-a----- 100.00g                                                     /dev/sdb(0)     
Filesystem                  1K-blocks    Used Available Use% Mounted on
/dev/mapper/rhel_ml110-root  52403200 4640668  47762532   9% /
devtmpfs                      3985584       0   3985584   0% /dev
tmpfs                         4001112      84   4001028   1% /dev/shm
tmpfs                         4001112    9080   3992032   1% /run
tmpfs                         4001112       0   4001112   0% /sys/fs/cgroup
/dev/sda1                     1038336  231872    806464  23% /boot
/dev/mapper/rhel_ml110-home  94501804   49932  94451872   1% /home
tmpfs                          800224      16    800208   1% /run/user/42
tmpfs                          800224       0    800224   0% /run/user/0
/dev/mapper/vg_slow-lv_slow 104806400   32944 104773456   1% /mnt/slowdev
/dev/mapper/vg_fast-lv_fast  20961280   32944  20928336   1% /mnt/fastdev
2017/03/16:17:06:34: Completed: LVM SETUP
2017/03/16:17:06:34: Starting: LVM Device TESTING
2017/03/16:17:06:34: RUNNING size 1G with blocksize 4096k: /dev/vg_slow/lv_slow
slow_1G_4096k: (g=0): rw=randrw, bs=4M-4M/4M-4M/4M-4M, ioengine=libaio, iodepth=8
fio-2.2.8
Starting 1 process

slow_1G_4096k: (groupid=0, jobs=1): err= 0: pid=9398: Thu Mar 16 17:07:00 2017
  read : io=860160KB, bw=34826KB/s, iops=8, runt= 24699msec
    slat (usec): min=335, max=584, avg=416.94, stdev=29.77
    clat (msec): min=106, max=1383, avg=766.41, stdev=248.91
     lat (msec): min=107, max=1383, avg=766.83, stdev=248.91
    clat percentiles (msec):
     |  1.00th=[  131],  5.00th=[  231], 10.00th=[  404], 20.00th=[  586],
     | 30.00th=[  685], 40.00th=[  742], 50.00th=[  816], 60.00th=[  840],
     | 70.00th=[  889], 80.00th=[  955], 90.00th=[ 1029], 95.00th=[ 1123],
     | 99.00th=[ 1270], 99.50th=[ 1287], 99.90th=[ 1385], 99.95th=[ 1385],
     | 99.99th=[ 1385]
    bw (KB  /s): min= 7599, max=61363, per=99.30%, avg=34580.28, stdev=12761.58
  write: io=188416KB, bw=7628.5KB/s, iops=1, runt= 24699msec
    slat (usec): min=377, max=752, avg=568.72, stdev=66.94
    clat (msec): min=207, max=1433, avg=777.32, stdev=242.10
     lat (msec): min=207, max=1433, avg=777.89, stdev=242.08
    clat percentiles (msec):
     |  1.00th=[  208],  5.00th=[  392], 10.00th=[  510], 20.00th=[  578],
     | 30.00th=[  644], 40.00th=[  725], 50.00th=[  791], 60.00th=[  824],
     | 70.00th=[  930], 80.00th=[  971], 90.00th=[ 1057], 95.00th=[ 1205],
     | 99.00th=[ 1434], 99.50th=[ 1434], 99.90th=[ 1434], 99.95th=[ 1434],
     | 99.99th=[ 1434]
    bw (KB  /s): min= 4366, max=30624, per=100.00%, avg=10306.77, stdev=5956.97
    lat (msec) : 250=5.47%, 500=7.42%, 750=28.52%, 1000=44.14%, 2000=14.45%
  cpu          : usr=0.06%, sys=0.50%, ctx=261, majf=0, minf=30
  IO depths    : 1=0.4%, 2=0.8%, 4=1.6%, 8=97.3%, 16=0.0%, 32=0.0%, >=64=0.0%
     submit    : 0=0.0%, 4=100.0%, 8=0.0%, 16=0.0%, 32=0.0%, 64=0.0%, >=64=0.0%
     complete  : 0=0.0%, 4=99.6%, 8=0.4%, 16=0.0%, 32=0.0%, 64=0.0%, >=64=0.0%
     issued    : total=r=210/w=46/d=0, short=r=0/w=0/d=0, drop=r=0/w=0/d=0
     latency   : target=0, window=0, percentile=100.00%, depth=8

Run status group 0 (all jobs):
   READ: io=860160KB, aggrb=34825KB/s, minb=34825KB/s, maxb=34825KB/s, mint=24699msec, maxt=24699msec
  WRITE: io=188416KB, aggrb=7628KB/s, minb=7628KB/s, maxb=7628KB/s, mint=24699msec, maxt=24699msec
2017/03/16:17:07:01: /dev/vg_slow/lv_slow complete.
0	/dev/vg_slow/lv_slow
2017/03/16:17:07:01: -----------------------
2017/03/16:17:07:01: RUNNING size 1G with blocksize 4096k: /dev/vg_fast/lv_fast
fast_1G_4096k: (g=0): rw=randrw, bs=4M-4M/4M-4M/4M-4M, ioengine=libaio, iodepth=8
fio-2.2.8
Starting 1 process

fast_1G_4096k: (groupid=0, jobs=1): err= 0: pid=9429: Thu Mar 16 17:07:07 2017
  read : io=860160KB, bw=166569KB/s, iops=40, runt=  5164msec
    slat (usec): min=399, max=614, avg=501.79, stdev=27.92
    clat (msec): min=19, max=274, avg=159.98, stdev=20.08
     lat (msec): min=20, max=275, avg=160.48, stdev=20.08
    clat percentiles (msec):
     |  1.00th=[   60],  5.00th=[  155], 10.00th=[  155], 20.00th=[  157],
     | 30.00th=[  157], 40.00th=[  159], 50.00th=[  159], 60.00th=[  161],
     | 70.00th=[  161], 80.00th=[  165], 90.00th=[  167], 95.00th=[  184],
     | 99.00th=[  217], 99.50th=[  235], 99.90th=[  273], 99.95th=[  273],
     | 99.99th=[  273]
    bw (KB  /s): min=126834, max=182220, per=97.85%, avg=162988.40, stdev=19295.48
  write: io=188416KB, bw=36486KB/s, iops=8, runt=  5164msec
    slat (usec): min=506, max=761, avg=655.22, stdev=55.46
    clat (msec): min=78, max=253, avg=160.76, stdev=19.15
     lat (msec): min=78, max=254, avg=161.42, stdev=19.15
    clat percentiles (msec):
     |  1.00th=[   79],  5.00th=[  153], 10.00th=[  157], 20.00th=[  157],
     | 30.00th=[  159], 40.00th=[  159], 50.00th=[  159], 60.00th=[  159],
     | 70.00th=[  163], 80.00th=[  163], 90.00th=[  167], 95.00th=[  172],
     | 99.00th=[  253], 99.50th=[  253], 99.90th=[  253], 99.95th=[  253],
     | 99.99th=[  253]
    bw (KB  /s): min=23676, max=64503, per=98.26%, avg=35849.80, stdev=13490.22
    lat (msec) : 20=0.39%, 50=0.39%, 100=1.17%, 250=97.27%, 500=0.78%
  cpu          : usr=0.33%, sys=2.40%, ctx=260, majf=0, minf=30
  IO depths    : 1=0.4%, 2=0.8%, 4=1.6%, 8=97.3%, 16=0.0%, 32=0.0%, >=64=0.0%
     submit    : 0=0.0%, 4=100.0%, 8=0.0%, 16=0.0%, 32=0.0%, 64=0.0%, >=64=0.0%
     complete  : 0=0.0%, 4=99.6%, 8=0.4%, 16=0.0%, 32=0.0%, 64=0.0%, >=64=0.0%
     issued    : total=r=210/w=46/d=0, short=r=0/w=0/d=0, drop=r=0/w=0/d=0
     latency   : target=0, window=0, percentile=100.00%, depth=8

Run status group 0 (all jobs):
   READ: io=860160KB, aggrb=166568KB/s, minb=166568KB/s, maxb=166568KB/s, mint=5164msec, maxt=5164msec
  WRITE: io=188416KB, aggrb=36486KB/s, minb=36486KB/s, maxb=36486KB/s, mint=5164msec, maxt=5164msec
2017/03/16:17:07:07: /dev/vg_fast/lv_fast complete.
0	/dev/vg_fast/lv_fast
2017/03/16:17:07:07: -----------------------
2017/03/16:17:07:07: RUNNING size 10G with blocksize 4096k: /dev/vg_slow/lv_slow
slow_10G_4096k: (g=0): rw=randrw, bs=4M-4M/4M-4M/4M-4M, ioengine=libaio, iodepth=8
fio-2.2.8
Starting 1 process

slow_10G_4096k: (groupid=0, jobs=1): err= 0: pid=9448: Thu Mar 16 17:11:14 2017
  read : io=8380.0MB, bw=34897KB/s, iops=8, runt=245898msec
    slat (usec): min=319, max=592, avg=416.02, stdev=33.58
    clat (msec): min=74, max=1363, avg=768.27, stdev=229.60
     lat (msec): min=75, max=1364, avg=768.69, stdev=229.60
    clat percentiles (msec):
     |  1.00th=[  145],  5.00th=[  289], 10.00th=[  441], 20.00th=[  611],
     | 30.00th=[  693], 40.00th=[  750], 50.00th=[  799], 60.00th=[  840],
     | 70.00th=[  889], 80.00th=[  947], 90.00th=[ 1037], 95.00th=[ 1090],
     | 99.00th=[ 1221], 99.50th=[ 1254], 99.90th=[ 1336], 99.95th=[ 1352],
     | 99.99th=[ 1369]
    bw (KB  /s): min= 5801, max=65274, per=100.00%, avg=35216.92, stdev=10920.74
  write: io=1860.0MB, bw=7745.7KB/s, iops=1, runt=245898msec
    slat (usec): min=360, max=795, avg=567.63, stdev=68.06
    clat (msec): min=72, max=1302, avg=765.40, stdev=241.58
     lat (msec): min=72, max=1302, avg=765.97, stdev=241.58
    clat percentiles (msec):
     |  1.00th=[  139],  5.00th=[  245], 10.00th=[  412], 20.00th=[  594],
     | 30.00th=[  701], 40.00th=[  742], 50.00th=[  791], 60.00th=[  840],
     | 70.00th=[  889], 80.00th=[  971], 90.00th=[ 1045], 95.00th=[ 1106],
     | 99.00th=[ 1221], 99.50th=[ 1237], 99.90th=[ 1303], 99.95th=[ 1303],
     | 99.99th=[ 1303]
    bw (KB  /s): min= 4790, max=32873, per=100.00%, avg=11390.56, stdev=5573.32
    lat (msec) : 100=0.12%, 250=3.71%, 500=9.53%, 750=26.95%, 1000=45.62%
    lat (msec) : 2000=14.06%
  cpu          : usr=0.05%, sys=0.51%, ctx=2576, majf=0, minf=32
  IO depths    : 1=0.1%, 2=0.1%, 4=0.2%, 8=99.7%, 16=0.0%, 32=0.0%, >=64=0.0%
     submit    : 0=0.0%, 4=100.0%, 8=0.0%, 16=0.0%, 32=0.0%, 64=0.0%, >=64=0.0%
     complete  : 0=0.0%, 4=100.0%, 8=0.1%, 16=0.0%, 32=0.0%, 64=0.0%, >=64=0.0%
     issued    : total=r=2095/w=465/d=0, short=r=0/w=0/d=0, drop=r=0/w=0/d=0
     latency   : target=0, window=0, percentile=100.00%, depth=8

Run status group 0 (all jobs):
   READ: io=8380.0MB, aggrb=34897KB/s, minb=34897KB/s, maxb=34897KB/s, mint=245898msec, maxt=245898msec
  WRITE: io=1860.0MB, aggrb=7745KB/s, minb=7745KB/s, maxb=7745KB/s, mint=245898msec, maxt=245898msec
2017/03/16:17:11:15: /dev/vg_slow/lv_slow complete.
0	/dev/vg_slow/lv_slow
2017/03/16:17:11:15: -----------------------
2017/03/16:17:11:15: RUNNING size 10G with blocksize 4096k: /dev/vg_fast/lv_fast
fast_10G_4096k: (g=0): rw=randrw, bs=4M-4M/4M-4M/4M-4M, ioengine=libaio, iodepth=8
fio-2.2.8
Starting 1 process

fast_10G_4096k: (groupid=0, jobs=1): err= 0: pid=9516: Thu Mar 16 17:12:07 2017
  read : io=8380.0MB, bw=168416KB/s, iops=41, runt= 50952msec
    slat (usec): min=376, max=579, avg=501.06, stdev=33.39
    clat (msec): min=19, max=293, avg=159.19, stdev=33.53
     lat (msec): min=20, max=294, avg=159.69, stdev=33.54
    clat percentiles (msec):
     |  1.00th=[   72],  5.00th=[   83], 10.00th=[   87], 20.00th=[  157],
     | 30.00th=[  159], 40.00th=[  161], 50.00th=[  163], 60.00th=[  167],
     | 70.00th=[  172], 80.00th=[  180], 90.00th=[  190], 95.00th=[  206],
     | 99.00th=[  225], 99.50th=[  229], 99.90th=[  233], 99.95th=[  247],
     | 99.99th=[  293]
    bw (KB  /s): min=128754, max=204391, per=100.00%, avg=168512.60, stdev=18699.60
  write: io=1860.0MB, bw=37381KB/s, iops=9, runt= 50952msec
    slat (usec): min=441, max=824, avg=634.04, stdev=58.59
    clat (msec): min=51, max=273, avg=156.11, stdev=35.09
     lat (msec): min=52, max=274, avg=156.75, stdev=35.11
    clat percentiles (msec):
     |  1.00th=[   66],  5.00th=[   67], 10.00th=[   79], 20.00th=[  157],
     | 30.00th=[  159], 40.00th=[  161], 50.00th=[  163], 60.00th=[  165],
     | 70.00th=[  172], 80.00th=[  176], 90.00th=[  182], 95.00th=[  192],
     | 99.00th=[  215], 99.50th=[  219], 99.90th=[  273], 99.95th=[  273],
     | 99.99th=[  273]
    bw (KB  /s): min= 7892, max=64758, per=100.00%, avg=37798.44, stdev=15234.59
    lat (msec) : 20=0.04%, 50=0.04%, 100=12.42%, 250=87.42%, 500=0.08%
  cpu          : usr=0.28%, sys=2.49%, ctx=2561, majf=0, minf=31
  IO depths    : 1=0.1%, 2=0.1%, 4=0.2%, 8=99.7%, 16=0.0%, 32=0.0%, >=64=0.0%
     submit    : 0=0.0%, 4=100.0%, 8=0.0%, 16=0.0%, 32=0.0%, 64=0.0%, >=64=0.0%
     complete  : 0=0.0%, 4=100.0%, 8=0.1%, 16=0.0%, 32=0.0%, 64=0.0%, >=64=0.0%
     issued    : total=r=2095/w=465/d=0, short=r=0/w=0/d=0, drop=r=0/w=0/d=0
     latency   : target=0, window=0, percentile=100.00%, depth=8

Run status group 0 (all jobs):
   READ: io=8380.0MB, aggrb=168415KB/s, minb=168415KB/s, maxb=168415KB/s, mint=50952msec, maxt=50952msec
  WRITE: io=1860.0MB, aggrb=37381KB/s, minb=37381KB/s, maxb=37381KB/s, mint=50952msec, maxt=50952msec
2017/03/16:17:12:07: /dev/vg_fast/lv_fast complete.
0	/dev/vg_fast/lv_fast
2017/03/16:17:12:07: -----------------------
2017/03/16:17:12:07: Completed: LVM Device TESTING
2017/03/16:17:12:07: Starting: LVM TEARDOWN
2017/03/16:17:12:08: Completed: LVM TEARDOWN
2017/03/16:17:12:08: END runLVM.sh**********************
2017/03/16:17:12:08: runLVM.sh - Closed logfile: ./RESULTS/runLVM.sh_20170316-170632.log
