2017/03/14:19:35:41: runLVM.sh - Created logfile: ./RESULTS/runLVM.sh_20170314-193541.log
2017/03/14:19:35:41: Key variable values:
2017/03/14:19:35:41: > slowDEV=/dev/sdb - fastDEV=/dev/nvme0n1
2017/03/14:19:35:41: > fastSZ=20G - fastLV=lv_fast - fastVG=vg_fast
2017/03/14:19:35:41: > slowSZ=200G - slowLV=lv_slow - slowVG=vg_slow
2017/03/14:19:35:41: ---------------------------------
2017/03/14:19:35:41: Checking if /dev/sdb is in use, if yes abort
2017/03/14:19:35:41: Preparing /dev/sdb device partitions
Welcome to fdisk (util-linux 2.23.2).

Changes will remain in memory only, until you decide to write them.
Be careful before using the write command.


Command (m for help): 
Command (m for help): Partition type:
   p   primary (0 primary, 0 extended, 4 free)
   e   extended
Select (default p): Partition number (1-4, default 1): First sector (2048-625142447, default 2048): Using default value 2048
Last sector, +sectors or +size{K,M,G} (2048-625142447, default 625142447): Using default value 625142447
Partition 1 of type Linux and of size 298.1 GiB is set

Command (m for help): The partition table has been altered!

Calling ioctl() to re-read partition table.
Syncing disks.
2017/03/14:19:35:42: Removing parition: dev=/dev/sdb - partition=1
2017/03/14:19:35:42: Checking if /dev/nvme0n1 is in use, if yes abort
2017/03/14:19:35:42: Preparing /dev/nvme0n1 device partitions
Welcome to fdisk (util-linux 2.23.2).

Changes will remain in memory only, until you decide to write them.
Be careful before using the write command.


Command (m for help): 
Command (m for help): Partition type:
   p   primary (0 primary, 0 extended, 4 free)
   e   extended
Select (default p): Partition number (1-4, default 1): First sector (2048-250069679, default 2048): Using default value 2048
Last sector, +sectors or +size{K,M,G} (2048-250069679, default 250069679): Using default value 250069679
Partition 1 of type Linux and of size 119.2 GiB is set

Command (m for help): The partition table has been altered!

Calling ioctl() to re-read partition table.
Syncing disks.
2017/03/14:19:35:42: Removing parition: dev=/dev/nvme0n1 - partition=1
2017/03/14:19:35:42: Device checks complete - continuing...
2017/03/14:19:35:42: Starting: LVM SETUP
  LV      VG         Attr       LSize   Pool Origin Data%  Meta%  Move Log Cpy%Sync Convert Devices         
  home    rhel_ml110 -wi-ao----  90.17g                                                     /dev/sda2(2016) 
  root    rhel_ml110 -wi-ao----  50.00g                                                     /dev/sda2(25099)
  swap    rhel_ml110 -wi-ao----   7.88g                                                     /dev/sda2(0)    
  lv_fast vg_fast    -wi-ao----  20.00g                                                     /dev/nvme0n1(0) 
  lv_slow vg_slow    -wi-a----- 200.00g                                                     /dev/sdb(0)     
Filesystem                  1K-blocks    Used Available Use% Mounted on
/dev/mapper/rhel_ml110-root  52403200 4639532  47763668   9% /
devtmpfs                      3985584       0   3985584   0% /dev
tmpfs                         4001112      84   4001028   1% /dev/shm
tmpfs                         4001112    9084   3992028   1% /run
tmpfs                         4001112       0   4001112   0% /sys/fs/cgroup
/dev/sda1                     1038336  231872    806464  23% /boot
/dev/mapper/rhel_ml110-home  94501804   49768  94452036   1% /home
tmpfs                          800224      16    800208   1% /run/user/42
tmpfs                          800224       0    800224   0% /run/user/0
/dev/mapper/vg_slow-lv_slow 209612800   32944 209579856   1% /mnt/slowdev
/dev/mapper/vg_fast-lv_fast  20961280   32944  20928336   1% /mnt/fastdev
2017/03/14:19:35:45: Completed: LVM SETUP
2017/03/14:19:35:45: Starting: LVM Device TESTING
2017/03/14:19:35:45: RUNNING size 1G with blocksize 64k: /mnt/slowdev/fiodir
slow_1G_64k: (g=0): rw=randrw, bs=64K-64K/64K-64K/64K-64K, ioengine=sync, iodepth=1
fio-2.2.8
Starting 1 process

slow_1G_64k: (groupid=0, jobs=1): err= 0: pid=11542: Tue Mar 14 19:36:48 2017
  read : io=836864KB, bw=13652KB/s, iops=213, runt= 61299msec
    clat (usec): min=641, max=526524, avg=4397.80, stdev=6400.59
     lat (usec): min=641, max=526524, avg=4398.30, stdev=6400.59
    clat percentiles (usec):
     |  1.00th=[  692],  5.00th=[  708], 10.00th=[  724], 20.00th=[  788],
     | 30.00th=[  820], 40.00th=[  844], 50.00th=[ 1096], 60.00th=[ 4832],
     | 70.00th=[ 6688], 80.00th=[ 8512], 90.00th=[10304], 95.00th=[11712],
     | 99.00th=[19072], 99.50th=[22144], 99.90th=[28288], 99.95th=[32640],
     | 99.99th=[39168]
    bw (KB  /s): min=  801, max=18613, per=100.00%, avg=13704.65, stdev=2258.50
  write: io=211712KB, bw=3453.8KB/s, iops=53, runt= 61299msec
    clat (usec): min=881, max=17769, avg=1060.86, stdev=892.70
     lat (usec): min=883, max=17772, avg=1063.21, stdev=892.71
    clat percentiles (usec):
     |  1.00th=[  892],  5.00th=[  900], 10.00th=[  916], 20.00th=[  940],
     | 30.00th=[  956], 40.00th=[  964], 50.00th=[  980], 60.00th=[  996],
     | 70.00th=[ 1012], 80.00th=[ 1032], 90.00th=[ 1064], 95.00th=[ 1192],
     | 99.00th=[ 1384], 99.50th=[ 6624], 99.90th=[16512], 99.95th=[17536],
     | 99.99th=[17792]
    bw (KB  /s): min=  114, max= 5120, per=100.00%, avg=3468.40, stdev=819.75
    lat (usec) : 750=11.60%, 1000=40.19%
    lat (msec) : 2=8.68%, 4=4.67%, 10=25.70%, 20=8.48%, 50=0.68%
    lat (msec) : 750=0.01%
  cpu          : usr=0.61%, sys=1.87%, ctx=16388, majf=0, minf=34
  IO depths    : 1=100.0%, 2=0.0%, 4=0.0%, 8=0.0%, 16=0.0%, 32=0.0%, >=64=0.0%
     submit    : 0=0.0%, 4=100.0%, 8=0.0%, 16=0.0%, 32=0.0%, 64=0.0%, >=64=0.0%
     complete  : 0=0.0%, 4=100.0%, 8=0.0%, 16=0.0%, 32=0.0%, 64=0.0%, >=64=0.0%
     issued    : total=r=13076/w=3308/d=0, short=r=0/w=0/d=0, drop=r=0/w=0/d=0
     latency   : target=0, window=0, percentile=100.00%, depth=1

Run status group 0 (all jobs):
   READ: io=836864KB, aggrb=13652KB/s, minb=13652KB/s, maxb=13652KB/s, mint=61299msec, maxt=61299msec
  WRITE: io=211712KB, aggrb=3453KB/s, minb=3453KB/s, maxb=3453KB/s, mint=61299msec, maxt=61299msec

Disk stats (read/write):
  sdb: ios=13095/3318, merge=0/4, ticks=56615/5360, in_queue=61945, util=97.89%
2017/03/14:19:36:48: /mnt/slowdev/fiodir complete.
0	/mnt/slowdev/fiodir
2017/03/14:19:36:48: -----------------------
2017/03/14:19:36:48: RUNNING size 1G with blocksize 64k: /mnt/fastdev/fiodir
fast_1G_64k: (g=0): rw=randrw, bs=64K-64K/64K-64K/64K-64K, ioengine=sync, iodepth=1
fio-2.2.8
Starting 1 process

fast_1G_64k: (groupid=0, jobs=1): err= 0: pid=11575: Tue Mar 14 19:36:58 2017
  read : io=836864KB, bw=93546KB/s, iops=1461, runt=  8946msec
    clat (usec): min=342, max=4460, avg=574.58, stdev=439.32
     lat (usec): min=342, max=4460, avg=575.05, stdev=439.32
    clat percentiles (usec):
     |  1.00th=[  358],  5.00th=[  390], 10.00th=[  394], 20.00th=[  398],
     | 30.00th=[  410], 40.00th=[  506], 50.00th=[  510], 60.00th=[  516],
     | 70.00th=[  516], 80.00th=[  556], 90.00th=[  556], 95.00th=[ 1240],
     | 99.00th=[ 2800], 99.50th=[ 2960], 99.90th=[ 3568], 99.95th=[ 3600],
     | 99.99th=[ 4080]
    bw (KB  /s): min=87168, max=106240, per=100.00%, avg=93909.24, stdev=4532.98
  write: io=211712KB, bw=23666KB/s, iops=369, runt=  8946msec
    clat (usec): min=344, max=506, avg=392.36, stdev=12.74
     lat (usec): min=346, max=509, avg=395.40, stdev=12.80
    clat percentiles (usec):
     |  1.00th=[  350],  5.00th=[  362], 10.00th=[  390], 20.00th=[  394],
     | 30.00th=[  394], 40.00th=[  394], 50.00th=[  394], 60.00th=[  394],
     | 70.00th=[  394], 80.00th=[  398], 90.00th=[  398], 95.00th=[  398],
     | 99.00th=[  442], 99.50th=[  446], 99.90th=[  458], 99.95th=[  498],
     | 99.99th=[  506]
    bw (KB  /s): min=20480, max=26112, per=99.67%, avg=23586.00, stdev=1544.85
    lat (usec) : 500=50.97%, 750=44.52%, 1000=0.31%
    lat (msec) : 2=1.32%, 4=2.87%, 10=0.01%
  cpu          : usr=3.64%, sys=3.45%, ctx=16387, majf=0, minf=34
  IO depths    : 1=100.0%, 2=0.0%, 4=0.0%, 8=0.0%, 16=0.0%, 32=0.0%, >=64=0.0%
     submit    : 0=0.0%, 4=100.0%, 8=0.0%, 16=0.0%, 32=0.0%, 64=0.0%, >=64=0.0%
     complete  : 0=0.0%, 4=100.0%, 8=0.0%, 16=0.0%, 32=0.0%, 64=0.0%, >=64=0.0%
     issued    : total=r=13076/w=3308/d=0, short=r=0/w=0/d=0, drop=r=0/w=0/d=0
     latency   : target=0, window=0, percentile=100.00%, depth=1

Run status group 0 (all jobs):
   READ: io=836864KB, aggrb=93546KB/s, minb=93546KB/s, maxb=93546KB/s, mint=8946msec, maxt=8946msec
  WRITE: io=211712KB, aggrb=23665KB/s, minb=23665KB/s, maxb=23665KB/s, mint=8946msec, maxt=8946msec

Disk stats (read/write):
  nvme0n1: ios=13114/3309, merge=0/0, ticks=7137/1237, in_queue=8360, util=92.33%
2017/03/14:19:36:58: /mnt/fastdev/fiodir complete.
0	/mnt/fastdev/fiodir
2017/03/14:19:36:58: -----------------------
2017/03/14:19:36:58: RUNNING size 10G with blocksize 64k: /mnt/slowdev/fiodir
slow_10G_64k: (g=0): rw=randrw, bs=64K-64K/64K-64K/64K-64K, ioengine=sync, iodepth=1
fio-2.2.8
Starting 1 process

slow_10G_64k: (groupid=0, jobs=1): err= 0: pid=11596: Tue Mar 14 19:49:25 2017
  read : io=8176.4MB, bw=11232KB/s, iops=175, runt=745414msec
    clat (usec): min=634, max=681316, avg=5427.58, stdev=6478.06
     lat (usec): min=634, max=681316, avg=5428.08, stdev=6478.06
    clat percentiles (usec):
     |  1.00th=[  700],  5.00th=[  716], 10.00th=[  740], 20.00th=[  804],
     | 30.00th=[  828], 40.00th=[  844], 50.00th=[  868], 60.00th=[ 6368],
     | 70.00th=[ 8896], 80.00th=[11072], 90.00th=[13376], 95.00th=[15424],
     | 99.00th=[23424], 99.50th=[26240], 99.90th=[33024], 99.95th=[35584],
     | 99.99th=[42240]
    bw (KB  /s): min= 1037, max=16413, per=100.00%, avg=11262.93, stdev=1492.48
  write: io=2063.7MB, bw=2834.9KB/s, iops=44, runt=745414msec
    clat (usec): min=869, max=16526, avg=1008.82, stdev=375.37
     lat (usec): min=872, max=16528, avg=1011.19, stdev=375.37
    clat percentiles (usec):
     |  1.00th=[  892],  5.00th=[  908], 10.00th=[  916], 20.00th=[  940],
     | 30.00th=[  956], 40.00th=[  972], 50.00th=[  988], 60.00th=[ 1004],
     | 70.00th=[ 1012], 80.00th=[ 1032], 90.00th=[ 1064], 95.00th=[ 1144],
     | 99.00th=[ 1368], 99.50th=[ 1416], 99.90th=[ 7520], 99.95th=[11072],
     | 99.99th=[16192]
    bw (KB  /s): min=  259, max= 5376, per=100.00%, avg=2842.15, stdev=694.14
    lat (usec) : 750=9.60%, 1000=45.38%
    lat (msec) : 2=8.89%, 4=0.59%, 10=15.65%, 20=18.29%, 50=1.60%
    lat (msec) : 100=0.01%, 250=0.01%, 750=0.01%
  cpu          : usr=0.49%, sys=1.58%, ctx=163848, majf=0, minf=30
  IO depths    : 1=100.0%, 2=0.0%, 4=0.0%, 8=0.0%, 16=0.0%, 32=0.0%, >=64=0.0%
     submit    : 0=0.0%, 4=100.0%, 8=0.0%, 16=0.0%, 32=0.0%, 64=0.0%, >=64=0.0%
     complete  : 0=0.0%, 4=100.0%, 8=0.0%, 16=0.0%, 32=0.0%, 64=0.0%, >=64=0.0%
     issued    : total=r=130822/w=33018/d=0, short=r=0/w=0/d=0, drop=r=0/w=0/d=0
     latency   : target=0, window=0, percentile=100.00%, depth=1

Run status group 0 (all jobs):
   READ: io=8176.4MB, aggrb=11232KB/s, minb=11232KB/s, maxb=11232KB/s, mint=745414msec, maxt=745414msec
  WRITE: io=2063.7MB, aggrb=2834KB/s, minb=2834KB/s, maxb=2834KB/s, mint=745414msec, maxt=745414msec

Disk stats (read/write):
  sdb: ios=130843/33031, merge=0/7, ticks=700935/34474, in_queue=735156, util=98.38%
2017/03/14:19:49:25: /mnt/slowdev/fiodir complete.
0	/mnt/slowdev/fiodir
2017/03/14:19:49:25: -----------------------
2017/03/14:19:49:25: RUNNING size 10G with blocksize 64k: /mnt/fastdev/fiodir
fast_10G_64k: (g=0): rw=randrw, bs=64K-64K/64K-64K/64K-64K, ioengine=sync, iodepth=1
fio-2.2.8
Starting 1 process

fast_10G_64k: (groupid=0, jobs=1): err= 0: pid=11738: Tue Mar 14 19:51:02 2017
  read : io=8176.4MB, bw=87453KB/s, iops=1366, runt= 95738msec
    clat (usec): min=343, max=6579, avg=622.32, stdev=503.91
     lat (usec): min=343, max=6579, avg=622.82, stdev=503.91
    clat percentiles (usec):
     |  1.00th=[  370],  5.00th=[  394], 10.00th=[  394], 20.00th=[  410],
     | 30.00th=[  506], 40.00th=[  510], 50.00th=[  516], 60.00th=[  516],
     | 70.00th=[  532], 80.00th=[  556], 90.00th=[  556], 95.00th=[ 2096],
     | 99.00th=[ 2832], 99.50th=[ 3088], 99.90th=[ 3568], 99.95th=[ 3760],
     | 99.99th=[ 5280]
    bw (KB  /s): min=75752, max=104832, per=100.00%, avg=87530.05, stdev=4737.24
  write: io=2063.7MB, bw=22072KB/s, iops=344, runt= 95738msec
    clat (usec): min=344, max=1156, avg=393.49, stdev=11.80
     lat (usec): min=345, max=1158, avg=396.49, stdev=11.84
    clat percentiles (usec):
     |  1.00th=[  358],  5.00th=[  366], 10.00th=[  390], 20.00th=[  394],
     | 30.00th=[  394], 40.00th=[  394], 50.00th=[  394], 60.00th=[  394],
     | 70.00th=[  398], 80.00th=[  398], 90.00th=[  398], 95.00th=[  398],
     | 99.00th=[  438], 99.50th=[  446], 99.90th=[  454], 99.95th=[  474],
     | 99.99th=[  540]
    bw (KB  /s): min=17792, max=27520, per=100.00%, avg=22083.51, stdev=1750.44
    lat (usec) : 500=42.98%, 750=51.14%, 1000=0.31%
    lat (msec) : 2=1.26%, 4=4.28%, 10=0.02%
  cpu          : usr=3.59%, sys=3.18%, ctx=163845, majf=0, minf=29
  IO depths    : 1=100.0%, 2=0.0%, 4=0.0%, 8=0.0%, 16=0.0%, 32=0.0%, >=64=0.0%
     submit    : 0=0.0%, 4=100.0%, 8=0.0%, 16=0.0%, 32=0.0%, 64=0.0%, >=64=0.0%
     complete  : 0=0.0%, 4=100.0%, 8=0.0%, 16=0.0%, 32=0.0%, 64=0.0%, >=64=0.0%
     issued    : total=r=130822/w=33018/d=0, short=r=0/w=0/d=0, drop=r=0/w=0/d=0
     latency   : target=0, window=0, percentile=100.00%, depth=1

Run status group 0 (all jobs):
   READ: io=8176.4MB, aggrb=87453KB/s, minb=87453KB/s, maxb=87453KB/s, mint=95738msec, maxt=95738msec
  WRITE: io=2063.7MB, aggrb=22072KB/s, minb=22072KB/s, maxb=22072KB/s, mint=95738msec, maxt=95738msec

Disk stats (read/write):
  nvme0n1: ios=130860/33033, merge=0/5, ticks=77722/12288, in_queue=89880, util=93.81%
2017/03/14:19:51:02: /mnt/fastdev/fiodir complete.
0	/mnt/fastdev/fiodir
2017/03/14:19:51:02: -----------------------
2017/03/14:19:51:02: Completed: LVM Device TESTING
2017/03/14:19:51:02: Starting: LVM TEARDOWN
2017/03/14:19:51:03: Completed: LVM TEARDOWN
2017/03/14:19:51:03: END runLVM.sh**********************
2017/03/14:19:51:03: runLVM.sh - Closed logfile: ./RESULTS/runLVM.sh_20170314-193541.log
