2017/03/28:11:00:19: runLVM.sh - Created logfile: ./RESULTS/runLVM.sh_20170328-110019.log
2017/03/28:11:00:19: Key variable values:
2017/03/28:11:00:19: > slowDEV=/dev/sdb - fastDEV=/dev/nvme0n1
2017/03/28:11:00:19: > fastSZ=12G - fastLV=lv_fast - fastVG=vg_fast
2017/03/28:11:00:19: > slowSZ=100G - slowLV=lv_slow - slowVG=vg_slow
2017/03/28:11:00:19: > slowLVPATH=/dev/vg_slow/lv_slow - fastLVPATH=/dev/vg_fast/lv_fast
2017/03/28:11:00:19: > slowSCRATCH=/mnt/slowdev/fio_scratch - fastSCRATCH=/mnt/fastdev/fio_scratch
2017/03/28:11:00:19: ---------------------------------
2017/03/28:11:00:19: Checking if /dev/sdb is in use, if yes abort
2017/03/28:11:00:19: Preparing /dev/sdb device partitions
Welcome to fdisk (util-linux 2.23.2).

Changes will remain in memory only, until you decide to write them.
Be careful before using the write command.


Command (m for help): 
Command (m for help): Partition type:
   p   primary (0 primary, 0 extended, 4 free)
   e   extended
Select (default p): Partition number (1-4, default 1): First sector (2048-625142447, default 2048): Using default value 2048
Last sector, +sectors or +size{K,M,G} (2048-625142447, default 625142447): Using default value 625142447
Partition 1 of type Linux and of size 298.1 GiB is set

Command (m for help): The partition table has been altered!

Calling ioctl() to re-read partition table.
Syncing disks.
2017/03/28:11:00:20: Removing parition: dev=/dev/sdb - partition=1
2017/03/28:11:00:20: Checking if /dev/nvme0n1 is in use, if yes abort
2017/03/28:11:00:20: Preparing /dev/nvme0n1 device partitions
Welcome to fdisk (util-linux 2.23.2).

Changes will remain in memory only, until you decide to write them.
Be careful before using the write command.


Command (m for help): 
Command (m for help): Partition type:
   p   primary (0 primary, 0 extended, 4 free)
   e   extended
Select (default p): Partition number (1-4, default 1): First sector (2048-250069679, default 2048): Using default value 2048
Last sector, +sectors or +size{K,M,G} (2048-250069679, default 250069679): Using default value 250069679
Partition 1 of type Linux and of size 119.2 GiB is set

Command (m for help): The partition table has been altered!

Calling ioctl() to re-read partition table.
Syncing disks.
2017/03/28:11:00:20: Removing parition: dev=/dev/nvme0n1 - partition=1
2017/03/28:11:00:20: Device checks complete - continuing...
2017/03/28:11:00:20: Starting: LVM SETUP
  LV      VG         Attr       LSize   Pool Origin Data%  Meta%  Move Log Cpy%Sync Convert Devices         
  home    rhel_ml110 -wi-ao----  90.17g                                                     /dev/sda2(2016) 
  root    rhel_ml110 -wi-ao----  50.00g                                                     /dev/sda2(25099)
  swap    rhel_ml110 -wi-ao----   7.88g                                                     /dev/sda2(0)    
  lv_fast vg_fast    -wi-ao----  12.00g                                                     /dev/nvme0n1(0) 
  lv_slow vg_slow    -wi-a----- 100.00g                                                     /dev/sdb(0)     
Filesystem                  1K-blocks    Used Available Use% Mounted on
/dev/mapper/rhel_ml110-root  52403200 4642832  47760368   9% /
devtmpfs                      3985584       0   3985584   0% /dev
tmpfs                         4001112      84   4001028   1% /dev/shm
tmpfs                         4001112    9084   3992028   1% /run
tmpfs                         4001112       0   4001112   0% /sys/fs/cgroup
/dev/sda1                     1038336  231872    806464  23% /boot
/dev/mapper/rhel_ml110-home  94501804   50220  94451584   1% /home
tmpfs                          800224      16    800208   1% /run/user/42
tmpfs                          800224       0    800224   0% /run/user/0
/dev/mapper/vg_slow-lv_slow 104806400   33040 104773360   1% /mnt/slowdev
/dev/mapper/vg_fast-lv_fast  12572672   33040  12539632   1% /mnt/fastdev
2017/03/28:11:00:22: Completed: LVM SETUP
2017/03/28:11:00:22: BEGIN: Write the scratch files
2017/03/28:11:03:22: /mnt/slowdev/fio_scratch is 11534336 KB
2017/03/28:11:04:39: /mnt/fastdev/fio_scratch is 11534336 KB
2017/03/28:11:04:39: COMPLETED: Writing the scratch files
2017/03/28:11:04:39: Starting: LVM Device TESTING
2017/03/28:11:04:39: RUNNING size 1G with blocksize 4k: /mnt/slowdev/fio_scratch
2017/03/28:11:14:20: /mnt/fastdev/fio_scratch complete.
2017/03/28:11:14:20: SUMMARY size 1G with blocksize 4k: /mnt/fastdev/fio_scratch
> READ: [bw]  KB/s  -  [lat] 0.00 ms  -  [iops] 
> WRITE: [bw]  KB/s  -  [lat] 0.00 ms  -  [iops] 
FIO output:
