2017/03/17:17:15:59: runLVM.sh - Created logfile: ./RESULTS/runLVM.sh_20170317-171559.log
2017/03/17:17:15:59: Key variable values:
2017/03/17:17:15:59: > slowDEV=/dev/sdb - fastDEV=/dev/nvme0n1
2017/03/17:17:15:59: > fastSZ=12G - fastLV=lv_fast - fastVG=vg_fast
2017/03/17:17:15:59: > slowSZ=100G - slowLV=lv_slow - slowVG=vg_slow
2017/03/17:17:15:59: > slowLVPATH=/dev/vg_slow/lv_slow - fastLVPATH=/dev/vg_fast/lv_fast
2017/03/17:17:15:59: > slowSCRATCH=/mnt/slowdev/fio_scratch - fastSCRATCH=/mnt/fastdev/fio_scratch
2017/03/17:17:15:59: ---------------------------------
2017/03/17:17:15:59: Checking if /dev/sdb is in use, if yes abort
2017/03/17:17:15:59: Preparing /dev/sdb device partitions
Welcome to fdisk (util-linux 2.23.2).

Changes will remain in memory only, until you decide to write them.
Be careful before using the write command.


Command (m for help): 
Command (m for help): Partition type:
   p   primary (0 primary, 0 extended, 4 free)
   e   extended
Select (default p): Partition number (1-4, default 1): First sector (2048-625142447, default 2048): Using default value 2048
Last sector, +sectors or +size{K,M,G} (2048-625142447, default 625142447): Using default value 625142447
Partition 1 of type Linux and of size 298.1 GiB is set

Command (m for help): The partition table has been altered!

Calling ioctl() to re-read partition table.
Syncing disks.
2017/03/17:17:15:59: Removing parition: dev=/dev/sdb - partition=1
2017/03/17:17:15:59: Checking if /dev/nvme0n1 is in use, if yes abort
2017/03/17:17:15:59: Preparing /dev/nvme0n1 device partitions
Welcome to fdisk (util-linux 2.23.2).

Changes will remain in memory only, until you decide to write them.
Be careful before using the write command.


Command (m for help): 
Command (m for help): Partition type:
   p   primary (0 primary, 0 extended, 4 free)
   e   extended
Select (default p): Partition number (1-4, default 1): First sector (2048-250069679, default 2048): Using default value 2048
Last sector, +sectors or +size{K,M,G} (2048-250069679, default 250069679): Using default value 250069679
Partition 1 of type Linux and of size 119.2 GiB is set

Command (m for help): The partition table has been altered!

Calling ioctl() to re-read partition table.
Syncing disks.
2017/03/17:17:15:59: Removing parition: dev=/dev/nvme0n1 - partition=1
2017/03/17:17:15:59: Device checks complete - continuing...
2017/03/17:17:15:59: Starting: LVM SETUP
  LV      VG         Attr       LSize   Pool Origin Data%  Meta%  Move Log Cpy%Sync Convert Devices         
  home    rhel_ml110 -wi-ao----  90.17g                                                     /dev/sda2(2016) 
  root    rhel_ml110 -wi-ao----  50.00g                                                     /dev/sda2(25099)
  swap    rhel_ml110 -wi-ao----   7.88g                                                     /dev/sda2(0)    
  lv_fast vg_fast    -wi-ao----  12.00g                                                     /dev/nvme0n1(0) 
  lv_slow vg_slow    -wi-a----- 100.00g                                                     /dev/sdb(0)     
Filesystem                  1K-blocks    Used Available Use% Mounted on
/dev/mapper/rhel_ml110-root  52403200 4641576  47761624   9% /
devtmpfs                      3985584       0   3985584   0% /dev
tmpfs                         4001112      84   4001028   1% /dev/shm
tmpfs                         4001112    9056   3992056   1% /run
tmpfs                         4001112       0   4001112   0% /sys/fs/cgroup
/dev/sda1                     1038336  231872    806464  23% /boot
/dev/mapper/rhel_ml110-home  94501804   50028  94451776   1% /home
tmpfs                          800224      16    800208   1% /run/user/42
tmpfs                          800224       0    800224   0% /run/user/0
/dev/mapper/vg_slow-lv_slow 104806400   33040 104773360   1% /mnt/slowdev
/dev/mapper/vg_fast-lv_fast  12572672   33040  12539632   1% /mnt/fastdev
2017/03/17:17:16:01: Completed: LVM SETUP
2017/03/17:17:16:01: BEGIN: Write the scratch files
2017/03/17:17:19:06: /mnt/slowdev/fio_scratch is 11534336 KB
2017/03/17:17:20:23: /mnt/fastdev/fio_scratch is 11534336 KB
2017/03/17:17:20:23: COMPLETED: Write the scratch files
2017/03/17:17:20:23: Starting: LVM Device TESTING
2017/03/17:17:20:23: RUNNING size 1G with blocksize 64k: /mnt/slowdev/fio_scratch
slow_1G_64k: (g=0): rw=randrw, bs=64K-64K/64K-64K/64K-64K, ioengine=libaio, iodepth=8
fio-2.2.8
Starting 1 process

slow_1G_64k: (groupid=0, jobs=1): err= 0: pid=10445: Fri Mar 17 17:21:19 2017
  read : io=836864KB, bw=15343KB/s, iops=239, runt= 54545msec
    slat (usec): min=7, max=112, avg=25.90, stdev= 6.17
    clat (msec): min=1, max=503, avg=27.27, stdev=29.16
     lat (msec): min=1, max=503, avg=27.30, stdev=29.16
    clat percentiles (usec):
     |  1.00th=[ 1992],  5.00th=[ 2192], 10.00th=[ 2480], 20.00th=[ 4640],
     | 30.00th=[ 9536], 40.00th=[13376], 50.00th=[18304], 60.00th=[24704],
     | 70.00th=[33024], 80.00th=[44288], 90.00th=[62208], 95.00th=[81408],
     | 99.00th=[126464], 99.50th=[148480], 99.90th=[248832], 99.95th=[309248],
     | 99.99th=[456704]
    bw (KB  /s): min= 4598, max=22866, per=100.00%, avg=15407.75, stdev=2631.12
  write: io=211712KB, bw=3881.5KB/s, iops=60, runt= 54545msec
    slat (usec): min=11, max=180, avg=31.63, stdev= 6.83
    clat (msec): min=2, max=412, avg=23.92, stdev=27.05
     lat (msec): min=2, max=412, avg=23.96, stdev=27.05
    clat percentiles (msec):
     |  1.00th=[    3],  5.00th=[    3], 10.00th=[    3], 20.00th=[    4],
     | 30.00th=[    7], 40.00th=[   11], 50.00th=[   15], 60.00th=[   22],
     | 70.00th=[   30], 80.00th=[   40], 90.00th=[   56], 95.00th=[   73],
     | 99.00th=[  124], 99.50th=[  135], 99.90th=[  215], 99.95th=[  400],
     | 99.99th=[  412]
    bw (KB  /s): min=  894, max= 6514, per=100.00%, avg=3902.82, stdev=924.68
    lat (msec) : 2=0.87%, 4=18.65%, 10=12.95%, 20=21.34%, 50=30.85%
    lat (msec) : 100=12.88%, 250=2.37%, 500=0.09%, 750=0.01%
  cpu          : usr=0.08%, sys=3.14%, ctx=15348, majf=0, minf=51
  IO depths    : 1=0.1%, 2=0.1%, 4=0.1%, 8=100.0%, 16=0.0%, 32=0.0%, >=64=0.0%
     submit    : 0=0.0%, 4=100.0%, 8=0.0%, 16=0.0%, 32=0.0%, 64=0.0%, >=64=0.0%
     complete  : 0=0.0%, 4=100.0%, 8=0.1%, 16=0.0%, 32=0.0%, 64=0.0%, >=64=0.0%
     issued    : total=r=13076/w=3308/d=0, short=r=0/w=0/d=0, drop=r=0/w=0/d=0
     latency   : target=0, window=0, percentile=100.00%, depth=8

Run status group 0 (all jobs):
   READ: io=836864KB, aggrb=15342KB/s, minb=15342KB/s, maxb=15342KB/s, mint=54545msec, maxt=54545msec
  WRITE: io=211712KB, aggrb=3881KB/s, minb=3881KB/s, maxb=3881KB/s, mint=54545msec, maxt=54545msec

Disk stats (read/write):
    dm-3: ios=13064/3309, merge=0/0, ticks=354374/79811, in_queue=434357, util=99.88%, aggrios=12116/3235, aggrmerge=912/80, aggrticks=334163/79163, aggrin_queue=413946, aggrutil=99.84%
  sdb: ios=12116/3235, merge=912/80, ticks=334163/79163, in_queue=413946, util=99.84%
2017/03/17:17:21:20: /mnt/slowdev/fio_scratch complete.
2017/03/17:17:21:20: -----------------------
2017/03/17:17:21:20: RUNNING size 1G with blocksize 64k: /mnt/fastdev/fio_scratch
fast_1G_64k: (g=0): rw=randrw, bs=64K-64K/64K-64K/64K-64K, ioengine=libaio, iodepth=8
fio-2.2.8
Starting 1 process

fast_1G_64k: (groupid=0, jobs=1): err= 0: pid=10471: Fri Mar 17 17:21:25 2017
  read : io=836864KB, bw=190326KB/s, iops=2973, runt=  4397msec
    slat (usec): min=7, max=101, avg=19.90, stdev= 5.77
    clat (usec): min=353, max=8438, avg=2522.79, stdev=746.51
     lat (usec): min=370, max=8455, avg=2543.10, stdev=746.12
    clat percentiles (usec):
     |  1.00th=[  884],  5.00th=[ 1448], 10.00th=[ 1784], 20.00th=[ 2128],
     | 30.00th=[ 2224], 40.00th=[ 2416], 50.00th=[ 2480], 60.00th=[ 2512],
     | 70.00th=[ 2576], 80.00th=[ 2864], 90.00th=[ 3472], 95.00th=[ 3920],
     | 99.00th=[ 4960], 99.50th=[ 5472], 99.90th=[ 7008], 99.95th=[ 7328],
     | 99.99th=[ 8384]
    bw (KB  /s): min=187392, max=193280, per=99.88%, avg=190096.00, stdev=1818.50
  write: io=211712KB, bw=48149KB/s, iops=752, runt=  4397msec
    slat (usec): min=12, max=141, avg=26.95, stdev= 6.99
    clat (usec): min=340, max=1530, avg=528.98, stdev=113.74
     lat (usec): min=355, max=1544, avg=556.35, stdev=113.97
    clat percentiles (usec):
     |  1.00th=[  414],  5.00th=[  462], 10.00th=[  466], 20.00th=[  466],
     | 30.00th=[  470], 40.00th=[  478], 50.00th=[  502], 60.00th=[  510],
     | 70.00th=[  516], 80.00th=[  532], 90.00th=[  692], 95.00th=[  788],
     | 99.00th=[  996], 99.50th=[ 1128], 99.90th=[ 1208], 99.95th=[ 1512],
     | 99.99th=[ 1528]
    bw (KB  /s): min=44288, max=50560, per=99.33%, avg=47824.00, stdev=2718.68
    lat (usec) : 500=10.24%, 750=9.05%, 1000=2.30%
    lat (msec) : 2=11.71%, 4=63.26%, 10=3.45%
  cpu          : usr=0.64%, sys=14.65%, ctx=15827, majf=0, minf=32
  IO depths    : 1=0.1%, 2=0.1%, 4=0.1%, 8=100.0%, 16=0.0%, 32=0.0%, >=64=0.0%
     submit    : 0=0.0%, 4=100.0%, 8=0.0%, 16=0.0%, 32=0.0%, 64=0.0%, >=64=0.0%
     complete  : 0=0.0%, 4=100.0%, 8=0.1%, 16=0.0%, 32=0.0%, 64=0.0%, >=64=0.0%
     issued    : total=r=13076/w=3308/d=0, short=r=0/w=0/d=0, drop=r=0/w=0/d=0
     latency   : target=0, window=0, percentile=100.00%, depth=8

Run status group 0 (all jobs):
   READ: io=836864KB, aggrb=190326KB/s, minb=190326KB/s, maxb=190326KB/s, mint=4397msec, maxt=4397msec
  WRITE: io=211712KB, aggrb=48149KB/s, minb=48149KB/s, maxb=48149KB/s, mint=4397msec, maxt=4397msec

Disk stats (read/write):
    dm-4: ios=13008/3297, merge=0/0, ticks=32767/1748, in_queue=34520, util=97.79%, aggrios=13076/3310, aggrmerge=0/0, aggrticks=32919/1757, aggrin_queue=34658, aggrutil=97.35%
  nvme0n1: ios=13076/3310, merge=0/0, ticks=32919/1757, in_queue=34658, util=97.35%
2017/03/17:17:21:25: /mnt/fastdev/fio_scratch complete.
2017/03/17:17:21:25: -----------------------
2017/03/17:17:21:25: RUNNING size 10G with blocksize 64k: /mnt/slowdev/fio_scratch
slow_10G_64k: (g=0): rw=randrw, bs=64K-64K/64K-64K/64K-64K, ioengine=libaio, iodepth=8
fio-2.2.8
Starting 1 process

slow_10G_64k: (groupid=0, jobs=1): err= 0: pid=10488: Fri Mar 17 17:32:53 2017
  read : io=8176.4MB, bw=12215KB/s, iops=190, runt=685434msec
    slat (usec): min=7, max=145, avg=26.27, stdev= 5.93
    clat (msec): min=1, max=805, avg=34.24, stdev=30.63
     lat (msec): min=1, max=805, avg=34.26, stdev=30.63
    clat percentiles (msec):
     |  1.00th=[    3],  5.00th=[    3], 10.00th=[    6], 20.00th=[   15],
     | 30.00th=[   20], 40.00th=[   26], 50.00th=[   32], 60.00th=[   38],
     | 70.00th=[   44], 80.00th=[   52], 90.00th=[   63], 95.00th=[   73],
     | 99.00th=[   93], 99.50th=[  101], 99.90th=[  635], 99.95th=[  701],
     | 99.99th=[  742]
    bw (KB  /s): min=  748, max=19417, per=100.00%, avg=12316.41, stdev=2164.84
  write: io=2063.7MB, bw=3082.1KB/s, iops=48, runt=685434msec
    slat (usec): min=10, max=141, avg=31.89, stdev= 6.13
    clat (msec): min=1, max=790, avg=30.26, stdev=29.02
     lat (msec): min=1, max=790, avg=30.29, stdev=29.03
    clat percentiles (msec):
     |  1.00th=[    3],  5.00th=[    3], 10.00th=[    4], 20.00th=[   12],
     | 30.00th=[   16], 40.00th=[   22], 50.00th=[   27], 60.00th=[   33],
     | 70.00th=[   40], 80.00th=[   47], 90.00th=[   59], 95.00th=[   68],
     | 99.00th=[   86], 99.50th=[   96], 99.90th=[  277], 99.95th=[  693],
     | 99.99th=[  758]
    bw (KB  /s): min=  161, max= 6843, per=100.00%, avg=3110.02, stdev=816.90
    lat (msec) : 2=0.21%, 4=8.88%, 10=5.43%, 20=17.56%, 50=47.16%
    lat (msec) : 100=20.26%, 250=0.39%, 500=0.01%, 750=0.09%, 1000=0.01%
  cpu          : usr=0.09%, sys=2.49%, ctx=154180, majf=0, minf=28
  IO depths    : 1=0.1%, 2=0.1%, 4=0.1%, 8=100.0%, 16=0.0%, 32=0.0%, >=64=0.0%
     submit    : 0=0.0%, 4=100.0%, 8=0.0%, 16=0.0%, 32=0.0%, 64=0.0%, >=64=0.0%
     complete  : 0=0.0%, 4=100.0%, 8=0.1%, 16=0.0%, 32=0.0%, 64=0.0%, >=64=0.0%
     issued    : total=r=130822/w=33018/d=0, short=r=0/w=0/d=0, drop=r=0/w=0/d=0
     latency   : target=0, window=0, percentile=100.00%, depth=8

Run status group 0 (all jobs):
   READ: io=8176.4MB, aggrb=12215KB/s, minb=12215KB/s, maxb=12215KB/s, mint=685434msec, maxt=685434msec
  WRITE: io=2063.7MB, aggrb=3082KB/s, minb=3082KB/s, maxb=3082KB/s, mint=685434msec, maxt=685434msec

Disk stats (read/write):
    dm-3: ios=130812/33045, merge=0/0, ticks=4466782/1014782, in_queue=5481643, util=100.00%, aggrios=121942/32291, aggrmerge=8880/789, aggrticks=4236143/998947, aggrin_queue=5234798, aggrutil=100.00%
  sdb: ios=121942/32291, merge=8880/789, ticks=4236143/998947, in_queue=5234798, util=100.00%
2017/03/17:17:32:53: /mnt/slowdev/fio_scratch complete.
2017/03/17:17:32:53: -----------------------
2017/03/17:17:32:53: RUNNING size 10G with blocksize 64k: /mnt/fastdev/fio_scratch
fast_10G_64k: (g=0): rw=randrw, bs=64K-64K/64K-64K/64K-64K, ioengine=libaio, iodepth=8
fio-2.2.8
Starting 1 process

fast_10G_64k: (groupid=0, jobs=1): err= 0: pid=10611: Fri Mar 17 17:33:39 2017
  read : io=8176.4MB, bw=184985KB/s, iops=2890, runt= 45261msec
    slat (usec): min=7, max=186, avg=20.92, stdev= 5.90
    clat (usec): min=353, max=9024, avg=2598.95, stdev=776.84
     lat (usec): min=362, max=9039, avg=2620.30, stdev=776.68
    clat percentiles (usec):
     |  1.00th=[  652],  5.00th=[ 1288], 10.00th=[ 1656], 20.00th=[ 2160],
     | 30.00th=[ 2320], 40.00th=[ 2480], 50.00th=[ 2544], 60.00th=[ 2640],
     | 70.00th=[ 2800], 80.00th=[ 3120], 90.00th=[ 3568], 95.00th=[ 3920],
     | 99.00th=[ 4832], 99.50th=[ 5408], 99.90th=[ 6752], 99.95th=[ 7200],
     | 99.99th=[ 7904]
    bw (KB  /s): min=174976, max=189696, per=100.00%, avg=185033.96, stdev=2227.46
  write: io=2063.7MB, bw=46688KB/s, iops=729, runt= 45261msec
    slat (usec): min=10, max=153, avg=27.79, stdev= 6.59
    clat (usec): min=339, max=5335, avg=531.24, stdev=125.80
     lat (usec): min=353, max=5350, avg=559.50, stdev=125.74
    clat percentiles (usec):
     |  1.00th=[  394],  5.00th=[  462], 10.00th=[  466], 20.00th=[  466],
     | 30.00th=[  474], 40.00th=[  498], 50.00th=[  502], 60.00th=[  502],
     | 70.00th=[  516], 80.00th=[  540], 90.00th=[  684], 95.00th=[  788],
     | 99.00th=[ 1064], 99.50th=[ 1176], 99.90th=[ 1480], 99.95th=[ 1560],
     | 99.99th=[ 2224]
    bw (KB  /s): min=39168, max=53248, per=99.99%, avg=46684.44, stdev=2714.21
    lat (usec) : 500=9.89%, 750=9.72%, 1000=2.51%
    lat (msec) : 2=11.62%, 4=62.89%, 10=3.37%
  cpu          : usr=0.70%, sys=14.92%, ctx=159311, majf=0, minf=27
  IO depths    : 1=0.1%, 2=0.1%, 4=0.1%, 8=100.0%, 16=0.0%, 32=0.0%, >=64=0.0%
     submit    : 0=0.0%, 4=100.0%, 8=0.0%, 16=0.0%, 32=0.0%, 64=0.0%, >=64=0.0%
     complete  : 0=0.0%, 4=100.0%, 8=0.1%, 16=0.0%, 32=0.0%, 64=0.0%, >=64=0.0%
     issued    : total=r=130822/w=33018/d=0, short=r=0/w=0/d=0, drop=r=0/w=0/d=0
     latency   : target=0, window=0, percentile=100.00%, depth=8

Run status group 0 (all jobs):
   READ: io=8176.4MB, aggrb=184985KB/s, minb=184985KB/s, maxb=184985KB/s, mint=45261msec, maxt=45261msec
  WRITE: io=2063.7MB, aggrb=46688KB/s, minb=46688KB/s, maxb=46688KB/s, mint=45261msec, maxt=45261msec

Disk stats (read/write):
    dm-4: ios=130482/32927, merge=0/0, ticks=338915/17140, in_queue=356059, util=99.83%, aggrios=130822/33026, aggrmerge=0/0, aggrticks=339362/17140, aggrin_queue=356186, aggrutil=99.80%
  nvme0n1: ios=130822/33026, merge=0/0, ticks=339362/17140, in_queue=356186, util=99.80%
2017/03/17:17:33:40: /mnt/fastdev/fio_scratch complete.
2017/03/17:17:33:40: -----------------------
2017/03/17:17:33:40: Completed: LVM Device TESTING
2017/03/17:17:33:40: Starting: LVM TEARDOWN
2017/03/17:17:33:41: Completed: LVM TEARDOWN
2017/03/17:17:33:41: END runLVM.sh**********************
2017/03/17:17:33:41: runLVM.sh - Closed logfile: ./RESULTS/runLVM.sh_20170317-171559.log
