2017/03/17:12:13:06: runLVM.sh - Created logfile: ./RESULTS/runLVM.sh_20170317-121306.log
2017/03/17:12:13:06: Key variable values:
2017/03/17:12:13:06: > slowDEV=/dev/sdb - fastDEV=/dev/nvme0n1
2017/03/17:12:13:06: > fastSZ=12G - fastLV=lv_fast - fastVG=vg_fast
2017/03/17:12:13:06: > slowSZ=100G - slowLV=lv_slow - slowVG=vg_slow
2017/03/17:12:13:06: > slowLVPATH=/dev/vg_slow/lv_slow - fastLVPATH=/dev/vg_fast/lv_fast
2017/03/17:12:13:06: > slowSCRATCH=/mnt/slowdev/fio_scratch - fastSCRATCH=/mnt/fastdev/fio_scratch
2017/03/17:12:13:06: ---------------------------------
2017/03/17:12:13:07: Checking if /dev/sdb is in use, if yes abort
2017/03/17:12:13:07: Preparing /dev/sdb device partitions
Welcome to fdisk (util-linux 2.23.2).

Changes will remain in memory only, until you decide to write them.
Be careful before using the write command.


Command (m for help): 
Command (m for help): Partition type:
   p   primary (0 primary, 0 extended, 4 free)
   e   extended
Select (default p): Partition number (1-4, default 1): First sector (2048-625142447, default 2048): Using default value 2048
Last sector, +sectors or +size{K,M,G} (2048-625142447, default 625142447): Using default value 625142447
Partition 1 of type Linux and of size 298.1 GiB is set

Command (m for help): The partition table has been altered!

Calling ioctl() to re-read partition table.
Syncing disks.
2017/03/17:12:13:07: Removing parition: dev=/dev/sdb - partition=1
2017/03/17:12:13:07: Checking if /dev/nvme0n1 is in use, if yes abort
2017/03/17:12:13:07: Preparing /dev/nvme0n1 device partitions
Welcome to fdisk (util-linux 2.23.2).

Changes will remain in memory only, until you decide to write them.
Be careful before using the write command.


Command (m for help): 
Command (m for help): Partition type:
   p   primary (0 primary, 0 extended, 4 free)
   e   extended
Select (default p): Partition number (1-4, default 1): First sector (2048-250069679, default 2048): Using default value 2048
Last sector, +sectors or +size{K,M,G} (2048-250069679, default 250069679): Using default value 250069679
Partition 1 of type Linux and of size 119.2 GiB is set

Command (m for help): The partition table has been altered!

Calling ioctl() to re-read partition table.
Syncing disks.
2017/03/17:12:13:07: Removing parition: dev=/dev/nvme0n1 - partition=1
2017/03/17:12:13:07: Device checks complete - continuing...
2017/03/17:12:13:07: Starting: LVM SETUP
  LV      VG         Attr       LSize   Pool Origin Data%  Meta%  Move Log Cpy%Sync Convert Devices         
  home    rhel_ml110 -wi-ao----  90.17g                                                     /dev/sda2(2016) 
  root    rhel_ml110 -wi-ao----  50.00g                                                     /dev/sda2(25099)
  swap    rhel_ml110 -wi-ao----   7.88g                                                     /dev/sda2(0)    
  lv_fast vg_fast    -wi-ao----  12.00g                                                     /dev/nvme0n1(0) 
  lv_slow vg_slow    -wi-a----- 100.00g                                                     /dev/sdb(0)     
Filesystem                  1K-blocks    Used Available Use% Mounted on
/dev/mapper/rhel_ml110-root  52403200 4641080  47762120   9% /
devtmpfs                      3985584       0   3985584   0% /dev
tmpfs                         4001112      84   4001028   1% /dev/shm
tmpfs                         4001112    9084   3992028   1% /run
tmpfs                         4001112       0   4001112   0% /sys/fs/cgroup
/dev/sda1                     1038336  231872    806464  23% /boot
/dev/mapper/rhel_ml110-home  94501804   49972  94451832   1% /home
tmpfs                          800224      16    800208   1% /run/user/42
tmpfs                          800224       0    800224   0% /run/user/0
/dev/mapper/vg_slow-lv_slow 104806400   33040 104773360   1% /mnt/slowdev
/dev/mapper/vg_fast-lv_fast  12572672   33040  12539632   1% /mnt/fastdev
2017/03/17:12:13:09: Completed: LVM SETUP
2017/03/17:12:13:09: BEGIN: Write the scratch files
2017/03/17:12:13:09: COMPLETED: Write the scratch files
2017/03/17:12:13:09: Starting: LVM Device TESTING
2017/03/17:12:13:09: RUNNING size 1G with blocksize 64k: /mnt/slowdev/fio_scratch
slow_1G_64k: (g=0): rw=randrw, bs=64K-64K/64K-64K/64K-64K, ioengine=libaio, iodepth=8
fio-2.2.8
Starting 1 process
slow_1G_64k: Laying out IO file(s) (1 file(s) / 1024MB)

slow_1G_64k: (groupid=0, jobs=1): err= 0: pid=5281: Fri Mar 17 12:14:22 2017
  read : io=836864KB, bw=15689KB/s, iops=245, runt= 53340msec
    slat (usec): min=6, max=110, avg=19.31, stdev= 5.79
    clat (msec): min=1, max=641, avg=26.55, stdev=29.40
     lat (msec): min=1, max=641, avg=26.57, stdev=29.40
    clat percentiles (msec):
     |  1.00th=[    3],  5.00th=[    3], 10.00th=[    3], 20.00th=[    4],
     | 30.00th=[   10], 40.00th=[   13], 50.00th=[   19], 60.00th=[   24],
     | 70.00th=[   33], 80.00th=[   44], 90.00th=[   61], 95.00th=[   80],
     | 99.00th=[  126], 99.50th=[  147], 99.90th=[  212], 99.95th=[  269],
     | 99.99th=[  603]
    bw (KB  /s): min= 3229, max=20992, per=100.00%, avg=15723.69, stdev=2960.25
  write: io=211712KB, bw=3969.2KB/s, iops=62, runt= 53340msec
    slat (usec): min=9, max=104, avg=23.62, stdev= 6.23
    clat (msec): min=2, max=585, avg=23.89, stdev=30.28
     lat (msec): min=2, max=585, avg=23.92, stdev=30.28
    clat percentiles (msec):
     |  1.00th=[    3],  5.00th=[    3], 10.00th=[    3], 20.00th=[    4],
     | 30.00th=[    6], 40.00th=[   11], 50.00th=[   15], 60.00th=[   21],
     | 70.00th=[   29], 80.00th=[   39], 90.00th=[   54], 95.00th=[   75],
     | 99.00th=[  123], 99.50th=[  159], 99.90th=[  269], 99.95th=[  537],
     | 99.99th=[  586]
    bw (KB  /s): min=  978, max= 6324, per=100.00%, avg=3975.30, stdev=982.58
    lat (msec) : 2=0.13%, 4=20.86%, 10=12.54%, 20=21.31%, 50=30.84%
    lat (msec) : 100=12.01%, 250=2.23%, 500=0.04%, 750=0.05%
  cpu          : usr=1.07%, sys=2.13%, ctx=15348, majf=0, minf=50
  IO depths    : 1=0.1%, 2=0.1%, 4=0.1%, 8=100.0%, 16=0.0%, 32=0.0%, >=64=0.0%
     submit    : 0=0.0%, 4=100.0%, 8=0.0%, 16=0.0%, 32=0.0%, 64=0.0%, >=64=0.0%
     complete  : 0=0.0%, 4=100.0%, 8=0.1%, 16=0.0%, 32=0.0%, 64=0.0%, >=64=0.0%
     issued    : total=r=13076/w=3308/d=0, short=r=0/w=0/d=0, drop=r=0/w=0/d=0
     latency   : target=0, window=0, percentile=100.00%, depth=8

Run status group 0 (all jobs):
   READ: io=836864KB, aggrb=15689KB/s, minb=15689KB/s, maxb=15689KB/s, mint=53340msec, maxt=53340msec
  WRITE: io=211712KB, aggrb=3969KB/s, minb=3969KB/s, maxb=3969KB/s, mint=53340msec, maxt=53340msec

Disk stats (read/write):
    dm-3: ios=13064/3316, merge=0/0, ticks=345072/81335, in_queue=426571, util=99.89%, aggrios=12114/3242, aggrmerge=918/81, aggrticks=326187/80032, aggrin_queue=406701, aggrutil=99.86%
  sdb: ios=12114/3242, merge=918/81, ticks=326187/80032, in_queue=406701, util=99.86%
2017/03/17:12:14:22: /mnt/slowdev/fio_scratch complete.
1048576	/mnt/slowdev/fio_scratch
2017/03/17:12:14:22: -----------------------
2017/03/17:12:14:22: RUNNING size 1G with blocksize 64k: /mnt/fastdev/fio_scratch
fast_1G_64k: (g=0): rw=randrw, bs=64K-64K/64K-64K/64K-64K, ioengine=libaio, iodepth=8
fio-2.2.8
Starting 1 process
fast_1G_64k: Laying out IO file(s) (1 file(s) / 1024MB)

fast_1G_64k: (groupid=0, jobs=1): err= 0: pid=5325: Fri Mar 17 12:14:35 2017
  read : io=836864KB, bw=188525KB/s, iops=2945, runt=  4439msec
    slat (usec): min=7, max=187, avg=21.46, stdev= 5.95
    clat (usec): min=360, max=7934, avg=2544.44, stdev=723.27
     lat (usec): min=370, max=8016, avg=2566.34, stdev=723.17
    clat percentiles (usec):
     |  1.00th=[  660],  5.00th=[ 1288], 10.00th=[ 1672], 20.00th=[ 2160],
     | 30.00th=[ 2288], 40.00th=[ 2480], 50.00th=[ 2544], 60.00th=[ 2608],
     | 70.00th=[ 2672], 80.00th=[ 2928], 90.00th=[ 3440], 95.00th=[ 3824],
     | 99.00th=[ 4640], 99.50th=[ 5024], 99.90th=[ 6880], 99.95th=[ 7200],
     | 99.99th=[ 7712]
    bw (KB  /s): min=187136, max=190464, per=100.00%, avg=188688.00, stdev=1168.02
  write: io=211712KB, bw=47694KB/s, iops=745, runt=  4439msec
    slat (usec): min=12, max=127, avg=28.74, stdev= 6.91
    clat (usec): min=338, max=1495, avg=532.72, stdev=108.89
     lat (usec): min=355, max=1509, avg=561.94, stdev=108.62
    clat percentiles (usec):
     |  1.00th=[  414],  5.00th=[  462], 10.00th=[  466], 20.00th=[  466],
     | 30.00th=[  490], 40.00th=[  498], 50.00th=[  502], 60.00th=[  506],
     | 70.00th=[  524], 80.00th=[  548], 90.00th=[  668], 95.00th=[  780],
     | 99.00th=[ 1004], 99.50th=[ 1096], 99.90th=[ 1208], 99.95th=[ 1416],
     | 99.99th=[ 1496]
    bw (KB  /s): min=43264, max=50688, per=99.44%, avg=47424.00, stdev=2658.67
    lat (usec) : 500=9.66%, 750=10.03%, 1000=2.55%
    lat (msec) : 2=10.91%, 4=64.14%, 10=2.71%
  cpu          : usr=2.46%, sys=13.23%, ctx=15911, majf=0, minf=31
  IO depths    : 1=0.1%, 2=0.1%, 4=0.1%, 8=100.0%, 16=0.0%, 32=0.0%, >=64=0.0%
     submit    : 0=0.0%, 4=100.0%, 8=0.0%, 16=0.0%, 32=0.0%, 64=0.0%, >=64=0.0%
     complete  : 0=0.0%, 4=100.0%, 8=0.1%, 16=0.0%, 32=0.0%, 64=0.0%, >=64=0.0%
     issued    : total=r=13076/w=3308/d=0, short=r=0/w=0/d=0, drop=r=0/w=0/d=0
     latency   : target=0, window=0, percentile=100.00%, depth=8

Run status group 0 (all jobs):
   READ: io=836864KB, aggrb=188525KB/s, minb=188525KB/s, maxb=188525KB/s, mint=4439msec, maxt=4439msec
  WRITE: io=211712KB, aggrb=47693KB/s, minb=47693KB/s, maxb=47693KB/s, mint=4439msec, maxt=4439msec

Disk stats (read/write):
    dm-4: ios=12824/3236, merge=0/0, ticks=32528/1712, in_queue=34247, util=97.78%, aggrios=13076/3310, aggrmerge=0/0, aggrticks=33136/1756, aggrin_queue=34880, aggrutil=97.41%
  nvme0n1: ios=13076/3310, merge=0/0, ticks=33136/1756, in_queue=34880, util=97.41%
2017/03/17:12:14:35: /mnt/fastdev/fio_scratch complete.
1048576	/mnt/fastdev/fio_scratch
2017/03/17:12:14:35: -----------------------
2017/03/17:12:14:35: RUNNING size 10G with blocksize 64k: /mnt/slowdev/fio_scratch
slow_10G_64k: (g=0): rw=randrw, bs=64K-64K/64K-64K/64K-64K, ioengine=libaio, iodepth=8
fio-2.2.8
Starting 1 process
slow_10G_64k: Laying out IO file(s) (1 file(s) / 10240MB)

slow_10G_64k: (groupid=0, jobs=1): err= 0: pid=5371: Fri Mar 17 12:28:44 2017
  read : io=8176.4MB, bw=12276KB/s, iops=191, runt=682039msec
    slat (usec): min=7, max=148, avg=26.18, stdev= 5.90
    clat (msec): min=1, max=806, avg=34.01, stdev=30.36
     lat (msec): min=1, max=806, avg=34.04, stdev=30.36
    clat percentiles (msec):
     |  1.00th=[    3],  5.00th=[    3], 10.00th=[    6], 20.00th=[   15],
     | 30.00th=[   20], 40.00th=[   26], 50.00th=[   32], 60.00th=[   38],
     | 70.00th=[   44], 80.00th=[   52], 90.00th=[   63], 95.00th=[   72],
     | 99.00th=[   90], 99.50th=[   98], 99.90th=[  635], 99.95th=[  701],
     | 99.99th=[  766]
    bw (KB  /s): min=  573, max=18816, per=100.00%, avg=12384.86, stdev=2102.98
  write: io=2063.7MB, bw=3098.3KB/s, iops=48, runt=682039msec
    slat (usec): min=11, max=115, avg=31.88, stdev= 5.87
    clat (msec): min=1, max=772, avg=30.32, stdev=32.03
     lat (msec): min=1, max=772, avg=30.35, stdev=32.03
    clat percentiles (msec):
     |  1.00th=[    3],  5.00th=[    3], 10.00th=[    4], 20.00th=[   12],
     | 30.00th=[   16], 40.00th=[   21], 50.00th=[   27], 60.00th=[   33],
     | 70.00th=[   40], 80.00th=[   47], 90.00th=[   58], 95.00th=[   67],
     | 99.00th=[   85], 99.50th=[   93], 99.90th=[  668], 99.95th=[  709],
     | 99.99th=[  758]
    bw (KB  /s): min=   86, max= 5829, per=100.00%, avg=3128.04, stdev=786.85
    lat (msec) : 2=0.22%, 4=8.82%, 10=5.41%, 20=17.73%, 50=47.29%
    lat (msec) : 100=20.13%, 250=0.29%, 500=0.01%, 750=0.10%, 1000=0.02%
  cpu          : usr=0.90%, sys=1.69%, ctx=154188, majf=0, minf=27
  IO depths    : 1=0.1%, 2=0.1%, 4=0.1%, 8=100.0%, 16=0.0%, 32=0.0%, >=64=0.0%
     submit    : 0=0.0%, 4=100.0%, 8=0.0%, 16=0.0%, 32=0.0%, 64=0.0%, >=64=0.0%
     complete  : 0=0.0%, 4=100.0%, 8=0.1%, 16=0.0%, 32=0.0%, 64=0.0%, >=64=0.0%
     issued    : total=r=130822/w=33018/d=0, short=r=0/w=0/d=0, drop=r=0/w=0/d=0
     latency   : target=0, window=0, percentile=100.00%, depth=8

Run status group 0 (all jobs):
   READ: io=8176.4MB, aggrb=12275KB/s, minb=12275KB/s, maxb=12275KB/s, mint=682039msec, maxt=682039msec
  WRITE: io=2063.7MB, aggrb=3098KB/s, minb=3098KB/s, maxb=3098KB/s, mint=682039msec, maxt=682039msec

Disk stats (read/write):
    dm-3: ios=130820/33053, merge=0/0, ticks=4437720/1021749, in_queue=5459686, util=100.00%, aggrios=121947/32302, aggrmerge=8875/790, aggrticks=4208127/1003467, aggrin_queue=5211327, aggrutil=100.00%
  sdb: ios=121947/32302, merge=8875/790, ticks=4208127/1003467, in_queue=5211327, util=100.00%
2017/03/17:12:28:44: /mnt/slowdev/fio_scratch complete.
10485760	/mnt/slowdev/fio_scratch
2017/03/17:12:28:44: -----------------------
2017/03/17:12:28:44: RUNNING size 10G with blocksize 64k: /mnt/fastdev/fio_scratch
fast_10G_64k: (g=0): rw=randrw, bs=64K-64K/64K-64K/64K-64K, ioengine=libaio, iodepth=8
fio-2.2.8
Starting 1 process
fast_10G_64k: Laying out IO file(s) (1 file(s) / 10240MB)

fast_10G_64k: (groupid=0, jobs=1): err= 0: pid=5510: Fri Mar 17 12:30:41 2017
  read : io=8176.4MB, bw=186273KB/s, iops=2910, runt= 44948msec
    slat (usec): min=7, max=192, avg=21.48, stdev= 5.82
    clat (usec): min=357, max=10557, avg=2577.17, stdev=744.39
     lat (usec): min=366, max=10575, avg=2599.08, stdev=744.20
    clat percentiles (usec):
     |  1.00th=[  732],  5.00th=[ 1336], 10.00th=[ 1768], 20.00th=[ 2192],
     | 30.00th=[ 2320], 40.00th=[ 2480], 50.00th=[ 2544], 60.00th=[ 2608],
     | 70.00th=[ 2672], 80.00th=[ 2928], 90.00th=[ 3504], 95.00th=[ 3888],
     | 99.00th=[ 4896], 99.50th=[ 5536], 99.90th=[ 6880], 99.95th=[ 7392],
     | 99.99th=[ 9280]
    bw (KB  /s): min=180608, max=190848, per=100.00%, avg=186340.93, stdev=2362.14
  write: io=2063.7MB, bw=47013KB/s, iops=734, runt= 44948msec
    slat (usec): min=11, max=188, avg=28.75, stdev= 6.64
    clat (usec): min=270, max=6263, avg=534.53, stdev=124.95
     lat (usec): min=350, max=6304, avg=563.75, stdev=125.03
    clat percentiles (usec):
     |  1.00th=[  410],  5.00th=[  462], 10.00th=[  466], 20.00th=[  470],
     | 30.00th=[  482], 40.00th=[  498], 50.00th=[  502], 60.00th=[  506],
     | 70.00th=[  516], 80.00th=[  540], 90.00th=[  692], 95.00th=[  788],
     | 99.00th=[ 1080], 99.50th=[ 1176], 99.90th=[ 1512], 99.95th=[ 1560],
     | 99.99th=[ 1960]
    bw (KB  /s): min=39936, max=53888, per=99.93%, avg=46981.04, stdev=2656.51
    lat (usec) : 500=9.27%, 750=10.11%, 1000=2.39%
    lat (msec) : 2=10.28%, 4=64.66%, 10=3.28%, 20=0.01%
  cpu          : usr=2.81%, sys=13.20%, ctx=158995, majf=0, minf=26
  IO depths    : 1=0.1%, 2=0.1%, 4=0.1%, 8=100.0%, 16=0.0%, 32=0.0%, >=64=0.0%
     submit    : 0=0.0%, 4=100.0%, 8=0.0%, 16=0.0%, 32=0.0%, 64=0.0%, >=64=0.0%
     complete  : 0=0.0%, 4=100.0%, 8=0.1%, 16=0.0%, 32=0.0%, 64=0.0%, >=64=0.0%
     issued    : total=r=130822/w=33018/d=0, short=r=0/w=0/d=0, drop=r=0/w=0/d=0
     latency   : target=0, window=0, percentile=100.00%, depth=8

Run status group 0 (all jobs):
   READ: io=8176.4MB, aggrb=186273KB/s, minb=186273KB/s, maxb=186273KB/s, mint=44948msec, maxt=44948msec
  WRITE: io=2063.7MB, aggrb=47013KB/s, minb=47013KB/s, maxb=47013KB/s, mint=44948msec, maxt=44948msec

Disk stats (read/write):
    dm-4: ios=130822/33020, merge=0/0, ticks=336249/17585, in_queue=353841, util=99.80%, aggrios=130822/33024, aggrmerge=0/0, aggrticks=336001/17527, aggrin_queue=353431, aggrutil=99.76%
  nvme0n1: ios=130822/33024, merge=0/0, ticks=336001/17527, in_queue=353431, util=99.76%
2017/03/17:12:30:42: /mnt/fastdev/fio_scratch complete.
10485760	/mnt/fastdev/fio_scratch
2017/03/17:12:30:42: -----------------------
2017/03/17:12:30:42: Completed: LVM Device TESTING
2017/03/17:12:30:42: Starting: LVM TEARDOWN
2017/03/17:12:30:43: Completed: LVM TEARDOWN
2017/03/17:12:30:43: END runLVM.sh**********************
2017/03/17:12:30:43: runLVM.sh - Closed logfile: ./RESULTS/runLVM.sh_20170317-121306.log
