2017/03/16:16:39:17: runLVM.sh - Created logfile: ./RESULTS/runLVM.sh_20170316-163916.log
2017/03/16:16:39:17: Key variable values:
2017/03/16:16:39:17: > slowDEV=/dev/sdc - fastDEV=/dev/nvme0n1
2017/03/16:16:39:17: > fastSZ=20G - fastLV=lv_fast - fastVG=vg_fast
2017/03/16:16:39:17: > slowSZ=100G - slowLV=lv_slow - slowVG=vg_slow
2017/03/16:16:39:17: > slowLVPATH=/dev/vg_slow/lv_slow - fastLVPATH=/dev/vg_fast/lv_fast
2017/03/16:16:39:17: ---------------------------------
2017/03/16:16:39:17: Checking if /dev/sdc is in use, if yes abort
2017/03/16:16:39:17: Preparing /dev/sdc device partitions
Welcome to fdisk (util-linux 2.23.2).

Changes will remain in memory only, until you decide to write them.
Be careful before using the write command.


Command (m for help): 
Command (m for help): Partition type:
   p   primary (0 primary, 0 extended, 4 free)
   e   extended
Select (default p): Partition number (1-4, default 1): First sector (2048-240121727, default 2048): Using default value 2048
Last sector, +sectors or +size{K,M,G} (2048-240121727, default 240121727): Using default value 240121727
Partition 1 of type Linux and of size 114.5 GiB is set

Command (m for help): The partition table has been altered!

Calling ioctl() to re-read partition table.
Syncing disks.
2017/03/16:16:39:17: Removing parition: dev=/dev/sdc - partition=1
2017/03/16:16:39:17: Checking if /dev/nvme0n1 is in use, if yes abort
2017/03/16:16:39:17: Preparing /dev/nvme0n1 device partitions
Welcome to fdisk (util-linux 2.23.2).

Changes will remain in memory only, until you decide to write them.
Be careful before using the write command.


Command (m for help): 
Command (m for help): Partition type:
   p   primary (0 primary, 0 extended, 4 free)
   e   extended
Select (default p): Partition number (1-4, default 1): First sector (2048-250069679, default 2048): Using default value 2048
Last sector, +sectors or +size{K,M,G} (2048-250069679, default 250069679): Using default value 250069679
Partition 1 of type Linux and of size 119.2 GiB is set

Command (m for help): The partition table has been altered!

Calling ioctl() to re-read partition table.
Syncing disks.
2017/03/16:16:39:17: Removing parition: dev=/dev/nvme0n1 - partition=1
2017/03/16:16:39:17: Device checks complete - continuing...
2017/03/16:16:39:17: Starting: LVM SETUP
  LV      VG         Attr       LSize   Pool Origin Data%  Meta%  Move Log Cpy%Sync Convert Devices         
  home    rhel_ml110 -wi-ao----  90.17g                                                     /dev/sda2(2016) 
  root    rhel_ml110 -wi-ao----  50.00g                                                     /dev/sda2(25099)
  swap    rhel_ml110 -wi-ao----   7.88g                                                     /dev/sda2(0)    
  lv_fast vg_fast    -wi-ao----  20.00g                                                     /dev/nvme0n1(0) 
  lv_slow vg_slow    -wi-ao---- 100.00g                                                     /dev/sdc(0)     
Filesystem                  1K-blocks    Used Available Use% Mounted on
/dev/mapper/rhel_ml110-root  52403200 4640576  47762624   9% /
devtmpfs                      3985584       0   3985584   0% /dev
tmpfs                         4001112      84   4001028   1% /dev/shm
tmpfs                         4001112    9080   3992032   1% /run
tmpfs                         4001112       0   4001112   0% /sys/fs/cgroup
/dev/sda1                     1038336  231872    806464  23% /boot
/dev/mapper/rhel_ml110-home  94501804   49900  94451904   1% /home
tmpfs                          800224      16    800208   1% /run/user/42
tmpfs                          800224       0    800224   0% /run/user/0
/dev/mapper/vg_slow-lv_slow 104806400   32944 104773456   1% /mnt/slowdev
/dev/mapper/vg_fast-lv_fast  20961280   32944  20928336   1% /mnt/fastdev
2017/03/16:16:39:20: Completed: LVM SETUP
2017/03/16:16:39:20: Starting: LVM Device TESTING
2017/03/16:16:39:20: RUNNING size 1G with blocksize 4096k: /dev/vg_slow/lv_slow
slow_1G_4096k: (g=0): rw=randrw, bs=4M-4M/4M-4M/4M-4M, ioengine=libaio, iodepth=8
fio-2.2.8
Starting 1 process

slow_1G_4096k: (groupid=0, jobs=1): err= 0: pid=8499: Thu Mar 16 16:39:44 2017
  read : io=860160KB, bw=38629KB/s, iops=9, runt= 22267msec
    slat (usec): min=379, max=243019, avg=78273.43, stdev=32545.66
    clat (msec): min=96, max=1053, avg=611.38, stdev=165.31
     lat (msec): min=97, max=1178, avg=689.66, stdev=174.53
    clat percentiles (msec):
     |  1.00th=[  192],  5.00th=[  297], 10.00th=[  400], 20.00th=[  498],
     | 30.00th=[  545], 40.00th=[  586], 50.00th=[  611], 60.00th=[  652],
     | 70.00th=[  676], 80.00th=[  725], 90.00th=[  816], 95.00th=[  922],
     | 99.00th=[ 1020], 99.50th=[ 1029], 99.90th=[ 1057], 99.95th=[ 1057],
     | 99.99th=[ 1057]
    bw (KB  /s): min=14840, max=53592, per=97.49%, avg=37661.24, stdev=11420.41
  write: io=188416KB, bw=8461.7KB/s, iops=2, runt= 22267msec
    slat (usec): min=543, max=218208, avg=87102.39, stdev=41295.50
    clat (msec): min=254, max=1068, avg=620.80, stdev=185.66
     lat (msec): min=330, max=1149, avg=707.90, stdev=197.52
    clat percentiles (msec):
     |  1.00th=[  255],  5.00th=[  314], 10.00th=[  379], 20.00th=[  494],
     | 30.00th=[  515], 40.00th=[  578], 50.00th=[  594], 60.00th=[  619],
     | 70.00th=[  701], 80.00th=[  766], 90.00th=[  881], 95.00th=[  930],
     | 99.00th=[ 1074], 99.50th=[ 1074], 99.90th=[ 1074], 99.95th=[ 1074],
     | 99.99th=[ 1074]
    bw (KB  /s): min= 5333, max=32443, per=100.00%, avg=11565.67, stdev=7073.52
    lat (msec) : 100=0.39%, 250=1.56%, 500=19.53%, 750=60.94%, 1000=15.62%
    lat (msec) : 2000=1.95%
  cpu          : usr=0.10%, sys=0.59%, ctx=286, majf=0, minf=30
  IO depths    : 1=0.4%, 2=0.8%, 4=1.6%, 8=97.3%, 16=0.0%, 32=0.0%, >=64=0.0%
     submit    : 0=0.0%, 4=100.0%, 8=0.0%, 16=0.0%, 32=0.0%, 64=0.0%, >=64=0.0%
     complete  : 0=0.0%, 4=99.6%, 8=0.4%, 16=0.0%, 32=0.0%, 64=0.0%, >=64=0.0%
     issued    : total=r=210/w=46/d=0, short=r=0/w=0/d=0, drop=r=0/w=0/d=0
     latency   : target=0, window=0, percentile=100.00%, depth=8

Run status group 0 (all jobs):
   READ: io=860160KB, aggrb=38629KB/s, minb=38629KB/s, maxb=38629KB/s, mint=22267msec, maxt=22267msec
  WRITE: io=188416KB, aggrb=8461KB/s, minb=8461KB/s, maxb=8461KB/s, mint=22267msec, maxt=22267msec
2017/03/16:16:39:44: /dev/vg_slow/lv_slow complete.
0	/dev/vg_slow/lv_slow
2017/03/16:16:39:44: -----------------------
2017/03/16:16:39:44: RUNNING size 1G with blocksize 4096k: /dev/vg_fast/lv_fast
fast_1G_4096k: (g=0): rw=randrw, bs=4M-4M/4M-4M/4M-4M, ioengine=libaio, iodepth=8
fio-2.2.8
Starting 1 process

fast_1G_4096k: (groupid=0, jobs=1): err= 0: pid=8528: Thu Mar 16 16:39:50 2017
  read : io=860160KB, bw=167934KB/s, iops=40, runt=  5122msec
    slat (usec): min=429, max=611, avg=501.11, stdev=26.57
    clat (msec): min=20, max=279, avg=158.82, stdev=22.10
     lat (msec): min=20, max=280, avg=159.32, stdev=22.10
    clat percentiles (msec):
     |  1.00th=[   60],  5.00th=[  143], 10.00th=[  155], 20.00th=[  157],
     | 30.00th=[  157], 40.00th=[  159], 50.00th=[  159], 60.00th=[  159],
     | 70.00th=[  161], 80.00th=[  163], 90.00th=[  169], 95.00th=[  180],
     | 99.00th=[  223], 99.50th=[  239], 99.90th=[  281], 99.95th=[  281],
     | 99.99th=[  281]
    bw (KB  /s): min=138433, max=193893, per=100.00%, avg=169371.67, stdev=18738.50
  write: io=188416KB, bw=36786KB/s, iops=8, runt=  5122msec
    slat (usec): min=506, max=763, avg=649.57, stdev=48.63
    clat (msec): min=68, max=258, avg=158.81, stdev=23.93
     lat (msec): min=69, max=259, avg=159.46, stdev=23.93
    clat percentiles (msec):
     |  1.00th=[   70],  5.00th=[  143], 10.00th=[  155], 20.00th=[  157],
     | 30.00th=[  159], 40.00th=[  159], 50.00th=[  159], 60.00th=[  161],
     | 70.00th=[  163], 80.00th=[  163], 90.00th=[  167], 95.00th=[  172],
     | 99.00th=[  260], 99.50th=[  260], 99.90th=[  260], 99.95th=[  260],
     | 99.99th=[  260]
    bw (KB  /s): min=15906, max=65145, per=96.62%, avg=35542.56, stdev=14771.65
    lat (msec) : 50=0.78%, 100=1.95%, 250=96.48%, 500=0.78%
  cpu          : usr=0.33%, sys=2.44%, ctx=260, majf=0, minf=30
  IO depths    : 1=0.4%, 2=0.8%, 4=1.6%, 8=97.3%, 16=0.0%, 32=0.0%, >=64=0.0%
     submit    : 0=0.0%, 4=100.0%, 8=0.0%, 16=0.0%, 32=0.0%, 64=0.0%, >=64=0.0%
     complete  : 0=0.0%, 4=99.6%, 8=0.4%, 16=0.0%, 32=0.0%, 64=0.0%, >=64=0.0%
     issued    : total=r=210/w=46/d=0, short=r=0/w=0/d=0, drop=r=0/w=0/d=0
     latency   : target=0, window=0, percentile=100.00%, depth=8

Run status group 0 (all jobs):
   READ: io=860160KB, aggrb=167934KB/s, minb=167934KB/s, maxb=167934KB/s, mint=5122msec, maxt=5122msec
  WRITE: io=188416KB, aggrb=36785KB/s, minb=36785KB/s, maxb=36785KB/s, mint=5122msec, maxt=5122msec
2017/03/16:16:39:51: /dev/vg_fast/lv_fast complete.
0	/dev/vg_fast/lv_fast
2017/03/16:16:39:51: -----------------------
2017/03/16:16:39:51: RUNNING size 10G with blocksize 4096k: /dev/vg_slow/lv_slow
slow_10G_4096k: (g=0): rw=randrw, bs=4M-4M/4M-4M/4M-4M, ioengine=libaio, iodepth=8
fio-2.2.8
Starting 1 process

slow_10G_4096k: (groupid=0, jobs=1): err= 0: pid=8547: Thu Mar 16 16:43:38 2017
  read : io=8380.0MB, bw=38005KB/s, iops=9, runt=225791msec
    slat (usec): min=405, max=292187, avg=86012.48, stdev=31658.80
    clat (msec): min=124, max=1173, avg=625.11, stdev=153.14
     lat (msec): min=189, max=1270, avg=711.12, stdev=158.01
    clat percentiles (msec):
     |  1.00th=[  225],  5.00th=[  330], 10.00th=[  412], 20.00th=[  529],
     | 30.00th=[  578], 40.00th=[  603], 50.00th=[  627], 60.00th=[  660],
     | 70.00th=[  693], 80.00th=[  734], 90.00th=[  799], 95.00th=[  881],
     | 99.00th=[ 1029], 99.50th=[ 1057], 99.90th=[ 1139], 99.95th=[ 1139],
     | 99.99th=[ 1172]
    bw (KB  /s): min=14524, max=64503, per=100.00%, avg=38053.72, stdev=9177.73
  write: io=1860.0MB, bw=8435.5KB/s, iops=2, runt=225791msec
    slat (usec): min=589, max=229086, avg=86038.61, stdev=33638.37
    clat (msec): min=106, max=1072, avg=592.47, stdev=172.15
     lat (msec): min=217, max=1160, avg=678.51, stdev=178.94
    clat percentiles (msec):
     |  1.00th=[  178],  5.00th=[  265], 10.00th=[  334], 20.00th=[  449],
     | 30.00th=[  537], 40.00th=[  578], 50.00th=[  603], 60.00th=[  635],
     | 70.00th=[  676], 80.00th=[  717], 90.00th=[  791], 95.00th=[  881],
     | 99.00th=[  996], 99.50th=[ 1057], 99.90th=[ 1074], 99.95th=[ 1074],
     | 99.99th=[ 1074]
    bw (KB  /s): min= 5347, max=30971, per=100.00%, avg=11456.94, stdev=5405.42
    lat (msec) : 250=1.91%, 500=15.78%, 750=65.86%, 1000=15.31%, 2000=1.13%
  cpu          : usr=0.05%, sys=0.61%, ctx=2679, majf=0, minf=32
  IO depths    : 1=0.1%, 2=0.1%, 4=0.2%, 8=99.7%, 16=0.0%, 32=0.0%, >=64=0.0%
     submit    : 0=0.0%, 4=100.0%, 8=0.0%, 16=0.0%, 32=0.0%, 64=0.0%, >=64=0.0%
     complete  : 0=0.0%, 4=100.0%, 8=0.1%, 16=0.0%, 32=0.0%, 64=0.0%, >=64=0.0%
     issued    : total=r=2095/w=465/d=0, short=r=0/w=0/d=0, drop=r=0/w=0/d=0
     latency   : target=0, window=0, percentile=100.00%, depth=8

Run status group 0 (all jobs):
   READ: io=8380.0MB, aggrb=38004KB/s, minb=38004KB/s, maxb=38004KB/s, mint=225791msec, maxt=225791msec
  WRITE: io=1860.0MB, aggrb=8435KB/s, minb=8435KB/s, maxb=8435KB/s, mint=225791msec, maxt=225791msec
2017/03/16:16:43:38: /dev/vg_slow/lv_slow complete.
0	/dev/vg_slow/lv_slow
2017/03/16:16:43:38: -----------------------
2017/03/16:16:43:38: RUNNING size 10G with blocksize 4096k: /dev/vg_fast/lv_fast
fast_10G_4096k: (g=0): rw=randrw, bs=4M-4M/4M-4M/4M-4M, ioengine=libaio, iodepth=8
fio-2.2.8
Starting 1 process

fast_10G_4096k: (groupid=0, jobs=1): err= 0: pid=8607: Thu Mar 16 16:44:31 2017
  read : io=8380.0MB, bw=164907KB/s, iops=40, runt= 52036msec
    slat (usec): min=400, max=616, avg=505.25, stdev=25.85
    clat (msec): min=19, max=261, avg=162.05, stdev= 8.82
     lat (msec): min=20, max=261, avg=162.56, stdev= 8.82
    clat percentiles (msec):
     |  1.00th=[  153],  5.00th=[  155], 10.00th=[  157], 20.00th=[  159],
     | 30.00th=[  159], 40.00th=[  159], 50.00th=[  161], 60.00th=[  161],
     | 70.00th=[  165], 80.00th=[  167], 90.00th=[  172], 95.00th=[  176],
     | 99.00th=[  184], 99.50th=[  184], 99.90th=[  221], 99.95th=[  243],
     | 99.99th=[  262]
    bw (KB  /s): min=117476, max=205590, per=99.83%, avg=164625.09, stdev=17606.98
  write: io=1860.0MB, bw=36602KB/s, iops=8, runt= 52036msec
    slat (usec): min=488, max=783, avg=648.29, stdev=46.07
    clat (msec): min=70, max=280, avg=161.82, stdev=10.43
     lat (msec): min=71, max=281, avg=162.47, stdev=10.43
    clat percentiles (msec):
     |  1.00th=[  153],  5.00th=[  157], 10.00th=[  157], 20.00th=[  159],
     | 30.00th=[  159], 40.00th=[  159], 50.00th=[  161], 60.00th=[  163],
     | 70.00th=[  165], 80.00th=[  167], 90.00th=[  169], 95.00th=[  174],
     | 99.00th=[  180], 99.50th=[  182], 99.90th=[  281], 99.95th=[  281],
     | 99.99th=[  281]
    bw (KB  /s): min= 7953, max=65015, per=100.00%, avg=36986.88, stdev=14025.76
    lat (msec) : 20=0.04%, 50=0.04%, 100=0.23%, 250=99.61%, 500=0.08%
  cpu          : usr=0.24%, sys=2.50%, ctx=2564, majf=0, minf=31
  IO depths    : 1=0.1%, 2=0.1%, 4=0.2%, 8=99.7%, 16=0.0%, 32=0.0%, >=64=0.0%
     submit    : 0=0.0%, 4=100.0%, 8=0.0%, 16=0.0%, 32=0.0%, 64=0.0%, >=64=0.0%
     complete  : 0=0.0%, 4=100.0%, 8=0.1%, 16=0.0%, 32=0.0%, 64=0.0%, >=64=0.0%
     issued    : total=r=2095/w=465/d=0, short=r=0/w=0/d=0, drop=r=0/w=0/d=0
     latency   : target=0, window=0, percentile=100.00%, depth=8

Run status group 0 (all jobs):
   READ: io=8380.0MB, aggrb=164907KB/s, minb=164907KB/s, maxb=164907KB/s, mint=52036msec, maxt=52036msec
  WRITE: io=1860.0MB, aggrb=36602KB/s, minb=36602KB/s, maxb=36602KB/s, mint=52036msec, maxt=52036msec
2017/03/16:16:44:31: /dev/vg_fast/lv_fast complete.
0	/dev/vg_fast/lv_fast
2017/03/16:16:44:31: -----------------------
2017/03/16:16:44:31: Completed: LVM Device TESTING
2017/03/16:16:44:31: Starting: LVM TEARDOWN
2017/03/16:16:44:32: Completed: LVM TEARDOWN
2017/03/16:16:44:32: END runLVM.sh**********************
2017/03/16:16:44:32: runLVM.sh - Closed logfile: ./RESULTS/runLVM.sh_20170316-163916.log
