2017/03/16:16:51:00: runLVM.sh - Created logfile: ./RESULTS/runLVM.sh_20170316-165100.log
2017/03/16:16:51:00: Key variable values:
2017/03/16:16:51:00: > slowDEV=/dev/sdc - fastDEV=/dev/sdd
2017/03/16:16:51:00: > fastSZ=20G - fastLV=lv_fast - fastVG=vg_fast
2017/03/16:16:51:00: > slowSZ=100G - slowLV=lv_slow - slowVG=vg_slow
2017/03/16:16:51:00: > slowLVPATH=/dev/vg_slow/lv_slow - fastLVPATH=/dev/vg_fast/lv_fast
2017/03/16:16:51:00: ---------------------------------
2017/03/16:16:51:01: Checking if /dev/sdc is in use, if yes abort
2017/03/16:16:51:01: Preparing /dev/sdc device partitions
Welcome to fdisk (util-linux 2.23.2).

Changes will remain in memory only, until you decide to write them.
Be careful before using the write command.


Command (m for help): 
Command (m for help): Partition type:
   p   primary (0 primary, 0 extended, 4 free)
   e   extended
Select (default p): Partition number (1-4, default 1): First sector (2048-240121727, default 2048): Using default value 2048
Last sector, +sectors or +size{K,M,G} (2048-240121727, default 240121727): Using default value 240121727
Partition 1 of type Linux and of size 114.5 GiB is set

Command (m for help): The partition table has been altered!

Calling ioctl() to re-read partition table.
Syncing disks.
2017/03/16:16:51:01: Removing parition: dev=/dev/sdc - partition=1
2017/03/16:16:51:01: Checking if /dev/sdd is in use, if yes abort
2017/03/16:16:51:01: Preparing /dev/sdd device partitions
Welcome to fdisk (util-linux 2.23.2).

Changes will remain in memory only, until you decide to write them.
Be careful before using the write command.


Command (m for help): 
Command (m for help): Partition type:
   p   primary (0 primary, 0 extended, 4 free)
   e   extended
Select (default p): Partition number (1-4, default 1): First sector (2048-117231407, default 2048): Using default value 2048
Last sector, +sectors or +size{K,M,G} (2048-117231407, default 117231407): Using default value 117231407
Partition 1 of type Linux and of size 55.9 GiB is set

Command (m for help): The partition table has been altered!

Calling ioctl() to re-read partition table.
Syncing disks.
2017/03/16:16:51:01: Removing parition: dev=/dev/sdd - partition=1
2017/03/16:16:51:01: Device checks complete - continuing...
2017/03/16:16:51:01: Starting: LVM SETUP
  LV      VG         Attr       LSize   Pool Origin Data%  Meta%  Move Log Cpy%Sync Convert Devices         
  home    rhel_ml110 -wi-ao----  90.17g                                                     /dev/sda2(2016) 
  root    rhel_ml110 -wi-ao----  50.00g                                                     /dev/sda2(25099)
  swap    rhel_ml110 -wi-ao----   7.88g                                                     /dev/sda2(0)    
  lv_fast vg_fast    -wi-ao----  20.00g                                                     /dev/sdd(0)     
  lv_slow vg_slow    -wi-a----- 100.00g                                                     /dev/sdc(0)     
Filesystem                  1K-blocks    Used Available Use% Mounted on
/dev/mapper/rhel_ml110-root  52403200 4640668  47762532   9% /
devtmpfs                      3985584       0   3985584   0% /dev
tmpfs                         4001112      84   4001028   1% /dev/shm
tmpfs                         4001112    9080   3992032   1% /run
tmpfs                         4001112       0   4001112   0% /sys/fs/cgroup
/dev/sda1                     1038336  231872    806464  23% /boot
/dev/mapper/rhel_ml110-home  94501804   49916  94451888   1% /home
tmpfs                          800224      16    800208   1% /run/user/42
tmpfs                          800224       0    800224   0% /run/user/0
/dev/mapper/vg_slow-lv_slow 104806400   32944 104773456   1% /mnt/slowdev
/dev/mapper/vg_fast-lv_fast  20961280   32944  20928336   1% /mnt/fastdev
2017/03/16:16:51:05: Completed: LVM SETUP
2017/03/16:16:51:05: Starting: LVM Device TESTING
2017/03/16:16:51:05: RUNNING size 1G with blocksize 4096k: /dev/vg_slow/lv_slow
slow_1G_4096k: (g=0): rw=randrw, bs=4M-4M/4M-4M/4M-4M, ioengine=libaio, iodepth=8
fio-2.2.8
Starting 1 process

slow_1G_4096k: (groupid=0, jobs=1): err= 0: pid=8937: Thu Mar 16 16:51:29 2017
  read : io=860160KB, bw=38419KB/s, iops=9, runt= 22389msec
    slat (usec): min=389, max=171666, avg=77729.27, stdev=33842.42
    clat (msec): min=156, max=1110, avg=617.87, stdev=158.93
     lat (msec): min=197, max=1231, avg=695.60, stdev=164.01
    clat percentiles (msec):
     |  1.00th=[  202],  5.00th=[  338], 10.00th=[  416], 20.00th=[  510],
     | 30.00th=[  545], 40.00th=[  578], 50.00th=[  603], 60.00th=[  644],
     | 70.00th=[  693], 80.00th=[  734], 90.00th=[  840], 95.00th=[  865],
     | 99.00th=[  971], 99.50th=[ 1074], 99.90th=[ 1106], 99.95th=[ 1106],
     | 99.99th=[ 1106]
    bw (KB  /s): min=14422, max=56440, per=97.91%, avg=37616.41, stdev=10118.92
  write: io=188416KB, bw=8415.6KB/s, iops=2, runt= 22389msec
    slat (usec): min=636, max=234646, avg=86148.63, stdev=41009.42
    clat (msec): min=140, max=1040, avg=612.46, stdev=205.69
     lat (msec): min=141, max=1126, avg=698.61, stdev=217.73
    clat percentiles (msec):
     |  1.00th=[  141],  5.00th=[  260], 10.00th=[  359], 20.00th=[  486],
     | 30.00th=[  519], 40.00th=[  586], 50.00th=[  619], 60.00th=[  668],
     | 70.00th=[  717], 80.00th=[  775], 90.00th=[  889], 95.00th=[  922],
     | 99.00th=[ 1045], 99.50th=[ 1045], 99.90th=[ 1045], 99.95th=[ 1045],
     | 99.99th=[ 1045]
    bw (KB  /s): min= 5893, max=39689, per=100.00%, avg=10875.47, stdev=6948.34
    lat (msec) : 250=2.34%, 500=17.19%, 750=62.11%, 1000=17.19%, 2000=1.17%
  cpu          : usr=0.07%, sys=0.62%, ctx=282, majf=0, minf=30
  IO depths    : 1=0.4%, 2=0.8%, 4=1.6%, 8=97.3%, 16=0.0%, 32=0.0%, >=64=0.0%
     submit    : 0=0.0%, 4=100.0%, 8=0.0%, 16=0.0%, 32=0.0%, 64=0.0%, >=64=0.0%
     complete  : 0=0.0%, 4=99.6%, 8=0.4%, 16=0.0%, 32=0.0%, 64=0.0%, >=64=0.0%
     issued    : total=r=210/w=46/d=0, short=r=0/w=0/d=0, drop=r=0/w=0/d=0
     latency   : target=0, window=0, percentile=100.00%, depth=8

Run status group 0 (all jobs):
   READ: io=860160KB, aggrb=38418KB/s, minb=38418KB/s, maxb=38418KB/s, mint=22389msec, maxt=22389msec
  WRITE: io=188416KB, aggrb=8415KB/s, minb=8415KB/s, maxb=8415KB/s, mint=22389msec, maxt=22389msec
2017/03/16:16:51:29: /dev/vg_slow/lv_slow complete.
0	/dev/vg_slow/lv_slow
2017/03/16:16:51:29: -----------------------
2017/03/16:16:51:29: RUNNING size 1G with blocksize 4096k: /dev/vg_fast/lv_fast
fast_1G_4096k: (g=0): rw=randrw, bs=4M-4M/4M-4M/4M-4M, ioengine=libaio, iodepth=8
fio-2.2.8
Starting 1 process

fast_1G_4096k: (groupid=0, jobs=1): err= 0: pid=8958: Thu Mar 16 16:51:36 2017
  read : io=860160KB, bw=147061KB/s, iops=35, runt=  5849msec
    slat (usec): min=356, max=525, avg=420.00, stdev=24.53
    clat (msec): min=19, max=452, avg=179.05, stdev=96.57
     lat (msec): min=19, max=452, avg=179.47, stdev=96.57
    clat percentiles (msec):
     |  1.00th=[   35],  5.00th=[   39], 10.00th=[   51], 20.00th=[   82],
     | 30.00th=[  112], 40.00th=[  133], 50.00th=[  174], 60.00th=[  208],
     | 70.00th=[  243], 80.00th=[  273], 90.00th=[  302], 95.00th=[  338],
     | 99.00th=[  420], 99.50th=[  424], 99.90th=[  453], 99.95th=[  453],
     | 99.99th=[  453]
    bw (KB  /s): min=95942, max=195435, per=97.98%, avg=144084.00, stdev=28618.92
  write: io=188416KB, bw=32213KB/s, iops=7, runt=  5849msec
    slat (usec): min=419, max=772, avg=564.76, stdev=63.21
    clat (msec): min=43, max=484, avg=194.34, stdev=92.63
     lat (msec): min=43, max=484, avg=194.91, stdev=92.63
    clat percentiles (msec):
     |  1.00th=[   44],  5.00th=[   54], 10.00th=[   73], 20.00th=[  105],
     | 30.00th=[  129], 40.00th=[  157], 50.00th=[  202], 60.00th=[  235],
     | 70.00th=[  253], 80.00th=[  273], 90.00th=[  293], 95.00th=[  310],
     | 99.00th=[  486], 99.50th=[  486], 99.90th=[  486], 99.95th=[  486],
     | 99.99th=[  486]
    bw (KB  /s): min=15456, max=56552, per=97.96%, avg=31555.27, stdev=11971.96
    lat (msec) : 20=0.39%, 50=8.20%, 100=17.19%, 250=46.88%, 500=27.34%
  cpu          : usr=0.15%, sys=2.21%, ctx=259, majf=0, minf=30
  IO depths    : 1=0.4%, 2=0.8%, 4=1.6%, 8=97.3%, 16=0.0%, 32=0.0%, >=64=0.0%
     submit    : 0=0.0%, 4=100.0%, 8=0.0%, 16=0.0%, 32=0.0%, 64=0.0%, >=64=0.0%
     complete  : 0=0.0%, 4=99.6%, 8=0.4%, 16=0.0%, 32=0.0%, 64=0.0%, >=64=0.0%
     issued    : total=r=210/w=46/d=0, short=r=0/w=0/d=0, drop=r=0/w=0/d=0
     latency   : target=0, window=0, percentile=100.00%, depth=8

Run status group 0 (all jobs):
   READ: io=860160KB, aggrb=147061KB/s, minb=147061KB/s, maxb=147061KB/s, mint=5849msec, maxt=5849msec
  WRITE: io=188416KB, aggrb=32213KB/s, minb=32213KB/s, maxb=32213KB/s, mint=5849msec, maxt=5849msec
2017/03/16:16:51:36: /dev/vg_fast/lv_fast complete.
0	/dev/vg_fast/lv_fast
2017/03/16:16:51:36: -----------------------
2017/03/16:16:51:36: RUNNING size 10G with blocksize 4096k: /dev/vg_slow/lv_slow
slow_10G_4096k: (g=0): rw=randrw, bs=4M-4M/4M-4M/4M-4M, ioengine=libaio, iodepth=8
fio-2.2.8
Starting 1 process

slow_10G_4096k: (groupid=0, jobs=1): err= 0: pid=8979: Thu Mar 16 16:55:24 2017
  read : io=8380.0MB, bw=37968KB/s, iops=9, runt=226009msec
    slat (usec): min=408, max=241845, avg=84465.75, stdev=32385.72
    clat (msec): min=93, max=1238, avg=628.48, stdev=150.21
     lat (msec): min=127, max=1323, avg=712.95, stdev=154.86
    clat percentiles (msec):
     |  1.00th=[  235],  5.00th=[  343], 10.00th=[  437], 20.00th=[  537],
     | 30.00th=[  578], 40.00th=[  603], 50.00th=[  627], 60.00th=[  660],
     | 70.00th=[  693], 80.00th=[  734], 90.00th=[  807], 95.00th=[  865],
     | 99.00th=[ 1012], 99.50th=[ 1057], 99.90th=[ 1139], 99.95th=[ 1172],
     | 99.99th=[ 1237]
    bw (KB  /s): min=13234, max=62693, per=100.00%, avg=38006.11, stdev=8994.52
  write: io=1860.0MB, bw=8427.3KB/s, iops=2, runt=226009msec
    slat (usec): min=556, max=225317, avg=86746.01, stdev=31350.99
    clat (msec): min=39, max=1180, avg=587.23, stdev=179.15
     lat (msec): min=39, max=1263, avg=673.97, stdev=184.33
    clat percentiles (msec):
     |  1.00th=[  147],  5.00th=[  249], 10.00th=[  326], 20.00th=[  445],
     | 30.00th=[  523], 40.00th=[  570], 50.00th=[  611], 60.00th=[  644],
     | 70.00th=[  685], 80.00th=[  717], 90.00th=[  799], 95.00th=[  873],
     | 99.00th=[  971], 99.50th=[ 1004], 99.90th=[ 1188], 99.95th=[ 1188],
     | 99.99th=[ 1188]
    bw (KB  /s): min= 5979, max=32443, per=100.00%, avg=11330.53, stdev=5467.43
    lat (msec) : 50=0.04%, 100=0.12%, 250=2.11%, 500=14.92%, 750=66.05%
    lat (msec) : 1000=15.70%, 2000=1.05%
  cpu          : usr=0.05%, sys=0.62%, ctx=2730, majf=0, minf=32
  IO depths    : 1=0.1%, 2=0.1%, 4=0.2%, 8=99.7%, 16=0.0%, 32=0.0%, >=64=0.0%
     submit    : 0=0.0%, 4=100.0%, 8=0.0%, 16=0.0%, 32=0.0%, 64=0.0%, >=64=0.0%
     complete  : 0=0.0%, 4=100.0%, 8=0.1%, 16=0.0%, 32=0.0%, 64=0.0%, >=64=0.0%
     issued    : total=r=2095/w=465/d=0, short=r=0/w=0/d=0, drop=r=0/w=0/d=0
     latency   : target=0, window=0, percentile=100.00%, depth=8

Run status group 0 (all jobs):
   READ: io=8380.0MB, aggrb=37968KB/s, minb=37968KB/s, maxb=37968KB/s, mint=226009msec, maxt=226009msec
  WRITE: io=1860.0MB, aggrb=8427KB/s, minb=8427KB/s, maxb=8427KB/s, mint=226009msec, maxt=226009msec
2017/03/16:16:55:24: /dev/vg_slow/lv_slow complete.
0	/dev/vg_slow/lv_slow
2017/03/16:16:55:24: -----------------------
2017/03/16:16:55:24: RUNNING size 10G with blocksize 4096k: /dev/vg_fast/lv_fast
fast_10G_4096k: (g=0): rw=randrw, bs=4M-4M/4M-4M/4M-4M, ioengine=libaio, iodepth=8
fio-2.2.8
Starting 1 process

fast_10G_4096k: (groupid=0, jobs=1): err= 0: pid=9033: Thu Mar 16 16:56:25 2017
  read : io=8380.0MB, bw=144114KB/s, iops=35, runt= 59544msec
    slat (usec): min=308, max=498, avg=414.72, stdev=36.04
    clat (msec): min=17, max=545, avg=183.45, stdev=100.71
     lat (msec): min=17, max=545, avg=183.87, stdev=100.71
    clat percentiles (msec):
     |  1.00th=[   28],  5.00th=[   40], 10.00th=[   57], 20.00th=[   87],
     | 30.00th=[  114], 40.00th=[  143], 50.00th=[  176], 60.00th=[  202],
     | 70.00th=[  241], 80.00th=[  277], 90.00th=[  326], 95.00th=[  363],
     | 99.00th=[  429], 99.50th=[  445], 99.90th=[  502], 99.95th=[  515],
     | 99.99th=[  545]
    bw (KB  /s): min=78921, max=211301, per=100.00%, avg=144255.43, stdev=25270.66
  write: io=1860.0MB, bw=31987KB/s, iops=7, runt= 59544msec
    slat (usec): min=358, max=747, avg=554.67, stdev=64.86
    clat (msec): min=34, max=508, avg=195.13, stdev=101.13
     lat (msec): min=35, max=508, avg=195.68, stdev=101.13
    clat percentiles (msec):
     |  1.00th=[   42],  5.00th=[   50], 10.00th=[   72], 20.00th=[   94],
     | 30.00th=[  123], 40.00th=[  151], 50.00th=[  184], 60.00th=[  223],
     | 70.00th=[  253], 80.00th=[  297], 90.00th=[  330], 95.00th=[  367],
     | 99.00th=[  416], 99.50th=[  429], 99.90th=[  510], 99.95th=[  510],
     | 99.99th=[  510]
    bw (KB  /s): min= 8126, max=64377, per=100.00%, avg=32059.59, stdev=11801.94
    lat (msec) : 20=0.04%, 50=7.34%, 100=17.27%, 250=46.84%, 500=28.36%
    lat (msec) : 750=0.16%
  cpu          : usr=0.19%, sys=2.12%, ctx=2565, majf=0, minf=31
  IO depths    : 1=0.1%, 2=0.1%, 4=0.2%, 8=99.7%, 16=0.0%, 32=0.0%, >=64=0.0%
     submit    : 0=0.0%, 4=100.0%, 8=0.0%, 16=0.0%, 32=0.0%, 64=0.0%, >=64=0.0%
     complete  : 0=0.0%, 4=100.0%, 8=0.1%, 16=0.0%, 32=0.0%, 64=0.0%, >=64=0.0%
     issued    : total=r=2095/w=465/d=0, short=r=0/w=0/d=0, drop=r=0/w=0/d=0
     latency   : target=0, window=0, percentile=100.00%, depth=8

Run status group 0 (all jobs):
   READ: io=8380.0MB, aggrb=144113KB/s, minb=144113KB/s, maxb=144113KB/s, mint=59544msec, maxt=59544msec
  WRITE: io=1860.0MB, aggrb=31987KB/s, minb=31987KB/s, maxb=31987KB/s, mint=59544msec, maxt=59544msec
2017/03/16:16:56:25: /dev/vg_fast/lv_fast complete.
0	/dev/vg_fast/lv_fast
2017/03/16:16:56:25: -----------------------
2017/03/16:16:56:25: Completed: LVM Device TESTING
2017/03/16:16:56:25: Starting: LVM TEARDOWN
2017/03/16:16:56:26: Completed: LVM TEARDOWN
2017/03/16:16:56:26: END runLVM.sh**********************
2017/03/16:16:56:26: runLVM.sh - Closed logfile: ./RESULTS/runLVM.sh_20170316-165100.log
