2017/03/14:19:56:37: runLVM.sh - Created logfile: ./RESULTS/runLVM.sh_20170314-195637.log
2017/03/14:19:56:37: Key variable values:
2017/03/14:19:56:37: > slowDEV=/dev/sdb - fastDEV=/dev/nvme0n1
2017/03/14:19:56:37: > fastSZ=20G - fastLV=lv_fast - fastVG=vg_fast
2017/03/14:19:56:37: > slowSZ=200G - slowLV=lv_slow - slowVG=vg_slow
2017/03/14:19:56:37: ---------------------------------
2017/03/14:19:56:37: Checking if /dev/sdb is in use, if yes abort
2017/03/14:19:56:37: Preparing /dev/sdb device partitions
Welcome to fdisk (util-linux 2.23.2).

Changes will remain in memory only, until you decide to write them.
Be careful before using the write command.


Command (m for help): 
Command (m for help): Partition type:
   p   primary (0 primary, 0 extended, 4 free)
   e   extended
Select (default p): Partition number (1-4, default 1): First sector (2048-625142447, default 2048): Using default value 2048
Last sector, +sectors or +size{K,M,G} (2048-625142447, default 625142447): Using default value 625142447
Partition 1 of type Linux and of size 298.1 GiB is set

Command (m for help): The partition table has been altered!

Calling ioctl() to re-read partition table.
Syncing disks.
2017/03/14:19:56:37: Removing parition: dev=/dev/sdb - partition=1
2017/03/14:19:56:38: Checking if /dev/nvme0n1 is in use, if yes abort
2017/03/14:19:56:38: Preparing /dev/nvme0n1 device partitions
Welcome to fdisk (util-linux 2.23.2).

Changes will remain in memory only, until you decide to write them.
Be careful before using the write command.


Command (m for help): 
Command (m for help): Partition type:
   p   primary (0 primary, 0 extended, 4 free)
   e   extended
Select (default p): Partition number (1-4, default 1): First sector (2048-250069679, default 2048): Using default value 2048
Last sector, +sectors or +size{K,M,G} (2048-250069679, default 250069679): Using default value 250069679
Partition 1 of type Linux and of size 119.2 GiB is set

Command (m for help): The partition table has been altered!

Calling ioctl() to re-read partition table.
Syncing disks.
2017/03/14:19:56:38: Removing parition: dev=/dev/nvme0n1 - partition=1
2017/03/14:19:56:38: Device checks complete - continuing...
2017/03/14:19:56:38: Starting: LVM SETUP
  LV      VG         Attr       LSize   Pool Origin Data%  Meta%  Move Log Cpy%Sync Convert Devices         
  home    rhel_ml110 -wi-ao----  90.17g                                                     /dev/sda2(2016) 
  root    rhel_ml110 -wi-ao----  50.00g                                                     /dev/sda2(25099)
  swap    rhel_ml110 -wi-ao----   7.88g                                                     /dev/sda2(0)    
  lv_fast vg_fast    -wi-ao----  20.00g                                                     /dev/nvme0n1(0) 
  lv_slow vg_slow    -wi-a----- 200.00g                                                     /dev/sdb(0)     
Filesystem                  1K-blocks    Used Available Use% Mounted on
/dev/mapper/rhel_ml110-root  52403200 4639584  47763616   9% /
devtmpfs                      3985584       0   3985584   0% /dev
tmpfs                         4001112      84   4001028   1% /dev/shm
tmpfs                         4001112    9084   3992028   1% /run
tmpfs                         4001112       0   4001112   0% /sys/fs/cgroup
/dev/sda1                     1038336  231872    806464  23% /boot
/dev/mapper/rhel_ml110-home  94501804   49788  94452016   1% /home
tmpfs                          800224      16    800208   1% /run/user/42
tmpfs                          800224       0    800224   0% /run/user/0
/dev/mapper/vg_slow-lv_slow 209612800   32944 209579856   1% /mnt/slowdev
/dev/mapper/vg_fast-lv_fast  20961280   32944  20928336   1% /mnt/fastdev
2017/03/14:19:56:41: Completed: LVM SETUP
2017/03/14:19:56:41: Starting: LVM Device TESTING
2017/03/14:19:56:41: RUNNING size 1G with blocksize 4096k: /mnt/slowdev/fiodir
slow_1G_4096k: (g=0): rw=randrw, bs=4M-4M/4M-4M/4M-4M, ioengine=sync, iodepth=1
fio-2.2.8
Starting 1 process

slow_1G_4096k: (groupid=0, jobs=1): err= 0: pid=12036: Tue Mar 14 19:57:01 2017
  read : io=860160KB, bw=46619KB/s, iops=11, runt= 18451msec
    clat (msec): min=55, max=120, avg=70.95, stdev= 7.40
     lat (msec): min=55, max=120, avg=70.95, stdev= 7.40
    clat percentiles (msec):
     |  1.00th=[   59],  5.00th=[   62], 10.00th=[   64], 20.00th=[   67],
     | 30.00th=[   68], 40.00th=[   70], 50.00th=[   71], 60.00th=[   72],
     | 70.00th=[   74], 80.00th=[   76], 90.00th=[   79], 95.00th=[   84],
     | 99.00th=[   94], 99.50th=[   99], 99.90th=[  121], 99.95th=[  121],
     | 99.99th=[  121]
    bw (KB  /s): min=23450, max=61709, per=99.90%, avg=46569.56, stdev=8720.97
  write: io=188416KB, bw=10212KB/s, iops=2, runt= 18451msec
    clat (msec): min=59, max=148, avg=76.88, stdev=17.38
     lat (msec): min=59, max=148, avg=77.04, stdev=17.37
    clat percentiles (msec):
     |  1.00th=[   60],  5.00th=[   61], 10.00th=[   62], 20.00th=[   67],
     | 30.00th=[   68], 40.00th=[   69], 50.00th=[   71], 60.00th=[   74],
     | 70.00th=[   77], 80.00th=[   94], 90.00th=[  100], 95.00th=[  106],
     | 99.00th=[  149], 99.50th=[  149], 99.90th=[  149], 99.95th=[  149],
     | 99.99th=[  149]
    bw (KB  /s): min= 7198, max=31267, per=100.00%, avg=12116.07, stdev=6138.66
    lat (msec) : 100=98.05%, 250=1.95%
  cpu          : usr=0.03%, sys=0.62%, ctx=258, majf=0, minf=33
  IO depths    : 1=100.0%, 2=0.0%, 4=0.0%, 8=0.0%, 16=0.0%, 32=0.0%, >=64=0.0%
     submit    : 0=0.0%, 4=100.0%, 8=0.0%, 16=0.0%, 32=0.0%, 64=0.0%, >=64=0.0%
     complete  : 0=0.0%, 4=100.0%, 8=0.0%, 16=0.0%, 32=0.0%, 64=0.0%, >=64=0.0%
     issued    : total=r=210/w=46/d=0, short=r=0/w=0/d=0, drop=r=0/w=0/d=0
     latency   : target=0, window=0, percentile=100.00%, depth=1

Run status group 0 (all jobs):
   READ: io=860160KB, aggrb=46618KB/s, minb=46618KB/s, maxb=46618KB/s, mint=18451msec, maxt=18451msec
  WRITE: io=188416KB, aggrb=10211KB/s, minb=10211KB/s, maxb=10211KB/s, mint=18451msec, maxt=18451msec

Disk stats (read/write):
  sdb: ios=1699/369, merge=0/0, ticks=72395/16162, in_queue=88565, util=99.11%
2017/03/14:19:57:01: /mnt/slowdev/fiodir complete.
0	/mnt/slowdev/fiodir
2017/03/14:19:57:01: -----------------------
2017/03/14:19:57:01: RUNNING size 1G with blocksize 4096k: /mnt/fastdev/fiodir
fast_1G_4096k: (g=0): rw=randrw, bs=4M-4M/4M-4M/4M-4M, ioengine=sync, iodepth=1
fio-2.2.8
Starting 1 process

fast_1G_4096k: (groupid=0, jobs=1): err= 0: pid=12059: Tue Mar 14 19:57:08 2017
  read : io=860160KB, bw=155292KB/s, iops=37, runt=  5539msec
    clat (msec): min=20, max=33, avg=20.97, stdev= 2.10
     lat (msec): min=20, max=33, avg=20.97, stdev= 2.10
    clat percentiles (usec):
     |  1.00th=[20352],  5.00th=[20352], 10.00th=[20352], 20.00th=[20352],
     | 30.00th=[20352], 40.00th=[20352], 50.00th=[20352], 60.00th=[20608],
     | 70.00th=[20608], 80.00th=[20608], 90.00th=[20608], 95.00th=[24704],
     | 99.00th=[30336], 99.50th=[30336], 99.90th=[33024], 99.95th=[33024],
     | 99.99th=[33024]
    bw (KB  /s): min=129262, max=171346, per=100.00%, avg=156291.80, stdev=11934.14
  write: io=188416KB, bw=34016KB/s, iops=8, runt=  5539msec
    clat (usec): min=24241, max=24490, avg=24410.15, stdev=40.44
     lat (usec): min=24411, max=24660, avg=24570.54, stdev=47.37
    clat percentiles (usec):
     |  1.00th=[24192],  5.00th=[24448], 10.00th=[24448], 20.00th=[24448],
     | 30.00th=[24448], 40.00th=[24448], 50.00th=[24448], 60.00th=[24448],
     | 70.00th=[24448], 80.00th=[24448], 90.00th=[24448], 95.00th=[24448],
     | 99.00th=[24448], 99.50th=[24448], 99.90th=[24448], 99.95th=[24448],
     | 99.99th=[24448]
    bw (KB  /s): min=23540, max=56552, per=99.13%, avg=33719.80, stdev=10069.54
    lat (msec) : 50=100.00%
  cpu          : usr=0.14%, sys=2.69%, ctx=259, majf=0, minf=31
  IO depths    : 1=100.0%, 2=0.0%, 4=0.0%, 8=0.0%, 16=0.0%, 32=0.0%, >=64=0.0%
     submit    : 0=0.0%, 4=100.0%, 8=0.0%, 16=0.0%, 32=0.0%, 64=0.0%, >=64=0.0%
     complete  : 0=0.0%, 4=100.0%, 8=0.0%, 16=0.0%, 32=0.0%, 64=0.0%, >=64=0.0%
     issued    : total=r=210/w=46/d=0, short=r=0/w=0/d=0, drop=r=0/w=0/d=0
     latency   : target=0, window=0, percentile=100.00%, depth=1

Run status group 0 (all jobs):
   READ: io=860160KB, aggrb=155291KB/s, minb=155291KB/s, maxb=155291KB/s, mint=5539msec, maxt=5539msec
  WRITE: io=188416KB, aggrb=34016KB/s, minb=34016KB/s, maxb=34016KB/s, mint=5539msec, maxt=5539msec

Disk stats (read/write):
  nvme0n1: ios=6758/1473, merge=0/0, ticks=72980/18149, in_queue=91127, util=96.91%
2017/03/14:19:57:08: /mnt/fastdev/fiodir complete.
0	/mnt/fastdev/fiodir
2017/03/14:19:57:08: -----------------------
2017/03/14:19:57:08: RUNNING size 10G with blocksize 4096k: /mnt/slowdev/fiodir
slow_10G_4096k: (g=0): rw=randrw, bs=4M-4M/4M-4M/4M-4M, ioengine=sync, iodepth=1
fio-2.2.8
Starting 1 process

slow_10G_4096k: (groupid=0, jobs=1): err= 0: pid=12080: Tue Mar 14 20:00:18 2017
  read : io=8380.0MB, bw=45504KB/s, iops=11, runt=188578msec
    clat (msec): min=41, max=175, avg=73.12, stdev= 8.93
     lat (msec): min=41, max=175, avg=73.13, stdev= 8.93
    clat percentiles (msec):
     |  1.00th=[   50],  5.00th=[   60], 10.00th=[   65], 20.00th=[   69],
     | 30.00th=[   71], 40.00th=[   73], 50.00th=[   74], 60.00th=[   75],
     | 70.00th=[   77], 80.00th=[   78], 90.00th=[   81], 95.00th=[   83],
     | 99.00th=[  103], 99.50th=[  122], 99.90th=[  137], 99.95th=[  145],
     | 99.99th=[  176]
    bw (KB  /s): min=21710, max=71608, per=100.00%, avg=45547.22, stdev=8598.76
  write: io=1860.0MB, bw=10100KB/s, iops=2, runt=188578msec
    clat (msec): min=59, max=126, avg=75.93, stdev=12.77
     lat (msec): min=59, max=126, avg=76.06, stdev=12.77
    clat percentiles (msec):
     |  1.00th=[   62],  5.00th=[   65], 10.00th=[   67], 20.00th=[   69],
     | 30.00th=[   70], 40.00th=[   71], 50.00th=[   73], 60.00th=[   74],
     | 70.00th=[   76], 80.00th=[   80], 90.00th=[   95], 95.00th=[  105],
     | 99.00th=[  122], 99.50th=[  124], 99.90th=[  127], 99.95th=[  127],
     | 99.99th=[  127]
    bw (KB  /s): min= 6781, max=32379, per=100.00%, avg=12614.29, stdev=5867.32
    lat (msec) : 50=0.82%, 100=96.68%, 250=2.50%
  cpu          : usr=0.04%, sys=0.53%, ctx=2566, majf=0, minf=33
  IO depths    : 1=100.0%, 2=0.0%, 4=0.0%, 8=0.0%, 16=0.0%, 32=0.0%, >=64=0.0%
     submit    : 0=0.0%, 4=100.0%, 8=0.0%, 16=0.0%, 32=0.0%, 64=0.0%, >=64=0.0%
     complete  : 0=0.0%, 4=100.0%, 8=0.0%, 16=0.0%, 32=0.0%, 64=0.0%, >=64=0.0%
     issued    : total=r=2095/w=465/d=0, short=r=0/w=0/d=0, drop=r=0/w=0/d=0
     latency   : target=0, window=0, percentile=100.00%, depth=1

Run status group 0 (all jobs):
   READ: io=8380.0MB, aggrb=45504KB/s, minb=45504KB/s, maxb=45504KB/s, mint=188578msec, maxt=188578msec
  WRITE: io=1860.0MB, aggrb=10100KB/s, minb=10100KB/s, maxb=10100KB/s, mint=188578msec, maxt=188578msec

Disk stats (read/write):
  sdb: ios=16780/3735, merge=0/7, ticks=764170/166590, in_queue=930732, util=99.66%
2017/03/14:20:00:18: /mnt/slowdev/fiodir complete.
0	/mnt/slowdev/fiodir
2017/03/14:20:00:18: -----------------------
2017/03/14:20:00:18: RUNNING size 10G with blocksize 4096k: /mnt/fastdev/fiodir
fast_10G_4096k: (g=0): rw=randrw, bs=4M-4M/4M-4M/4M-4M, ioengine=sync, iodepth=1
fio-2.2.8
Starting 1 process

fast_10G_4096k: (groupid=0, jobs=1): err= 0: pid=12157: Tue Mar 14 20:01:15 2017
  read : io=8380.0MB, bw=153555KB/s, iops=37, runt= 55883msec
    clat (msec): min=20, max=36, avg=21.23, stdev= 2.34
     lat (msec): min=20, max=36, avg=21.23, stdev= 2.34
    clat percentiles (usec):
     |  1.00th=[20352],  5.00th=[20352], 10.00th=[20352], 20.00th=[20352],
     | 30.00th=[20352], 40.00th=[20608], 50.00th=[20608], 60.00th=[20608],
     | 70.00th=[20608], 80.00th=[20608], 90.00th=[23936], 95.00th=[28032],
     | 99.00th=[31104], 99.50th=[32128], 99.90th=[33024], 99.95th=[34560],
     | 99.99th=[36096]
    bw (KB  /s): min=112000, max=187665, per=100.00%, avg=153639.34, stdev=16954.75
  write: io=1860.0MB, bw=34083KB/s, iops=8, runt= 55883msec
    clat (usec): min=23662, max=24448, avg=24357.82, stdev=58.59
     lat (usec): min=23842, max=24613, avg=24511.11, stdev=67.84
    clat percentiles (usec):
     |  1.00th=[24192],  5.00th=[24192], 10.00th=[24192], 20.00th=[24448],
     | 30.00th=[24448], 40.00th=[24448], 50.00th=[24448], 60.00th=[24448],
     | 70.00th=[24448], 80.00th=[24448], 90.00th=[24448], 95.00th=[24448],
     | 99.00th=[24448], 99.50th=[24448], 99.90th=[24448], 99.95th=[24448],
     | 99.99th=[24448]
    bw (KB  /s): min= 8143, max=65536, per=100.00%, avg=34176.81, stdev=12842.67
    lat (msec) : 50=100.00%
  cpu          : usr=0.15%, sys=1.99%, ctx=2564, majf=0, minf=32
  IO depths    : 1=100.0%, 2=0.0%, 4=0.0%, 8=0.0%, 16=0.0%, 32=0.0%, >=64=0.0%
     submit    : 0=0.0%, 4=100.0%, 8=0.0%, 16=0.0%, 32=0.0%, 64=0.0%, >=64=0.0%
     complete  : 0=0.0%, 4=100.0%, 8=0.0%, 16=0.0%, 32=0.0%, 64=0.0%, >=64=0.0%
     issued    : total=r=2095/w=465/d=0, short=r=0/w=0/d=0, drop=r=0/w=0/d=0
     latency   : target=0, window=0, percentile=100.00%, depth=1

Run status group 0 (all jobs):
   READ: io=8380.0MB, aggrb=153555KB/s, minb=153555KB/s, maxb=153555KB/s, mint=55883msec, maxt=55883msec
  WRITE: io=1860.0MB, aggrb=34082KB/s, minb=34082KB/s, maxb=34082KB/s, mint=55883msec, maxt=55883msec

Disk stats (read/write):
  nvme0n1: ios=67078/14892, merge=0/5, ticks=748651/184312, in_queue=932954, util=99.00%
2017/03/14:20:01:15: /mnt/fastdev/fiodir complete.
0	/mnt/fastdev/fiodir
2017/03/14:20:01:15: -----------------------
2017/03/14:20:01:15: Completed: LVM Device TESTING
2017/03/14:20:01:15: Starting: LVM TEARDOWN
