2017/03/14:15:04:10: runLVM.sh - Created logfile: ./RESULTS/runLVM.sh_20170314-150410.log
2017/03/14:15:04:10: Key variable values:
2017/03/14:15:04:10: > slowDEV=/dev/sdb - fastDEV=/dev/nvme0n1
2017/03/14:15:04:10: > fastSZ=20G - fastLV=lv_fast - fastVG=vg_fast
2017/03/14:15:04:10: > slowSZ=200G - slowLV=lv_slow - slowVG=vg_slow
2017/03/14:15:04:10: ---------------------------------
2017/03/14:15:04:10: Checking if /dev/sdb is in use, if yes abort
2017/03/14:15:04:10: Preparing /dev/sdb device partitions
Welcome to fdisk (util-linux 2.23.2).

Changes will remain in memory only, until you decide to write them.
Be careful before using the write command.


Command (m for help): 
Command (m for help): Partition type:
   p   primary (0 primary, 0 extended, 4 free)
   e   extended
Select (default p): Partition number (1-4, default 1): First sector (2048-625142447, default 2048): Using default value 2048
Last sector, +sectors or +size{K,M,G} (2048-625142447, default 625142447): Using default value 625142447
Partition 1 of type Linux and of size 298.1 GiB is set

Command (m for help): The partition table has been altered!

Calling ioctl() to re-read partition table.
Syncing disks.
2017/03/14:15:04:10: Removing parition: dev=/dev/sdb - partition=1
2017/03/14:15:04:10: Checking if /dev/nvme0n1 is in use, if yes abort
2017/03/14:15:04:10: Preparing /dev/nvme0n1 device partitions
Welcome to fdisk (util-linux 2.23.2).

Changes will remain in memory only, until you decide to write them.
Be careful before using the write command.


Command (m for help): 
Command (m for help): Partition type:
   p   primary (0 primary, 0 extended, 4 free)
   e   extended
Select (default p): Partition number (1-4, default 1): First sector (2048-250069679, default 2048): Using default value 2048
Last sector, +sectors or +size{K,M,G} (2048-250069679, default 250069679): Using default value 250069679
Partition 1 of type Linux and of size 119.2 GiB is set

Command (m for help): The partition table has been altered!

Calling ioctl() to re-read partition table.
Syncing disks.
2017/03/14:15:04:10: Removing parition: dev=/dev/nvme0n1 - partition=1
2017/03/14:15:04:10: Device checks complete - continuing...
2017/03/14:15:04:10: Starting: LVM SETUP
  LV      VG         Attr       LSize   Pool Origin Data%  Meta%  Move Log Cpy%Sync Convert Devices         
  home    rhel_ml110 -wi-ao----  90.17g                                                     /dev/sda2(2016) 
  root    rhel_ml110 -wi-ao----  50.00g                                                     /dev/sda2(25099)
  swap    rhel_ml110 -wi-ao----   7.88g                                                     /dev/sda2(0)    
  lv_fast vg_fast    -wi-ao----  20.00g                                                     /dev/nvme0n1(0) 
  lv_slow vg_slow    -wi-a----- 200.00g                                                     /dev/sdb(0)     
Filesystem                  1K-blocks    Used Available Use% Mounted on
/dev/mapper/rhel_ml110-root  52403200 4639808  47763392   9% /
devtmpfs                      3985584       0   3985584   0% /dev
tmpfs                         4001112      84   4001028   1% /dev/shm
tmpfs                         4001112    9084   3992028   1% /run
tmpfs                         4001112       0   4001112   0% /sys/fs/cgroup
/dev/sda1                     1038336  231872    806464  23% /boot
/dev/mapper/rhel_ml110-home  94501804   49676  94452128   1% /home
tmpfs                          800224      16    800208   1% /run/user/42
tmpfs                          800224       0    800224   0% /run/user/0
/dev/mapper/vg_slow-lv_slow 209612800   32944 209579856   1% /mnt/slowdev
/dev/mapper/vg_fast-lv_fast  20961280   32944  20928336   1% /mnt/fastdev
2017/03/14:15:04:13: Completed: LVM SETUP
2017/03/14:15:04:13: Starting: LVM Device TESTING
2017/03/14:15:04:13: RUNNING size 1G with blocksize 4096k: /mnt/slowdev/fiodir
slow_1G_4096k: (g=0): rw=randrw, bs=4M-4M/4M-4M/4M-4M, ioengine=sync, iodepth=1
fio-2.2.8
Starting 1 process
slow_1G_4096k: Laying out IO file(s) (1 file(s) / 1024MB)

slow_1G_4096k: (groupid=0, jobs=1): err= 0: pid=7540: Tue Mar 14 15:04:52 2017
  read : io=860160KB, bw=45878KB/s, iops=11, runt= 18749msec
    clat (msec): min=53, max=141, avg=72.47, stdev= 8.33
     lat (msec): min=53, max=141, avg=72.47, stdev= 8.33
    clat percentiles (msec):
     |  1.00th=[   57],  5.00th=[   59], 10.00th=[   66], 20.00th=[   69],
     | 30.00th=[   70], 40.00th=[   71], 50.00th=[   73], 60.00th=[   74],
     | 70.00th=[   76], 80.00th=[   77], 90.00th=[   80], 95.00th=[   85],
     | 99.00th=[   94], 99.50th=[  101], 99.90th=[  143], 99.95th=[  143],
     | 99.99th=[  143]
    bw (KB  /s): min=23141, max=58829, per=100.00%, avg=45912.40, stdev=8464.94
  write: io=188416KB, bw=10049KB/s, iops=2, runt= 18749msec
    clat (msec): min=61, max=115, avg=76.39, stdev=10.65
     lat (msec): min=61, max=115, avg=76.48, stdev=10.65
    clat percentiles (msec):
     |  1.00th=[   62],  5.00th=[   65], 10.00th=[   68], 20.00th=[   71],
     | 30.00th=[   72], 40.00th=[   73], 50.00th=[   75], 60.00th=[   76],
     | 70.00th=[   78], 80.00th=[   83], 90.00th=[   91], 95.00th=[  100],
     | 99.00th=[  117], 99.50th=[  117], 99.90th=[  117], 99.95th=[  117],
     | 99.99th=[  117]
    bw (KB  /s): min= 7173, max=30854, per=100.00%, avg=12128.52, stdev=6352.27
    lat (msec) : 100=98.44%, 250=1.56%
  cpu          : usr=0.02%, sys=0.67%, ctx=259, majf=0, minf=30
  IO depths    : 1=100.0%, 2=0.0%, 4=0.0%, 8=0.0%, 16=0.0%, 32=0.0%, >=64=0.0%
     submit    : 0=0.0%, 4=100.0%, 8=0.0%, 16=0.0%, 32=0.0%, 64=0.0%, >=64=0.0%
     complete  : 0=0.0%, 4=100.0%, 8=0.0%, 16=0.0%, 32=0.0%, 64=0.0%, >=64=0.0%
     issued    : total=r=210/w=46/d=0, short=r=0/w=0/d=0, drop=r=0/w=0/d=0
     latency   : target=0, window=0, percentile=100.00%, depth=1

Run status group 0 (all jobs):
   READ: io=860160KB, aggrb=45877KB/s, minb=45877KB/s, maxb=45877KB/s, mint=18749msec, maxt=18749msec
  WRITE: io=188416KB, aggrb=10049KB/s, minb=10049KB/s, maxb=10049KB/s, mint=18749msec, maxt=18749msec

Disk stats (read/write):
    dm-3: ios=1680/380, merge=0/0, ticks=73755/16419, in_queue=90174, util=98.99%, aggrios=1680/378, aggrmerge=0/4, aggrticks=73757/16274, aggrin_queue=90024, aggrutil=98.98%
  sdb: ios=1680/378, merge=0/4, ticks=73757/16274, in_queue=90024, util=98.98%
2017/03/14:15:04:52: /mnt/slowdev/fiodir complete.
1048576	/mnt/slowdev/fiodir
2017/03/14:15:04:52: -----------------------
2017/03/14:15:04:52: RUNNING size 1G with blocksize 4096k: /mnt/fastdev/fiodir
fast_1G_4096k: (g=0): rw=randrw, bs=4M-4M/4M-4M/4M-4M, ioengine=sync, iodepth=1
fio-2.2.8
Starting 1 process
fast_1G_4096k: Laying out IO file(s) (1 file(s) / 1024MB)

fast_1G_4096k: (groupid=0, jobs=1): err= 0: pid=7561: Tue Mar 14 15:05:06 2017
  read : io=860160KB, bw=151838KB/s, iops=37, runt=  5665msec
    clat (msec): min=20, max=34, avg=21.56, stdev= 2.73
     lat (msec): min=20, max=34, avg=21.56, stdev= 2.73
    clat percentiles (usec):
     |  1.00th=[20352],  5.00th=[20608], 10.00th=[20608], 20.00th=[20608],
     | 30.00th=[20608], 40.00th=[20608], 50.00th=[20608], 60.00th=[20608],
     | 70.00th=[20608], 80.00th=[20608], 90.00th=[24960], 95.00th=[28544],
     | 99.00th=[34048], 99.50th=[34560], 99.90th=[34560], 99.95th=[34560],
     | 99.99th=[34560]
    bw (KB  /s): min=129007, max=176690, per=99.90%, avg=151686.55, stdev=15415.48
  write: io=188416KB, bw=33260KB/s, iops=8, runt=  5665msec
    clat (usec): min=23967, max=24416, avg=24333.15, stdev=89.56
     lat (usec): min=24145, max=24592, avg=24498.33, stdev=89.60
    clat percentiles (usec):
     |  1.00th=[23936],  5.00th=[24192], 10.00th=[24192], 20.00th=[24192],
     | 30.00th=[24448], 40.00th=[24448], 50.00th=[24448], 60.00th=[24448],
     | 70.00th=[24448], 80.00th=[24448], 90.00th=[24448], 95.00th=[24448],
     | 99.00th=[24448], 99.50th=[24448], 99.90th=[24448], 99.95th=[24448],
     | 99.99th=[24448]
    bw (KB  /s): min=16062, max=48377, per=100.00%, avg=33668.91, stdev=11102.93
    lat (msec) : 50=100.00%
  cpu          : usr=0.19%, sys=2.10%, ctx=259, majf=0, minf=29
  IO depths    : 1=100.0%, 2=0.0%, 4=0.0%, 8=0.0%, 16=0.0%, 32=0.0%, >=64=0.0%
     submit    : 0=0.0%, 4=100.0%, 8=0.0%, 16=0.0%, 32=0.0%, 64=0.0%, >=64=0.0%
     complete  : 0=0.0%, 4=100.0%, 8=0.0%, 16=0.0%, 32=0.0%, 64=0.0%, >=64=0.0%
     issued    : total=r=210/w=46/d=0, short=r=0/w=0/d=0, drop=r=0/w=0/d=0
     latency   : target=0, window=0, percentile=100.00%, depth=1

Run status group 0 (all jobs):
   READ: io=860160KB, aggrb=151837KB/s, minb=151837KB/s, maxb=151837KB/s, mint=5665msec, maxt=5665msec
  WRITE: io=188416KB, aggrb=33259KB/s, minb=33259KB/s, maxb=33259KB/s, mint=5665msec, maxt=5665msec

Disk stats (read/write):
    dm-4: ios=6720/1473, merge=0/0, ticks=77653/18198, in_queue=95851, util=97.30%, aggrios=6720/1474, aggrmerge=0/0, aggrticks=77649/18197, aggrin_queue=95844, aggrutil=97.30%
  nvme0n1: ios=6720/1474, merge=0/0, ticks=77649/18197, in_queue=95844, util=97.30%
2017/03/14:15:05:07: /mnt/fastdev/fiodir complete.
1048576	/mnt/fastdev/fiodir
2017/03/14:15:05:07: -----------------------
2017/03/14:15:05:07: RUNNING size 10G with blocksize 4096k: /mnt/slowdev/fiodir
slow_10G_4096k: (g=0): rw=randrw, bs=4M-4M/4M-4M/4M-4M, ioengine=sync, iodepth=1
fio-2.2.8
Starting 1 process
slow_10G_4096k: Laying out IO file(s) (1 file(s) / 10240MB)

slow_10G_4096k: (groupid=0, jobs=1): err= 0: pid=7606: Tue Mar 14 15:11:24 2017
  read : io=8380.0MB, bw=42911KB/s, iops=10, runt=199976msec
    clat (msec): min=41, max=172, avg=77.53, stdev= 9.19
     lat (msec): min=41, max=172, avg=77.53, stdev= 9.19
    clat percentiles (msec):
     |  1.00th=[   52],  5.00th=[   66], 10.00th=[   71], 20.00th=[   74],
     | 30.00th=[   75], 40.00th=[   77], 50.00th=[   78], 60.00th=[   79],
     | 70.00th=[   81], 80.00th=[   82], 90.00th=[   85], 95.00th=[   89],
     | 99.00th=[  111], 99.50th=[  119], 99.90th=[  153], 99.95th=[  155],
     | 99.99th=[  174]
    bw (KB  /s): min= 8015, max=64222, per=100.00%, avg=42981.81, stdev=8166.66
  write: io=1860.0MB, bw=9524.4KB/s, iops=2, runt=199976msec
    clat (msec): min=63, max=149, avg=80.60, stdev=13.80
     lat (msec): min=63, max=149, avg=80.68, stdev=13.81
    clat percentiles (msec):
     |  1.00th=[   67],  5.00th=[   70], 10.00th=[   71], 20.00th=[   74],
     | 30.00th=[   75], 40.00th=[   76], 50.00th=[   77], 60.00th=[   79],
     | 70.00th=[   80], 80.00th=[   83], 90.00th=[   99], 95.00th=[  115],
     | 99.00th=[  135], 99.50th=[  139], 99.90th=[  151], 99.95th=[  151],
     | 99.99th=[  151]
    bw (KB  /s): min= 6815, max=31386, per=100.00%, avg=11774.64, stdev=5471.61
    lat (msec) : 50=0.62%, 100=96.09%, 250=3.28%
  cpu          : usr=0.03%, sys=0.59%, ctx=2570, majf=0, minf=31
  IO depths    : 1=100.0%, 2=0.0%, 4=0.0%, 8=0.0%, 16=0.0%, 32=0.0%, >=64=0.0%
     submit    : 0=0.0%, 4=100.0%, 8=0.0%, 16=0.0%, 32=0.0%, 64=0.0%, >=64=0.0%
     complete  : 0=0.0%, 4=100.0%, 8=0.0%, 16=0.0%, 32=0.0%, 64=0.0%, >=64=0.0%
     issued    : total=r=2095/w=465/d=0, short=r=0/w=0/d=0, drop=r=0/w=0/d=0
     latency   : target=0, window=0, percentile=100.00%, depth=1

Run status group 0 (all jobs):
   READ: io=8380.0MB, aggrb=42910KB/s, minb=42910KB/s, maxb=42910KB/s, mint=199976msec, maxt=199976msec
  WRITE: io=1860.0MB, aggrb=9524KB/s, minb=9524KB/s, maxb=9524KB/s, mint=199976msec, maxt=199976msec

Disk stats (read/write):
    dm-3: ios=16760/3729, merge=0/0, ticks=802644/175549, in_queue=978193, util=99.66%, aggrios=16760/3738, aggrmerge=0/0, aggrticks=802645/175546, aggrin_queue=978166, aggrutil=99.65%
  sdb: ios=16760/3738, merge=0/0, ticks=802645/175546, in_queue=978166, util=99.65%
2017/03/14:15:11:24: /mnt/slowdev/fiodir complete.
10485760	/mnt/slowdev/fiodir
2017/03/14:15:11:24: -----------------------
2017/03/14:15:11:24: RUNNING size 10G with blocksize 4096k: /mnt/fastdev/fiodir
fast_10G_4096k: (g=0): rw=randrw, bs=4M-4M/4M-4M/4M-4M, ioengine=sync, iodepth=1
fio-2.2.8
Starting 1 process
fast_10G_4096k: Laying out IO file(s) (1 file(s) / 10240MB)

fast_10G_4096k: (groupid=0, jobs=1): err= 0: pid=7681: Tue Mar 14 15:13:32 2017
  read : io=8380.0MB, bw=153971KB/s, iops=37, runt= 55732msec
    clat (msec): min=19, max=36, avg=21.14, stdev= 2.74
     lat (msec): min=19, max=36, avg=21.14, stdev= 2.74
    clat percentiles (usec):
     |  1.00th=[19840],  5.00th=[20096], 10.00th=[20096], 20.00th=[20096],
     | 30.00th=[20096], 40.00th=[20096], 50.00th=[20096], 60.00th=[20096],
     | 70.00th=[20096], 80.00th=[20096], 90.00th=[24960], 95.00th=[29312],
     | 99.00th=[30592], 99.50th=[32384], 99.90th=[35584], 99.95th=[36608],
     | 99.99th=[36608]
    bw (KB  /s): min=102203, max=192000, per=100.00%, avg=154027.63, stdev=17045.91
  write: io=1860.0MB, bw=34175KB/s, iops=8, runt= 55732msec
    clat (usec): min=24206, max=32263, avg=24394.56, stdev=370.98
     lat (usec): min=24344, max=32434, avg=24552.10, stdev=372.75
    clat percentiles (usec):
     |  1.00th=[24192],  5.00th=[24192], 10.00th=[24192], 20.00th=[24448],
     | 30.00th=[24448], 40.00th=[24448], 50.00th=[24448], 60.00th=[24448],
     | 70.00th=[24448], 80.00th=[24448], 90.00th=[24448], 95.00th=[24448],
     | 99.00th=[24448], 99.50th=[24448], 99.90th=[32384], 99.95th=[32384],
     | 99.99th=[32384]
    bw (KB  /s): min= 7953, max=71166, per=100.00%, avg=34275.11, stdev=11905.89
    lat (msec) : 20=2.93%, 50=97.07%
  cpu          : usr=0.17%, sys=2.17%, ctx=2564, majf=0, minf=31
  IO depths    : 1=100.0%, 2=0.0%, 4=0.0%, 8=0.0%, 16=0.0%, 32=0.0%, >=64=0.0%
     submit    : 0=0.0%, 4=100.0%, 8=0.0%, 16=0.0%, 32=0.0%, 64=0.0%, >=64=0.0%
     complete  : 0=0.0%, 4=100.0%, 8=0.0%, 16=0.0%, 32=0.0%, 64=0.0%, >=64=0.0%
     issued    : total=r=2095/w=465/d=0, short=r=0/w=0/d=0, drop=r=0/w=0/d=0
     latency   : target=0, window=0, percentile=100.00%, depth=1

Run status group 0 (all jobs):
   READ: io=8380.0MB, aggrb=153971KB/s, minb=153971KB/s, maxb=153971KB/s, mint=55732msec, maxt=55732msec
  WRITE: io=1860.0MB, aggrb=34174KB/s, minb=34174KB/s, maxb=34174KB/s, mint=55732msec, maxt=55732msec

Disk stats (read/write):
    dm-4: ios=67040/14884, merge=0/0, ticks=756263/184629, in_queue=940892, util=99.02%, aggrios=67040/14888, aggrmerge=0/0, aggrticks=756224/184622, aggrin_queue=940840, aggrutil=99.02%
  nvme0n1: ios=67040/14888, merge=0/0, ticks=756224/184622, in_queue=940840, util=99.02%
2017/03/14:15:13:32: /mnt/fastdev/fiodir complete.
10485760	/mnt/fastdev/fiodir
2017/03/14:15:13:32: -----------------------
2017/03/14:15:13:32: RUNNING size 1G with blocksize 4096k: /mnt/slowdev/fiodir
slow_1G_4096k: (g=0): rw=randrw, bs=4M-4M/4M-4M/4M-4M, ioengine=sync, iodepth=1
fio-2.2.8
Starting 1 process
slow_1G_4096k: Laying out IO file(s) (1 file(s) / 1024MB)

slow_1G_4096k: (groupid=0, jobs=1): err= 0: pid=7710: Tue Mar 14 15:14:13 2017
  read : io=860160KB, bw=42385KB/s, iops=10, runt= 20294msec
    clat (msec): min=58, max=126, avg=78.78, stdev= 9.08
     lat (msec): min=58, max=126, avg=78.78, stdev= 9.08
    clat percentiles (msec):
     |  1.00th=[   61],  5.00th=[   67], 10.00th=[   70], 20.00th=[   74],
     | 30.00th=[   76], 40.00th=[   77], 50.00th=[   79], 60.00th=[   80],
     | 70.00th=[   81], 80.00th=[   83], 90.00th=[   87], 95.00th=[   97],
     | 99.00th=[  113], 99.50th=[  119], 99.90th=[  127], 99.95th=[  127],
     | 99.99th=[  127]
    bw (KB  /s): min=21520, max=54613, per=99.97%, avg=42369.86, stdev=7730.09
  write: io=188416KB, bw=9284.4KB/s, iops=2, runt= 20294msec
    clat (msec): min=69, max=109, avg=81.12, stdev= 9.77
     lat (msec): min=69, max=110, avg=81.22, stdev= 9.77
    clat percentiles (msec):
     |  1.00th=[   71],  5.00th=[   73], 10.00th=[   74], 20.00th=[   75],
     | 30.00th=[   76], 40.00th=[   77], 50.00th=[   78], 60.00th=[   80],
     | 70.00th=[   83], 80.00th=[   85], 90.00th=[   98], 95.00th=[  103],
     | 99.00th=[  111], 99.50th=[  111], 99.90th=[  111], 99.95th=[  111],
     | 99.99th=[  111]
    bw (KB  /s): min= 6815, max=29049, per=100.00%, avg=11187.90, stdev=5929.32
    lat (msec) : 100=95.31%, 250=4.69%
  cpu          : usr=0.00%, sys=0.63%, ctx=259, majf=0, minf=30
  IO depths    : 1=100.0%, 2=0.0%, 4=0.0%, 8=0.0%, 16=0.0%, 32=0.0%, >=64=0.0%
     submit    : 0=0.0%, 4=100.0%, 8=0.0%, 16=0.0%, 32=0.0%, 64=0.0%, >=64=0.0%
     complete  : 0=0.0%, 4=100.0%, 8=0.0%, 16=0.0%, 32=0.0%, 64=0.0%, >=64=0.0%
     issued    : total=r=210/w=46/d=0, short=r=0/w=0/d=0, drop=r=0/w=0/d=0
     latency   : target=0, window=0, percentile=100.00%, depth=1

Run status group 0 (all jobs):
   READ: io=860160KB, aggrb=42384KB/s, minb=42384KB/s, maxb=42384KB/s, mint=20294msec, maxt=20294msec
  WRITE: io=188416KB, aggrb=9284KB/s, minb=9284KB/s, maxb=9284KB/s, mint=20294msec, maxt=20294msec

Disk stats (read/write):
    dm-3: ios=1680/369, merge=0/0, ticks=80118/17022, in_queue=97140, util=99.26%, aggrios=1680/370, aggrmerge=0/0, aggrticks=80118/17022, aggrin_queue=97136, aggrutil=99.25%
  sdb: ios=1680/370, merge=0/0, ticks=80118/17022, in_queue=97136, util=99.25%
2017/03/14:15:14:13: /mnt/slowdev/fiodir complete.
1048576	/mnt/slowdev/fiodir
2017/03/14:15:14:13: -----------------------
2017/03/14:15:14:13: RUNNING size 1G with blocksize 4096k: /mnt/fastdev/fiodir
fast_1G_4096k: (g=0): rw=randrw, bs=4M-4M/4M-4M/4M-4M, ioengine=sync, iodepth=1
fio-2.2.8
Starting 1 process
fast_1G_4096k: Laying out IO file(s) (1 file(s) / 1024MB)

fast_1G_4096k: (groupid=0, jobs=1): err= 0: pid=7739: Tue Mar 14 15:14:27 2017
  read : io=860160KB, bw=152700KB/s, iops=37, runt=  5633msec
    clat (msec): min=20, max=32, avg=21.41, stdev= 2.74
     lat (msec): min=20, max=32, avg=21.41, stdev= 2.74
    clat percentiles (usec):
     |  1.00th=[20096],  5.00th=[20352], 10.00th=[20352], 20.00th=[20352],
     | 30.00th=[20352], 40.00th=[20352], 50.00th=[20352], 60.00th=[20352],
     | 70.00th=[20352], 80.00th=[20352], 90.00th=[25728], 95.00th=[29056],
     | 99.00th=[30592], 99.50th=[30848], 99.90th=[32384], 99.95th=[32384],
     | 99.99th=[32384]
    bw (KB  /s): min=126030, max=178439, per=100.00%, avg=154362.10, stdev=15891.81
  write: io=188416KB, bw=33449KB/s, iops=8, runt=  5633msec
    clat (usec): min=24252, max=24419, avg=24349.46, stdev=45.63
     lat (usec): min=24415, max=24585, avg=24508.57, stdev=47.40
    clat percentiles (usec):
     |  1.00th=[24192],  5.00th=[24192], 10.00th=[24192], 20.00th=[24192],
     | 30.00th=[24448], 40.00th=[24448], 50.00th=[24448], 60.00th=[24448],
     | 70.00th=[24448], 80.00th=[24448], 90.00th=[24448], 95.00th=[24448],
     | 99.00th=[24448], 99.50th=[24448], 99.90th=[24448], 99.95th=[24448],
     | 99.99th=[24448]
    bw (KB  /s): min=16221, max=55138, per=97.78%, avg=32704.00, stdev=10678.53
    lat (msec) : 50=100.00%
  cpu          : usr=0.12%, sys=2.18%, ctx=259, majf=0, minf=30
  IO depths    : 1=100.0%, 2=0.0%, 4=0.0%, 8=0.0%, 16=0.0%, 32=0.0%, >=64=0.0%
     submit    : 0=0.0%, 4=100.0%, 8=0.0%, 16=0.0%, 32=0.0%, 64=0.0%, >=64=0.0%
     complete  : 0=0.0%, 4=100.0%, 8=0.0%, 16=0.0%, 32=0.0%, 64=0.0%, >=64=0.0%
     issued    : total=r=210/w=46/d=0, short=r=0/w=0/d=0, drop=r=0/w=0/d=0
     latency   : target=0, window=0, percentile=100.00%, depth=1

Run status group 0 (all jobs):
   READ: io=860160KB, aggrb=152700KB/s, minb=152700KB/s, maxb=152700KB/s, mint=5633msec, maxt=5633msec
  WRITE: io=188416KB, aggrb=33448KB/s, minb=33448KB/s, maxb=33448KB/s, mint=5633msec, maxt=5633msec

Disk stats (read/write):
    dm-4: ios=6720/1473, merge=0/0, ticks=77306/18210, in_queue=95516, util=97.18%, aggrios=6720/1474, aggrmerge=0/0, aggrticks=77303/18209, aggrin_queue=95512, aggrutil=97.16%
  nvme0n1: ios=6720/1474, merge=0/0, ticks=77303/18209, in_queue=95512, util=97.16%
2017/03/14:15:14:28: /mnt/fastdev/fiodir complete.
1048576	/mnt/fastdev/fiodir
2017/03/14:15:14:28: -----------------------
2017/03/14:15:14:28: Completed: LVM Device TESTING
2017/03/14:15:14:28: Starting: LVM TEARDOWN
2017/03/14:15:14:29: Completed: LVM TEARDOWN
2017/03/14:15:14:29: END runLVM.sh**********************
2017/03/14:15:14:29: runLVM.sh - Closed logfile: ./RESULTS/runLVM.sh_20170314-150410.log
