2017/03/14:15:50:59: runLVM.sh - Created logfile: ./RESULTS/runLVM.sh_20170314-155059.log
2017/03/14:15:50:59: Key variable values:
2017/03/14:15:50:59: > slowDEV=/dev/sdb - fastDEV=/dev/nvme0n1
2017/03/14:15:50:59: > fastSZ=20G - fastLV=lv_fast - fastVG=vg_fast
2017/03/14:15:50:59: > slowSZ=200G - slowLV=lv_slow - slowVG=vg_slow
2017/03/14:15:50:59: ---------------------------------
2017/03/14:15:50:59: Checking if /dev/sdb is in use, if yes abort
2017/03/14:15:50:59: Preparing /dev/sdb device partitions
Welcome to fdisk (util-linux 2.23.2).

Changes will remain in memory only, until you decide to write them.
Be careful before using the write command.


Command (m for help): 
Command (m for help): Partition type:
   p   primary (0 primary, 0 extended, 4 free)
   e   extended
Select (default p): Partition number (1-4, default 1): First sector (2048-625142447, default 2048): Using default value 2048
Last sector, +sectors or +size{K,M,G} (2048-625142447, default 625142447): Using default value 625142447
Partition 1 of type Linux and of size 298.1 GiB is set

Command (m for help): The partition table has been altered!

Calling ioctl() to re-read partition table.
Syncing disks.
2017/03/14:15:50:59: Removing parition: dev=/dev/sdb - partition=1
2017/03/14:15:50:59: Checking if /dev/nvme0n1 is in use, if yes abort
2017/03/14:15:50:59: Preparing /dev/nvme0n1 device partitions
Welcome to fdisk (util-linux 2.23.2).

Changes will remain in memory only, until you decide to write them.
Be careful before using the write command.


Command (m for help): 
Command (m for help): Partition type:
   p   primary (0 primary, 0 extended, 4 free)
   e   extended
Select (default p): Partition number (1-4, default 1): First sector (2048-250069679, default 2048): Using default value 2048
Last sector, +sectors or +size{K,M,G} (2048-250069679, default 250069679): Using default value 250069679
Partition 1 of type Linux and of size 119.2 GiB is set

Command (m for help): The partition table has been altered!

Calling ioctl() to re-read partition table.
Syncing disks.
2017/03/14:15:51:00: Removing parition: dev=/dev/nvme0n1 - partition=1
2017/03/14:15:51:00: Device checks complete - continuing...
2017/03/14:15:51:00: Starting: LVM SETUP
  LV      VG         Attr       LSize   Pool Origin Data%  Meta%  Move Log Cpy%Sync Convert Devices         
  home    rhel_ml110 -wi-ao----  90.17g                                                     /dev/sda2(2016) 
  root    rhel_ml110 -wi-ao----  50.00g                                                     /dev/sda2(25099)
  swap    rhel_ml110 -wi-ao----   7.88g                                                     /dev/sda2(0)    
  lv_fast vg_fast    -wi-ao----  20.00g                                                     /dev/nvme0n1(0) 
  lv_slow vg_slow    -wi-a----- 200.00g                                                     /dev/sdb(0)     
Filesystem                  1K-blocks    Used Available Use% Mounted on
/dev/mapper/rhel_ml110-root  52403200 4639392  47763808   9% /
devtmpfs                      3985584       0   3985584   0% /dev
tmpfs                         4001112      84   4001028   1% /dev/shm
tmpfs                         4001112    9084   3992028   1% /run
tmpfs                         4001112       0   4001112   0% /sys/fs/cgroup
/dev/sda1                     1038336  231872    806464  23% /boot
/dev/mapper/rhel_ml110-home  94501804   49720  94452084   1% /home
tmpfs                          800224      16    800208   1% /run/user/42
tmpfs                          800224       0    800224   0% /run/user/0
/dev/mapper/vg_slow-lv_slow 209612800   32944 209579856   1% /mnt/slowdev
/dev/mapper/vg_fast-lv_fast  20961280   32944  20928336   1% /mnt/fastdev
2017/03/14:15:51:02: Completed: LVM SETUP
2017/03/14:15:51:02: Starting: LVM Device TESTING
2017/03/14:15:51:02: RUNNING size 1G with blocksize 4k: /mnt/slowdev/fiodir
slow_1G_4k: (g=0): rw=randrw, bs=4K-4K/4K-4K/4K-4K, ioengine=sync, iodepth=1
fio-2.2.8
Starting 1 process
slow_1G_4k: Laying out IO file(s) (1 file(s) / 1024MB)

slow_1G_4k: (groupid=0, jobs=1): err= 0: pid=8655: Tue Mar 14 16:01:13 2017
  read : io=837604KB, bw=1418.7KB/s, iops=354, runt=590414msec
    clat (usec): min=137, max=587937, avg=2694.36, stdev=5419.51
     lat (usec): min=137, max=587938, avg=2694.84, stdev=5419.51
    clat percentiles (usec):
     |  1.00th=[  155],  5.00th=[  185], 10.00th=[  209], 20.00th=[  229],
     | 30.00th=[  249], 40.00th=[  258], 50.00th=[  294], 60.00th=[  684],
     | 70.00th=[ 3888], 80.00th=[ 6112], 90.00th=[ 8256], 95.00th=[ 9408],
     | 99.00th=[12992], 99.50th=[15936], 99.90th=[22912], 99.95th=[24960],
     | 99.99th=[35072]
    bw (KB  /s): min=    6, max= 2570, per=100.00%, avg=1429.44, stdev=327.27
  write: io=210972KB, bw=365904B/s, iops=89, runt=590414msec
    clat (usec): min=169, max=521663, avg=451.46, stdev=4465.52
     lat (usec): min=169, max=521664, avg=452.13, stdev=4465.52
    clat percentiles (usec):
     |  1.00th=[  193],  5.00th=[  223], 10.00th=[  243], 20.00th=[  262],
     | 30.00th=[  274], 40.00th=[  290], 50.00th=[  306], 60.00th=[  322],
     | 70.00th=[  338], 80.00th=[  362], 90.00th=[  402], 95.00th=[  498],
     | 99.00th=[ 3792], 99.50th=[ 6560], 99.90th=[14656], 99.95th=[16512],
     | 99.99th=[74240]
    bw (KB  /s): min=   86, max=  702, per=100.00%, avg=360.02, stdev=96.05
    lat (usec) : 250=26.56%, 500=39.72%, 750=1.46%, 1000=0.19%
    lat (msec) : 2=1.84%, 4=6.44%, 10=21.12%, 20=2.49%, 50=0.17%
    lat (msec) : 100=0.01%, 250=0.01%, 500=0.01%, 750=0.01%
  cpu          : usr=0.81%, sys=3.04%, ctx=262153, majf=0, minf=28
  IO depths    : 1=100.0%, 2=0.0%, 4=0.0%, 8=0.0%, 16=0.0%, 32=0.0%, >=64=0.0%
     submit    : 0=0.0%, 4=100.0%, 8=0.0%, 16=0.0%, 32=0.0%, 64=0.0%, >=64=0.0%
     complete  : 0=0.0%, 4=100.0%, 8=0.0%, 16=0.0%, 32=0.0%, 64=0.0%, >=64=0.0%
     issued    : total=r=209401/w=52743/d=0, short=r=0/w=0/d=0, drop=r=0/w=0/d=0
     latency   : target=0, window=0, percentile=100.00%, depth=1

Run status group 0 (all jobs):
   READ: io=837604KB, aggrb=1418KB/s, minb=1418KB/s, maxb=1418KB/s, mint=590414msec, maxt=590414msec
  WRITE: io=210972KB, aggrb=357KB/s, minb=357KB/s, maxb=357KB/s, mint=590414msec, maxt=590414msec

Disk stats (read/write):
    dm-3: ios=209401/52779, merge=0/0, ticks=554965/39657, in_queue=594623, util=97.67%, aggrios=209401/52801, aggrmerge=0/4, aggrticks=554481/36696, aggrin_queue=590863, aggrutil=97.51%
  sdb: ios=209401/52801, merge=0/4, ticks=554481/36696, in_queue=590863, util=97.51%
2017/03/14:16:01:13: /mnt/slowdev/fiodir complete.
1048576	/mnt/slowdev/fiodir
2017/03/14:16:01:13: -----------------------
2017/03/14:16:01:13: RUNNING size 1G with blocksize 4k: /mnt/fastdev/fiodir
fast_1G_4k: (g=0): rw=randrw, bs=4K-4K/4K-4K/4K-4K, ioengine=sync, iodepth=1
fio-2.2.8
Starting 1 process
fast_1G_4k: Laying out IO file(s) (1 file(s) / 1024MB)

fast_1G_4k: (groupid=0, jobs=1): err= 0: pid=8802: Tue Mar 14 16:01:48 2017
  read : io=837604KB, bw=32678KB/s, iops=8169, runt= 25632msec
    clat (usec): min=40, max=5210, avg=107.62, stdev=210.53
     lat (usec): min=40, max=5210, avg=107.80, stdev=210.53
    clat percentiles (usec):
     |  1.00th=[   48],  5.00th=[   49], 10.00th=[   49], 20.00th=[   50],
     | 30.00th=[   51], 40.00th=[   95], 50.00th=[   97], 60.00th=[   98],
     | 70.00th=[   99], 80.00th=[  116], 90.00th=[  118], 95.00th=[  120],
     | 99.00th=[ 1368], 99.50th=[ 2096], 99.90th=[ 2480], 99.95th=[ 2608],
     | 99.99th=[ 3184]
    bw (KB  /s): min=26144, max=35408, per=100.00%, avg=32690.53, stdev=1544.41
  write: io=210972KB, bw=8230.9KB/s, iops=2057, runt= 25632msec
    clat (usec): min=41, max=188, avg=46.76, stdev= 6.09
     lat (usec): min=41, max=189, avg=47.02, stdev= 6.15
    clat percentiles (usec):
     |  1.00th=[   43],  5.00th=[   44], 10.00th=[   44], 20.00th=[   45],
     | 30.00th=[   45], 40.00th=[   45], 50.00th=[   45], 60.00th=[   45],
     | 70.00th=[   46], 80.00th=[   46], 90.00th=[   47], 95.00th=[   58],
     | 99.00th=[   73], 99.50th=[   77], 99.90th=[  101], 99.95th=[  119],
     | 99.99th=[  157]
    bw (KB  /s): min= 6760, max= 8968, per=100.00%, avg=8233.47, stdev=412.74
    lat (usec) : 50=28.99%, 100=47.98%, 250=21.85%, 500=0.08%, 750=0.07%
    lat (usec) : 1000=0.08%
    lat (msec) : 2=0.49%, 4=0.46%, 10=0.01%
  cpu          : usr=3.80%, sys=10.50%, ctx=262147, majf=0, minf=27
  IO depths    : 1=100.0%, 2=0.0%, 4=0.0%, 8=0.0%, 16=0.0%, 32=0.0%, >=64=0.0%
     submit    : 0=0.0%, 4=100.0%, 8=0.0%, 16=0.0%, 32=0.0%, 64=0.0%, >=64=0.0%
     complete  : 0=0.0%, 4=100.0%, 8=0.0%, 16=0.0%, 32=0.0%, 64=0.0%, >=64=0.0%
     issued    : total=r=209401/w=52743/d=0, short=r=0/w=0/d=0, drop=r=0/w=0/d=0
     latency   : target=0, window=0, percentile=100.00%, depth=1

Run status group 0 (all jobs):
   READ: io=837604KB, aggrb=32678KB/s, minb=32678KB/s, maxb=32678KB/s, mint=25632msec, maxt=25632msec
  WRITE: io=210972KB, aggrb=8230KB/s, minb=8230KB/s, maxb=8230KB/s, mint=25632msec, maxt=25632msec

Disk stats (read/write):
    dm-4: ios=209401/52756, merge=0/0, ticks=22290/2392, in_queue=24682, util=95.66%, aggrios=209401/52756, aggrmerge=0/3, aggrticks=22188/2375, aggrin_queue=24550, aggrutil=95.19%
  nvme0n1: ios=209401/52756, merge=0/3, ticks=22188/2375, in_queue=24550, util=95.19%
2017/03/14:16:01:48: /mnt/fastdev/fiodir complete.
1048576	/mnt/fastdev/fiodir
2017/03/14:16:01:48: -----------------------
2017/03/14:16:01:48: RUNNING size 10G with blocksize 4k: /mnt/slowdev/fiodir
slow_10G_4k: (g=0): rw=randrw, bs=4K-4K/4K-4K/4K-4K, ioengine=sync, iodepth=1
fio-2.2.8
Starting 1 process
slow_10G_4k: Laying out IO file(s) (1 file(s) / 10240MB)

slow_10G_4k: (groupid=0, jobs=1): err= 0: pid=8849: Tue Mar 14 18:41:07 2017
  read : io=8194.5MB, bw=916031B/s, iops=223, runt=9380086msec
    clat (usec): min=143, max=781211, avg=4323.64, stdev=8897.60
     lat (usec): min=143, max=781211, avg=4324.17, stdev=8897.60
    clat percentiles (usec):
     |  1.00th=[  183],  5.00th=[  217], 10.00th=[  239], 20.00th=[  255],
     | 30.00th=[  274], 40.00th=[  298], 50.00th=[  310], 60.00th=[ 4832],
     | 70.00th=[ 7392], 80.00th=[ 9408], 90.00th=[11584], 95.00th=[13376],
     | 99.00th=[17280], 99.50th=[19328], 99.90th=[23168], 99.95th=[24960],
     | 99.99th=[634880]
    bw (KB  /s): min=   10, max= 1592, per=100.00%, avg=902.31, stdev=178.34
  write: io=2045.7MB, bw=228672B/s, iops=55, runt=9380086msec
    clat (usec): min=167, max=722656, avg=549.10, stdev=6894.31
     lat (usec): min=168, max=722657, avg=549.83, stdev=6894.31
    clat percentiles (usec):
     |  1.00th=[  215],  5.00th=[  249], 10.00th=[  266], 20.00th=[  286],
     | 30.00th=[  302], 40.00th=[  318], 50.00th=[  326], 60.00th=[  338],
     | 70.00th=[  354], 80.00th=[  378], 90.00th=[  418], 95.00th=[  628],
     | 99.00th=[ 5472], 99.50th=[ 6816], 99.90th=[11200], 99.95th=[12096],
     | 99.99th=[602112]
    bw (KB  /s): min=    4, max=  584, per=100.00%, avg=225.05, stdev=62.27
    lat (usec) : 250=13.21%, 500=48.93%, 750=1.59%, 1000=0.08%
    lat (msec) : 2=0.19%, 4=1.63%, 10=20.48%, 20=13.58%, 50=0.31%
    lat (msec) : 100=0.01%, 250=0.01%, 500=0.01%, 750=0.01%, 1000=0.01%
  cpu          : usr=0.59%, sys=2.01%, ctx=2621505, majf=0, minf=28
  IO depths    : 1=100.0%, 2=0.0%, 4=0.0%, 8=0.0%, 16=0.0%, 32=0.0%, >=64=0.0%
     submit    : 0=0.0%, 4=100.0%, 8=0.0%, 16=0.0%, 32=0.0%, 64=0.0%, >=64=0.0%
     complete  : 0=0.0%, 4=100.0%, 8=0.0%, 16=0.0%, 32=0.0%, 64=0.0%, >=64=0.0%
     issued    : total=r=2097767/w=523673/d=0, short=r=0/w=0/d=0, drop=r=0/w=0/d=0
     latency   : target=0, window=0, percentile=100.00%, depth=1

Run status group 0 (all jobs):
   READ: io=8194.5MB, aggrb=894KB/s, minb=894KB/s, maxb=894KB/s, mint=9380086msec, maxt=9380086msec
  WRITE: io=2045.7MB, aggrb=223KB/s, minb=223KB/s, maxb=223KB/s, mint=9380086msec, maxt=9380086msec

Disk stats (read/write):
    dm-3: ios=2097767/524042, merge=0/0, ticks=8961129/507467, in_queue=9468604, util=98.38%, aggrios=2097767/524411, aggrmerge=0/0, aggrticks=8955784/506036, aggrin_queue=9458282, aggrutil=98.27%
  sdb: ios=2097767/524411, merge=0/0, ticks=8955784/506036, in_queue=9458282, util=98.27%
2017/03/14:18:41:07: /mnt/slowdev/fiodir complete.
10485760	/mnt/slowdev/fiodir
2017/03/14:18:41:07: -----------------------
2017/03/14:18:41:07: RUNNING size 10G with blocksize 4k: /mnt/fastdev/fiodir
fast_10G_4k: (g=0): rw=randrw, bs=4K-4K/4K-4K/4K-4K, ioengine=sync, iodepth=1
fio-2.2.8
Starting 1 process
fast_10G_4k: Laying out IO file(s) (1 file(s) / 10240MB)

fast_10G_4k: (groupid=0, jobs=1): err= 0: pid=10482: Tue Mar 14 18:46:38 2017
  read : io=8194.5MB, bw=32553KB/s, iops=8138, runt=257763msec
    clat (usec): min=42, max=6334, avg=108.15, stdev=211.08
     lat (usec): min=42, max=6335, avg=108.32, stdev=211.09
    clat percentiles (usec):
     |  1.00th=[   48],  5.00th=[   49], 10.00th=[   49], 20.00th=[   50],
     | 30.00th=[   51], 40.00th=[   95], 50.00th=[   97], 60.00th=[   98],
     | 70.00th=[   99], 80.00th=[  116], 90.00th=[  118], 95.00th=[  120],
     | 99.00th=[ 1416], 99.50th=[ 2064], 99.90th=[ 2480], 99.95th=[ 2608],
     | 99.99th=[ 3248]
    bw (KB  /s): min=25544, max=34992, per=100.00%, avg=32562.41, stdev=1202.68
  write: io=2045.7MB, bw=8126.5KB/s, iops=2031, runt=257763msec
    clat (usec): min=40, max=3151, avg=46.77, stdev= 9.13
     lat (usec): min=41, max=3152, avg=47.04, stdev= 9.17
    clat percentiles (usec):
     |  1.00th=[   43],  5.00th=[   44], 10.00th=[   44], 20.00th=[   45],
     | 30.00th=[   45], 40.00th=[   45], 50.00th=[   45], 60.00th=[   46],
     | 70.00th=[   46], 80.00th=[   46], 90.00th=[   47], 95.00th=[   57],
     | 99.00th=[   73], 99.50th=[   76], 99.90th=[   91], 99.95th=[  109],
     | 99.99th=[  147]
    bw (KB  /s): min= 6528, max= 8864, per=100.00%, avg=8128.51, stdev=358.13
    lat (usec) : 50=28.40%, 100=48.25%, 250=22.15%, 500=0.08%, 750=0.07%
    lat (usec) : 1000=0.08%
    lat (msec) : 2=0.51%, 4=0.45%, 10=0.01%
  cpu          : usr=3.34%, sys=10.92%, ctx=2621447, majf=0, minf=27
  IO depths    : 1=100.0%, 2=0.0%, 4=0.0%, 8=0.0%, 16=0.0%, 32=0.0%, >=64=0.0%
     submit    : 0=0.0%, 4=100.0%, 8=0.0%, 16=0.0%, 32=0.0%, 64=0.0%, >=64=0.0%
     complete  : 0=0.0%, 4=100.0%, 8=0.0%, 16=0.0%, 32=0.0%, 64=0.0%, >=64=0.0%
     issued    : total=r=2097767/w=523673/d=0, short=r=0/w=0/d=0, drop=r=0/w=0/d=0
     latency   : target=0, window=0, percentile=100.00%, depth=1

Run status group 0 (all jobs):
   READ: io=8194.5MB, aggrb=32553KB/s, minb=32553KB/s, maxb=32553KB/s, mint=257763msec, maxt=257763msec
  WRITE: io=2045.7MB, aggrb=8126KB/s, minb=8126KB/s, maxb=8126KB/s, mint=257763msec, maxt=257763msec

Disk stats (read/write):
    dm-4: ios=2097767/523692, merge=0/0, ticks=224643/23099, in_queue=247741, util=95.96%, aggrios=2097767/523711, aggrmerge=0/0, aggrticks=223398/23027, aggrin_queue=246329, aggrutil=95.42%
  nvme0n1: ios=2097767/523711, merge=0/0, ticks=223398/23027, in_queue=246329, util=95.42%
2017/03/14:18:46:38: /mnt/fastdev/fiodir complete.
10485760	/mnt/fastdev/fiodir
2017/03/14:18:46:38: -----------------------
2017/03/14:18:46:38: Completed: LVM Device TESTING
2017/03/14:18:46:38: Starting: LVM TEARDOWN
2017/03/14:18:46:39: Completed: LVM TEARDOWN
2017/03/14:18:46:39: END runLVM.sh**********************
2017/03/14:18:46:39: runLVM.sh - Closed logfile: ./RESULTS/runLVM.sh_20170314-155059.log
