2017/03/15:14:19:43: runLVM.sh - Created logfile: ./RESULTS/runLVM.sh_20170315-141943.log
2017/03/15:14:19:43: Key variable values:
2017/03/15:14:19:43: > slowDEV=/dev/sdb - fastDEV=/dev/nvme0n1
2017/03/15:14:19:43: > fastSZ=20G - fastLV=lv_fast - fastVG=vg_fast
2017/03/15:14:19:43: > slowSZ=200G - slowLV=lv_slow - slowVG=vg_slow
2017/03/15:14:19:43: ---------------------------------
2017/03/15:14:19:43: Checking if /dev/sdb is in use, if yes abort
2017/03/15:14:19:43: Preparing /dev/sdb device partitions
Welcome to fdisk (util-linux 2.23.2).

Changes will remain in memory only, until you decide to write them.
Be careful before using the write command.


Command (m for help): 
Command (m for help): Partition type:
   p   primary (0 primary, 0 extended, 4 free)
   e   extended
Select (default p): Partition number (1-4, default 1): First sector (2048-625142447, default 2048): Using default value 2048
Last sector, +sectors or +size{K,M,G} (2048-625142447, default 625142447): Using default value 625142447
Partition 1 of type Linux and of size 298.1 GiB is set

Command (m for help): The partition table has been altered!

Calling ioctl() to re-read partition table.
Syncing disks.
2017/03/15:14:19:44: Removing parition: dev=/dev/sdb - partition=1
2017/03/15:14:19:44: Checking if /dev/nvme0n1 is in use, if yes abort
2017/03/15:14:19:44: Preparing /dev/nvme0n1 device partitions
Welcome to fdisk (util-linux 2.23.2).

Changes will remain in memory only, until you decide to write them.
Be careful before using the write command.


Command (m for help): 
Command (m for help): Partition type:
   p   primary (0 primary, 0 extended, 4 free)
   e   extended
Select (default p): Partition number (1-4, default 1): First sector (2048-250069679, default 2048): Using default value 2048
Last sector, +sectors or +size{K,M,G} (2048-250069679, default 250069679): Using default value 250069679
Partition 1 of type Linux and of size 119.2 GiB is set

Command (m for help): The partition table has been altered!

Calling ioctl() to re-read partition table.
Syncing disks.
2017/03/15:14:19:44: Removing parition: dev=/dev/nvme0n1 - partition=1
2017/03/15:14:19:44: Device checks complete - continuing...
2017/03/15:14:19:44: Starting: LVM SETUP
  LV      VG         Attr       LSize   Pool Origin Data%  Meta%  Move Log Cpy%Sync Convert Devices         
  home    rhel_ml110 -wi-ao----  90.17g                                                     /dev/sda2(2016) 
  root    rhel_ml110 -wi-ao----  50.00g                                                     /dev/sda2(25099)
  swap    rhel_ml110 -wi-ao----   7.88g                                                     /dev/sda2(0)    
  lv_fast vg_fast    -wi-ao----  20.00g                                                     /dev/nvme0n1(0) 
  lv_slow vg_slow    -wi-a----- 200.00g                                                     /dev/sdb(0)     
Filesystem                  1K-blocks    Used Available Use% Mounted on
/dev/mapper/rhel_ml110-root  52403200 4639996  47763204   9% /
devtmpfs                      3985584       0   3985584   0% /dev
tmpfs                         4001112      84   4001028   1% /dev/shm
tmpfs                         4001112    9084   3992028   1% /run
tmpfs                         4001112       0   4001112   0% /sys/fs/cgroup
/dev/sda1                     1038336  231872    806464  23% /boot
/dev/mapper/rhel_ml110-home  94501804   49840  94451964   1% /home
tmpfs                          800224      16    800208   1% /run/user/42
tmpfs                          800224       0    800224   0% /run/user/0
/dev/mapper/vg_slow-lv_slow 209612800   32944 209579856   1% /mnt/slowdev
/dev/mapper/vg_fast-lv_fast  20961280   32944  20928336   1% /mnt/fastdev
2017/03/15:14:19:46: Completed: LVM SETUP
2017/03/15:14:19:46: Starting: LVM Device TESTING
2017/03/15:14:19:46: RUNNING size 1G with blocksize 4096k: /mnt/slowdev/fiodir
slow_1G_4096k: (g=0): rw=randrw, bs=4M-4M/4M-4M/4M-4M, ioengine=sync, iodepth=1
fio-2.2.8
Starting 1 process

slow_1G_4096k: (groupid=0, jobs=1): err= 0: pid=5990: Wed Mar 15 14:20:08 2017
  read : io=860160KB, bw=43783KB/s, iops=10, runt= 19646msec
    clat (msec): min=45, max=198, avg=76.75, stdev=21.62
     lat (msec): min=45, max=198, avg=76.75, stdev=21.62
    clat percentiles (msec):
     |  1.00th=[   56],  5.00th=[   59], 10.00th=[   64], 20.00th=[   67],
     | 30.00th=[   69], 40.00th=[   71], 50.00th=[   72], 60.00th=[   73],
     | 70.00th=[   75], 80.00th=[   79], 90.00th=[   95], 95.00th=[  126],
     | 99.00th=[  153], 99.50th=[  190], 99.90th=[  200], 99.95th=[  200],
     | 99.99th=[  200]
    bw (KB  /s): min=16221, max=62534, per=99.97%, avg=43767.50, stdev=11417.60
  write: io=188416KB, bw=9590.6KB/s, iops=2, runt= 19646msec
    clat (msec): min=60, max=143, avg=76.48, stdev=17.91
     lat (msec): min=60, max=143, avg=76.64, stdev=17.91
    clat percentiles (msec):
     |  1.00th=[   61],  5.00th=[   63], 10.00th=[   64], 20.00th=[   67],
     | 30.00th=[   67], 40.00th=[   69], 50.00th=[   70], 60.00th=[   72],
     | 70.00th=[   75], 80.00th=[   86], 90.00th=[  109], 95.00th=[  118],
     | 99.00th=[  145], 99.50th=[  145], 99.90th=[  145], 99.95th=[  145],
     | 99.99th=[  145]
    bw (KB  /s): min= 7086, max=40554, per=100.00%, avg=12393.54, stdev=8117.25
    lat (msec) : 50=0.78%, 100=89.84%, 250=9.38%
  cpu          : usr=0.04%, sys=0.60%, ctx=269, majf=0, minf=30
  IO depths    : 1=100.0%, 2=0.0%, 4=0.0%, 8=0.0%, 16=0.0%, 32=0.0%, >=64=0.0%
     submit    : 0=0.0%, 4=100.0%, 8=0.0%, 16=0.0%, 32=0.0%, 64=0.0%, >=64=0.0%
     complete  : 0=0.0%, 4=100.0%, 8=0.0%, 16=0.0%, 32=0.0%, 64=0.0%, >=64=0.0%
     issued    : total=r=210/w=46/d=0, short=r=0/w=0/d=0, drop=r=0/w=0/d=0
     latency   : target=0, window=0, percentile=100.00%, depth=1

Run status group 0 (all jobs):
   READ: io=860160KB, aggrb=43782KB/s, minb=43782KB/s, maxb=43782KB/s, mint=19646msec, maxt=19646msec
  WRITE: io=188416KB, aggrb=9590KB/s, minb=9590KB/s, maxb=9590KB/s, mint=19646msec, maxt=19646msec
2017/03/15:14:20:08: /mnt/slowdev/fiodir complete.
0	/mnt/slowdev/fiodir
2017/03/15:14:20:08: -----------------------
2017/03/15:14:20:08: RUNNING size 1G with blocksize 4096k: /mnt/fastdev/fiodir
fast_1G_4096k: (g=0): rw=randrw, bs=4M-4M/4M-4M/4M-4M, ioengine=sync, iodepth=1
fio-2.2.8
Starting 1 process

fast_1G_4096k: (groupid=0, jobs=1): err= 0: pid=6025: Wed Mar 15 14:20:15 2017
  read : io=860160KB, bw=155657KB/s, iops=38, runt=  5526msec
    clat (msec): min=20, max=34, avg=20.92, stdev= 1.85
     lat (msec): min=20, max=34, avg=20.92, stdev= 1.85
    clat percentiles (usec):
     |  1.00th=[20352],  5.00th=[20352], 10.00th=[20352], 20.00th=[20352],
     | 30.00th=[20352], 40.00th=[20352], 50.00th=[20608], 60.00th=[20608],
     | 70.00th=[20608], 80.00th=[20608], 90.00th=[20864], 95.00th=[24448],
     | 99.00th=[29312], 99.50th=[29824], 99.90th=[34048], 99.95th=[34048],
     | 99.99th=[34048]
    bw (KB  /s): min=126762, max=171005, per=100.00%, avg=157282.20, stdev=14177.02
  write: io=188416KB, bw=34096KB/s, iops=8, runt=  5526msec
    clat (usec): min=24170, max=24433, avg=24352.28, stdev=51.07
     lat (usec): min=24355, max=24611, avg=24517.20, stdev=57.49
    clat percentiles (usec):
     |  1.00th=[24192],  5.00th=[24192], 10.00th=[24192], 20.00th=[24448],
     | 30.00th=[24448], 40.00th=[24448], 50.00th=[24448], 60.00th=[24448],
     | 70.00th=[24448], 80.00th=[24448], 90.00th=[24448], 95.00th=[24448],
     | 99.00th=[24448], 99.50th=[24448], 99.90th=[24448], 99.95th=[24448],
     | 99.99th=[24448]
    bw (KB  /s): min=24188, max=55458, per=96.73%, avg=32982.70, stdev=10026.20
    lat (msec) : 50=100.00%
  cpu          : usr=0.13%, sys=2.24%, ctx=260, majf=0, minf=30
  IO depths    : 1=100.0%, 2=0.0%, 4=0.0%, 8=0.0%, 16=0.0%, 32=0.0%, >=64=0.0%
     submit    : 0=0.0%, 4=100.0%, 8=0.0%, 16=0.0%, 32=0.0%, 64=0.0%, >=64=0.0%
     complete  : 0=0.0%, 4=100.0%, 8=0.0%, 16=0.0%, 32=0.0%, 64=0.0%, >=64=0.0%
     issued    : total=r=210/w=46/d=0, short=r=0/w=0/d=0, drop=r=0/w=0/d=0
     latency   : target=0, window=0, percentile=100.00%, depth=1

Run status group 0 (all jobs):
   READ: io=860160KB, aggrb=155656KB/s, minb=155656KB/s, maxb=155656KB/s, mint=5526msec, maxt=5526msec
  WRITE: io=188416KB, aggrb=34096KB/s, minb=34096KB/s, maxb=34096KB/s, mint=5526msec, maxt=5526msec
2017/03/15:14:20:15: /mnt/fastdev/fiodir complete.
0	/mnt/fastdev/fiodir
2017/03/15:14:20:15: -----------------------
2017/03/15:14:20:15: RUNNING size 10G with blocksize 4096k: /mnt/slowdev/fiodir
slow_10G_4096k: (g=0): rw=randrw, bs=4M-4M/4M-4M/4M-4M, ioengine=sync, iodepth=1
fio-2.2.8
Starting 1 process

slow_10G_4096k: (groupid=0, jobs=1): err= 0: pid=6056: Wed Mar 15 14:23:29 2017
  read : io=8380.0MB, bw=44689KB/s, iops=10, runt=192017msec
    clat (msec): min=39, max=179, avg=74.59, stdev=10.95
     lat (msec): min=39, max=179, avg=74.59, stdev=10.95
    clat percentiles (msec):
     |  1.00th=[   53],  5.00th=[   63], 10.00th=[   67], 20.00th=[   70],
     | 30.00th=[   71], 40.00th=[   73], 50.00th=[   74], 60.00th=[   76],
     | 70.00th=[   77], 80.00th=[   79], 90.00th=[   82], 95.00th=[   94],
     | 99.00th=[  120], 99.50th=[  123], 99.90th=[  157], 99.95th=[  180],
     | 99.99th=[  180]
    bw (KB  /s): min=16253, max=64250, per=100.00%, avg=44754.04, stdev=8541.79
  write: io=1860.0MB, bw=9919.2KB/s, iops=2, runt=192017msec
    clat (msec): min=59, max=146, avg=76.75, stdev=14.25
     lat (msec): min=59, max=146, avg=76.82, stdev=14.25
    clat percentiles (msec):
     |  1.00th=[   62],  5.00th=[   65], 10.00th=[   67], 20.00th=[   69],
     | 30.00th=[   70], 40.00th=[   71], 50.00th=[   73], 60.00th=[   74],
     | 70.00th=[   76], 80.00th=[   82], 90.00th=[  100], 95.00th=[  109],
     | 99.00th=[  127], 99.50th=[  129], 99.90th=[  147], 99.95th=[  147],
     | 99.99th=[  147]
    bw (KB  /s): min= 6884, max=40634, per=100.00%, avg=12656.80, stdev=6276.83
    lat (msec) : 50=0.66%, 100=94.26%, 250=5.08%
  cpu          : usr=0.03%, sys=0.61%, ctx=2565, majf=0, minf=32
  IO depths    : 1=100.0%, 2=0.0%, 4=0.0%, 8=0.0%, 16=0.0%, 32=0.0%, >=64=0.0%
     submit    : 0=0.0%, 4=100.0%, 8=0.0%, 16=0.0%, 32=0.0%, 64=0.0%, >=64=0.0%
     complete  : 0=0.0%, 4=100.0%, 8=0.0%, 16=0.0%, 32=0.0%, 64=0.0%, >=64=0.0%
     issued    : total=r=2095/w=465/d=0, short=r=0/w=0/d=0, drop=r=0/w=0/d=0
     latency   : target=0, window=0, percentile=100.00%, depth=1

Run status group 0 (all jobs):
   READ: io=8380.0MB, aggrb=44689KB/s, minb=44689KB/s, maxb=44689KB/s, mint=192017msec, maxt=192017msec
  WRITE: io=1860.0MB, aggrb=9919KB/s, minb=9919KB/s, maxb=9919KB/s, mint=192017msec, maxt=192017msec
2017/03/15:14:23:29: /mnt/slowdev/fiodir complete.
0	/mnt/slowdev/fiodir
2017/03/15:14:23:29: -----------------------
2017/03/15:14:23:29: RUNNING size 10G with blocksize 4096k: /mnt/fastdev/fiodir
fast_10G_4096k: (g=0): rw=randrw, bs=4M-4M/4M-4M/4M-4M, ioengine=sync, iodepth=1
fio-2.2.8
Starting 1 process

fast_10G_4096k: (groupid=0, jobs=1): err= 0: pid=6106: Wed Mar 15 14:24:25 2017
  read : io=8380.0MB, bw=156245KB/s, iops=38, runt= 54921msec
    clat (msec): min=19, max=36, avg=20.76, stdev= 2.47
     lat (msec): min=19, max=36, avg=20.76, stdev= 2.47
    clat percentiles (usec):
     |  1.00th=[19840],  5.00th=[19840], 10.00th=[19840], 20.00th=[19840],
     | 30.00th=[19840], 40.00th=[19840], 50.00th=[19840], 60.00th=[19840],
     | 70.00th=[20096], 80.00th=[20096], 90.00th=[23424], 95.00th=[28032],
     | 99.00th=[30848], 99.50th=[31360], 99.90th=[33536], 99.95th=[34048],
     | 99.99th=[36096]
    bw (KB  /s): min=102994, max=195824, per=100.00%, avg=156357.94, stdev=18862.78
  write: io=1860.0MB, bw=34680KB/s, iops=8, runt= 54921msec
    clat (usec): min=24238, max=24570, avg=24387.84, stdev=70.60
     lat (usec): min=24300, max=24734, avg=24543.37, stdev=76.92
    clat percentiles (usec):
     |  1.00th=[24192],  5.00th=[24192], 10.00th=[24192], 20.00th=[24448],
     | 30.00th=[24448], 40.00th=[24448], 50.00th=[24448], 60.00th=[24448],
     | 70.00th=[24448], 80.00th=[24448], 90.00th=[24448], 95.00th=[24448],
     | 99.00th=[24448], 99.50th=[24448], 99.90th=[24448], 99.95th=[24448],
     | 99.99th=[24448]
    bw (KB  /s): min= 8062, max=71303, per=100.00%, avg=34758.97, stdev=13659.96
    lat (msec) : 20=68.75%, 50=31.25%
  cpu          : usr=0.17%, sys=2.20%, ctx=2564, majf=0, minf=31
  IO depths    : 1=100.0%, 2=0.0%, 4=0.0%, 8=0.0%, 16=0.0%, 32=0.0%, >=64=0.0%
     submit    : 0=0.0%, 4=100.0%, 8=0.0%, 16=0.0%, 32=0.0%, 64=0.0%, >=64=0.0%
     complete  : 0=0.0%, 4=100.0%, 8=0.0%, 16=0.0%, 32=0.0%, 64=0.0%, >=64=0.0%
     issued    : total=r=2095/w=465/d=0, short=r=0/w=0/d=0, drop=r=0/w=0/d=0
     latency   : target=0, window=0, percentile=100.00%, depth=1

Run status group 0 (all jobs):
   READ: io=8380.0MB, aggrb=156244KB/s, minb=156244KB/s, maxb=156244KB/s, mint=54921msec, maxt=54921msec
  WRITE: io=1860.0MB, aggrb=34679KB/s, minb=34679KB/s, maxb=34679KB/s, mint=54921msec, maxt=54921msec
2017/03/15:14:24:25: /mnt/fastdev/fiodir complete.
0	/mnt/fastdev/fiodir
2017/03/15:14:24:25: -----------------------
2017/03/15:14:24:25: Completed: LVM Device TESTING
2017/03/15:14:24:25: Starting: LVM TEARDOWN
2017/03/15:14:24:26: Completed: LVM TEARDOWN
2017/03/15:14:24:26: END runLVM.sh**********************
2017/03/15:14:24:26: runLVM.sh - Closed logfile: ./RESULTS/runLVM.sh_20170315-141943.log
