2017/03/15:11:52:09: runLVM.sh - Created logfile: ./RESULTS/runLVM.sh_20170315-115209.log
2017/03/15:11:52:09: Key variable values:
2017/03/15:11:52:09: > slowDEV=/dev/sdb - fastDEV=/dev/nvme0n1
2017/03/15:11:52:09: > fastSZ=20G - fastLV=lv_fast - fastVG=vg_fast
2017/03/15:11:52:09: > slowSZ=200G - slowLV=lv_slow - slowVG=vg_slow
2017/03/15:11:52:09: ---------------------------------
2017/03/15:11:52:09: Checking if /dev/sdb is in use, if yes abort
2017/03/15:11:52:09: Preparing /dev/sdb device partitions
Welcome to fdisk (util-linux 2.23.2).

Changes will remain in memory only, until you decide to write them.
Be careful before using the write command.


Command (m for help): 
Command (m for help): Partition type:
   p   primary (0 primary, 0 extended, 4 free)
   e   extended
Select (default p): Partition number (1-4, default 1): First sector (2048-625142447, default 2048): Using default value 2048
Last sector, +sectors or +size{K,M,G} (2048-625142447, default 625142447): Using default value 625142447
Partition 1 of type Linux and of size 298.1 GiB is set

Command (m for help): The partition table has been altered!

Calling ioctl() to re-read partition table.
Syncing disks.
2017/03/15:11:52:09: Removing parition: dev=/dev/sdb - partition=1
2017/03/15:11:52:09: Checking if /dev/nvme0n1 is in use, if yes abort
2017/03/15:11:52:09: Preparing /dev/nvme0n1 device partitions
Welcome to fdisk (util-linux 2.23.2).

Changes will remain in memory only, until you decide to write them.
Be careful before using the write command.


Command (m for help): 
Command (m for help): Partition type:
   p   primary (0 primary, 0 extended, 4 free)
   e   extended
Select (default p): Partition number (1-4, default 1): First sector (2048-250069679, default 2048): Using default value 2048
Last sector, +sectors or +size{K,M,G} (2048-250069679, default 250069679): Using default value 250069679
Partition 1 of type Linux and of size 119.2 GiB is set

Command (m for help): The partition table has been altered!

Calling ioctl() to re-read partition table.
Syncing disks.
2017/03/15:11:52:09: Removing parition: dev=/dev/nvme0n1 - partition=1
2017/03/15:11:52:09: Device checks complete - continuing...
2017/03/15:11:52:09: Starting: LVM SETUP
  LV      VG         Attr       LSize   Pool Origin Data%  Meta%  Move Log Cpy%Sync Convert Devices         
  home    rhel_ml110 -wi-ao----  90.17g                                                     /dev/sda2(2016) 
  root    rhel_ml110 -wi-ao----  50.00g                                                     /dev/sda2(25099)
  swap    rhel_ml110 -wi-ao----   7.88g                                                     /dev/sda2(0)    
  lv_fast vg_fast    -wi-ao----  20.00g                                                     /dev/nvme0n1(0) 
  lv_slow vg_slow    -wi-a----- 200.00g                                                     /dev/sdb(0)     
Filesystem                  1K-blocks    Used Available Use% Mounted on
/dev/mapper/rhel_ml110-root  52403200 4639860  47763340   9% /
devtmpfs                      3985584       0   3985584   0% /dev
tmpfs                         4001112      84   4001028   1% /dev/shm
tmpfs                         4001112    9084   3992028   1% /run
tmpfs                         4001112       0   4001112   0% /sys/fs/cgroup
/dev/sda1                     1038336  231872    806464  23% /boot
/dev/mapper/rhel_ml110-home  94501804   49824  94451980   1% /home
tmpfs                          800224      16    800208   1% /run/user/42
tmpfs                          800224       0    800224   0% /run/user/0
/dev/mapper/vg_slow-lv_slow 209612800   32944 209579856   1% /mnt/slowdev
/dev/mapper/vg_fast-lv_fast  20961280   32944  20928336   1% /mnt/fastdev
2017/03/15:11:52:12: Completed: LVM SETUP
2017/03/15:11:52:12: Starting: LVM Device TESTING
2017/03/15:11:52:12: RUNNING size 1G with blocksize 4096k: /mnt/slowdev/fiodir
slow_1G_4096k: (g=0): rw=randrw, bs=4M-4M/4M-4M/4M-4M, ioengine=sync, iodepth=1
fio-2.2.8
Starting 1 process

slow_1G_4096k: (groupid=0, jobs=1): err= 0: pid=4179: Wed Mar 15 11:52:33 2017
  read : io=860160KB, bw=46253KB/s, iops=11, runt= 18597msec
    clat (msec): min=49, max=219, avg=72.42, stdev=14.79
     lat (msec): min=49, max=219, avg=72.42, stdev=14.79
    clat percentiles (msec):
     |  1.00th=[   57],  5.00th=[   59], 10.00th=[   64], 20.00th=[   68],
     | 30.00th=[   69], 40.00th=[   70], 50.00th=[   71], 60.00th=[   73],
     | 70.00th=[   74], 80.00th=[   75], 90.00th=[   79], 95.00th=[   87],
     | 99.00th=[  139], 99.50th=[  153], 99.90th=[  221], 99.95th=[  221],
     | 99.99th=[  221]
    bw (KB  /s): min=21748, max=63136, per=100.00%, avg=46405.94, stdev=9938.11
  write: io=188416KB, bw=10132KB/s, iops=2, runt= 18597msec
    clat (msec): min=59, max=117, avg=73.53, stdev=14.41
     lat (msec): min=59, max=117, avg=73.60, stdev=14.41
    clat percentiles (msec):
     |  1.00th=[   60],  5.00th=[   61], 10.00th=[   63], 20.00th=[   65],
     | 30.00th=[   67], 40.00th=[   68], 50.00th=[   69], 60.00th=[   71],
     | 70.00th=[   72], 80.00th=[   79], 90.00th=[   97], 95.00th=[  109],
     | 99.00th=[  118], 99.50th=[  118], 99.90th=[  118], 99.95th=[  118],
     | 99.99th=[  118]
    bw (KB  /s): min= 7074, max=36247, per=100.00%, avg=12630.70, stdev=7632.55
    lat (msec) : 50=0.39%, 100=96.09%, 250=3.52%
  cpu          : usr=0.03%, sys=0.63%, ctx=259, majf=0, minf=30
  IO depths    : 1=100.0%, 2=0.0%, 4=0.0%, 8=0.0%, 16=0.0%, 32=0.0%, >=64=0.0%
     submit    : 0=0.0%, 4=100.0%, 8=0.0%, 16=0.0%, 32=0.0%, 64=0.0%, >=64=0.0%
     complete  : 0=0.0%, 4=100.0%, 8=0.0%, 16=0.0%, 32=0.0%, 64=0.0%, >=64=0.0%
     issued    : total=r=210/w=46/d=0, short=r=0/w=0/d=0, drop=r=0/w=0/d=0
     latency   : target=0, window=0, percentile=100.00%, depth=1

Run status group 0 (all jobs):
   READ: io=860160KB, aggrb=46252KB/s, minb=46252KB/s, maxb=46252KB/s, mint=18597msec, maxt=18597msec
  WRITE: io=188416KB, aggrb=10131KB/s, minb=10131KB/s, maxb=10131KB/s, mint=18597msec, maxt=18597msec
2017/03/15:11:52:33: /mnt/slowdev/fiodir complete.
0	/mnt/slowdev/fiodir
2017/03/15:11:52:33: -----------------------
2017/03/15:11:52:33: RUNNING size 1G with blocksize 4096k: /mnt/fastdev/fiodir
fast_1G_4096k: (g=0): rw=randrw, bs=4M-4M/4M-4M/4M-4M, ioengine=sync, iodepth=1
fio-2.2.8
Starting 1 process

fast_1G_4096k: (groupid=0, jobs=1): err= 0: pid=4202: Wed Mar 15 11:52:40 2017
  read : io=860160KB, bw=157279KB/s, iops=38, runt=  5469msec
    clat (msec): min=19, max=30, avg=20.64, stdev= 2.19
     lat (msec): min=19, max=30, avg=20.64, stdev= 2.19
    clat percentiles (usec):
     |  1.00th=[19840],  5.00th=[19840], 10.00th=[19840], 20.00th=[19840],
     | 30.00th=[19840], 40.00th=[19840], 50.00th=[20096], 60.00th=[20096],
     | 70.00th=[20096], 80.00th=[20096], 90.00th=[20096], 95.00th=[26752],
     | 99.00th=[30592], 99.50th=[30592], 99.90th=[30592], 99.95th=[30592],
     | 99.99th=[30592]
    bw (KB  /s): min=128250, max=175315, per=100.00%, avg=158652.40, stdev=15561.64
  write: io=188416KB, bw=34452KB/s, iops=8, runt=  5469msec
    clat (usec): min=24297, max=24497, avg=24385.09, stdev=55.58
     lat (usec): min=24393, max=24662, avg=24540.63, stdev=67.94
    clat percentiles (usec):
     |  1.00th=[24192],  5.00th=[24192], 10.00th=[24448], 20.00th=[24448],
     | 30.00th=[24448], 40.00th=[24448], 50.00th=[24448], 60.00th=[24448],
     | 70.00th=[24448], 80.00th=[24448], 90.00th=[24448], 95.00th=[24448],
     | 99.00th=[24448], 99.50th=[24448], 99.90th=[24448], 99.95th=[24448],
     | 99.99th=[24448]
    bw (KB  /s): min=23676, max=56109, per=97.76%, avg=33677.60, stdev=11269.77
    lat (msec) : 20=40.62%, 50=59.38%
  cpu          : usr=0.20%, sys=2.19%, ctx=260, majf=0, minf=30
  IO depths    : 1=100.0%, 2=0.0%, 4=0.0%, 8=0.0%, 16=0.0%, 32=0.0%, >=64=0.0%
     submit    : 0=0.0%, 4=100.0%, 8=0.0%, 16=0.0%, 32=0.0%, 64=0.0%, >=64=0.0%
     complete  : 0=0.0%, 4=100.0%, 8=0.0%, 16=0.0%, 32=0.0%, 64=0.0%, >=64=0.0%
     issued    : total=r=210/w=46/d=0, short=r=0/w=0/d=0, drop=r=0/w=0/d=0
     latency   : target=0, window=0, percentile=100.00%, depth=1

Run status group 0 (all jobs):
   READ: io=860160KB, aggrb=157279KB/s, minb=157279KB/s, maxb=157279KB/s, mint=5469msec, maxt=5469msec
  WRITE: io=188416KB, aggrb=34451KB/s, minb=34451KB/s, maxb=34451KB/s, mint=5469msec, maxt=5469msec
2017/03/15:11:52:40: /mnt/fastdev/fiodir complete.
0	/mnt/fastdev/fiodir
2017/03/15:11:52:40: -----------------------
2017/03/15:11:52:40: RUNNING size 10G with blocksize 4096k: /mnt/slowdev/fiodir
slow_10G_4096k: (g=0): rw=randrw, bs=4M-4M/4M-4M/4M-4M, ioengine=sync, iodepth=1
fio-2.2.8
Starting 1 process

slow_10G_4096k: (groupid=0, jobs=1): err= 0: pid=4225: Wed Mar 15 11:55:53 2017
  read : io=8380.0MB, bw=44733KB/s, iops=10, runt=191828msec
    clat (msec): min=39, max=179, avg=74.55, stdev=11.05
     lat (msec): min=39, max=179, avg=74.55, stdev=11.05
    clat percentiles (msec):
     |  1.00th=[   53],  5.00th=[   63], 10.00th=[   68], 20.00th=[   69],
     | 30.00th=[   71], 40.00th=[   73], 50.00th=[   74], 60.00th=[   75],
     | 70.00th=[   77], 80.00th=[   79], 90.00th=[   82], 95.00th=[   94],
     | 99.00th=[  121], 99.50th=[  125], 99.90th=[  151], 99.95th=[  169],
     | 99.99th=[  180]
    bw (KB  /s): min=14099, max=64503, per=100.00%, avg=44821.99, stdev=8495.64
  write: io=1860.0MB, bw=9928.1KB/s, iops=2, runt=191828msec
    clat (msec): min=58, max=129, avg=76.49, stdev=13.49
     lat (msec): min=59, max=129, avg=76.64, stdev=13.49
    clat percentiles (msec):
     |  1.00th=[   62],  5.00th=[   65], 10.00th=[   67], 20.00th=[   69],
     | 30.00th=[   70], 40.00th=[   71], 50.00th=[   72], 60.00th=[   74],
     | 70.00th=[   76], 80.00th=[   83], 90.00th=[  100], 95.00th=[  108],
     | 99.00th=[  126], 99.50th=[  129], 99.90th=[  130], 99.95th=[  130],
     | 99.99th=[  130]
    bw (KB  /s): min= 6671, max=35432, per=100.00%, avg=12558.14, stdev=6149.36
    lat (msec) : 50=0.66%, 100=94.22%, 250=5.12%
  cpu          : usr=0.04%, sys=0.64%, ctx=2569, majf=0, minf=32
  IO depths    : 1=100.0%, 2=0.0%, 4=0.0%, 8=0.0%, 16=0.0%, 32=0.0%, >=64=0.0%
     submit    : 0=0.0%, 4=100.0%, 8=0.0%, 16=0.0%, 32=0.0%, 64=0.0%, >=64=0.0%
     complete  : 0=0.0%, 4=100.0%, 8=0.0%, 16=0.0%, 32=0.0%, 64=0.0%, >=64=0.0%
     issued    : total=r=2095/w=465/d=0, short=r=0/w=0/d=0, drop=r=0/w=0/d=0
     latency   : target=0, window=0, percentile=100.00%, depth=1

Run status group 0 (all jobs):
   READ: io=8380.0MB, aggrb=44733KB/s, minb=44733KB/s, maxb=44733KB/s, mint=191828msec, maxt=191828msec
  WRITE: io=1860.0MB, aggrb=9928KB/s, minb=9928KB/s, maxb=9928KB/s, mint=191828msec, maxt=191828msec
2017/03/15:11:55:54: /mnt/slowdev/fiodir complete.
0	/mnt/slowdev/fiodir
2017/03/15:11:55:54: -----------------------
2017/03/15:11:55:54: RUNNING size 10G with blocksize 4096k: /mnt/fastdev/fiodir
fast_10G_4096k: (g=0): rw=randrw, bs=4M-4M/4M-4M/4M-4M, ioengine=sync, iodepth=1
fio-2.2.8
Starting 1 process

fast_10G_4096k: (groupid=0, jobs=1): err= 0: pid=4274: Wed Mar 15 11:56:51 2017
  read : io=8380.0MB, bw=153245KB/s, iops=37, runt= 55996msec
    clat (msec): min=20, max=41, avg=21.28, stdev= 2.45
     lat (msec): min=20, max=41, avg=21.28, stdev= 2.45
    clat percentiles (usec):
     |  1.00th=[20352],  5.00th=[20352], 10.00th=[20352], 20.00th=[20352],
     | 30.00th=[20352], 40.00th=[20608], 50.00th=[20608], 60.00th=[20608],
     | 70.00th=[20608], 80.00th=[20608], 90.00th=[24448], 95.00th=[27264],
     | 99.00th=[30848], 99.50th=[31616], 99.90th=[34560], 99.95th=[35584],
     | 99.99th=[41216]
    bw (KB  /s): min=99715, max=200391, per=100.00%, avg=153382.49, stdev=16435.67
  write: io=1860.0MB, bw=34014KB/s, iops=8, runt= 55996msec
    clat (usec): min=24232, max=24459, avg=24361.83, stdev=36.82
     lat (usec): min=24314, max=24622, avg=24516.84, stdev=50.78
    clat percentiles (usec):
     |  1.00th=[24192],  5.00th=[24192], 10.00th=[24192], 20.00th=[24448],
     | 30.00th=[24448], 40.00th=[24448], 50.00th=[24448], 60.00th=[24448],
     | 70.00th=[24448], 80.00th=[24448], 90.00th=[24448], 95.00th=[24448],
     | 99.00th=[24448], 99.50th=[24448], 99.90th=[24448], 99.95th=[24448],
     | 99.99th=[24448]
    bw (KB  /s): min= 8110, max=69033, per=100.00%, avg=34404.81, stdev=11875.68
    lat (msec) : 50=100.00%
  cpu          : usr=0.14%, sys=2.19%, ctx=2564, majf=0, minf=31
  IO depths    : 1=100.0%, 2=0.0%, 4=0.0%, 8=0.0%, 16=0.0%, 32=0.0%, >=64=0.0%
     submit    : 0=0.0%, 4=100.0%, 8=0.0%, 16=0.0%, 32=0.0%, 64=0.0%, >=64=0.0%
     complete  : 0=0.0%, 4=100.0%, 8=0.0%, 16=0.0%, 32=0.0%, 64=0.0%, >=64=0.0%
     issued    : total=r=2095/w=465/d=0, short=r=0/w=0/d=0, drop=r=0/w=0/d=0
     latency   : target=0, window=0, percentile=100.00%, depth=1

Run status group 0 (all jobs):
   READ: io=8380.0MB, aggrb=153245KB/s, minb=153245KB/s, maxb=153245KB/s, mint=55996msec, maxt=55996msec
  WRITE: io=1860.0MB, aggrb=34013KB/s, minb=34013KB/s, maxb=34013KB/s, mint=55996msec, maxt=55996msec
2017/03/15:11:56:51: /mnt/fastdev/fiodir complete.
0	/mnt/fastdev/fiodir
2017/03/15:11:56:51: -----------------------
2017/03/15:11:56:51: Completed: LVM Device TESTING
2017/03/15:11:56:51: Starting: LVM TEARDOWN
2017/03/15:11:56:52: Completed: LVM TEARDOWN
2017/03/15:11:56:52: END runLVM.sh**********************
2017/03/15:11:56:52: runLVM.sh - Closed logfile: ./RESULTS/runLVM.sh_20170315-115209.log
