2017/03/27:15:30:45: runLVM.sh - Created logfile: ./RESULTS/runLVM.sh_20170327-153045.log
2017/03/27:15:30:45: Key variable values:
2017/03/27:15:30:45: > slowDEV=/dev/sdb - fastDEV=/dev/nvme0n1
2017/03/27:15:30:45: > fastSZ=12G - fastLV=lv_fast - fastVG=vg_fast
2017/03/27:15:30:45: > slowSZ=100G - slowLV=lv_slow - slowVG=vg_slow
2017/03/27:15:30:45: > slowLVPATH=/dev/vg_slow/lv_slow - fastLVPATH=/dev/vg_fast/lv_fast
2017/03/27:15:30:45: > slowSCRATCH=/mnt/slowdev/fio_scratch - fastSCRATCH=/mnt/fastdev/fio_scratch
2017/03/27:15:30:45: ---------------------------------
2017/03/27:15:30:46: Checking if /dev/sdb is in use, if yes abort
2017/03/27:15:30:46: Preparing /dev/sdb device partitions
Welcome to fdisk (util-linux 2.23.2).

Changes will remain in memory only, until you decide to write them.
Be careful before using the write command.


Command (m for help): 
Command (m for help): Partition type:
   p   primary (0 primary, 0 extended, 4 free)
   e   extended
Select (default p): Partition number (1-4, default 1): First sector (2048-625142447, default 2048): Using default value 2048
Last sector, +sectors or +size{K,M,G} (2048-625142447, default 625142447): Using default value 625142447
Partition 1 of type Linux and of size 298.1 GiB is set

Command (m for help): The partition table has been altered!

Calling ioctl() to re-read partition table.
Syncing disks.
2017/03/27:15:30:46: Removing parition: dev=/dev/sdb - partition=1
2017/03/27:15:30:46: Checking if /dev/nvme0n1 is in use, if yes abort
2017/03/27:15:30:46: Preparing /dev/nvme0n1 device partitions
Welcome to fdisk (util-linux 2.23.2).

Changes will remain in memory only, until you decide to write them.
Be careful before using the write command.


Command (m for help): 
Command (m for help): Partition type:
   p   primary (0 primary, 0 extended, 4 free)
   e   extended
Select (default p): Partition number (1-4, default 1): First sector (2048-250069679, default 2048): Using default value 2048
Last sector, +sectors or +size{K,M,G} (2048-250069679, default 250069679): Using default value 250069679
Partition 1 of type Linux and of size 119.2 GiB is set

Command (m for help): The partition table has been altered!

Calling ioctl() to re-read partition table.
Syncing disks.
2017/03/27:15:30:46: Removing parition: dev=/dev/nvme0n1 - partition=1
2017/03/27:15:30:46: Device checks complete - continuing...
2017/03/27:15:30:46: Starting: LVM SETUP
  LV      VG         Attr       LSize   Pool Origin Data%  Meta%  Move Log Cpy%Sync Convert Devices         
  home    rhel_ml110 -wi-ao----  90.17g                                                     /dev/sda2(2016) 
  root    rhel_ml110 -wi-ao----  50.00g                                                     /dev/sda2(25099)
  swap    rhel_ml110 -wi-ao----   7.88g                                                     /dev/sda2(0)    
  lv_fast vg_fast    -wi-ao----  12.00g                                                     /dev/nvme0n1(0) 
  lv_slow vg_slow    -wi-a----- 100.00g                                                     /dev/sdb(0)     
Filesystem                  1K-blocks    Used Available Use% Mounted on
/dev/mapper/rhel_ml110-root  52403200 4642640  47760560   9% /
devtmpfs                      3985584       0   3985584   0% /dev
tmpfs                         4001112      84   4001028   1% /dev/shm
tmpfs                         4001112    9084   3992028   1% /run
tmpfs                         4001112       0   4001112   0% /sys/fs/cgroup
/dev/sda1                     1038336  231872    806464  23% /boot
/dev/mapper/rhel_ml110-home  94501804   50120  94451684   1% /home
tmpfs                          800224      16    800208   1% /run/user/42
tmpfs                          800224       0    800224   0% /run/user/0
/dev/mapper/vg_slow-lv_slow 104806400   33040 104773360   1% /mnt/slowdev
/dev/mapper/vg_fast-lv_fast  12572672   33040  12539632   1% /mnt/fastdev
2017/03/27:15:30:48: Completed: LVM SETUP
2017/03/27:15:30:48: BEGIN: Write the scratch files
2017/03/27:15:33:47: /mnt/slowdev/fio_scratch is 11534336 KB
2017/03/27:15:35:04: /mnt/fastdev/fio_scratch is 11534336 KB
2017/03/27:15:35:04: COMPLETED: Write the scratch files
2017/03/27:15:35:04: Starting: LVM Device TESTING
2017/03/27:15:35:04: RUNNING size 1G with blocksize 64k: /mnt/slowdev/fio_scratch
slow_1G_64k: (g=0): rw=randrw, bs=64K-64K/64K-64K/64K-64K, ioengine=libaio, iodepth=8
fio-2.2.8
Starting 1 process

slow_1G_64k: (groupid=0, jobs=1): err= 0: pid=3843: Mon Mar 27 15:35:58 2017
  read : io=836864KB, bw=16040KB/s, iops=250, runt= 52175msec
    slat (usec): min=6, max=131, avg=25.90, stdev= 6.39
    clat (msec): min=1, max=547, avg=26.01, stdev=29.46
     lat (msec): min=1, max=547, avg=26.03, stdev=29.46
    clat percentiles (usec):
     |  1.00th=[ 1976],  5.00th=[ 2192], 10.00th=[ 2416], 20.00th=[ 3856],
     | 30.00th=[ 8768], 40.00th=[12608], 50.00th=[17536], 60.00th=[23168],
     | 70.00th=[31360], 80.00th=[42240], 90.00th=[59136], 95.00th=[76288],
     | 99.00th=[124416], 99.50th=[142336], 99.90th=[244736], 99.95th=[468992],
     | 99.99th=[514048]
    bw (KB  /s): min= 7794, max=23936, per=100.00%, avg=16119.45, stdev=2749.72
  write: io=211712KB, bw=4057.8KB/s, iops=63, runt= 52175msec
    slat (usec): min=10, max=106, avg=31.77, stdev= 6.14
    clat (msec): min=2, max=469, avg=23.20, stdev=28.33
     lat (msec): min=2, max=469, avg=23.23, stdev=28.33
    clat percentiles (msec):
     |  1.00th=[    3],  5.00th=[    3], 10.00th=[    3], 20.00th=[    4],
     | 30.00th=[    6], 40.00th=[   11], 50.00th=[   15], 60.00th=[   21],
     | 70.00th=[   29], 80.00th=[   39], 90.00th=[   53], 95.00th=[   70],
     | 99.00th=[  114], 99.50th=[  143], 99.90th=[  392], 99.95th=[  404],
     | 99.99th=[  469]
    bw (KB  /s): min= 1699, max= 6272, per=100.00%, avg=4085.37, stdev=895.67
    lat (msec) : 2=1.15%, 4=20.18%, 10=12.82%, 20=21.37%, 50=30.44%
    lat (msec) : 100=11.91%, 250=2.03%, 500=0.08%, 750=0.02%
  cpu          : usr=1.11%, sys=2.23%, ctx=15354, majf=0, minf=51
  IO depths    : 1=0.1%, 2=0.1%, 4=0.1%, 8=100.0%, 16=0.0%, 32=0.0%, >=64=0.0%
     submit    : 0=0.0%, 4=100.0%, 8=0.0%, 16=0.0%, 32=0.0%, 64=0.0%, >=64=0.0%
     complete  : 0=0.0%, 4=100.0%, 8=0.1%, 16=0.0%, 32=0.0%, 64=0.0%, >=64=0.0%
     issued    : total=r=13076/w=3308/d=0, short=r=0/w=0/d=0, drop=r=0/w=0/d=0
     latency   : target=0, window=0, percentile=100.00%, depth=8

Run status group 0 (all jobs):
   READ: io=836864KB, aggrb=16039KB/s, minb=16039KB/s, maxb=16039KB/s, mint=52175msec, maxt=52175msec
  WRITE: io=211712KB, aggrb=4057KB/s, minb=4057KB/s, maxb=4057KB/s, mint=52175msec, maxt=52175msec

Disk stats (read/write):
    dm-3: ios=13076/3310, merge=0/0, ticks=338391/77354, in_queue=416089, util=99.87%, aggrios=12122/3236, aggrmerge=907/77, aggrticks=320252/76542, aggrin_queue=397329, aggrutil=99.83%
  sdb: ios=12122/3236, merge=907/77, ticks=320252/76542, in_queue=397329, util=99.83%
2017/03/27:15:35:58: /mnt/slowdev/fio_scratch complete.
2017/03/27:15:35:58: -----------------------
2017/03/27:15:35:58: RUNNING size 1G with blocksize 64k: /mnt/fastdev/fio_scratch
fast_1G_64k: (g=0): rw=randrw, bs=64K-64K/64K-64K/64K-64K, ioengine=libaio, iodepth=8
fio-2.2.8
Starting 1 process

fast_1G_64k: (groupid=0, jobs=1): err= 0: pid=3869: Mon Mar 27 15:36:04 2017
  read : io=836864KB, bw=186592KB/s, iops=2915, runt=  4485msec
    slat (usec): min=7, max=187, avg=20.59, stdev= 5.86
    clat (usec): min=360, max=8227, avg=2575.65, stdev=742.68
     lat (usec): min=369, max=8237, avg=2596.66, stdev=742.54
    clat percentiles (usec):
     |  1.00th=[  684],  5.00th=[ 1304], 10.00th=[ 1752], 20.00th=[ 2192],
     | 30.00th=[ 2320], 40.00th=[ 2480], 50.00th=[ 2544], 60.00th=[ 2608],
     | 70.00th=[ 2672], 80.00th=[ 2960], 90.00th=[ 3472], 95.00th=[ 3888],
     | 99.00th=[ 4960], 99.50th=[ 5536], 99.90th=[ 6624], 99.95th=[ 6944],
     | 99.99th=[ 7712]
    bw (KB  /s): min=185216, max=188032, per=100.00%, avg=186784.00, stdev=1061.60
  write: io=211712KB, bw=47204KB/s, iops=737, runt=  4485msec
    slat (usec): min=11, max=159, avg=27.42, stdev= 6.83
    clat (usec): min=338, max=1569, avg=527.32, stdev=108.06
     lat (usec): min=353, max=1594, avg=555.18, stdev=108.40
    clat percentiles (usec):
     |  1.00th=[  402],  5.00th=[  462], 10.00th=[  466], 20.00th=[  466],
     | 30.00th=[  470], 40.00th=[  498], 50.00th=[  498], 60.00th=[  502],
     | 70.00th=[  516], 80.00th=[  532], 90.00th=[  668], 95.00th=[  780],
     | 99.00th=[  996], 99.50th=[ 1096], 99.90th=[ 1208], 99.95th=[ 1224],
     | 99.99th=[ 1576]
    bw (KB  /s): min=43264, max=49792, per=99.82%, avg=47120.00, stdev=2513.35
    lat (usec) : 500=10.56%, 750=9.08%, 1000=2.34%
    lat (msec) : 2=10.31%, 4=64.50%, 10=3.20%
  cpu          : usr=2.01%, sys=12.96%, ctx=15962, majf=0, minf=32
  IO depths    : 1=0.1%, 2=0.1%, 4=0.1%, 8=100.0%, 16=0.0%, 32=0.0%, >=64=0.0%
     submit    : 0=0.0%, 4=100.0%, 8=0.0%, 16=0.0%, 32=0.0%, 64=0.0%, >=64=0.0%
     complete  : 0=0.0%, 4=100.0%, 8=0.1%, 16=0.0%, 32=0.0%, 64=0.0%, >=64=0.0%
     issued    : total=r=13076/w=3308/d=0, short=r=0/w=0/d=0, drop=r=0/w=0/d=0
     latency   : target=0, window=0, percentile=100.00%, depth=8

Run status group 0 (all jobs):
   READ: io=836864KB, aggrb=186591KB/s, minb=186591KB/s, maxb=186591KB/s, mint=4485msec, maxt=4485msec
  WRITE: io=211712KB, aggrb=47204KB/s, minb=47204KB/s, maxb=47204KB/s, mint=4485msec, maxt=4485msec

Disk stats (read/write):
    dm-4: ios=12763/3217, merge=0/0, ticks=32792/1687, in_queue=34488, util=97.79%, aggrios=13076/3310, aggrmerge=0/0, aggrticks=33587/1738, aggrin_queue=35317, aggrutil=97.36%
  nvme0n1: ios=13076/3310, merge=0/0, ticks=33587/1738, in_queue=35317, util=97.36%
2017/03/27:15:36:04: /mnt/fastdev/fio_scratch complete.
2017/03/27:15:36:04: -----------------------
2017/03/27:15:36:04: RUNNING size 1G with blocksize 4M: /mnt/slowdev/fio_scratch
slow_1G_4M: (g=0): rw=randrw, bs=4M-4M/4M-4M/4M-4M, ioengine=libaio, iodepth=8
fio-2.2.8
Starting 1 process

slow_1G_4M: (groupid=0, jobs=1): err= 0: pid=3886: Mon Mar 27 15:36:32 2017
  read : io=860160KB, bw=33140KB/s, iops=8, runt= 25955msec
    slat (usec): min=354, max=502, avg=418.16, stdev=24.91
    clat (msec): min=112, max=1345, avg=815.57, stdev=242.55
     lat (msec): min=113, max=1345, avg=815.99, stdev=242.55
    clat percentiles (msec):
     |  1.00th=[  119],  5.00th=[  326], 10.00th=[  510], 20.00th=[  635],
     | 30.00th=[  709], 40.00th=[  791], 50.00th=[  857], 60.00th=[  906],
     | 70.00th=[  947], 80.00th=[ 1004], 90.00th=[ 1106], 95.00th=[ 1172],
     | 99.00th=[ 1237], 99.50th=[ 1287], 99.90th=[ 1352], 99.95th=[ 1352],
     | 99.99th=[ 1352]
    bw (KB  /s): min=13003, max=56692, per=100.00%, avg=33349.10, stdev=9091.91
  write: io=188416KB, bw=7259.4KB/s, iops=1, runt= 25955msec
    slat (usec): min=430, max=750, avg=574.65, stdev=64.43
    clat (msec): min=99, max=1470, avg=777.79, stdev=279.56
     lat (msec): min=99, max=1471, avg=778.36, stdev=279.56
    clat percentiles (msec):
     |  1.00th=[   99],  5.00th=[  192], 10.00th=[  265], 20.00th=[  619],
     | 30.00th=[  685], 40.00th=[  816], 50.00th=[  840], 60.00th=[  898],
     | 70.00th=[  947], 80.00th=[  971], 90.00th=[ 1029], 95.00th=[ 1057],
     | 99.00th=[ 1467], 99.50th=[ 1467], 99.90th=[ 1467], 99.95th=[ 1467],
     | 99.99th=[ 1467]
    bw (KB  /s): min= 4222, max=26006, per=100.00%, avg=11322.33, stdev=5593.54
    lat (msec) : 100=0.39%, 250=4.69%, 500=5.08%, 750=23.44%, 1000=46.48%
    lat (msec) : 2000=19.92%
  cpu          : usr=0.07%, sys=0.47%, ctx=257, majf=0, minf=30
  IO depths    : 1=0.4%, 2=0.8%, 4=1.6%, 8=97.3%, 16=0.0%, 32=0.0%, >=64=0.0%
     submit    : 0=0.0%, 4=100.0%, 8=0.0%, 16=0.0%, 32=0.0%, 64=0.0%, >=64=0.0%
     complete  : 0=0.0%, 4=99.6%, 8=0.4%, 16=0.0%, 32=0.0%, 64=0.0%, >=64=0.0%
     issued    : total=r=210/w=46/d=0, short=r=0/w=0/d=0, drop=r=0/w=0/d=0
     latency   : target=0, window=0, percentile=100.00%, depth=8

Run status group 0 (all jobs):
   READ: io=860160KB, aggrb=33140KB/s, minb=33140KB/s, maxb=33140KB/s, mint=25955msec, maxt=25955msec
  WRITE: io=188416KB, aggrb=7259KB/s, minb=7259KB/s, maxb=7259KB/s, mint=25955msec, maxt=25955msec

Disk stats (read/write):
    dm-3: ios=1680/369, merge=0/0, ticks=1022668/220325, in_queue=1246763, util=99.68%, aggrios=1680/372, aggrmerge=0/0, aggrticks=1026740/220347, aggrin_queue=1247082, aggrutil=99.61%
  sdb: ios=1680/372, merge=0/0, ticks=1026740/220347, in_queue=1247082, util=99.61%
2017/03/27:15:36:32: /mnt/slowdev/fio_scratch complete.
2017/03/27:15:36:32: -----------------------
2017/03/27:15:36:32: RUNNING size 1G with blocksize 4M: /mnt/fastdev/fio_scratch
fast_1G_4M: (g=0): rw=randrw, bs=4M-4M/4M-4M/4M-4M, ioengine=libaio, iodepth=8
fio-2.2.8
Starting 1 process

fast_1G_4M: (groupid=0, jobs=1): err= 0: pid=3903: Mon Mar 27 15:36:38 2017
  read : io=860160KB, bw=162847KB/s, iops=39, runt=  5282msec
    slat (usec): min=397, max=616, avg=503.16, stdev=30.70
    clat (msec): min=20, max=291, avg=163.76, stdev=20.70
     lat (msec): min=20, max=291, avg=164.27, stdev=20.70
    clat percentiles (msec):
     |  1.00th=[   60],  5.00th=[  159], 10.00th=[  159], 20.00th=[  159],
     | 30.00th=[  161], 40.00th=[  163], 50.00th=[  165], 60.00th=[  165],
     | 70.00th=[  165], 80.00th=[  167], 90.00th=[  176], 95.00th=[  182],
     | 99.00th=[  227], 99.50th=[  251], 99.90th=[  293], 99.95th=[  293],
     | 99.99th=[  293]
    bw (KB  /s): min=135734, max=179505, per=100.00%, avg=162851.10, stdev=14952.89
  write: io=188416KB, bw=35671KB/s, iops=8, runt=  5282msec
    slat (usec): min=545, max=785, avg=650.15, stdev=44.85
    clat (msec): min=78, max=270, avg=164.55, stdev=21.00
     lat (msec): min=78, max=271, avg=165.20, stdev=21.00
    clat percentiles (msec):
     |  1.00th=[   79],  5.00th=[  159], 10.00th=[  159], 20.00th=[  159],
     | 30.00th=[  159], 40.00th=[  163], 50.00th=[  163], 60.00th=[  165],
     | 70.00th=[  165], 80.00th=[  167], 90.00th=[  172], 95.00th=[  178],
     | 99.00th=[  273], 99.50th=[  273], 99.90th=[  273], 99.95th=[  273],
     | 99.99th=[  273]
    bw (KB  /s): min=23953, max=55890, per=100.00%, avg=36031.20, stdev=11924.70
    lat (msec) : 50=0.78%, 100=0.78%, 250=97.27%, 500=1.17%
  cpu          : usr=0.11%, sys=2.56%, ctx=257, majf=0, minf=31
  IO depths    : 1=0.4%, 2=0.8%, 4=1.6%, 8=97.3%, 16=0.0%, 32=0.0%, >=64=0.0%
     submit    : 0=0.0%, 4=100.0%, 8=0.0%, 16=0.0%, 32=0.0%, 64=0.0%, >=64=0.0%
     complete  : 0=0.0%, 4=99.6%, 8=0.4%, 16=0.0%, 32=0.0%, 64=0.0%, >=64=0.0%
     issued    : total=r=210/w=46/d=0, short=r=0/w=0/d=0, drop=r=0/w=0/d=0
     latency   : target=0, window=0, percentile=100.00%, depth=8

Run status group 0 (all jobs):
   READ: io=860160KB, aggrb=162847KB/s, minb=162847KB/s, maxb=162847KB/s, mint=5282msec, maxt=5282msec
  WRITE: io=188416KB, aggrb=35671KB/s, minb=35671KB/s, maxb=35671KB/s, mint=5282msec, maxt=5282msec

Disk stats (read/write):
    dm-4: ios=6711/1472, merge=0/0, ticks=990044/216896, in_queue=1225438, util=97.93%, aggrios=6720/1474, aggrmerge=0/0, aggrticks=1025765/221996, aggrin_queue=1247760, aggrutil=97.71%
  nvme0n1: ios=6720/1474, merge=0/0, ticks=1025765/221996, in_queue=1247760, util=97.71%
2017/03/27:15:36:38: /mnt/fastdev/fio_scratch complete.
2017/03/27:15:36:38: -----------------------
2017/03/27:15:36:38: RUNNING size 10G with blocksize 64k: /mnt/slowdev/fio_scratch
slow_10G_64k: (g=0): rw=randrw, bs=64K-64K/64K-64K/64K-64K, ioengine=libaio, iodepth=8
fio-2.2.8
Starting 1 process

slow_10G_64k: (groupid=0, jobs=1): err= 0: pid=3920: Mon Mar 27 15:48:12 2017
  read : io=8176.4MB, bw=12112KB/s, iops=189, runt=691238msec
    slat (usec): min=6, max=161, avg=19.27, stdev= 5.42
    clat (msec): min=1, max=864, avg=34.49, stdev=31.48
     lat (msec): min=1, max=864, avg=34.51, stdev=31.48
    clat percentiles (msec):
     |  1.00th=[    3],  5.00th=[    3], 10.00th=[    6], 20.00th=[   15],
     | 30.00th=[   20], 40.00th=[   26], 50.00th=[   32], 60.00th=[   38],
     | 70.00th=[   44], 80.00th=[   52], 90.00th=[   64], 95.00th=[   74],
     | 99.00th=[   93], 99.50th=[  101], 99.90th=[  652], 99.95th=[  734],
     | 99.99th=[  783]
    bw (KB  /s): min=  203, max=18986, per=100.00%, avg=12222.74, stdev=2152.48
  write: io=2063.7MB, bw=3057.6KB/s, iops=47, runt=691238msec
    slat (usec): min=9, max=131, avg=23.48, stdev= 5.66
    clat (msec): min=2, max=839, avg=30.71, stdev=31.58
     lat (msec): min=2, max=839, avg=30.73, stdev=31.58
    clat percentiles (msec):
     |  1.00th=[    3],  5.00th=[    3], 10.00th=[    4], 20.00th=[   12],
     | 30.00th=[   17], 40.00th=[   22], 50.00th=[   28], 60.00th=[   34],
     | 70.00th=[   40], 80.00th=[   48], 90.00th=[   59], 95.00th=[   68],
     | 99.00th=[   87], 99.50th=[   95], 99.90th=[  668], 99.95th=[  734],
     | 99.99th=[  783]
    bw (KB  /s): min=   83, max= 6616, per=100.00%, avg=3084.49, stdev=827.61
    lat (msec) : 2=0.02%, 4=8.93%, 10=5.50%, 20=17.30%, 50=47.10%
    lat (msec) : 100=20.65%, 250=0.40%, 500=0.01%, 750=0.08%, 1000=0.03%
  cpu          : usr=0.10%, sys=2.38%, ctx=154182, majf=0, minf=28
  IO depths    : 1=0.1%, 2=0.1%, 4=0.1%, 8=100.0%, 16=0.0%, 32=0.0%, >=64=0.0%
     submit    : 0=0.0%, 4=100.0%, 8=0.0%, 16=0.0%, 32=0.0%, 64=0.0%, >=64=0.0%
     complete  : 0=0.0%, 4=100.0%, 8=0.1%, 16=0.0%, 32=0.0%, 64=0.0%, >=64=0.0%
     issued    : total=r=130822/w=33018/d=0, short=r=0/w=0/d=0, drop=r=0/w=0/d=0
     latency   : target=0, window=0, percentile=100.00%, depth=8

Run status group 0 (all jobs):
   READ: io=8176.4MB, aggrb=12112KB/s, minb=12112KB/s, maxb=12112KB/s, mint=691238msec, maxt=691238msec
  WRITE: io=2063.7MB, aggrb=3057KB/s, minb=3057KB/s, maxb=3057KB/s, mint=691238msec, maxt=691238msec

Disk stats (read/write):
    dm-3: ios=130805/33043, merge=0/0, ticks=4495885/1030754, in_queue=5526859, util=100.00%, aggrios=121940/32291, aggrmerge=8882/789, aggrticks=4268074/1014610, aggrin_queue=5282436, aggrutil=100.00%
  sdb: ios=121940/32291, merge=8882/789, ticks=4268074/1014610, in_queue=5282436, util=100.00%
2017/03/27:15:48:12: /mnt/slowdev/fio_scratch complete.
2017/03/27:15:48:12: -----------------------
2017/03/27:15:48:12: RUNNING size 10G with blocksize 64k: /mnt/fastdev/fio_scratch
fast_10G_64k: (g=0): rw=randrw, bs=64K-64K/64K-64K/64K-64K, ioengine=libaio, iodepth=8
fio-2.2.8
Starting 1 process

fast_10G_64k: (groupid=0, jobs=1): err= 0: pid=4052: Mon Mar 27 15:48:58 2017
  read : io=8176.4MB, bw=186489KB/s, iops=2913, runt= 44896msec
    slat (usec): min=7, max=218, avg=21.75, stdev= 5.57
    clat (usec): min=352, max=10622, avg=2573.85, stdev=750.61
     lat (usec): min=370, max=10647, avg=2596.04, stdev=750.49
    clat percentiles (usec):
     |  1.00th=[  708],  5.00th=[ 1320], 10.00th=[ 1720], 20.00th=[ 2160],
     | 30.00th=[ 2320], 40.00th=[ 2480], 50.00th=[ 2544], 60.00th=[ 2608],
     | 70.00th=[ 2672], 80.00th=[ 2960], 90.00th=[ 3504], 95.00th=[ 3888],
     | 99.00th=[ 4896], 99.50th=[ 5408], 99.90th=[ 6880], 99.95th=[ 7328],
     | 99.99th=[ 8768]
    bw (KB  /s): min=180864, max=190336, per=100.00%, avg=186565.03, stdev=1732.53
  write: io=2063.7MB, bw=47068KB/s, iops=735, runt= 44896msec
    slat (usec): min=11, max=187, avg=28.68, stdev= 6.47
    clat (usec): min=338, max=5638, avg=536.67, stdev=140.07
     lat (usec): min=351, max=5669, avg=565.81, stdev=140.13
    clat percentiles (usec):
     |  1.00th=[  414],  5.00th=[  462], 10.00th=[  466], 20.00th=[  466],
     | 30.00th=[  490], 40.00th=[  498], 50.00th=[  502], 60.00th=[  506],
     | 70.00th=[  516], 80.00th=[  548], 90.00th=[  708], 95.00th=[  788],
     | 99.00th=[ 1096], 99.50th=[ 1176], 99.90th=[ 1528], 99.95th=[ 1608],
     | 99.99th=[ 5216]
    bw (KB  /s): min=41984, max=53376, per=99.96%, avg=47049.35, stdev=2441.77
    lat (usec) : 500=9.34%, 750=10.04%, 1000=2.44%
    lat (msec) : 2=10.84%, 4=64.00%, 10=3.33%, 20=0.01%
  cpu          : usr=0.70%, sys=15.15%, ctx=158978, majf=0, minf=27
  IO depths    : 1=0.1%, 2=0.1%, 4=0.1%, 8=100.0%, 16=0.0%, 32=0.0%, >=64=0.0%
     submit    : 0=0.0%, 4=100.0%, 8=0.0%, 16=0.0%, 32=0.0%, 64=0.0%, >=64=0.0%
     complete  : 0=0.0%, 4=100.0%, 8=0.1%, 16=0.0%, 32=0.0%, 64=0.0%, >=64=0.0%
     issued    : total=r=130822/w=33018/d=0, short=r=0/w=0/d=0, drop=r=0/w=0/d=0
     latency   : target=0, window=0, percentile=100.00%, depth=8

Run status group 0 (all jobs):
   READ: io=8176.4MB, aggrb=186488KB/s, minb=186488KB/s, maxb=186488KB/s, mint=44896msec, maxt=44896msec
  WRITE: io=2063.7MB, aggrb=47067KB/s, minb=47067KB/s, maxb=47067KB/s, mint=44896msec, maxt=44896msec

Disk stats (read/write):
    dm-4: ios=130822/33021, merge=0/0, ticks=336248/17656, in_queue=353915, util=99.84%, aggrios=130822/33026, aggrmerge=0/0, aggrticks=336007/17597, aggrin_queue=353402, aggrutil=99.78%
  nvme0n1: ios=130822/33026, merge=0/0, ticks=336007/17597, in_queue=353402, util=99.78%
2017/03/27:15:48:58: /mnt/fastdev/fio_scratch complete.
2017/03/27:15:48:58: -----------------------
2017/03/27:15:48:58: RUNNING size 10G with blocksize 4M: /mnt/slowdev/fio_scratch
slow_10G_4M: (g=0): rw=randrw, bs=4M-4M/4M-4M/4M-4M, ioengine=libaio, iodepth=8
fio-2.2.8
Starting 1 process

slow_10G_4M: (groupid=0, jobs=1): err= 0: pid=4077: Mon Mar 27 15:53:03 2017
  read : io=8380.0MB, bw=35171KB/s, iops=8, runt=243984msec
    slat (usec): min=328, max=590, avg=416.88, stdev=30.61
    clat (msec): min=94, max=1433, avg=760.28, stdev=234.97
     lat (msec): min=94, max=1433, avg=760.70, stdev=234.97
    clat percentiles (msec):
     |  1.00th=[  143],  5.00th=[  277], 10.00th=[  400], 20.00th=[  603],
     | 30.00th=[  685], 40.00th=[  742], 50.00th=[  791], 60.00th=[  840],
     | 70.00th=[  881], 80.00th=[  938], 90.00th=[ 1020], 95.00th=[ 1106],
     | 99.00th=[ 1254], 99.50th=[ 1319], 99.90th=[ 1369], 99.95th=[ 1434],
     | 99.99th=[ 1434]
    bw (KB  /s): min= 6849, max=65361, per=100.00%, avg=35454.01, stdev=11141.17
  write: io=1860.0MB, bw=7806.5KB/s, iops=1, runt=243984msec
    slat (usec): min=381, max=745, avg=566.58, stdev=67.52
    clat (msec): min=94, max=1447, avg=768.54, stdev=239.18
     lat (msec): min=95, max=1448, avg=769.11, stdev=239.18
    clat percentiles (msec):
     |  1.00th=[  153],  5.00th=[  258], 10.00th=[  445], 20.00th=[  603],
     | 30.00th=[  685], 40.00th=[  750], 50.00th=[  799], 60.00th=[  848],
     | 70.00th=[  889], 80.00th=[  947], 90.00th=[ 1045], 95.00th=[ 1123],
     | 99.00th=[ 1287], 99.50th=[ 1303], 99.90th=[ 1450], 99.95th=[ 1450],
     | 99.99th=[ 1450]
    bw (KB  /s): min= 4338, max=29362, per=100.00%, avg=10712.28, stdev=5168.26
    lat (msec) : 100=0.08%, 250=3.91%, 500=9.88%, 750=27.70%, 1000=45.94%
    lat (msec) : 2000=12.50%
  cpu          : usr=0.04%, sys=0.53%, ctx=2571, majf=0, minf=31
  IO depths    : 1=0.1%, 2=0.1%, 4=0.2%, 8=99.7%, 16=0.0%, 32=0.0%, >=64=0.0%
     submit    : 0=0.0%, 4=100.0%, 8=0.0%, 16=0.0%, 32=0.0%, 64=0.0%, >=64=0.0%
     complete  : 0=0.0%, 4=100.0%, 8=0.1%, 16=0.0%, 32=0.0%, 64=0.0%, >=64=0.0%
     issued    : total=r=2095/w=465/d=0, short=r=0/w=0/d=0, drop=r=0/w=0/d=0
     latency   : target=0, window=0, percentile=100.00%, depth=8

Run status group 0 (all jobs):
   READ: io=8380.0MB, aggrb=35170KB/s, minb=35170KB/s, maxb=35170KB/s, mint=243984msec, maxt=243984msec
  WRITE: io=1860.0MB, aggrb=7806KB/s, minb=7806KB/s, maxb=7806KB/s, mint=243984msec, maxt=243984msec

Disk stats (read/write):
    dm-3: ios=16760/3728, merge=0/0, ticks=10014149/2274905, in_queue=12295310, util=100.00%, aggrios=16760/3738, aggrmerge=0/0, aggrticks=10020851/2274911, aggrin_queue=12295729, aggrutil=100.00%
  sdb: ios=16760/3738, merge=0/0, ticks=10020851/2274911, in_queue=12295729, util=100.00%
2017/03/27:15:53:03: /mnt/slowdev/fio_scratch complete.
2017/03/27:15:53:03: -----------------------
2017/03/27:15:53:03: RUNNING size 10G with blocksize 4M: /mnt/fastdev/fio_scratch
fast_10G_4M: (g=0): rw=randrw, bs=4M-4M/4M-4M/4M-4M, ioengine=libaio, iodepth=8
fio-2.2.8
Starting 1 process

fast_10G_4M: (groupid=0, jobs=1): err= 0: pid=4141: Mon Mar 27 15:53:58 2017
  read : io=8380.0MB, bw=161771KB/s, iops=39, runt= 53045msec
    slat (usec): min=362, max=615, avg=504.41, stdev=33.41
    clat (msec): min=20, max=268, avg=165.30, stdev= 8.66
     lat (msec): min=20, max=269, avg=165.80, stdev= 8.66
    clat percentiles (msec):
     |  1.00th=[  159],  5.00th=[  159], 10.00th=[  159], 20.00th=[  161],
     | 30.00th=[  161], 40.00th=[  163], 50.00th=[  165], 60.00th=[  165],
     | 70.00th=[  167], 80.00th=[  172], 90.00th=[  174], 95.00th=[  178],
     | 99.00th=[  186], 99.50th=[  188], 99.90th=[  229], 99.95th=[  249],
     | 99.99th=[  269]
    bw (KB  /s): min=125788, max=197302, per=100.00%, avg=161859.87, stdev=15908.77
  write: io=1860.0MB, bw=35906KB/s, iops=8, runt= 53045msec
    slat (usec): min=441, max=844, avg=645.03, stdev=60.74
    clat (msec): min=78, max=288, avg=164.56, stdev= 8.86
     lat (msec): min=79, max=289, avg=165.20, stdev= 8.86
    clat percentiles (msec):
     |  1.00th=[  159],  5.00th=[  159], 10.00th=[  159], 20.00th=[  159],
     | 30.00th=[  161], 40.00th=[  163], 50.00th=[  163], 60.00th=[  165],
     | 70.00th=[  167], 80.00th=[  169], 90.00th=[  174], 95.00th=[  176],
     | 99.00th=[  182], 99.50th=[  182], 99.90th=[  289], 99.95th=[  289],
     | 99.99th=[  289]
    bw (KB  /s): min= 7892, max=64377, per=100.00%, avg=36010.24, stdev=12775.71
    lat (msec) : 50=0.08%, 100=0.16%, 250=99.69%, 500=0.08%
  cpu          : usr=0.18%, sys=2.50%, ctx=2561, majf=0, minf=31
  IO depths    : 1=0.1%, 2=0.1%, 4=0.2%, 8=99.7%, 16=0.0%, 32=0.0%, >=64=0.0%
     submit    : 0=0.0%, 4=100.0%, 8=0.0%, 16=0.0%, 32=0.0%, 64=0.0%, >=64=0.0%
     complete  : 0=0.0%, 4=100.0%, 8=0.1%, 16=0.0%, 32=0.0%, 64=0.0%, >=64=0.0%
     issued    : total=r=2095/w=465/d=0, short=r=0/w=0/d=0, drop=r=0/w=0/d=0
     latency   : target=0, window=0, percentile=100.00%, depth=8

Run status group 0 (all jobs):
   READ: io=8380.0MB, aggrb=161770KB/s, minb=161770KB/s, maxb=161770KB/s, mint=53045msec, maxt=53045msec
  WRITE: io=1860.0MB, aggrb=35906KB/s, minb=35906KB/s, maxb=35906KB/s, mint=53045msec, maxt=53045msec

Disk stats (read/write):
    dm-4: ios=67040/14883, merge=0/0, ticks=10396241/2271477, in_queue=12685927, util=99.89%, aggrios=67040/14888, aggrmerge=0/0, aggrticks=10426338/2273568, aggrin_queue=12699895, aggrutil=99.85%
  nvme0n1: ios=67040/14888, merge=0/0, ticks=10426338/2273568, in_queue=12699895, util=99.85%
2017/03/27:15:53:58: /mnt/fastdev/fio_scratch complete.
2017/03/27:15:53:58: -----------------------
2017/03/27:15:53:58: Completed: LVM Device TESTING
2017/03/27:15:53:58: Starting: LVM TEARDOWN
2017/03/27:15:53:59: Completed: LVM TEARDOWN
2017/03/27:15:53:59: END runLVM.sh**********************
2017/03/27:15:53:59: runLVM.sh - Closed logfile: ./RESULTS/runLVM.sh_20170327-153045.log
